<?xml version="1.0" encoding="UTF-8"?>
<!-- Generated by org.testng.reporters.JUnitXMLReporter -->
<testsuite ignored="9" hostname="sukeerthsahana" failures="39" tests="262" name="ChromeTest" time="1563.952" errors="0" timestamp="2025-02-18T00:17:09 CST">
  <testcase classname="dsAlgoTests.SigninTest" name="enterCredentials" time="1.987"/>
  <testcase classname="dsAlgoTests.SigninTest" name="enterCredentials" time="21.094"/>
  <testcase classname="dsAlgoTests.SigninTest" name="enterCredentials" time="21.397"/>
  <testcase classname="dsAlgoTests.SigninTest" name="enterCredentials" time="20.971"/>
  <testcase classname="dsAlgoTests.SigninTest" name="enterCredentials" time="23.816"/>
  <testcase classname="dsAlgoTests.SigninTest" name="enterCredentials" time="21.31"/>
  <testcase classname="dsAlgoTests.RegisterTest" name="enterCredentials" time="0.991"/>
  <testcase classname="dsAlgoTests.RegisterTest" name="enterCredentials" time="0.922"/>
  <testcase classname="dsAlgoTests.RegisterTest" name="enterCredentials" time="0.863"/>
  <testcase classname="dsAlgoTests.RegisterTest" name="enterCredentials" time="0.729"/>
  <testcase classname="dsAlgoTests.RegisterTest" name="enterCredentials" time="1.016"/>
  <testcase classname="dsAlgoTests.RegisterTest" name="enterCredentials" time="1.558"/>
  <testcase classname="dsAlgoTests.RegisterTest" name="enterCredentials" time="1.158"/>
  <testcase classname="dsAlgoTests.HomeTest" name="navigateToRegister" time="0.427"/>
  <testcase classname="dsAlgoTests.DataStructureTest" name="navigatetoTimeComplexityModule" time="0.696"/>
  <testcase classname="dsAlgoTests.ArrayTest" name="navigateToArrayInPython" time="0.737"/>
  <testcase classname="dsAlgoTests.GraphTest" name="navigatetoGraphModule" time="0.545"/>
  <testcase classname="dsAlgoTests.TreeTest" name="navigateToOverviewOfTrees" time="0.424"/>
  <testcase classname="dsAlgoTests.QueueTest" name="navigatetoImplementationOfQueueInPython" time="0.296"/>
  <testcase classname="dsAlgoTests.LinkedListTest" name="navigateToIntroduction" time="0.588"/>
  <testcase classname="dsAlgoTests.StackTest" name="navigateToOperationsInStack" time="0.677"/>
  <testcase classname="dsAlgoTests.HomeTest" name="navigateToLogin" time="0.558"/>
  <testcase classname="dsAlgoTests.DataStructureTest" name="navigatetoTimeComplexitytryeditor" time="1.267"/>
  <testcase classname="dsAlgoTests.ArrayTest" name="navigateToArrayUsingList" time="0.369"/>
  <testcase classname="dsAlgoTests.GraphTest" name="navigatetoGraphRepresentation" time="0.593"/>
  <testcase classname="dsAlgoTests.TreeTest" name="navigateToOverviewOfTreesTryEditor" time="1.102"/>
  <testcase classname="dsAlgoTests.QueueTest" name="navigatetoImplementationOfQueueInPythonTryEditor" time="1.27"/>
  <testcase classname="dsAlgoTests.LinkedListTest" name="navigateToCreateALinkedList" time="0.478"/>
  <testcase classname="dsAlgoTests.StackTest" name="navigateToImplementation" time="0.469"/>
  <testcase classname="dsAlgoTests.HomeTest" name="errorMessageWhenClickedOnDataStructureBeforeSignin" time="0.657"/>
  <testcase classname="dsAlgoTests.DataStructureTest" name="navigateToDataStructureIntroductionPagePracticeQuestions" time="0.592"/>
  <testcase classname="dsAlgoTests.ArrayTest" name="navigateToBasicOperationInList" time="0.341"/>
  <testcase classname="dsAlgoTests.GraphTest" name="navigatetoGraphModuletryeditor" time="1.603"/>
  <testcase classname="dsAlgoTests.TreeTest" name="navigateToTerminologies" time="0.428"/>
  <testcase classname="dsAlgoTests.QueueTest" name="navigatetoImplementationUsingCollectionsDeque" time="0.487"/>
  <testcase classname="dsAlgoTests.LinkedListTest" name="navigateToTypesOfLinkedList" time="0.462"/>
  <testcase classname="dsAlgoTests.StackTest" name="navigateToApplications" time="0.434"/>
  <testcase classname="dsAlgoTests.HomeTest" name="GetstartedArrayerrorBeforeSignin" time="0.491"/>
  <testcase classname="dsAlgoTests.DataStructureTest" name="seeListOfPracticeQuestionsonDataStructureIntroductionPage" time="0.721">
    <skipped/>
  </testcase> <!-- seeListOfPracticeQuestionsonDataStructureIntroductionPage -->
  <testcase classname="dsAlgoTests.DataStructureTest" name="seeListOfPracticeQuestionsonDataStructureIntroductionPage" time="0.555">
    <failure type="java.lang.AssertionError" message="No practice questions found on the Practice Questions Page!">
      <![CDATA[java.lang.AssertionError: No practice questions found on the Practice Questions Page!
at dsAlgoTests.DataStructureTest.seeListOfPracticeQuestionsonDataStructureIntroductionPage(DataStructureTest.java:83)
at java.base/java.util.ArrayList.forEach(ArrayList.java:1596)
at java.base/java.util.concurrent.FutureTask.run(FutureTask.java:317)
at java.base/java.util.concurrent.ThreadPoolExecutor.runWorker(ThreadPoolExecutor.java:1144)
at java.base/java.util.concurrent.ThreadPoolExecutor$Worker.run(ThreadPoolExecutor.java:642)
at java.base/java.lang.Thread.run(Thread.java:1583)
... Removed 17 stack frames]]>
    </failure>
  </testcase> <!-- seeListOfPracticeQuestionsonDataStructureIntroductionPage -->
  <testcase classname="dsAlgoTests.ArrayTest" name="navigateToApplicationOfArray" time="0.335"/>
  <testcase classname="dsAlgoTests.GraphTest" name="navigatetoGraphRepresentationtryeditor" time="1.226"/>
  <testcase classname="dsAlgoTests.TreeTest" name="navigateToTerminologiesTryEditor" time="1.308"/>
  <testcase classname="dsAlgoTests.QueueTest" name="navigatetoImplementationUsingCollectionsDequeTryEditor" time="1.459"/>
  <testcase classname="dsAlgoTests.LinkedListTest" name="navigateToImplementLinkedListInPython" time="0.424"/>
  <testcase classname="dsAlgoTests.StackTest" name="navigatetoOperationsInStacktryeditor" time="1.115"/>
  <testcase classname="dsAlgoTests.HomeTest" name="GetstartedStackerrorBeforeSignin" time="0.432"/>
  <testcase classname="dsAlgoTests.DataStructureTest" name="checkErrorMessageWhenExecutingWithoutCodeInDataStructureIntroductionPage" time="1.428">
    <skipped/>
  </testcase> <!-- checkErrorMessageWhenExecutingWithoutCodeInDataStructureIntroductionPage -->
  <testcase classname="dsAlgoTests.DataStructureTest" name="checkErrorMessageWhenExecutingWithoutCodeInDataStructureIntroductionPage" time="1.289">
    <failure type="java.lang.AssertionError" message="Test failed: Expected an error message when clicking the &amp;apos;Run&amp;apos; button without entering code, but no message was displayed.">
      <![CDATA[java.lang.AssertionError: Test failed: Expected an error message when clicking the 'Run' button without entering code, but no message was displayed.
at dsAlgoTests.DataStructureTest.checkErrorMessageWhenExecutingWithoutCodeInDataStructureIntroductionPage(DataStructureTest.java:93)
at java.base/java.util.ArrayList.forEach(ArrayList.java:1596)
at java.base/java.util.concurrent.FutureTask.run(FutureTask.java:317)
at java.base/java.util.concurrent.ThreadPoolExecutor.runWorker(ThreadPoolExecutor.java:1144)
at java.base/java.util.concurrent.ThreadPoolExecutor$Worker.run(ThreadPoolExecutor.java:642)
at java.base/java.lang.Thread.run(Thread.java:1583)
... Removed 17 stack frames]]>
    </failure>
  </testcase> <!-- checkErrorMessageWhenExecutingWithoutCodeInDataStructureIntroductionPage -->
  <testcase classname="dsAlgoTests.ArrayTest" name="navigateToArrayInPythonTryEditor" time="1.278"/>
  <testcase classname="dsAlgoTests.GraphTest" name="navigateToGraphPracticeQuestions" time="0.699"/>
  <testcase classname="dsAlgoTests.TreeTest" name="navigateToTypesOfTrees" time="0.442"/>
  <testcase classname="dsAlgoTests.QueueTest" name="navigateToImplementationUsingArray" time="0.368"/>
  <testcase classname="dsAlgoTests.LinkedListTest" name="navigateToTraversal" time="0.318"/>
  <testcase classname="dsAlgoTests.StackTest" name="navigatetoImplementationtryeditor" time="1.182"/>
  <testcase classname="dsAlgoTests.HomeTest" name="GetstartedQueueerrorBeforeSignin" time="0.699"/>
  <testcase classname="dsAlgoTests.DataStructureTest" name="verifyCodeExecutionforDataStructureIntroductionPage" time="1.924"/>
  <testcase classname="dsAlgoTests.DataStructureTest" name="verifyCodeExecutionforDataStructureIntroductionPage" time="2.071"/>
  <testcase classname="dsAlgoTests.ArrayTest" name="navigateToArrayUsingListTryEditor" time="1.039"/>
  <testcase classname="dsAlgoTests.GraphTest" name="navigateToGraphRepresentationPracticeQuestions" time="0.92"/>
  <testcase classname="dsAlgoTests.TreeTest" name="navigateToTypesOfTreesTryEditor" time="1.245"/>
  <testcase classname="dsAlgoTests.QueueTest" name="navigateToImplementationUsingArrayTryEditor" time="1.277"/>
  <testcase classname="dsAlgoTests.LinkedListTest" name="navigateToInsertion" time="0.436"/>
  <testcase classname="dsAlgoTests.StackTest" name="navigatetoApplicationstryeditor" time="1.045"/>
  <testcase classname="dsAlgoTests.HomeTest" name="GetstartedLinkedListerrorBeforeSignin" time="0.555"/>
  <testcase classname="dsAlgoTests.ArrayTest" name="navigateToBasicOperationInListTryEditor" time="1.486"/>
  <testcase classname="dsAlgoTests.GraphTest" name="seeListOfPracticeQuestionsonGraphPage" time="0.784">
    <skipped/>
  </testcase> <!-- seeListOfPracticeQuestionsonGraphPage -->
  <testcase classname="dsAlgoTests.GraphTest" name="seeListOfPracticeQuestionsonGraphPage" time="0.749">
    <failure type="java.lang.AssertionError" message="No practice questions found on the Practice Questions Page!">
      <![CDATA[java.lang.AssertionError: No practice questions found on the Practice Questions Page!
at dsAlgoTests.GraphTest.seeListOfPracticeQuestionsonGraphPage(GraphTest.java:109)
at java.base/java.util.ArrayList.forEach(ArrayList.java:1596)
at java.base/java.util.concurrent.FutureTask.run(FutureTask.java:317)
at java.base/java.util.concurrent.ThreadPoolExecutor.runWorker(ThreadPoolExecutor.java:1144)
at java.base/java.util.concurrent.ThreadPoolExecutor$Worker.run(ThreadPoolExecutor.java:642)
at java.base/java.lang.Thread.run(Thread.java:1583)
... Removed 17 stack frames]]>
    </failure>
  </testcase> <!-- seeListOfPracticeQuestionsonGraphPage -->
  <testcase classname="dsAlgoTests.TreeTest" name="navigateToTreeTraversals" time="0.415"/>
  <testcase classname="dsAlgoTests.QueueTest" name="navigateToQueueOperations" time="0.449"/>
  <testcase classname="dsAlgoTests.LinkedListTest" name="navigateDeletion" time="0.392"/>
  <testcase classname="dsAlgoTests.StackTest" name="verifyCodeOperationsInStackPage" time="1.797"/>
  <testcase classname="dsAlgoTests.StackTest" name="verifyCodeOperationsInStackPage" time="1.338"/>
  <testcase classname="dsAlgoTests.HomeTest" name="GetstartedTreeerrorBeforeSignin" time="0.598"/>
  <testcase classname="dsAlgoTests.ArrayTest" name="navigateToApplicationOfArrayTryEditor" time="1.624"/>
  <testcase classname="dsAlgoTests.GraphTest" name="seeListOfPracticeQuestionsonGraphReprePage" time="0.944">
    <skipped/>
  </testcase> <!-- seeListOfPracticeQuestionsonGraphReprePage -->
  <testcase classname="dsAlgoTests.GraphTest" name="seeListOfPracticeQuestionsonGraphReprePage" time="0.679">
    <failure type="java.lang.AssertionError" message="No practice questions found on the Practice Questions Page!">
      <![CDATA[java.lang.AssertionError: No practice questions found on the Practice Questions Page!
at dsAlgoTests.GraphTest.seeListOfPracticeQuestionsonGraphReprePage(GraphTest.java:117)
at java.base/java.util.ArrayList.forEach(ArrayList.java:1596)
at java.base/java.util.concurrent.FutureTask.run(FutureTask.java:317)
at java.base/java.util.concurrent.ThreadPoolExecutor.runWorker(ThreadPoolExecutor.java:1144)
at java.base/java.util.concurrent.ThreadPoolExecutor$Worker.run(ThreadPoolExecutor.java:642)
at java.base/java.lang.Thread.run(Thread.java:1583)
... Removed 17 stack frames]]>
    </failure>
  </testcase> <!-- seeListOfPracticeQuestionsonGraphReprePage -->
  <testcase classname="dsAlgoTests.TreeTest" name="navigateToTreeTraversalsTryEditor" time="1.136"/>
  <testcase classname="dsAlgoTests.QueueTest" name="navigateToQueueOperationsTryEditor" time="1.336"/>
  <testcase classname="dsAlgoTests.LinkedListTest" name="navigatenavigateToIntroductionTryEditor" time="1.133"/>
  <testcase classname="dsAlgoTests.StackTest" name="verifyCodeImplementationPage" time="1.562"/>
  <testcase classname="dsAlgoTests.StackTest" name="verifyCodeImplementationPage" time="1.443"/>
  <testcase classname="dsAlgoTests.HomeTest" name="GetstartedGrapherrorBeforeSignin" time="0.36"/>
  <testcase classname="dsAlgoTests.ArrayTest" name="checkErrorMessageWhenExecutingWithoutCodeInArrayInPythonForTryEditor" time="1.866">
    <skipped/>
  </testcase> <!-- checkErrorMessageWhenExecutingWithoutCodeInArrayInPythonForTryEditor -->
  <testcase classname="dsAlgoTests.ArrayTest" name="checkErrorMessageWhenExecutingWithoutCodeInArrayInPythonForTryEditor" time="1.486">
    <failure type="java.lang.AssertionError" message="Test failed: Expected an error message when clicking the &amp;apos;Run&amp;apos; button without entering code, but no message was displayed.">
      <![CDATA[java.lang.AssertionError: Test failed: Expected an error message when clicking the 'Run' button without entering code, but no message was displayed.
at dsAlgoTests.ArrayTest.checkErrorMessageWhenExecutingWithoutCodeInArrayInPythonForTryEditor(ArrayTest.java:123)
at java.base/java.util.ArrayList.forEach(ArrayList.java:1596)
at java.base/java.util.concurrent.FutureTask.run(FutureTask.java:317)
at java.base/java.util.concurrent.ThreadPoolExecutor.runWorker(ThreadPoolExecutor.java:1144)
at java.base/java.util.concurrent.ThreadPoolExecutor$Worker.run(ThreadPoolExecutor.java:642)
at java.base/java.lang.Thread.run(Thread.java:1583)
... Removed 17 stack frames]]>
    </failure>
  </testcase> <!-- checkErrorMessageWhenExecutingWithoutCodeInArrayInPythonForTryEditor -->
  <testcase classname="dsAlgoTests.GraphTest" name="checkErrorMessageWhenExecutingWithoutCodeInGraphPage" time="1.8">
    <skipped/>
  </testcase> <!-- checkErrorMessageWhenExecutingWithoutCodeInGraphPage -->
  <testcase classname="dsAlgoTests.GraphTest" name="checkErrorMessageWhenExecutingWithoutCodeInGraphPage" time="1.149">
    <failure type="java.lang.AssertionError" message="Test failed: Expected an error message when clicking the &amp;apos;Run&amp;apos; button without entering code, but no message was displayed.">
      <![CDATA[java.lang.AssertionError: Test failed: Expected an error message when clicking the 'Run' button without entering code, but no message was displayed.
at dsAlgoTests.GraphTest.checkErrorMessageWhenExecutingWithoutCodeInGraphPage(GraphTest.java:126)
at java.base/java.util.ArrayList.forEach(ArrayList.java:1596)
at java.base/java.util.concurrent.FutureTask.run(FutureTask.java:317)
at java.base/java.util.concurrent.ThreadPoolExecutor.runWorker(ThreadPoolExecutor.java:1144)
at java.base/java.util.concurrent.ThreadPoolExecutor$Worker.run(ThreadPoolExecutor.java:642)
at java.base/java.lang.Thread.run(Thread.java:1583)
... Removed 17 stack frames]]>
    </failure>
  </testcase> <!-- checkErrorMessageWhenExecutingWithoutCodeInGraphPage -->
  <testcase classname="dsAlgoTests.TreeTest" name="navigateToTraversalsIllustration" time="0.41"/>
  <testcase classname="dsAlgoTests.QueueTest" name="navigateToPracticeQuestionOfImplementationOfQueueInPython" time="0.752"/>
  <testcase classname="dsAlgoTests.LinkedListTest" name="navigateToCreateALinkedListTryEditor" time="1.116"/>
  <testcase classname="dsAlgoTests.StackTest" name="verifyCodeApplicationsPage" time="1.823"/>
  <testcase classname="dsAlgoTests.StackTest" name="verifyCodeApplicationsPage" time="1.508"/>
  <testcase classname="dsAlgoTests.HomeTest" name="dropdownoptionGrapherrorBeforeSignin" time="0.644"/>
  <testcase classname="dsAlgoTests.ArrayTest" name="checkErrorMessageWhenExecutingWithoutCodeArrayUsingListForTryEditor" time="1.354">
    <skipped/>
  </testcase> <!-- checkErrorMessageWhenExecutingWithoutCodeArrayUsingListForTryEditor -->
  <testcase classname="dsAlgoTests.ArrayTest" name="checkErrorMessageWhenExecutingWithoutCodeArrayUsingListForTryEditor" time="1.315">
    <failure type="java.lang.AssertionError" message="Test failed: Expected an error message when clicking the &amp;apos;Run&amp;apos; button without entering code, but no message was displayed.">
      <![CDATA[java.lang.AssertionError: Test failed: Expected an error message when clicking the 'Run' button without entering code, but no message was displayed.
at dsAlgoTests.ArrayTest.checkErrorMessageWhenExecutingWithoutCodeArrayUsingListForTryEditor(ArrayTest.java:134)
at java.base/java.util.ArrayList.forEach(ArrayList.java:1596)
at java.base/java.util.concurrent.FutureTask.run(FutureTask.java:317)
at java.base/java.util.concurrent.ThreadPoolExecutor.runWorker(ThreadPoolExecutor.java:1144)
at java.base/java.util.concurrent.ThreadPoolExecutor$Worker.run(ThreadPoolExecutor.java:642)
at java.base/java.lang.Thread.run(Thread.java:1583)
... Removed 17 stack frames]]>
    </failure>
  </testcase> <!-- checkErrorMessageWhenExecutingWithoutCodeArrayUsingListForTryEditor -->
  <testcase classname="dsAlgoTests.GraphTest" name="checkErrorMessageWhenExecutingWithoutCodeInGraphReprePage" time="1.637">
    <skipped/>
  </testcase> <!-- checkErrorMessageWhenExecutingWithoutCodeInGraphReprePage -->
  <testcase classname="dsAlgoTests.GraphTest" name="checkErrorMessageWhenExecutingWithoutCodeInGraphReprePage" time="1.739">
    <failure type="java.lang.AssertionError" message="Test failed: Expected an error message when clicking the &amp;apos;Run&amp;apos; button without entering code, but no message was displayed.">
      <![CDATA[java.lang.AssertionError: Test failed: Expected an error message when clicking the 'Run' button without entering code, but no message was displayed.
at dsAlgoTests.GraphTest.checkErrorMessageWhenExecutingWithoutCodeInGraphReprePage(GraphTest.java:136)
at java.base/java.util.ArrayList.forEach(ArrayList.java:1596)
at java.base/java.util.concurrent.FutureTask.run(FutureTask.java:317)
at java.base/java.util.concurrent.ThreadPoolExecutor.runWorker(ThreadPoolExecutor.java:1144)
at java.base/java.util.concurrent.ThreadPoolExecutor$Worker.run(ThreadPoolExecutor.java:642)
at java.base/java.lang.Thread.run(Thread.java:1583)
... Removed 17 stack frames]]>
    </failure>
  </testcase> <!-- checkErrorMessageWhenExecutingWithoutCodeInGraphReprePage -->
  <testcase classname="dsAlgoTests.TreeTest" name="navigateToTraversalsIllustrationTryEditor" time="1.133"/>
  <testcase classname="dsAlgoTests.QueueTest" name="listOfPracticeQuestionOfImplementationOfQueueInPython" time="0.549">
    <skipped/>
  </testcase> <!-- listOfPracticeQuestionOfImplementationOfQueueInPython -->
  <testcase classname="dsAlgoTests.QueueTest" name="listOfPracticeQuestionOfImplementationOfQueueInPython" time="0.697">
    <failure type="java.lang.AssertionError" message="No list of practice question found">
      <![CDATA[java.lang.AssertionError: No list of practice question found
at dsAlgoTests.QueueTest.listOfPracticeQuestionOfImplementationOfQueueInPython(QueueTest.java:207)
at java.base/java.util.ArrayList.forEach(ArrayList.java:1596)
at java.base/java.util.concurrent.FutureTask.run(FutureTask.java:317)
at java.base/java.util.concurrent.ThreadPoolExecutor.runWorker(ThreadPoolExecutor.java:1144)
at java.base/java.util.concurrent.ThreadPoolExecutor$Worker.run(ThreadPoolExecutor.java:642)
at java.base/java.lang.Thread.run(Thread.java:1583)
... Removed 17 stack frames]]>
    </failure>
  </testcase> <!-- listOfPracticeQuestionOfImplementationOfQueueInPython -->
  <testcase classname="dsAlgoTests.LinkedListTest" name="navigateToTypesOfLinkedListTryEditor" time="1.307"/>
  <testcase classname="dsAlgoTests.StackTest" name="checkErrorMessageWhenExecutingWithoutCodeInOperationsInStackPage" time="1.994">
    <skipped/>
  </testcase> <!-- checkErrorMessageWhenExecutingWithoutCodeInOperationsInStackPage -->
  <testcase classname="dsAlgoTests.StackTest" name="checkErrorMessageWhenExecutingWithoutCodeInOperationsInStackPage" time="1.587">
    <failure type="java.lang.AssertionError" message="Test failed: Expected an error message when clicking the &amp;apos;Run&amp;apos; button without entering code, but no message was displayed.">
      <![CDATA[java.lang.AssertionError: Test failed: Expected an error message when clicking the 'Run' button without entering code, but no message was displayed.
at dsAlgoTests.StackTest.checkErrorMessageWhenExecutingWithoutCodeInOperationsInStackPage(StackTest.java:156)
at java.base/java.util.ArrayList.forEach(ArrayList.java:1596)
at java.base/java.util.concurrent.FutureTask.run(FutureTask.java:317)
at java.base/java.util.concurrent.ThreadPoolExecutor.runWorker(ThreadPoolExecutor.java:1144)
at java.base/java.util.concurrent.ThreadPoolExecutor$Worker.run(ThreadPoolExecutor.java:642)
at java.base/java.lang.Thread.run(Thread.java:1583)
... Removed 17 stack frames]]>
    </failure>
  </testcase> <!-- checkErrorMessageWhenExecutingWithoutCodeInOperationsInStackPage -->
  <testcase classname="dsAlgoTests.HomeTest" name="dropdownoptionTreeerrorBeforeSignin" time="0.584"/>
  <testcase classname="dsAlgoTests.ArrayTest" name="checkErrorMessageWhenExecutingWithoutCodeBasicOperationInListsForTryEditor" time="1.249">
    <skipped/>
  </testcase> <!-- checkErrorMessageWhenExecutingWithoutCodeBasicOperationInListsForTryEditor -->
  <testcase classname="dsAlgoTests.ArrayTest" name="checkErrorMessageWhenExecutingWithoutCodeBasicOperationInListsForTryEditor" time="2.038">
    <failure type="java.lang.AssertionError" message="Test failed: Expected an error message when clicking the &amp;apos;Run&amp;apos; button without entering code, but no message was displayed.">
      <![CDATA[java.lang.AssertionError: Test failed: Expected an error message when clicking the 'Run' button without entering code, but no message was displayed.
at dsAlgoTests.ArrayTest.checkErrorMessageWhenExecutingWithoutCodeBasicOperationInListsForTryEditor(ArrayTest.java:146)
at java.base/java.util.ArrayList.forEach(ArrayList.java:1596)
at java.base/java.util.concurrent.FutureTask.run(FutureTask.java:317)
at java.base/java.util.concurrent.ThreadPoolExecutor.runWorker(ThreadPoolExecutor.java:1144)
at java.base/java.util.concurrent.ThreadPoolExecutor$Worker.run(ThreadPoolExecutor.java:642)
at java.base/java.lang.Thread.run(Thread.java:1583)
... Removed 17 stack frames]]>
    </failure>
  </testcase> <!-- checkErrorMessageWhenExecutingWithoutCodeBasicOperationInListsForTryEditor -->
  <testcase classname="dsAlgoTests.GraphTest" name="verifyCodeExecutionforGraphPage" time="1.86"/>
  <testcase classname="dsAlgoTests.GraphTest" name="verifyCodeExecutionforGraphPage" time="1.762"/>
  <testcase classname="dsAlgoTests.TreeTest" name="navigateToBinaryTrees" time="0.554"/>
  <testcase classname="dsAlgoTests.QueueTest" name="navigateToPracticeQuestionImplementationUsingCollectionsDeque" time="0.6"/>
  <testcase classname="dsAlgoTests.LinkedListTest" name="navigateToImplementLinkedListInPythonTryEditor" time="1.749"/>
  <testcase classname="dsAlgoTests.StackTest" name="checkErrorMessageWhenExecutingWithoutCodeInImplementationPage" time="1.285">
    <skipped/>
  </testcase> <!-- checkErrorMessageWhenExecutingWithoutCodeInImplementationPage -->
  <testcase classname="dsAlgoTests.StackTest" name="checkErrorMessageWhenExecutingWithoutCodeInImplementationPage" time="1.192">
    <failure type="java.lang.AssertionError" message="Test failed: Expected an error message when clicking the &amp;apos;Run&amp;apos; button without entering code, but no message was displayed.">
      <![CDATA[java.lang.AssertionError: Test failed: Expected an error message when clicking the 'Run' button without entering code, but no message was displayed.
at dsAlgoTests.StackTest.checkErrorMessageWhenExecutingWithoutCodeInImplementationPage(StackTest.java:167)
at java.base/java.util.ArrayList.forEach(ArrayList.java:1596)
at java.base/java.util.concurrent.FutureTask.run(FutureTask.java:317)
at java.base/java.util.concurrent.ThreadPoolExecutor.runWorker(ThreadPoolExecutor.java:1144)
at java.base/java.util.concurrent.ThreadPoolExecutor$Worker.run(ThreadPoolExecutor.java:642)
at java.base/java.lang.Thread.run(Thread.java:1583)
... Removed 17 stack frames]]>
    </failure>
  </testcase> <!-- checkErrorMessageWhenExecutingWithoutCodeInImplementationPage -->
  <testcase classname="dsAlgoTests.HomeTest" name="dropdownoptionQueueerrorBeforeSignin" time="0.48"/>
  <testcase classname="dsAlgoTests.ArrayTest" name="checkErrorMessageWhenExecutingWithoutCodeApplicationofArrayForTryEditor" time="1.289">
    <skipped/>
  </testcase> <!-- checkErrorMessageWhenExecutingWithoutCodeApplicationofArrayForTryEditor -->
  <testcase classname="dsAlgoTests.ArrayTest" name="checkErrorMessageWhenExecutingWithoutCodeApplicationofArrayForTryEditor" time="1.165">
    <failure type="java.lang.AssertionError" message="Test failed: Expected an error message when clicking the &amp;apos;Run&amp;apos; button without entering code, but no message was displayed.">
      <![CDATA[java.lang.AssertionError: Test failed: Expected an error message when clicking the 'Run' button without entering code, but no message was displayed.
at dsAlgoTests.ArrayTest.checkErrorMessageWhenExecutingWithoutCodeApplicationofArrayForTryEditor(ArrayTest.java:157)
at java.base/java.util.ArrayList.forEach(ArrayList.java:1596)
at java.base/java.util.concurrent.FutureTask.run(FutureTask.java:317)
at java.base/java.util.concurrent.ThreadPoolExecutor.runWorker(ThreadPoolExecutor.java:1144)
at java.base/java.util.concurrent.ThreadPoolExecutor$Worker.run(ThreadPoolExecutor.java:642)
at java.base/java.lang.Thread.run(Thread.java:1583)
... Removed 17 stack frames]]>
    </failure>
  </testcase> <!-- checkErrorMessageWhenExecutingWithoutCodeApplicationofArrayForTryEditor -->
  <testcase classname="dsAlgoTests.GraphTest" name="verifyCodeExecutionforGraphRepresentationPage" time="2.013"/>
  <testcase classname="dsAlgoTests.GraphTest" name="verifyCodeExecutionforGraphRepresentationPage" time="1.782"/>
  <testcase classname="dsAlgoTests.TreeTest" name="navigateToBinaryTreesTryEditor" time="1.655"/>
  <testcase classname="dsAlgoTests.QueueTest" name="listOfPracticeQuestionImplementationUsingCollectionsDeque" time="0.629"/>
  <testcase classname="dsAlgoTests.LinkedListTest" name="navigateToTraversalTryEditor" time="0.978"/>
  <testcase classname="dsAlgoTests.StackTest" name="checkErrorMessageWhenExecutingWithoutCodeInApplicationsInStackPage" time="1.243">
    <skipped/>
  </testcase> <!-- checkErrorMessageWhenExecutingWithoutCodeInApplicationsInStackPage -->
  <testcase classname="dsAlgoTests.StackTest" name="checkErrorMessageWhenExecutingWithoutCodeInApplicationsInStackPage" time="1.128">
    <failure type="java.lang.AssertionError" message="Test failed: Expected an error message when clicking the &amp;apos;Run&amp;apos; button without entering code, but no message was displayed.">
      <![CDATA[java.lang.AssertionError: Test failed: Expected an error message when clicking the 'Run' button without entering code, but no message was displayed.
at dsAlgoTests.StackTest.checkErrorMessageWhenExecutingWithoutCodeInApplicationsInStackPage(StackTest.java:178)
at java.base/java.util.ArrayList.forEach(ArrayList.java:1596)
at java.base/java.util.concurrent.FutureTask.run(FutureTask.java:317)
at java.base/java.util.concurrent.ThreadPoolExecutor.runWorker(ThreadPoolExecutor.java:1144)
at java.base/java.util.concurrent.ThreadPoolExecutor$Worker.run(ThreadPoolExecutor.java:642)
at java.base/java.lang.Thread.run(Thread.java:1583)
... Removed 17 stack frames]]>
    </failure>
  </testcase> <!-- checkErrorMessageWhenExecutingWithoutCodeInApplicationsInStackPage -->
  <testcase classname="dsAlgoTests.HomeTest" name="dropdownoptionStackerrorBeforeSignin" time="0.685"/>
  <testcase classname="dsAlgoTests.ArrayTest" name="verifyCodeExecutionForArraySections" time="1.422"/>
  <testcase classname="dsAlgoTests.ArrayTest" name="verifyCodeExecutionForArraySections" time="1.762"/>
  <testcase classname="dsAlgoTests.ArrayTest" name="verifyCodeExecutionForArraySections" time="1.637"/>
  <testcase classname="dsAlgoTests.ArrayTest" name="verifyCodeExecutionForArraySections" time="1.254"/>
  <testcase classname="dsAlgoTests.ArrayTest" name="verifyCodeExecutionForArraySections" time="1.515"/>
  <testcase classname="dsAlgoTests.ArrayTest" name="verifyCodeExecutionForArraySections" time="1.835"/>
  <testcase classname="dsAlgoTests.ArrayTest" name="verifyCodeExecutionForArraySections" time="1.608"/>
  <testcase classname="dsAlgoTests.ArrayTest" name="verifyCodeExecutionForArraySections" time="1.816"/>
  <testcase classname="dsAlgoTests.TreeTest" name="navigateToTypesOfBinaryTrees" time="0.648"/>
  <testcase classname="dsAlgoTests.QueueTest" name="checkErrorMeaasgeWhenExecutingWithoutCodeInImplementationOfQueueInPython" time="1.461">
    <skipped/>
  </testcase> <!-- checkErrorMeaasgeWhenExecutingWithoutCodeInImplementationOfQueueInPython -->
  <testcase classname="dsAlgoTests.QueueTest" name="checkErrorMeaasgeWhenExecutingWithoutCodeInImplementationOfQueueInPython" time="1.054">
    <failure type="java.lang.AssertionError" message="Test failed: Expected an error message when clicking the &amp;apos;Run&amp;apos; button without entering code, but no message was displayed">
      <![CDATA[java.lang.AssertionError: Test failed: Expected an error message when clicking the 'Run' button without entering code, but no message was displayed
at dsAlgoTests.QueueTest.checkErrorMeaasgeWhenExecutingWithoutCodeInImplementationOfQueueInPython(QueueTest.java:258)
at java.base/java.util.ArrayList.forEach(ArrayList.java:1596)
at java.base/java.util.concurrent.FutureTask.run(FutureTask.java:317)
at java.base/java.util.concurrent.ThreadPoolExecutor.runWorker(ThreadPoolExecutor.java:1144)
at java.base/java.util.concurrent.ThreadPoolExecutor$Worker.run(ThreadPoolExecutor.java:642)
at java.base/java.lang.Thread.run(Thread.java:1583)
... Removed 17 stack frames]]>
    </failure>
  </testcase> <!-- checkErrorMeaasgeWhenExecutingWithoutCodeInImplementationOfQueueInPython -->
  <testcase classname="dsAlgoTests.LinkedListTest" name="navigateToInsertionTryEditor" time="1.52"/>
  <testcase classname="dsAlgoTests.StackTest" name="seeListOfPracticeQuestionsonOperationsInStackPage" time="0.625">
    <skipped/>
  </testcase> <!-- seeListOfPracticeQuestionsonOperationsInStackPage -->
  <testcase classname="dsAlgoTests.StackTest" name="seeListOfPracticeQuestionsonOperationsInStackPage" time="1.288">
    <failure type="java.lang.AssertionError" message="No practice questions found on the Practice Questions Page!">
      <![CDATA[java.lang.AssertionError: No practice questions found on the Practice Questions Page!
at dsAlgoTests.StackTest.seeListOfPracticeQuestionsonOperationsInStackPage(StackTest.java:188)
at java.base/java.util.ArrayList.forEach(ArrayList.java:1596)
at java.base/java.util.concurrent.FutureTask.run(FutureTask.java:317)
at java.base/java.util.concurrent.ThreadPoolExecutor.runWorker(ThreadPoolExecutor.java:1144)
at java.base/java.util.concurrent.ThreadPoolExecutor$Worker.run(ThreadPoolExecutor.java:642)
at java.base/java.lang.Thread.run(Thread.java:1583)
... Removed 17 stack frames]]>
    </failure>
  </testcase> <!-- seeListOfPracticeQuestionsonOperationsInStackPage -->
  <testcase classname="dsAlgoTests.HomeTest" name="dropdownoptionLinkedListerrorBeforeSignin" time="0.677"/>
  <testcase classname="dsAlgoTests.ArrayTest" name="PracticeQuestionVaildAndInvalidDataWithRunButton" time="1.704"/>
  <testcase classname="dsAlgoTests.ArrayTest" name="PracticeQuestionVaildAndInvalidDataWithRunButton" time="1.415"/>
  <testcase classname="dsAlgoTests.ArrayTest" name="PracticeQuestionVaildAndInvalidDataWithRunButton" time="2.252"/>
  <testcase classname="dsAlgoTests.ArrayTest" name="PracticeQuestionVaildAndInvalidDataWithRunButton" time="1.692"/>
  <testcase classname="dsAlgoTests.ArrayTest" name="PracticeQuestionVaildAndInvalidDataWithRunButton" time="2.089"/>
  <testcase classname="dsAlgoTests.ArrayTest" name="PracticeQuestionVaildAndInvalidDataWithRunButton" time="2.089"/>
  <testcase classname="dsAlgoTests.ArrayTest" name="PracticeQuestionVaildAndInvalidDataWithRunButton" time="1.758"/>
  <testcase classname="dsAlgoTests.ArrayTest" name="PracticeQuestionVaildAndInvalidDataWithRunButton" time="1.573"/>
  <testcase classname="dsAlgoTests.TreeTest" name="navigateToTypesOfBinaryTreesTryEditor" time="1.168"/>
  <testcase classname="dsAlgoTests.QueueTest" name="checkErrorMessageWhenExecutingWithoutCodeInImplementationUsingCollectionsDeque" time="1.359">
    <skipped/>
  </testcase> <!-- checkErrorMessageWhenExecutingWithoutCodeInImplementationUsingCollectionsDeque -->
  <testcase classname="dsAlgoTests.QueueTest" name="checkErrorMessageWhenExecutingWithoutCodeInImplementationUsingCollectionsDeque" time="1.168">
    <failure type="java.lang.AssertionError" message="Test failed: Expected an error message when clicking the &amp;apos;Run&amp;apos; button without entering code, but no message was displayed">
      <![CDATA[java.lang.AssertionError: Test failed: Expected an error message when clicking the 'Run' button without entering code, but no message was displayed
at dsAlgoTests.QueueTest.checkErrorMessageWhenExecutingWithoutCodeInImplementationUsingCollectionsDeque(QueueTest.java:278)
at java.base/java.util.ArrayList.forEach(ArrayList.java:1596)
at java.base/java.util.concurrent.FutureTask.run(FutureTask.java:317)
at java.base/java.util.concurrent.ThreadPoolExecutor.runWorker(ThreadPoolExecutor.java:1144)
at java.base/java.util.concurrent.ThreadPoolExecutor$Worker.run(ThreadPoolExecutor.java:642)
at java.base/java.lang.Thread.run(Thread.java:1583)
... Removed 17 stack frames]]>
    </failure>
  </testcase> <!-- checkErrorMessageWhenExecutingWithoutCodeInImplementationUsingCollectionsDeque -->
  <testcase classname="dsAlgoTests.LinkedListTest" name="navigateToDeletionTryEditor" time="1.161"/>
  <testcase classname="dsAlgoTests.StackTest" name="seeListOfPracticeQuestionsonImplementationPage" time="0.823">
    <skipped/>
  </testcase> <!-- seeListOfPracticeQuestionsonImplementationPage -->
  <testcase classname="dsAlgoTests.StackTest" name="seeListOfPracticeQuestionsonImplementationPage" time="0.587">
    <failure type="java.lang.AssertionError" message="No practice questions found on the Practice Questions Page!">
      <![CDATA[java.lang.AssertionError: No practice questions found on the Practice Questions Page!
at dsAlgoTests.StackTest.seeListOfPracticeQuestionsonImplementationPage(StackTest.java:197)
at java.base/java.util.ArrayList.forEach(ArrayList.java:1596)
at java.base/java.util.concurrent.FutureTask.run(FutureTask.java:317)
at java.base/java.util.concurrent.ThreadPoolExecutor.runWorker(ThreadPoolExecutor.java:1144)
at java.base/java.util.concurrent.ThreadPoolExecutor$Worker.run(ThreadPoolExecutor.java:642)
at java.base/java.lang.Thread.run(Thread.java:1583)
... Removed 17 stack frames]]>
    </failure>
  </testcase> <!-- seeListOfPracticeQuestionsonImplementationPage -->
  <testcase classname="dsAlgoTests.HomeTest" name="dropdownoptionArrayserrorBeforeSignin" time="0.547"/>
  <testcase classname="dsAlgoTests.ArrayTest" name="PracticeQuestionVaildAndInvalidDataWithSubmitButton" time="2.91">
    <skipped/>
  </testcase> <!-- PracticeQuestionVaildAndInvalidDataWithSubmitButton -->
  <testcase classname="dsAlgoTests.ArrayTest" name="PracticeQuestionVaildAndInvalidDataWithSubmitButton" time="2.54">
    <failure type="java.lang.AssertionError" message="Output mismatch for section: Arrays in Python expected [Submission Successful] but found [Some Tests failed. Please review code]">
      <![CDATA[java.lang.AssertionError: Output mismatch for section: Arrays in Python expected [Submission Successful] but found [Some Tests failed. Please review code]
at dsAlgoTests.ArrayTest.PracticeQuestionVaildAndInvalidDataWithSubmitButton(ArrayTest.java:196)
at java.base/java.util.ArrayList.forEach(ArrayList.java:1596)
at java.base/java.util.concurrent.FutureTask.run(FutureTask.java:317)
at java.base/java.util.concurrent.ThreadPoolExecutor.runWorker(ThreadPoolExecutor.java:1144)
at java.base/java.util.concurrent.ThreadPoolExecutor$Worker.run(ThreadPoolExecutor.java:642)
at java.base/java.lang.Thread.run(Thread.java:1583)
... Removed 21 stack frames]]>
    </failure>
  </testcase> <!-- PracticeQuestionVaildAndInvalidDataWithSubmitButton -->
  <testcase classname="dsAlgoTests.ArrayTest" name="PracticeQuestionVaildAndInvalidDataWithSubmitButton" time="2.934"/>
  <testcase classname="dsAlgoTests.ArrayTest" name="PracticeQuestionVaildAndInvalidDataWithSubmitButton" time="2.893"/>
  <testcase classname="dsAlgoTests.ArrayTest" name="PracticeQuestionVaildAndInvalidDataWithSubmitButton" time="0.655">
    <skipped/>
  </testcase> <!-- PracticeQuestionVaildAndInvalidDataWithSubmitButton -->
  <testcase classname="dsAlgoTests.ArrayTest" name="PracticeQuestionVaildAndInvalidDataWithSubmitButton" time="0.686">
    <failure type="java.lang.IllegalArgumentException" message="Invalid Practice Question: Squares of a Sorted Array">
      <![CDATA[java.lang.IllegalArgumentException: Invalid Practice Question: Squares of a Sorted Array
at dsAlgoPages.ArrayPage.PracticeQuestion(ArrayPage.java:187)
at dsAlgoTests.ArrayTest.PracticeQuestionVaildAndInvalidDataWithSubmitButton(ArrayTest.java:192)
at java.base/java.util.ArrayList.forEach(ArrayList.java:1596)
at java.base/java.util.concurrent.FutureTask.run(FutureTask.java:317)
at java.base/java.util.concurrent.ThreadPoolExecutor.runWorker(ThreadPoolExecutor.java:1144)
at java.base/java.util.concurrent.ThreadPoolExecutor$Worker.run(ThreadPoolExecutor.java:642)
at java.base/java.lang.Thread.run(Thread.java:1583)
... Removed 16 stack frames]]>
    </failure>
  </testcase> <!-- PracticeQuestionVaildAndInvalidDataWithSubmitButton -->
  <testcase classname="dsAlgoTests.TreeTest" name="navigateToImplementationInPython" time="0.393"/>
  <testcase classname="dsAlgoTests.QueueTest" name="checkErrorMeaasgeWhenExecutingWithoutCodeInImplementationUsingArray" time="1.361">
    <skipped/>
  </testcase> <!-- checkErrorMeaasgeWhenExecutingWithoutCodeInImplementationUsingArray -->
  <testcase classname="dsAlgoTests.QueueTest" name="checkErrorMeaasgeWhenExecutingWithoutCodeInImplementationUsingArray" time="1.979">
    <failure type="java.lang.AssertionError" message="Test failed: Expected an error message when clicking the &amp;apos;Run&amp;apos; button without entering code, but no message was displayed">
      <![CDATA[java.lang.AssertionError: Test failed: Expected an error message when clicking the 'Run' button without entering code, but no message was displayed
at dsAlgoTests.QueueTest.checkErrorMeaasgeWhenExecutingWithoutCodeInImplementationUsingArray(QueueTest.java:297)
at java.base/java.util.ArrayList.forEach(ArrayList.java:1596)
at java.base/java.util.concurrent.FutureTask.run(FutureTask.java:317)
at java.base/java.util.concurrent.ThreadPoolExecutor.runWorker(ThreadPoolExecutor.java:1144)
at java.base/java.util.concurrent.ThreadPoolExecutor$Worker.run(ThreadPoolExecutor.java:642)
at java.base/java.lang.Thread.run(Thread.java:1583)
... Removed 17 stack frames]]>
    </failure>
  </testcase> <!-- checkErrorMeaasgeWhenExecutingWithoutCodeInImplementationUsingArray -->
  <testcase classname="dsAlgoTests.LinkedListTest" name="checkErrorMessageWhenExecutingWithoutCodeToIntroductionTryEditor" time="1.675">
    <skipped/>
  </testcase> <!-- checkErrorMessageWhenExecutingWithoutCodeToIntroductionTryEditor -->
  <testcase classname="dsAlgoTests.LinkedListTest" name="checkErrorMessageWhenExecutingWithoutCodeToIntroductionTryEditor" time="1.449">
    <failure type="java.lang.AssertionError" message="Test failed: Expected an error message when clicking the &amp;apos;Run&amp;apos; button without entering code, but no message was displayed.">
      <![CDATA[java.lang.AssertionError: Test failed: Expected an error message when clicking the 'Run' button without entering code, but no message was displayed.
at dsAlgoTests.LinkedListTest.checkErrorMessageWhenExecutingWithoutCodeToIntroductionTryEditor(LinkedListTest.java:158)
at java.base/java.util.ArrayList.forEach(ArrayList.java:1596)
at java.base/java.util.concurrent.FutureTask.run(FutureTask.java:317)
at java.base/java.util.concurrent.ThreadPoolExecutor.runWorker(ThreadPoolExecutor.java:1144)
at java.base/java.util.concurrent.ThreadPoolExecutor$Worker.run(ThreadPoolExecutor.java:642)
at java.base/java.lang.Thread.run(Thread.java:1583)
... Removed 17 stack frames]]>
    </failure>
  </testcase> <!-- checkErrorMessageWhenExecutingWithoutCodeToIntroductionTryEditor -->
  <testcase classname="dsAlgoTests.StackTest" name="seeListOfPracticeQuestionsonApplicationsPage" time="0.689">
    <skipped/>
  </testcase> <!-- seeListOfPracticeQuestionsonApplicationsPage -->
  <testcase classname="dsAlgoTests.StackTest" name="seeListOfPracticeQuestionsonApplicationsPage" time="0.536">
    <failure type="java.lang.AssertionError" message="No practice questions found on the Practice Questions Page!">
      <![CDATA[java.lang.AssertionError: No practice questions found on the Practice Questions Page!
at dsAlgoTests.StackTest.seeListOfPracticeQuestionsonApplicationsPage(StackTest.java:206)
at java.base/java.util.ArrayList.forEach(ArrayList.java:1596)
at java.base/java.util.concurrent.FutureTask.run(FutureTask.java:317)
at java.base/java.util.concurrent.ThreadPoolExecutor.runWorker(ThreadPoolExecutor.java:1144)
at java.base/java.util.concurrent.ThreadPoolExecutor$Worker.run(ThreadPoolExecutor.java:642)
at java.base/java.lang.Thread.run(Thread.java:1583)
... Removed 17 stack frames]]>
    </failure>
  </testcase> <!-- seeListOfPracticeQuestionsonApplicationsPage -->
  <testcase classname="dsAlgoTests.TreeTest" name="navigateToImplementationInPythonTryEditor" time="0.997"/>
  <testcase classname="dsAlgoTests.QueueTest" name="checkErrorMeaasgeWhenExecutingWithoutCodeInQueueOperations" time="1.185">
    <skipped/>
  </testcase> <!-- checkErrorMeaasgeWhenExecutingWithoutCodeInQueueOperations -->
  <testcase classname="dsAlgoTests.QueueTest" name="checkErrorMeaasgeWhenExecutingWithoutCodeInQueueOperations" time="1.411">
    <failure type="java.lang.AssertionError" message="Test failed: Expected an error message when clicking the &amp;apos;Run&amp;apos; button without entering code, but no message was displayed">
      <![CDATA[java.lang.AssertionError: Test failed: Expected an error message when clicking the 'Run' button without entering code, but no message was displayed
at dsAlgoTests.QueueTest.checkErrorMeaasgeWhenExecutingWithoutCodeInQueueOperations(QueueTest.java:316)
at java.base/java.util.ArrayList.forEach(ArrayList.java:1596)
at java.base/java.util.concurrent.FutureTask.run(FutureTask.java:317)
at java.base/java.util.concurrent.ThreadPoolExecutor.runWorker(ThreadPoolExecutor.java:1144)
at java.base/java.util.concurrent.ThreadPoolExecutor$Worker.run(ThreadPoolExecutor.java:642)
at java.base/java.lang.Thread.run(Thread.java:1583)
... Removed 17 stack frames]]>
    </failure>
  </testcase> <!-- checkErrorMeaasgeWhenExecutingWithoutCodeInQueueOperations -->
  <testcase classname="dsAlgoTests.LinkedListTest" name="checkErrorMessageWhenExecutingWithoutCodeToCreateALinkedListTryEditor" time="1.669">
    <skipped/>
  </testcase> <!-- checkErrorMessageWhenExecutingWithoutCodeToCreateALinkedListTryEditor -->
  <testcase classname="dsAlgoTests.LinkedListTest" name="checkErrorMessageWhenExecutingWithoutCodeToCreateALinkedListTryEditor" time="1.111">
    <failure type="java.lang.AssertionError" message="Test failed: Expected an error message when clicking the &amp;apos;Run&amp;apos; button without entering code, but no message was displayed.">
      <![CDATA[java.lang.AssertionError: Test failed: Expected an error message when clicking the 'Run' button without entering code, but no message was displayed.
at dsAlgoTests.LinkedListTest.checkErrorMessageWhenExecutingWithoutCodeToCreateALinkedListTryEditor(LinkedListTest.java:168)
at java.base/java.util.ArrayList.forEach(ArrayList.java:1596)
at java.base/java.util.concurrent.FutureTask.run(FutureTask.java:317)
at java.base/java.util.concurrent.ThreadPoolExecutor.runWorker(ThreadPoolExecutor.java:1144)
at java.base/java.util.concurrent.ThreadPoolExecutor$Worker.run(ThreadPoolExecutor.java:642)
at java.base/java.lang.Thread.run(Thread.java:1583)
... Removed 17 stack frames]]>
    </failure>
  </testcase> <!-- checkErrorMessageWhenExecutingWithoutCodeToCreateALinkedListTryEditor -->
  <testcase classname="dsAlgoTests.StackTest" name="navigateToOperationsInStackPracticeQuestions" time="0.643"/>
  <testcase classname="dsAlgoTests.TreeTest" name="navigateToBinaryTreeTraversals" time="0.536"/>
  <testcase classname="dsAlgoTests.QueueTest" name="verifyCodeExecutionForQueueTryEditor" time="1.432"/>
  <testcase classname="dsAlgoTests.QueueTest" name="verifyCodeExecutionForQueueTryEditor" time="2.249"/>
  <testcase classname="dsAlgoTests.QueueTest" name="verifyCodeExecutionForQueueTryEditor" time="1.436"/>
  <testcase classname="dsAlgoTests.QueueTest" name="verifyCodeExecutionForQueueTryEditor" time="1.673"/>
  <testcase classname="dsAlgoTests.QueueTest" name="verifyCodeExecutionForQueueTryEditor" time="2.251"/>
  <testcase classname="dsAlgoTests.QueueTest" name="verifyCodeExecutionForQueueTryEditor" time="1.342"/>
  <testcase classname="dsAlgoTests.QueueTest" name="verifyCodeExecutionForQueueTryEditor" time="1.481"/>
  <testcase classname="dsAlgoTests.QueueTest" name="verifyCodeExecutionForQueueTryEditor" time="1.698"/>
  <testcase classname="dsAlgoTests.LinkedListTest" name="checkErrorMessageWhenExecutingWithoutCodeToTypesOfLinkedListTryEditor" time="1.427">
    <skipped/>
  </testcase> <!-- checkErrorMessageWhenExecutingWithoutCodeToTypesOfLinkedListTryEditor -->
  <testcase classname="dsAlgoTests.LinkedListTest" name="checkErrorMessageWhenExecutingWithoutCodeToTypesOfLinkedListTryEditor" time="1.567">
    <failure type="java.lang.AssertionError" message="Test failed: Expected an error message when clicking the &amp;apos;Run&amp;apos; button without entering code, but no message was displayed.">
      <![CDATA[java.lang.AssertionError: Test failed: Expected an error message when clicking the 'Run' button without entering code, but no message was displayed.
at dsAlgoTests.LinkedListTest.checkErrorMessageWhenExecutingWithoutCodeToTypesOfLinkedListTryEditor(LinkedListTest.java:178)
at java.base/java.util.ArrayList.forEach(ArrayList.java:1596)
at java.base/java.util.concurrent.FutureTask.run(FutureTask.java:317)
at java.base/java.util.concurrent.ThreadPoolExecutor.runWorker(ThreadPoolExecutor.java:1144)
at java.base/java.util.concurrent.ThreadPoolExecutor$Worker.run(ThreadPoolExecutor.java:642)
at java.base/java.lang.Thread.run(Thread.java:1583)
... Removed 17 stack frames]]>
    </failure>
  </testcase> <!-- checkErrorMessageWhenExecutingWithoutCodeToTypesOfLinkedListTryEditor -->
  <testcase classname="dsAlgoTests.StackTest" name="navigateToImplementationPracticeQuestions" time="0.713"/>
  <testcase classname="dsAlgoTests.TreeTest" name="navigateToBinaryTreeTraversalsTryEditor" time="1.574"/>
  <testcase classname="dsAlgoTests.LinkedListTest" name="checkErrorMessageWhenExecutingWithoutCodeToImplementLinkedListInPythonTryEditor" time="1.093">
    <skipped/>
  </testcase> <!-- checkErrorMessageWhenExecutingWithoutCodeToImplementLinkedListInPythonTryEditor -->
  <testcase classname="dsAlgoTests.LinkedListTest" name="checkErrorMessageWhenExecutingWithoutCodeToImplementLinkedListInPythonTryEditor" time="1.275">
    <failure type="java.lang.AssertionError" message="Test failed: Expected an error message when clicking the &amp;apos;Run&amp;apos; button without entering code, but no message was displayed.">
      <![CDATA[java.lang.AssertionError: Test failed: Expected an error message when clicking the 'Run' button without entering code, but no message was displayed.
at dsAlgoTests.LinkedListTest.checkErrorMessageWhenExecutingWithoutCodeToImplementLinkedListInPythonTryEditor(LinkedListTest.java:188)
at java.base/java.util.ArrayList.forEach(ArrayList.java:1596)
at java.base/java.util.concurrent.FutureTask.run(FutureTask.java:317)
at java.base/java.util.concurrent.ThreadPoolExecutor.runWorker(ThreadPoolExecutor.java:1144)
at java.base/java.util.concurrent.ThreadPoolExecutor$Worker.run(ThreadPoolExecutor.java:642)
at java.base/java.lang.Thread.run(Thread.java:1583)
... Removed 17 stack frames]]>
    </failure>
  </testcase> <!-- checkErrorMessageWhenExecutingWithoutCodeToImplementLinkedListInPythonTryEditor -->
  <testcase classname="dsAlgoTests.StackTest" name="navigateToApplicationsPracticeQuestions" time="0.865"/>
  <testcase classname="dsAlgoTests.TreeTest" name="navigateToImplementationOfBinaryTrees" time="0.419"/>
  <testcase classname="dsAlgoTests.LinkedListTest" name="checkErrorMessageWhenExecutingWithoutCodeToTraversalTryEditor" time="1.216">
    <skipped/>
  </testcase> <!-- checkErrorMessageWhenExecutingWithoutCodeToTraversalTryEditor -->
  <testcase classname="dsAlgoTests.LinkedListTest" name="checkErrorMessageWhenExecutingWithoutCodeToTraversalTryEditor" time="1.377">
    <failure type="java.lang.AssertionError" message="Test failed: Expected an error message when clicking the &amp;apos;Run&amp;apos; button without entering code, but no message was displayed.">
      <![CDATA[java.lang.AssertionError: Test failed: Expected an error message when clicking the 'Run' button without entering code, but no message was displayed.
at dsAlgoTests.LinkedListTest.checkErrorMessageWhenExecutingWithoutCodeToTraversalTryEditor(LinkedListTest.java:198)
at java.base/java.util.ArrayList.forEach(ArrayList.java:1596)
at java.base/java.util.concurrent.FutureTask.run(FutureTask.java:317)
at java.base/java.util.concurrent.ThreadPoolExecutor.runWorker(ThreadPoolExecutor.java:1144)
at java.base/java.util.concurrent.ThreadPoolExecutor$Worker.run(ThreadPoolExecutor.java:642)
at java.base/java.lang.Thread.run(Thread.java:1583)
... Removed 17 stack frames]]>
    </failure>
  </testcase> <!-- checkErrorMessageWhenExecutingWithoutCodeToTraversalTryEditor -->
  <testcase classname="dsAlgoTests.TreeTest" name="navigateToImplementationOfBinaryTreesTryEditor" time="1.294"/>
  <testcase classname="dsAlgoTests.LinkedListTest" name="checkErrorMessageWhenExecutingWithoutCodeToInsertionTryEditor" time="1.633">
    <skipped/>
  </testcase> <!-- checkErrorMessageWhenExecutingWithoutCodeToInsertionTryEditor -->
  <testcase classname="dsAlgoTests.LinkedListTest" name="checkErrorMessageWhenExecutingWithoutCodeToInsertionTryEditor" time="1.474">
    <failure type="java.lang.AssertionError" message="Test failed: Expected an error message when clicking the &amp;apos;Run&amp;apos; button without entering code, but no message was displayed.">
      <![CDATA[java.lang.AssertionError: Test failed: Expected an error message when clicking the 'Run' button without entering code, but no message was displayed.
at dsAlgoTests.LinkedListTest.checkErrorMessageWhenExecutingWithoutCodeToInsertionTryEditor(LinkedListTest.java:208)
at java.base/java.util.ArrayList.forEach(ArrayList.java:1596)
at java.base/java.util.concurrent.FutureTask.run(FutureTask.java:317)
at java.base/java.util.concurrent.ThreadPoolExecutor.runWorker(ThreadPoolExecutor.java:1144)
at java.base/java.util.concurrent.ThreadPoolExecutor$Worker.run(ThreadPoolExecutor.java:642)
at java.base/java.lang.Thread.run(Thread.java:1583)
... Removed 17 stack frames]]>
    </failure>
  </testcase> <!-- checkErrorMessageWhenExecutingWithoutCodeToInsertionTryEditor -->
  <testcase classname="dsAlgoTests.TreeTest" name="navigateToApplicationsOfBinaryTrees" time="0.41"/>
  <testcase classname="dsAlgoTests.LinkedListTest" name="checkErrorMessageWhenExecutingWithoutCodeToDeletionTryEditor" time="1.07">
    <skipped/>
  </testcase> <!-- checkErrorMessageWhenExecutingWithoutCodeToDeletionTryEditor -->
  <testcase classname="dsAlgoTests.LinkedListTest" name="checkErrorMessageWhenExecutingWithoutCodeToDeletionTryEditor" time="1.468">
    <failure type="java.lang.AssertionError" message="Test failed: Expected an error message when clicking the &amp;apos;Run&amp;apos; button without entering code, but no message was displayed.">
      <![CDATA[java.lang.AssertionError: Test failed: Expected an error message when clicking the 'Run' button without entering code, but no message was displayed.
at dsAlgoTests.LinkedListTest.checkErrorMessageWhenExecutingWithoutCodeToDeletionTryEditor(LinkedListTest.java:218)
at java.base/java.util.ArrayList.forEach(ArrayList.java:1596)
at java.base/java.util.concurrent.FutureTask.run(FutureTask.java:317)
at java.base/java.util.concurrent.ThreadPoolExecutor.runWorker(ThreadPoolExecutor.java:1144)
at java.base/java.util.concurrent.ThreadPoolExecutor$Worker.run(ThreadPoolExecutor.java:642)
at java.base/java.lang.Thread.run(Thread.java:1583)
... Removed 17 stack frames]]>
    </failure>
  </testcase> <!-- checkErrorMessageWhenExecutingWithoutCodeToDeletionTryEditor -->
  <testcase classname="dsAlgoTests.TreeTest" name="navigateToApplicationsOfBinaryTreesTryEditor" time="1.328"/>
  <testcase classname="dsAlgoTests.LinkedListTest" name="verifyCodeExecutionForLinkedList" time="2.837"/>
  <testcase classname="dsAlgoTests.LinkedListTest" name="verifyCodeExecutionForLinkedList" time="1.921"/>
  <testcase classname="dsAlgoTests.LinkedListTest" name="verifyCodeExecutionForLinkedList" time="1.832"/>
  <testcase classname="dsAlgoTests.LinkedListTest" name="verifyCodeExecutionForLinkedList" time="2.018"/>
  <testcase classname="dsAlgoTests.LinkedListTest" name="verifyCodeExecutionForLinkedList" time="1.475"/>
  <testcase classname="dsAlgoTests.LinkedListTest" name="verifyCodeExecutionForLinkedList" time="1.582"/>
  <testcase classname="dsAlgoTests.LinkedListTest" name="verifyCodeExecutionForLinkedList" time="1.447"/>
  <testcase classname="dsAlgoTests.LinkedListTest" name="verifyCodeExecutionForLinkedList" time="1.681"/>
  <testcase classname="dsAlgoTests.LinkedListTest" name="verifyCodeExecutionForLinkedList" time="1.739"/>
  <testcase classname="dsAlgoTests.LinkedListTest" name="verifyCodeExecutionForLinkedList" time="1.707"/>
  <testcase classname="dsAlgoTests.LinkedListTest" name="verifyCodeExecutionForLinkedList" time="2.243"/>
  <testcase classname="dsAlgoTests.LinkedListTest" name="verifyCodeExecutionForLinkedList" time="2.336"/>
  <testcase classname="dsAlgoTests.LinkedListTest" name="verifyCodeExecutionForLinkedList" time="1.3"/>
  <testcase classname="dsAlgoTests.LinkedListTest" name="verifyCodeExecutionForLinkedList" time="1.38"/>
  <testcase classname="dsAlgoTests.LinkedListTest" name="verifyCodeExecutionForLinkedList" time="0.009">
    <skipped/>
  </testcase> <!-- verifyCodeExecutionForLinkedList -->
  <testcase classname="dsAlgoTests.LinkedListTest" name="verifyCodeExecutionForLinkedList" time="0.001">
    <failure type="java.lang.IllegalArgumentException" message="Invalid section: ">
      <![CDATA[java.lang.IllegalArgumentException: Invalid section: 
at dsAlgoPages.LinkedListPage.Option(LinkedListPage.java:130)
at dsAlgoTests.LinkedListTest.verifyCodeExecutionForLinkedList(LinkedListTest.java:226)
at java.base/java.util.ArrayList.forEach(ArrayList.java:1596)
at java.base/java.util.concurrent.FutureTask.run(FutureTask.java:317)
at java.base/java.util.concurrent.ThreadPoolExecutor.runWorker(ThreadPoolExecutor.java:1144)
at java.base/java.util.concurrent.ThreadPoolExecutor$Worker.run(ThreadPoolExecutor.java:642)
at java.base/java.lang.Thread.run(Thread.java:1583)
... Removed 16 stack frames]]>
    </failure>
  </testcase> <!-- verifyCodeExecutionForLinkedList -->
  <testcase classname="dsAlgoTests.LinkedListTest" name="verifyCodeExecutionForLinkedList" time="0.0">
    <skipped/>
  </testcase> <!-- verifyCodeExecutionForLinkedList -->
  <testcase classname="dsAlgoTests.LinkedListTest" name="verifyCodeExecutionForLinkedList" time="0.0">
    <failure type="java.lang.IllegalArgumentException" message="Invalid section: ">
      <![CDATA[java.lang.IllegalArgumentException: Invalid section: 
at dsAlgoPages.LinkedListPage.Option(LinkedListPage.java:130)
at dsAlgoTests.LinkedListTest.verifyCodeExecutionForLinkedList(LinkedListTest.java:226)
at java.base/java.util.ArrayList.forEach(ArrayList.java:1596)
at java.base/java.util.concurrent.FutureTask.run(FutureTask.java:317)
at java.base/java.util.concurrent.ThreadPoolExecutor.runWorker(ThreadPoolExecutor.java:1144)
at java.base/java.util.concurrent.ThreadPoolExecutor$Worker.run(ThreadPoolExecutor.java:642)
at java.base/java.lang.Thread.run(Thread.java:1583)
... Removed 16 stack frames]]>
    </failure>
  </testcase> <!-- verifyCodeExecutionForLinkedList -->
  <testcase classname="dsAlgoTests.TreeTest" name="navigateToBinarySearchTrees" time="0.529"/>
  <testcase classname="dsAlgoTests.LinkedListTest" name="checkforPracticeQuestion" time="10.798">
    <skipped/>
  </testcase> <!-- checkforPracticeQuestion -->
  <testcase classname="dsAlgoTests.LinkedListTest" name="checkforPracticeQuestion" time="10.714">
    <failure type="org.openqa.selenium.ElementNotInteractableException" message="element not interactable
  (Session info: chrome=133.0.6943.98)
Build info: version: &amp;apos;4.27.0&amp;apos;, revision: &amp;apos;d6e718d134&amp;apos;
System info: os.name: &amp;apos;Windows 11&amp;apos;, os.arch: &amp;apos;amd64&amp;apos;, os.version: &amp;apos;10.0&amp;apos;, java.version: &amp;apos;21.0.3&amp;apos;
Driver info: org.openqa.selenium.chrome.ChromeDriver
Command: [463730409109b9f4b62af8cb00a8aa2f, clickElement {id=f.94A1139043D083B3C7EE0380E3CE38FD.d.E203F96F988C8EB5FAED8ED2024CA360.e.36}]
Capabilities {acceptInsecureCerts: false, browserName: chrome, browserVersion: 133.0.6943.98, chrome: {chromedriverVersion: 133.0.6943.98 (da53563ceb66..., userDataDir: C:\Users\sahan\AppData\Loca...}, fedcm:accounts: true, goog:chromeOptions: {debuggerAddress: localhost:53004}, networkConnectionEnabled: false, pageLoadStrategy: normal, platformName: windows, proxy: Proxy(), se:cdp: ws://localhost:53004/devtoo..., se:cdpVersion: 133.0.6943.98, setWindowRect: true, strictFileInteractability: false, timeouts: {implicit: 0, pageLoad: 300000, script: 30000}, unhandledPromptBehavior: dismiss and notify, webauthn:extension:credBlob: true, webauthn:extension:largeBlob: true, webauthn:extension:minPinLength: true, webauthn:extension:prf: true, webauthn:virtualAuthenticators: true}
Element: [[ChromeDriver: chrome on windows (463730409109b9f4b62af8cb00a8aa2f)] -&amp;gt; xpath: //button[@type=&amp;apos;button&amp;apos;]]
Session ID: 463730409109b9f4b62af8cb00a8aa2f">
      <![CDATA[org.openqa.selenium.ElementNotInteractableException: element not interactable
  (Session info: chrome=133.0.6943.98)
Build info: version: '4.27.0', revision: 'd6e718d134'
System info: os.name: 'Windows 11', os.arch: 'amd64', os.version: '10.0', java.version: '21.0.3'
Driver info: org.openqa.selenium.chrome.ChromeDriver
Command: [463730409109b9f4b62af8cb00a8aa2f, clickElement {id=f.94A1139043D083B3C7EE0380E3CE38FD.d.E203F96F988C8EB5FAED8ED2024CA360.e.36}]
Capabilities {acceptInsecureCerts: false, browserName: chrome, browserVersion: 133.0.6943.98, chrome: {chromedriverVersion: 133.0.6943.98 (da53563ceb66..., userDataDir: C:\Users\sahan\AppData\Loca...}, fedcm:accounts: true, goog:chromeOptions: {debuggerAddress: localhost:53004}, networkConnectionEnabled: false, pageLoadStrategy: normal, platformName: windows, proxy: Proxy(), se:cdp: ws://localhost:53004/devtoo..., se:cdpVersion: 133.0.6943.98, setWindowRect: true, strictFileInteractability: false, timeouts: {implicit: 0, pageLoad: 300000, script: 30000}, unhandledPromptBehavior: dismiss and notify, webauthn:extension:credBlob: true, webauthn:extension:largeBlob: true, webauthn:extension:minPinLength: true, webauthn:extension:prf: true, webauthn:virtualAuthenticators: true}
Element: [[ChromeDriver: chrome on windows (463730409109b9f4b62af8cb00a8aa2f)] -> xpath: //button[@type='button']]
Session ID: 463730409109b9f4b62af8cb00a8aa2f
at org.openqa.selenium.remote.ErrorCodec.decode(ErrorCodec.java:167)
at org.openqa.selenium.remote.codec.w3c.W3CHttpResponseCodec.decode(W3CHttpResponseCodec.java:138)
at org.openqa.selenium.remote.codec.w3c.W3CHttpResponseCodec.decode(W3CHttpResponseCodec.java:50)
at org.openqa.selenium.remote.HttpCommandExecutor.execute(HttpCommandExecutor.java:190)
at org.openqa.selenium.remote.service.DriverCommandExecutor.invokeExecute(DriverCommandExecutor.java:216)
at org.openqa.selenium.remote.service.DriverCommandExecutor.execute(DriverCommandExecutor.java:174)
at org.openqa.selenium.remote.RemoteWebDriver.execute(RemoteWebDriver.java:545)
at org.openqa.selenium.remote.RemoteWebElement.execute(RemoteWebElement.java:223)
at org.openqa.selenium.remote.RemoteWebElement.click(RemoteWebElement.java:76)
at org.openqa.selenium.support.pagefactory.internal.LocatingElementHandler.invoke(LocatingElementHandler.java:51)
at jdk.proxy2/jdk.proxy2.$Proxy21.click(Unknown Source)
at dsAlgoPages.LinkedListPage.run(LinkedListPage.java:103)
at dsAlgoTests.LinkedListTest.checkforPracticeQuestion(LinkedListTest.java:239)
at java.base/java.util.ArrayList.forEach(ArrayList.java:1596)
at java.base/java.util.concurrent.FutureTask.run(FutureTask.java:317)
at java.base/java.util.concurrent.ThreadPoolExecutor.runWorker(ThreadPoolExecutor.java:1144)
at java.base/java.util.concurrent.ThreadPoolExecutor$Worker.run(ThreadPoolExecutor.java:642)
at java.base/java.lang.Thread.run(Thread.java:1583)
... Removed 21 stack frames]]>
    </failure>
  </testcase> <!-- checkforPracticeQuestion -->
  <testcase classname="dsAlgoTests.TreeTest" name="navigateToBinarySearchTreesTryEditor" time="1.415"/>
  <testcase classname="dsAlgoTests.TreeTest" name="navigateToImplementationOfBST" time="0.346"/>
  <testcase classname="dsAlgoTests.TreeTest" name="navigateToImplementationOfBSTTryEditor" time="1.502"/>
  <testcase classname="dsAlgoTests.TreeTest" name="verifyCodeExecutionForTreeTryEditor" time="1.585"/>
  <testcase classname="dsAlgoTests.TreeTest" name="verifyCodeExecutionForTreeTryEditor" time="1.689"/>
  <testcase classname="dsAlgoTests.TreeTest" name="verifyCodeExecutionForTreeTryEditor" time="1.425"/>
  <testcase classname="dsAlgoTests.TreeTest" name="verifyCodeExecutionForTreeTryEditor" time="1.389"/>
  <testcase classname="dsAlgoTests.TreeTest" name="verifyCodeExecutionForTreeTryEditor" time="1.506"/>
  <testcase classname="dsAlgoTests.TreeTest" name="verifyCodeExecutionForTreeTryEditor" time="1.538"/>
  <testcase classname="dsAlgoTests.TreeTest" name="verifyCodeExecutionForTreeTryEditor" time="1.874"/>
  <testcase classname="dsAlgoTests.TreeTest" name="verifyCodeExecutionForTreeTryEditor" time="1.577"/>
  <testcase classname="dsAlgoTests.TreeTest" name="verifyCodeExecutionForTreeTryEditor" time="1.598"/>
  <testcase classname="dsAlgoTests.TreeTest" name="verifyCodeExecutionForTreeTryEditor" time="1.404"/>
  <testcase classname="dsAlgoTests.TreeTest" name="verifyCodeExecutionForTreeTryEditor" time="1.557"/>
  <testcase classname="dsAlgoTests.TreeTest" name="verifyCodeExecutionForTreeTryEditor" time="1.492"/>
  <testcase classname="dsAlgoTests.TreeTest" name="verifyCodeExecutionForTreeTryEditor" time="1.646"/>
  <testcase classname="dsAlgoTests.TreeTest" name="verifyCodeExecutionForTreeTryEditor" time="1.554"/>
  <testcase classname="dsAlgoTests.TreeTest" name="verifyCodeExecutionForTreeTryEditor" time="2.271"/>
  <testcase classname="dsAlgoTests.TreeTest" name="verifyCodeExecutionForTreeTryEditor" time="1.467"/>
  <testcase classname="dsAlgoTests.TreeTest" name="verifyCodeExecutionForTreeTryEditor" time="1.363"/>
  <testcase classname="dsAlgoTests.TreeTest" name="verifyCodeExecutionForTreeTryEditor" time="1.822"/>
  <testcase classname="dsAlgoTests.TreeTest" name="verifyCodeExecutionForTreeTryEditor" time="1.503"/>
  <testcase classname="dsAlgoTests.TreeTest" name="verifyCodeExecutionForTreeTryEditor" time="2.072"/>
  <testcase classname="dsAlgoTests.TreeTest" name="verifyCodeExecutionForTreeTryEditor" time="1.873"/>
  <testcase classname="dsAlgoTests.TreeTest" name="verifyCodeExecutionForTreeTryEditor" time="1.337"/>
  <testcase classname="dsAlgoTests.TreeTest" name="verifyCodeExecutionForTreeTryEditor" time="1.691"/>
  <testcase classname="dsAlgoTests.TreeTest" name="verifyCodeExecutionForTreeTryEditor" time="1.876"/>
  <testcase classname="dsAlgoTests.TreeTest" name="verifyCodeExecutionForTreeTryEditor" time="1.234"/>
  <testcase classname="dsAlgoTests.TreeTest" name="verifyCodeExecutionForTreeTryEditor" time="1.467"/>
  <testcase classname="dsAlgoTests.TreeTest" name="verifyTreeTryEditorWithoutCodeOfOverviewOfTrees" time="1.532">
    <skipped/>
  </testcase> <!-- verifyTreeTryEditorWithoutCodeOfOverviewOfTrees -->
  <testcase classname="dsAlgoTests.TreeTest" name="verifyTreeTryEditorWithoutCodeOfOverviewOfTrees" time="1.041">
    <failure type="java.lang.AssertionError" message="Test failed: Expected an error message when clicking the &amp;apos;Run&amp;apos; button without entering code, but no message was displayed">
      <![CDATA[java.lang.AssertionError: Test failed: Expected an error message when clicking the 'Run' button without entering code, but no message was displayed
at dsAlgoTests.TreeTest.verifyTreeTryEditorWithoutCodeOfOverviewOfTrees(TreeTest.java:331)
at java.base/java.util.ArrayList.forEach(ArrayList.java:1596)
at java.base/java.util.concurrent.FutureTask.run(FutureTask.java:317)
at java.base/java.util.concurrent.ThreadPoolExecutor.runWorker(ThreadPoolExecutor.java:1144)
at java.base/java.util.concurrent.ThreadPoolExecutor$Worker.run(ThreadPoolExecutor.java:642)
at java.base/java.lang.Thread.run(Thread.java:1583)
... Removed 17 stack frames]]>
    </failure>
  </testcase> <!-- verifyTreeTryEditorWithoutCodeOfOverviewOfTrees -->
  <testcase classname="dsAlgoTests.TreeTest" name="verifyTreeTryEditorWithoutCodeOfTerminologies" time="1.404">
    <skipped/>
  </testcase> <!-- verifyTreeTryEditorWithoutCodeOfTerminologies -->
  <testcase classname="dsAlgoTests.TreeTest" name="verifyTreeTryEditorWithoutCodeOfTerminologies" time="1.227">
    <failure type="java.lang.AssertionError" message="Test failed: Expected an error message when clicking the &amp;apos;Run&amp;apos; button without entering code, but no message was displayed">
      <![CDATA[java.lang.AssertionError: Test failed: Expected an error message when clicking the 'Run' button without entering code, but no message was displayed
at dsAlgoTests.TreeTest.verifyTreeTryEditorWithoutCodeOfTerminologies(TreeTest.java:344)
at java.base/java.util.ArrayList.forEach(ArrayList.java:1596)
at java.base/java.util.concurrent.FutureTask.run(FutureTask.java:317)
at java.base/java.util.concurrent.ThreadPoolExecutor.runWorker(ThreadPoolExecutor.java:1144)
at java.base/java.util.concurrent.ThreadPoolExecutor$Worker.run(ThreadPoolExecutor.java:642)
at java.base/java.lang.Thread.run(Thread.java:1583)
... Removed 17 stack frames]]>
    </failure>
  </testcase> <!-- verifyTreeTryEditorWithoutCodeOfTerminologies -->
  <testcase classname="dsAlgoTests.TreeTest" name="verifyTreeTryEditorWithoutCodeOfTypesOfTrees" time="1.366">
    <skipped/>
  </testcase> <!-- verifyTreeTryEditorWithoutCodeOfTypesOfTrees -->
  <testcase classname="dsAlgoTests.TreeTest" name="verifyTreeTryEditorWithoutCodeOfTypesOfTrees" time="1.333">
    <failure type="java.lang.AssertionError" message="Test failed: Expected an error message when clicking the &amp;apos;Run&amp;apos; button without entering code, but no message was displayed">
      <![CDATA[java.lang.AssertionError: Test failed: Expected an error message when clicking the 'Run' button without entering code, but no message was displayed
at dsAlgoTests.TreeTest.verifyTreeTryEditorWithoutCodeOfTypesOfTrees(TreeTest.java:357)
at java.base/java.util.ArrayList.forEach(ArrayList.java:1596)
at java.base/java.util.concurrent.FutureTask.run(FutureTask.java:317)
at java.base/java.util.concurrent.ThreadPoolExecutor.runWorker(ThreadPoolExecutor.java:1144)
at java.base/java.util.concurrent.ThreadPoolExecutor$Worker.run(ThreadPoolExecutor.java:642)
at java.base/java.lang.Thread.run(Thread.java:1583)
... Removed 17 stack frames]]>
    </failure>
  </testcase> <!-- verifyTreeTryEditorWithoutCodeOfTypesOfTrees -->
  <testcase classname="dsAlgoTests.TreeTest" name="verifyTreeTryEditorWithoutCodeOfTreeTraversals" time="1.28">
    <skipped/>
  </testcase> <!-- verifyTreeTryEditorWithoutCodeOfTreeTraversals -->
  <testcase classname="dsAlgoTests.TreeTest" name="verifyTreeTryEditorWithoutCodeOfTreeTraversals" time="1.584">
    <failure type="java.lang.AssertionError" message="Test failed: Expected an error message when clicking the &amp;apos;Run&amp;apos; button without entering code, but no message was displayed">
      <![CDATA[java.lang.AssertionError: Test failed: Expected an error message when clicking the 'Run' button without entering code, but no message was displayed
at dsAlgoTests.TreeTest.verifyTreeTryEditorWithoutCodeOfTreeTraversals(TreeTest.java:370)
at java.base/java.util.ArrayList.forEach(ArrayList.java:1596)
at java.base/java.util.concurrent.FutureTask.run(FutureTask.java:317)
at java.base/java.util.concurrent.ThreadPoolExecutor.runWorker(ThreadPoolExecutor.java:1144)
at java.base/java.util.concurrent.ThreadPoolExecutor$Worker.run(ThreadPoolExecutor.java:642)
at java.base/java.lang.Thread.run(Thread.java:1583)
... Removed 17 stack frames]]>
    </failure>
  </testcase> <!-- verifyTreeTryEditorWithoutCodeOfTreeTraversals -->
  <testcase classname="dsAlgoTests.TreeTest" name="verifyTreeTryEditorWithoutCodeOfTraversalsIllustration" time="1.598">
    <skipped/>
  </testcase> <!-- verifyTreeTryEditorWithoutCodeOfTraversalsIllustration -->
  <testcase classname="dsAlgoTests.TreeTest" name="verifyTreeTryEditorWithoutCodeOfTraversalsIllustration" time="1.433">
    <failure type="java.lang.AssertionError" message="Test failed: Expected an error message when clicking the &amp;apos;Run&amp;apos; button without entering code, but no message was displayed">
      <![CDATA[java.lang.AssertionError: Test failed: Expected an error message when clicking the 'Run' button without entering code, but no message was displayed
at dsAlgoTests.TreeTest.verifyTreeTryEditorWithoutCodeOfTraversalsIllustration(TreeTest.java:383)
at java.base/java.util.ArrayList.forEach(ArrayList.java:1596)
at java.base/java.util.concurrent.FutureTask.run(FutureTask.java:317)
at java.base/java.util.concurrent.ThreadPoolExecutor.runWorker(ThreadPoolExecutor.java:1144)
at java.base/java.util.concurrent.ThreadPoolExecutor$Worker.run(ThreadPoolExecutor.java:642)
at java.base/java.lang.Thread.run(Thread.java:1583)
... Removed 17 stack frames]]>
    </failure>
  </testcase> <!-- verifyTreeTryEditorWithoutCodeOfTraversalsIllustration -->
  <testcase classname="dsAlgoTests.TreeTest" name="navigateToPracticeQuestionOfOverviewOfTrees" time="0.625"/>
  <testcase classname="dsAlgoTests.TreeTest" name="listOfPracticeQuestionOfOverviewOfTrees" time="0.541">
    <skipped/>
  </testcase> <!-- listOfPracticeQuestionOfOverviewOfTrees -->
  <testcase classname="dsAlgoTests.TreeTest" name="listOfPracticeQuestionOfOverviewOfTrees" time="0.573">
    <failure type="java.lang.AssertionError" message="No list of practice question found">
      <![CDATA[java.lang.AssertionError: No list of practice question found
at dsAlgoTests.TreeTest.listOfPracticeQuestionOfOverviewOfTrees(TreeTest.java:407)
at java.base/java.util.ArrayList.forEach(ArrayList.java:1596)
at java.base/java.util.concurrent.FutureTask.run(FutureTask.java:317)
at java.base/java.util.concurrent.ThreadPoolExecutor.runWorker(ThreadPoolExecutor.java:1144)
at java.base/java.util.concurrent.ThreadPoolExecutor$Worker.run(ThreadPoolExecutor.java:642)
at java.base/java.lang.Thread.run(Thread.java:1583)
... Removed 17 stack frames]]>
    </failure>
  </testcase> <!-- listOfPracticeQuestionOfOverviewOfTrees -->
  <testcase classname="dsAlgoBase.Base" name="@BeforeSuite setupSuite" time="0.0">
    <ignored/>
  </testcase> <!-- @BeforeSuite setupSuite -->
  <testcase classname="dsAlgoBase.Base" name="@BeforeSuite setupSuite" time="0.0">
    <ignored/>
  </testcase> <!-- @BeforeSuite setupSuite -->
  <testcase classname="dsAlgoBase.Base" name="@BeforeSuite setupSuite" time="0.0">
    <ignored/>
  </testcase> <!-- @BeforeSuite setupSuite -->
  <testcase classname="dsAlgoBase.Base" name="@BeforeSuite setupSuite" time="0.0">
    <ignored/>
  </testcase> <!-- @BeforeSuite setupSuite -->
  <testcase classname="dsAlgoBase.Base" name="@BeforeSuite setupSuite" time="0.0">
    <ignored/>
  </testcase> <!-- @BeforeSuite setupSuite -->
  <testcase classname="dsAlgoBase.Base" name="@BeforeSuite setupSuite" time="0.0">
    <ignored/>
  </testcase> <!-- @BeforeSuite setupSuite -->
  <testcase classname="dsAlgoBase.Base" name="@BeforeSuite setupSuite" time="0.0">
    <ignored/>
  </testcase> <!-- @BeforeSuite setupSuite -->
  <testcase classname="dsAlgoBase.Base" name="@BeforeSuite setupSuite" time="0.0">
    <ignored/>
  </testcase> <!-- @BeforeSuite setupSuite -->
  <testcase classname="dsAlgoBase.Base" name="@BeforeSuite setupSuite" time="0.0">
    <ignored/>
  </testcase> <!-- @BeforeSuite setupSuite -->
</testsuite> <!-- ChromeTest -->
