<?xml version="1.0" encoding="UTF-8"?>
<!-- Generated by org.testng.reporters.JUnitXMLReporter -->
<testsuite ignored="9" hostname="sukeerthsahana" failures="39" tests="262" name="EdgeTest" time="1867.379" errors="0" timestamp="2025-02-18T00:22:12 CST">
  <testcase classname="dsAlgoTests.SigninTest" name="enterCredentials" time="2.087"/>
  <testcase classname="dsAlgoTests.SigninTest" name="enterCredentials" time="21.215"/>
  <testcase classname="dsAlgoTests.SigninTest" name="enterCredentials" time="20.984"/>
  <testcase classname="dsAlgoTests.SigninTest" name="enterCredentials" time="21.307"/>
  <testcase classname="dsAlgoTests.SigninTest" name="enterCredentials" time="20.841"/>
  <testcase classname="dsAlgoTests.SigninTest" name="enterCredentials" time="20.929"/>
  <testcase classname="dsAlgoTests.RegisterTest" name="enterCredentials" time="1.197"/>
  <testcase classname="dsAlgoTests.RegisterTest" name="enterCredentials" time="0.993"/>
  <testcase classname="dsAlgoTests.RegisterTest" name="enterCredentials" time="0.794"/>
  <testcase classname="dsAlgoTests.RegisterTest" name="enterCredentials" time="1.132"/>
  <testcase classname="dsAlgoTests.RegisterTest" name="enterCredentials" time="1.091"/>
  <testcase classname="dsAlgoTests.RegisterTest" name="enterCredentials" time="1.646"/>
  <testcase classname="dsAlgoTests.RegisterTest" name="enterCredentials" time="1.368"/>
  <testcase classname="dsAlgoTests.HomeTest" name="navigateToRegister" time="0.299"/>
  <testcase classname="dsAlgoTests.DataStructureTest" name="navigatetoTimeComplexityModule" time="0.481"/>
  <testcase classname="dsAlgoTests.ArrayTest" name="navigateToArrayInPython" time="0.559"/>
  <testcase classname="dsAlgoTests.GraphTest" name="navigatetoGraphModule" time="0.502"/>
  <testcase classname="dsAlgoTests.TreeTest" name="navigateToOverviewOfTrees" time="0.569"/>
  <testcase classname="dsAlgoTests.QueueTest" name="navigatetoImplementationOfQueueInPython" time="0.482"/>
  <testcase classname="dsAlgoTests.LinkedListTest" name="navigateToIntroduction" time="0.402"/>
  <testcase classname="dsAlgoTests.StackTest" name="navigateToOperationsInStack" time="0.443"/>
  <testcase classname="dsAlgoTests.HomeTest" name="navigateToLogin" time="0.314"/>
  <testcase classname="dsAlgoTests.DataStructureTest" name="navigatetoTimeComplexitytryeditor" time="1.34"/>
  <testcase classname="dsAlgoTests.ArrayTest" name="navigateToArrayUsingList" time="0.434"/>
  <testcase classname="dsAlgoTests.GraphTest" name="navigatetoGraphRepresentation" time="0.521"/>
  <testcase classname="dsAlgoTests.TreeTest" name="navigateToOverviewOfTreesTryEditor" time="1.239"/>
  <testcase classname="dsAlgoTests.QueueTest" name="navigatetoImplementationOfQueueInPythonTryEditor" time="1.231"/>
  <testcase classname="dsAlgoTests.LinkedListTest" name="navigateToCreateALinkedList" time="0.359"/>
  <testcase classname="dsAlgoTests.StackTest" name="navigateToImplementation" time="0.32"/>
  <testcase classname="dsAlgoTests.HomeTest" name="errorMessageWhenClickedOnDataStructureBeforeSignin" time="0.589"/>
  <testcase classname="dsAlgoTests.DataStructureTest" name="navigateToDataStructureIntroductionPagePracticeQuestions" time="0.828"/>
  <testcase classname="dsAlgoTests.ArrayTest" name="navigateToBasicOperationInList" time="0.489"/>
  <testcase classname="dsAlgoTests.GraphTest" name="navigatetoGraphModuletryeditor" time="1.82"/>
  <testcase classname="dsAlgoTests.TreeTest" name="navigateToTerminologies" time="0.383"/>
  <testcase classname="dsAlgoTests.QueueTest" name="navigatetoImplementationUsingCollectionsDeque" time="0.337"/>
  <testcase classname="dsAlgoTests.LinkedListTest" name="navigateToTypesOfLinkedList" time="0.438"/>
  <testcase classname="dsAlgoTests.StackTest" name="navigateToApplications" time="0.307"/>
  <testcase classname="dsAlgoTests.HomeTest" name="GetstartedArrayerrorBeforeSignin" time="0.482"/>
  <testcase classname="dsAlgoTests.DataStructureTest" name="seeListOfPracticeQuestionsonDataStructureIntroductionPage" time="0.622">
    <skipped/>
  </testcase> <!-- seeListOfPracticeQuestionsonDataStructureIntroductionPage -->
  <testcase classname="dsAlgoTests.DataStructureTest" name="seeListOfPracticeQuestionsonDataStructureIntroductionPage" time="0.637">
    <failure type="java.lang.AssertionError" message="No practice questions found on the Practice Questions Page!">
      <![CDATA[java.lang.AssertionError: No practice questions found on the Practice Questions Page!
at dsAlgoTests.DataStructureTest.seeListOfPracticeQuestionsonDataStructureIntroductionPage(DataStructureTest.java:83)
at java.base/java.util.ArrayList.forEach(ArrayList.java:1596)
at java.base/java.util.concurrent.FutureTask.run(FutureTask.java:317)
at java.base/java.util.concurrent.ThreadPoolExecutor.runWorker(ThreadPoolExecutor.java:1144)
at java.base/java.util.concurrent.ThreadPoolExecutor$Worker.run(ThreadPoolExecutor.java:642)
at java.base/java.lang.Thread.run(Thread.java:1583)
... Removed 17 stack frames]]>
    </failure>
  </testcase> <!-- seeListOfPracticeQuestionsonDataStructureIntroductionPage -->
  <testcase classname="dsAlgoTests.ArrayTest" name="navigateToApplicationOfArray" time="0.357"/>
  <testcase classname="dsAlgoTests.GraphTest" name="navigatetoGraphRepresentationtryeditor" time="1.369"/>
  <testcase classname="dsAlgoTests.TreeTest" name="navigateToTerminologiesTryEditor" time="1.284"/>
  <testcase classname="dsAlgoTests.QueueTest" name="navigatetoImplementationUsingCollectionsDequeTryEditor" time="1.504"/>
  <testcase classname="dsAlgoTests.LinkedListTest" name="navigateToImplementLinkedListInPython" time="0.348"/>
  <testcase classname="dsAlgoTests.StackTest" name="navigatetoOperationsInStacktryeditor" time="1.231"/>
  <testcase classname="dsAlgoTests.HomeTest" name="GetstartedStackerrorBeforeSignin" time="0.565"/>
  <testcase classname="dsAlgoTests.DataStructureTest" name="checkErrorMessageWhenExecutingWithoutCodeInDataStructureIntroductionPage" time="2.102">
    <skipped/>
  </testcase> <!-- checkErrorMessageWhenExecutingWithoutCodeInDataStructureIntroductionPage -->
  <testcase classname="dsAlgoTests.DataStructureTest" name="checkErrorMessageWhenExecutingWithoutCodeInDataStructureIntroductionPage" time="1.54">
    <failure type="java.lang.AssertionError" message="Test failed: Expected an error message when clicking the &amp;apos;Run&amp;apos; button without entering code, but no message was displayed.">
      <![CDATA[java.lang.AssertionError: Test failed: Expected an error message when clicking the 'Run' button without entering code, but no message was displayed.
at dsAlgoTests.DataStructureTest.checkErrorMessageWhenExecutingWithoutCodeInDataStructureIntroductionPage(DataStructureTest.java:93)
at java.base/java.util.ArrayList.forEach(ArrayList.java:1596)
at java.base/java.util.concurrent.FutureTask.run(FutureTask.java:317)
at java.base/java.util.concurrent.ThreadPoolExecutor.runWorker(ThreadPoolExecutor.java:1144)
at java.base/java.util.concurrent.ThreadPoolExecutor$Worker.run(ThreadPoolExecutor.java:642)
at java.base/java.lang.Thread.run(Thread.java:1583)
... Removed 17 stack frames]]>
    </failure>
  </testcase> <!-- checkErrorMessageWhenExecutingWithoutCodeInDataStructureIntroductionPage -->
  <testcase classname="dsAlgoTests.ArrayTest" name="navigateToArrayInPythonTryEditor" time="1.291"/>
  <testcase classname="dsAlgoTests.GraphTest" name="navigateToGraphPracticeQuestions" time="0.838"/>
  <testcase classname="dsAlgoTests.TreeTest" name="navigateToTypesOfTrees" time="0.518"/>
  <testcase classname="dsAlgoTests.QueueTest" name="navigateToImplementationUsingArray" time="0.419"/>
  <testcase classname="dsAlgoTests.LinkedListTest" name="navigateToTraversal" time="0.469"/>
  <testcase classname="dsAlgoTests.StackTest" name="navigatetoImplementationtryeditor" time="1.312"/>
  <testcase classname="dsAlgoTests.HomeTest" name="GetstartedQueueerrorBeforeSignin" time="0.509"/>
  <testcase classname="dsAlgoTests.DataStructureTest" name="verifyCodeExecutionforDataStructureIntroductionPage" time="2.138"/>
  <testcase classname="dsAlgoTests.DataStructureTest" name="verifyCodeExecutionforDataStructureIntroductionPage" time="2.494"/>
  <testcase classname="dsAlgoTests.ArrayTest" name="navigateToArrayUsingListTryEditor" time="1.995"/>
  <testcase classname="dsAlgoTests.GraphTest" name="navigateToGraphRepresentationPracticeQuestions" time="0.827"/>
  <testcase classname="dsAlgoTests.TreeTest" name="navigateToTypesOfTreesTryEditor" time="1.131"/>
  <testcase classname="dsAlgoTests.QueueTest" name="navigateToImplementationUsingArrayTryEditor" time="1.231"/>
  <testcase classname="dsAlgoTests.LinkedListTest" name="navigateToInsertion" time="0.456"/>
  <testcase classname="dsAlgoTests.StackTest" name="navigatetoApplicationstryeditor" time="1.181"/>
  <testcase classname="dsAlgoTests.HomeTest" name="GetstartedLinkedListerrorBeforeSignin" time="0.513"/>
  <testcase classname="dsAlgoTests.ArrayTest" name="navigateToBasicOperationInListTryEditor" time="1.262"/>
  <testcase classname="dsAlgoTests.GraphTest" name="seeListOfPracticeQuestionsonGraphPage" time="0.586">
    <skipped/>
  </testcase> <!-- seeListOfPracticeQuestionsonGraphPage -->
  <testcase classname="dsAlgoTests.GraphTest" name="seeListOfPracticeQuestionsonGraphPage" time="0.638">
    <failure type="java.lang.AssertionError" message="No practice questions found on the Practice Questions Page!">
      <![CDATA[java.lang.AssertionError: No practice questions found on the Practice Questions Page!
at dsAlgoTests.GraphTest.seeListOfPracticeQuestionsonGraphPage(GraphTest.java:109)
at java.base/java.util.ArrayList.forEach(ArrayList.java:1596)
at java.base/java.util.concurrent.FutureTask.run(FutureTask.java:317)
at java.base/java.util.concurrent.ThreadPoolExecutor.runWorker(ThreadPoolExecutor.java:1144)
at java.base/java.util.concurrent.ThreadPoolExecutor$Worker.run(ThreadPoolExecutor.java:642)
at java.base/java.lang.Thread.run(Thread.java:1583)
... Removed 17 stack frames]]>
    </failure>
  </testcase> <!-- seeListOfPracticeQuestionsonGraphPage -->
  <testcase classname="dsAlgoTests.TreeTest" name="navigateToTreeTraversals" time="0.381"/>
  <testcase classname="dsAlgoTests.QueueTest" name="navigateToQueueOperations" time="0.611"/>
  <testcase classname="dsAlgoTests.LinkedListTest" name="navigateDeletion" time="0.539"/>
  <testcase classname="dsAlgoTests.StackTest" name="verifyCodeOperationsInStackPage" time="1.547"/>
  <testcase classname="dsAlgoTests.StackTest" name="verifyCodeOperationsInStackPage" time="1.539"/>
  <testcase classname="dsAlgoTests.HomeTest" name="GetstartedTreeerrorBeforeSignin" time="0.675"/>
  <testcase classname="dsAlgoTests.ArrayTest" name="navigateToApplicationOfArrayTryEditor" time="1.189"/>
  <testcase classname="dsAlgoTests.GraphTest" name="seeListOfPracticeQuestionsonGraphReprePage" time="0.784">
    <skipped/>
  </testcase> <!-- seeListOfPracticeQuestionsonGraphReprePage -->
  <testcase classname="dsAlgoTests.GraphTest" name="seeListOfPracticeQuestionsonGraphReprePage" time="0.806">
    <failure type="java.lang.AssertionError" message="No practice questions found on the Practice Questions Page!">
      <![CDATA[java.lang.AssertionError: No practice questions found on the Practice Questions Page!
at dsAlgoTests.GraphTest.seeListOfPracticeQuestionsonGraphReprePage(GraphTest.java:117)
at java.base/java.util.ArrayList.forEach(ArrayList.java:1596)
at java.base/java.util.concurrent.FutureTask.run(FutureTask.java:317)
at java.base/java.util.concurrent.ThreadPoolExecutor.runWorker(ThreadPoolExecutor.java:1144)
at java.base/java.util.concurrent.ThreadPoolExecutor$Worker.run(ThreadPoolExecutor.java:642)
at java.base/java.lang.Thread.run(Thread.java:1583)
... Removed 17 stack frames]]>
    </failure>
  </testcase> <!-- seeListOfPracticeQuestionsonGraphReprePage -->
  <testcase classname="dsAlgoTests.TreeTest" name="navigateToTreeTraversalsTryEditor" time="2.242"/>
  <testcase classname="dsAlgoTests.QueueTest" name="navigateToQueueOperationsTryEditor" time="1.173"/>
  <testcase classname="dsAlgoTests.LinkedListTest" name="navigatenavigateToIntroductionTryEditor" time="1.589"/>
  <testcase classname="dsAlgoTests.StackTest" name="verifyCodeImplementationPage" time="1.551"/>
  <testcase classname="dsAlgoTests.StackTest" name="verifyCodeImplementationPage" time="1.95"/>
  <testcase classname="dsAlgoTests.HomeTest" name="GetstartedGrapherrorBeforeSignin" time="0.504"/>
  <testcase classname="dsAlgoTests.ArrayTest" name="checkErrorMessageWhenExecutingWithoutCodeInArrayInPythonForTryEditor" time="1.519">
    <skipped/>
  </testcase> <!-- checkErrorMessageWhenExecutingWithoutCodeInArrayInPythonForTryEditor -->
  <testcase classname="dsAlgoTests.ArrayTest" name="checkErrorMessageWhenExecutingWithoutCodeInArrayInPythonForTryEditor" time="1.405">
    <failure type="java.lang.AssertionError" message="Test failed: Expected an error message when clicking the &amp;apos;Run&amp;apos; button without entering code, but no message was displayed.">
      <![CDATA[java.lang.AssertionError: Test failed: Expected an error message when clicking the 'Run' button without entering code, but no message was displayed.
at dsAlgoTests.ArrayTest.checkErrorMessageWhenExecutingWithoutCodeInArrayInPythonForTryEditor(ArrayTest.java:123)
at java.base/java.util.ArrayList.forEach(ArrayList.java:1596)
at java.base/java.util.concurrent.FutureTask.run(FutureTask.java:317)
at java.base/java.util.concurrent.ThreadPoolExecutor.runWorker(ThreadPoolExecutor.java:1144)
at java.base/java.util.concurrent.ThreadPoolExecutor$Worker.run(ThreadPoolExecutor.java:642)
at java.base/java.lang.Thread.run(Thread.java:1583)
... Removed 17 stack frames]]>
    </failure>
  </testcase> <!-- checkErrorMessageWhenExecutingWithoutCodeInArrayInPythonForTryEditor -->
  <testcase classname="dsAlgoTests.GraphTest" name="checkErrorMessageWhenExecutingWithoutCodeInGraphPage" time="1.278">
    <skipped/>
  </testcase> <!-- checkErrorMessageWhenExecutingWithoutCodeInGraphPage -->
  <testcase classname="dsAlgoTests.GraphTest" name="checkErrorMessageWhenExecutingWithoutCodeInGraphPage" time="1.355">
    <failure type="java.lang.AssertionError" message="Test failed: Expected an error message when clicking the &amp;apos;Run&amp;apos; button without entering code, but no message was displayed.">
      <![CDATA[java.lang.AssertionError: Test failed: Expected an error message when clicking the 'Run' button without entering code, but no message was displayed.
at dsAlgoTests.GraphTest.checkErrorMessageWhenExecutingWithoutCodeInGraphPage(GraphTest.java:126)
at java.base/java.util.ArrayList.forEach(ArrayList.java:1596)
at java.base/java.util.concurrent.FutureTask.run(FutureTask.java:317)
at java.base/java.util.concurrent.ThreadPoolExecutor.runWorker(ThreadPoolExecutor.java:1144)
at java.base/java.util.concurrent.ThreadPoolExecutor$Worker.run(ThreadPoolExecutor.java:642)
at java.base/java.lang.Thread.run(Thread.java:1583)
... Removed 17 stack frames]]>
    </failure>
  </testcase> <!-- checkErrorMessageWhenExecutingWithoutCodeInGraphPage -->
  <testcase classname="dsAlgoTests.TreeTest" name="navigateToTraversalsIllustration" time="0.376"/>
  <testcase classname="dsAlgoTests.QueueTest" name="navigateToPracticeQuestionOfImplementationOfQueueInPython" time="0.945"/>
  <testcase classname="dsAlgoTests.LinkedListTest" name="navigateToCreateALinkedListTryEditor" time="1.517"/>
  <testcase classname="dsAlgoTests.StackTest" name="verifyCodeApplicationsPage" time="1.438"/>
  <testcase classname="dsAlgoTests.StackTest" name="verifyCodeApplicationsPage" time="1.54"/>
  <testcase classname="dsAlgoTests.HomeTest" name="dropdownoptionGrapherrorBeforeSignin" time="0.658"/>
  <testcase classname="dsAlgoTests.ArrayTest" name="checkErrorMessageWhenExecutingWithoutCodeArrayUsingListForTryEditor" time="1.069">
    <skipped/>
  </testcase> <!-- checkErrorMessageWhenExecutingWithoutCodeArrayUsingListForTryEditor -->
  <testcase classname="dsAlgoTests.ArrayTest" name="checkErrorMessageWhenExecutingWithoutCodeArrayUsingListForTryEditor" time="1.94">
    <failure type="java.lang.AssertionError" message="Test failed: Expected an error message when clicking the &amp;apos;Run&amp;apos; button without entering code, but no message was displayed.">
      <![CDATA[java.lang.AssertionError: Test failed: Expected an error message when clicking the 'Run' button without entering code, but no message was displayed.
at dsAlgoTests.ArrayTest.checkErrorMessageWhenExecutingWithoutCodeArrayUsingListForTryEditor(ArrayTest.java:134)
at java.base/java.util.ArrayList.forEach(ArrayList.java:1596)
at java.base/java.util.concurrent.FutureTask.run(FutureTask.java:317)
at java.base/java.util.concurrent.ThreadPoolExecutor.runWorker(ThreadPoolExecutor.java:1144)
at java.base/java.util.concurrent.ThreadPoolExecutor$Worker.run(ThreadPoolExecutor.java:642)
at java.base/java.lang.Thread.run(Thread.java:1583)
... Removed 17 stack frames]]>
    </failure>
  </testcase> <!-- checkErrorMessageWhenExecutingWithoutCodeArrayUsingListForTryEditor -->
  <testcase classname="dsAlgoTests.GraphTest" name="checkErrorMessageWhenExecutingWithoutCodeInGraphReprePage" time="1.414">
    <skipped/>
  </testcase> <!-- checkErrorMessageWhenExecutingWithoutCodeInGraphReprePage -->
  <testcase classname="dsAlgoTests.GraphTest" name="checkErrorMessageWhenExecutingWithoutCodeInGraphReprePage" time="1.804">
    <failure type="java.lang.AssertionError" message="Test failed: Expected an error message when clicking the &amp;apos;Run&amp;apos; button without entering code, but no message was displayed.">
      <![CDATA[java.lang.AssertionError: Test failed: Expected an error message when clicking the 'Run' button without entering code, but no message was displayed.
at dsAlgoTests.GraphTest.checkErrorMessageWhenExecutingWithoutCodeInGraphReprePage(GraphTest.java:136)
at java.base/java.util.ArrayList.forEach(ArrayList.java:1596)
at java.base/java.util.concurrent.FutureTask.run(FutureTask.java:317)
at java.base/java.util.concurrent.ThreadPoolExecutor.runWorker(ThreadPoolExecutor.java:1144)
at java.base/java.util.concurrent.ThreadPoolExecutor$Worker.run(ThreadPoolExecutor.java:642)
at java.base/java.lang.Thread.run(Thread.java:1583)
... Removed 17 stack frames]]>
    </failure>
  </testcase> <!-- checkErrorMessageWhenExecutingWithoutCodeInGraphReprePage -->
  <testcase classname="dsAlgoTests.TreeTest" name="navigateToTraversalsIllustrationTryEditor" time="1.335"/>
  <testcase classname="dsAlgoTests.QueueTest" name="listOfPracticeQuestionOfImplementationOfQueueInPython" time="0.515">
    <skipped/>
  </testcase> <!-- listOfPracticeQuestionOfImplementationOfQueueInPython -->
  <testcase classname="dsAlgoTests.QueueTest" name="listOfPracticeQuestionOfImplementationOfQueueInPython" time="0.637">
    <failure type="java.lang.AssertionError" message="No list of practice question found">
      <![CDATA[java.lang.AssertionError: No list of practice question found
at dsAlgoTests.QueueTest.listOfPracticeQuestionOfImplementationOfQueueInPython(QueueTest.java:207)
at java.base/java.util.ArrayList.forEach(ArrayList.java:1596)
at java.base/java.util.concurrent.FutureTask.run(FutureTask.java:317)
at java.base/java.util.concurrent.ThreadPoolExecutor.runWorker(ThreadPoolExecutor.java:1144)
at java.base/java.util.concurrent.ThreadPoolExecutor$Worker.run(ThreadPoolExecutor.java:642)
at java.base/java.lang.Thread.run(Thread.java:1583)
... Removed 17 stack frames]]>
    </failure>
  </testcase> <!-- listOfPracticeQuestionOfImplementationOfQueueInPython -->
  <testcase classname="dsAlgoTests.LinkedListTest" name="navigateToTypesOfLinkedListTryEditor" time="1.374"/>
  <testcase classname="dsAlgoTests.StackTest" name="checkErrorMessageWhenExecutingWithoutCodeInOperationsInStackPage" time="1.258">
    <skipped/>
  </testcase> <!-- checkErrorMessageWhenExecutingWithoutCodeInOperationsInStackPage -->
  <testcase classname="dsAlgoTests.StackTest" name="checkErrorMessageWhenExecutingWithoutCodeInOperationsInStackPage" time="1.41">
    <failure type="java.lang.AssertionError" message="Test failed: Expected an error message when clicking the &amp;apos;Run&amp;apos; button without entering code, but no message was displayed.">
      <![CDATA[java.lang.AssertionError: Test failed: Expected an error message when clicking the 'Run' button without entering code, but no message was displayed.
at dsAlgoTests.StackTest.checkErrorMessageWhenExecutingWithoutCodeInOperationsInStackPage(StackTest.java:156)
at java.base/java.util.ArrayList.forEach(ArrayList.java:1596)
at java.base/java.util.concurrent.FutureTask.run(FutureTask.java:317)
at java.base/java.util.concurrent.ThreadPoolExecutor.runWorker(ThreadPoolExecutor.java:1144)
at java.base/java.util.concurrent.ThreadPoolExecutor$Worker.run(ThreadPoolExecutor.java:642)
at java.base/java.lang.Thread.run(Thread.java:1583)
... Removed 17 stack frames]]>
    </failure>
  </testcase> <!-- checkErrorMessageWhenExecutingWithoutCodeInOperationsInStackPage -->
  <testcase classname="dsAlgoTests.HomeTest" name="dropdownoptionTreeerrorBeforeSignin" time="0.677"/>
  <testcase classname="dsAlgoTests.ArrayTest" name="checkErrorMessageWhenExecutingWithoutCodeBasicOperationInListsForTryEditor" time="1.454">
    <skipped/>
  </testcase> <!-- checkErrorMessageWhenExecutingWithoutCodeBasicOperationInListsForTryEditor -->
  <testcase classname="dsAlgoTests.ArrayTest" name="checkErrorMessageWhenExecutingWithoutCodeBasicOperationInListsForTryEditor" time="1.37">
    <failure type="java.lang.AssertionError" message="Test failed: Expected an error message when clicking the &amp;apos;Run&amp;apos; button without entering code, but no message was displayed.">
      <![CDATA[java.lang.AssertionError: Test failed: Expected an error message when clicking the 'Run' button without entering code, but no message was displayed.
at dsAlgoTests.ArrayTest.checkErrorMessageWhenExecutingWithoutCodeBasicOperationInListsForTryEditor(ArrayTest.java:146)
at java.base/java.util.ArrayList.forEach(ArrayList.java:1596)
at java.base/java.util.concurrent.FutureTask.run(FutureTask.java:317)
at java.base/java.util.concurrent.ThreadPoolExecutor.runWorker(ThreadPoolExecutor.java:1144)
at java.base/java.util.concurrent.ThreadPoolExecutor$Worker.run(ThreadPoolExecutor.java:642)
at java.base/java.lang.Thread.run(Thread.java:1583)
... Removed 17 stack frames]]>
    </failure>
  </testcase> <!-- checkErrorMessageWhenExecutingWithoutCodeBasicOperationInListsForTryEditor -->
  <testcase classname="dsAlgoTests.GraphTest" name="verifyCodeExecutionforGraphPage" time="1.41"/>
  <testcase classname="dsAlgoTests.GraphTest" name="verifyCodeExecutionforGraphPage" time="1.687"/>
  <testcase classname="dsAlgoTests.TreeTest" name="navigateToBinaryTrees" time="0.338"/>
  <testcase classname="dsAlgoTests.QueueTest" name="navigateToPracticeQuestionImplementationUsingCollectionsDeque" time="0.723"/>
  <testcase classname="dsAlgoTests.LinkedListTest" name="navigateToImplementLinkedListInPythonTryEditor" time="1.111"/>
  <testcase classname="dsAlgoTests.StackTest" name="checkErrorMessageWhenExecutingWithoutCodeInImplementationPage" time="1.284">
    <skipped/>
  </testcase> <!-- checkErrorMessageWhenExecutingWithoutCodeInImplementationPage -->
  <testcase classname="dsAlgoTests.StackTest" name="checkErrorMessageWhenExecutingWithoutCodeInImplementationPage" time="1.64">
    <failure type="java.lang.AssertionError" message="Test failed: Expected an error message when clicking the &amp;apos;Run&amp;apos; button without entering code, but no message was displayed.">
      <![CDATA[java.lang.AssertionError: Test failed: Expected an error message when clicking the 'Run' button without entering code, but no message was displayed.
at dsAlgoTests.StackTest.checkErrorMessageWhenExecutingWithoutCodeInImplementationPage(StackTest.java:167)
at java.base/java.util.ArrayList.forEach(ArrayList.java:1596)
at java.base/java.util.concurrent.FutureTask.run(FutureTask.java:317)
at java.base/java.util.concurrent.ThreadPoolExecutor.runWorker(ThreadPoolExecutor.java:1144)
at java.base/java.util.concurrent.ThreadPoolExecutor$Worker.run(ThreadPoolExecutor.java:642)
at java.base/java.lang.Thread.run(Thread.java:1583)
... Removed 17 stack frames]]>
    </failure>
  </testcase> <!-- checkErrorMessageWhenExecutingWithoutCodeInImplementationPage -->
  <testcase classname="dsAlgoTests.HomeTest" name="dropdownoptionQueueerrorBeforeSignin" time="0.747"/>
  <testcase classname="dsAlgoTests.ArrayTest" name="checkErrorMessageWhenExecutingWithoutCodeApplicationofArrayForTryEditor" time="1.424">
    <skipped/>
  </testcase> <!-- checkErrorMessageWhenExecutingWithoutCodeApplicationofArrayForTryEditor -->
  <testcase classname="dsAlgoTests.ArrayTest" name="checkErrorMessageWhenExecutingWithoutCodeApplicationofArrayForTryEditor" time="1.234">
    <failure type="java.lang.AssertionError" message="Test failed: Expected an error message when clicking the &amp;apos;Run&amp;apos; button without entering code, but no message was displayed.">
      <![CDATA[java.lang.AssertionError: Test failed: Expected an error message when clicking the 'Run' button without entering code, but no message was displayed.
at dsAlgoTests.ArrayTest.checkErrorMessageWhenExecutingWithoutCodeApplicationofArrayForTryEditor(ArrayTest.java:157)
at java.base/java.util.ArrayList.forEach(ArrayList.java:1596)
at java.base/java.util.concurrent.FutureTask.run(FutureTask.java:317)
at java.base/java.util.concurrent.ThreadPoolExecutor.runWorker(ThreadPoolExecutor.java:1144)
at java.base/java.util.concurrent.ThreadPoolExecutor$Worker.run(ThreadPoolExecutor.java:642)
at java.base/java.lang.Thread.run(Thread.java:1583)
... Removed 17 stack frames]]>
    </failure>
  </testcase> <!-- checkErrorMessageWhenExecutingWithoutCodeApplicationofArrayForTryEditor -->
  <testcase classname="dsAlgoTests.GraphTest" name="verifyCodeExecutionforGraphRepresentationPage" time="1.691"/>
  <testcase classname="dsAlgoTests.GraphTest" name="verifyCodeExecutionforGraphRepresentationPage" time="1.791"/>
  <testcase classname="dsAlgoTests.TreeTest" name="navigateToBinaryTreesTryEditor" time="1.137"/>
  <testcase classname="dsAlgoTests.QueueTest" name="listOfPracticeQuestionImplementationUsingCollectionsDeque" time="0.56"/>
  <testcase classname="dsAlgoTests.LinkedListTest" name="navigateToTraversalTryEditor" time="1.306"/>
  <testcase classname="dsAlgoTests.StackTest" name="checkErrorMessageWhenExecutingWithoutCodeInApplicationsInStackPage" time="1.293">
    <skipped/>
  </testcase> <!-- checkErrorMessageWhenExecutingWithoutCodeInApplicationsInStackPage -->
  <testcase classname="dsAlgoTests.StackTest" name="checkErrorMessageWhenExecutingWithoutCodeInApplicationsInStackPage" time="1.228">
    <failure type="java.lang.AssertionError" message="Test failed: Expected an error message when clicking the &amp;apos;Run&amp;apos; button without entering code, but no message was displayed.">
      <![CDATA[java.lang.AssertionError: Test failed: Expected an error message when clicking the 'Run' button without entering code, but no message was displayed.
at dsAlgoTests.StackTest.checkErrorMessageWhenExecutingWithoutCodeInApplicationsInStackPage(StackTest.java:178)
at java.base/java.util.ArrayList.forEach(ArrayList.java:1596)
at java.base/java.util.concurrent.FutureTask.run(FutureTask.java:317)
at java.base/java.util.concurrent.ThreadPoolExecutor.runWorker(ThreadPoolExecutor.java:1144)
at java.base/java.util.concurrent.ThreadPoolExecutor$Worker.run(ThreadPoolExecutor.java:642)
at java.base/java.lang.Thread.run(Thread.java:1583)
... Removed 17 stack frames]]>
    </failure>
  </testcase> <!-- checkErrorMessageWhenExecutingWithoutCodeInApplicationsInStackPage -->
  <testcase classname="dsAlgoTests.HomeTest" name="dropdownoptionStackerrorBeforeSignin" time="0.636"/>
  <testcase classname="dsAlgoTests.ArrayTest" name="verifyCodeExecutionForArraySections" time="1.594"/>
  <testcase classname="dsAlgoTests.ArrayTest" name="verifyCodeExecutionForArraySections" time="1.637"/>
  <testcase classname="dsAlgoTests.ArrayTest" name="verifyCodeExecutionForArraySections" time="1.671"/>
  <testcase classname="dsAlgoTests.ArrayTest" name="verifyCodeExecutionForArraySections" time="1.393"/>
  <testcase classname="dsAlgoTests.ArrayTest" name="verifyCodeExecutionForArraySections" time="1.579"/>
  <testcase classname="dsAlgoTests.ArrayTest" name="verifyCodeExecutionForArraySections" time="1.541"/>
  <testcase classname="dsAlgoTests.ArrayTest" name="verifyCodeExecutionForArraySections" time="1.935"/>
  <testcase classname="dsAlgoTests.ArrayTest" name="verifyCodeExecutionForArraySections" time="1.98"/>
  <testcase classname="dsAlgoTests.TreeTest" name="navigateToTypesOfBinaryTrees" time="0.535"/>
  <testcase classname="dsAlgoTests.QueueTest" name="checkErrorMeaasgeWhenExecutingWithoutCodeInImplementationOfQueueInPython" time="1.334">
    <skipped/>
  </testcase> <!-- checkErrorMeaasgeWhenExecutingWithoutCodeInImplementationOfQueueInPython -->
  <testcase classname="dsAlgoTests.QueueTest" name="checkErrorMeaasgeWhenExecutingWithoutCodeInImplementationOfQueueInPython" time="1.175">
    <failure type="java.lang.AssertionError" message="Test failed: Expected an error message when clicking the &amp;apos;Run&amp;apos; button without entering code, but no message was displayed">
      <![CDATA[java.lang.AssertionError: Test failed: Expected an error message when clicking the 'Run' button without entering code, but no message was displayed
at dsAlgoTests.QueueTest.checkErrorMeaasgeWhenExecutingWithoutCodeInImplementationOfQueueInPython(QueueTest.java:258)
at java.base/java.util.ArrayList.forEach(ArrayList.java:1596)
at java.base/java.util.concurrent.FutureTask.run(FutureTask.java:317)
at java.base/java.util.concurrent.ThreadPoolExecutor.runWorker(ThreadPoolExecutor.java:1144)
at java.base/java.util.concurrent.ThreadPoolExecutor$Worker.run(ThreadPoolExecutor.java:642)
at java.base/java.lang.Thread.run(Thread.java:1583)
... Removed 17 stack frames]]>
    </failure>
  </testcase> <!-- checkErrorMeaasgeWhenExecutingWithoutCodeInImplementationOfQueueInPython -->
  <testcase classname="dsAlgoTests.LinkedListTest" name="navigateToInsertionTryEditor" time="1.117"/>
  <testcase classname="dsAlgoTests.StackTest" name="seeListOfPracticeQuestionsonOperationsInStackPage" time="1.029">
    <skipped/>
  </testcase> <!-- seeListOfPracticeQuestionsonOperationsInStackPage -->
  <testcase classname="dsAlgoTests.StackTest" name="seeListOfPracticeQuestionsonOperationsInStackPage" time="0.997">
    <failure type="java.lang.AssertionError" message="No practice questions found on the Practice Questions Page!">
      <![CDATA[java.lang.AssertionError: No practice questions found on the Practice Questions Page!
at dsAlgoTests.StackTest.seeListOfPracticeQuestionsonOperationsInStackPage(StackTest.java:188)
at java.base/java.util.ArrayList.forEach(ArrayList.java:1596)
at java.base/java.util.concurrent.FutureTask.run(FutureTask.java:317)
at java.base/java.util.concurrent.ThreadPoolExecutor.runWorker(ThreadPoolExecutor.java:1144)
at java.base/java.util.concurrent.ThreadPoolExecutor$Worker.run(ThreadPoolExecutor.java:642)
at java.base/java.lang.Thread.run(Thread.java:1583)
... Removed 17 stack frames]]>
    </failure>
  </testcase> <!-- seeListOfPracticeQuestionsonOperationsInStackPage -->
  <testcase classname="dsAlgoTests.HomeTest" name="dropdownoptionLinkedListerrorBeforeSignin" time="0.647"/>
  <testcase classname="dsAlgoTests.ArrayTest" name="PracticeQuestionVaildAndInvalidDataWithRunButton" time="1.985"/>
  <testcase classname="dsAlgoTests.ArrayTest" name="PracticeQuestionVaildAndInvalidDataWithRunButton" time="2.48"/>
  <testcase classname="dsAlgoTests.ArrayTest" name="PracticeQuestionVaildAndInvalidDataWithRunButton" time="1.825"/>
  <testcase classname="dsAlgoTests.ArrayTest" name="PracticeQuestionVaildAndInvalidDataWithRunButton" time="1.901"/>
  <testcase classname="dsAlgoTests.ArrayTest" name="PracticeQuestionVaildAndInvalidDataWithRunButton" time="1.859"/>
  <testcase classname="dsAlgoTests.ArrayTest" name="PracticeQuestionVaildAndInvalidDataWithRunButton" time="2.071"/>
  <testcase classname="dsAlgoTests.ArrayTest" name="PracticeQuestionVaildAndInvalidDataWithRunButton" time="1.961"/>
  <testcase classname="dsAlgoTests.ArrayTest" name="PracticeQuestionVaildAndInvalidDataWithRunButton" time="1.868"/>
  <testcase classname="dsAlgoTests.TreeTest" name="navigateToTypesOfBinaryTreesTryEditor" time="1.445"/>
  <testcase classname="dsAlgoTests.QueueTest" name="checkErrorMessageWhenExecutingWithoutCodeInImplementationUsingCollectionsDeque" time="2.006">
    <skipped/>
  </testcase> <!-- checkErrorMessageWhenExecutingWithoutCodeInImplementationUsingCollectionsDeque -->
  <testcase classname="dsAlgoTests.QueueTest" name="checkErrorMessageWhenExecutingWithoutCodeInImplementationUsingCollectionsDeque" time="1.962">
    <failure type="java.lang.AssertionError" message="Test failed: Expected an error message when clicking the &amp;apos;Run&amp;apos; button without entering code, but no message was displayed">
      <![CDATA[java.lang.AssertionError: Test failed: Expected an error message when clicking the 'Run' button without entering code, but no message was displayed
at dsAlgoTests.QueueTest.checkErrorMessageWhenExecutingWithoutCodeInImplementationUsingCollectionsDeque(QueueTest.java:278)
at java.base/java.util.ArrayList.forEach(ArrayList.java:1596)
at java.base/java.util.concurrent.FutureTask.run(FutureTask.java:317)
at java.base/java.util.concurrent.ThreadPoolExecutor.runWorker(ThreadPoolExecutor.java:1144)
at java.base/java.util.concurrent.ThreadPoolExecutor$Worker.run(ThreadPoolExecutor.java:642)
at java.base/java.lang.Thread.run(Thread.java:1583)
... Removed 17 stack frames]]>
    </failure>
  </testcase> <!-- checkErrorMessageWhenExecutingWithoutCodeInImplementationUsingCollectionsDeque -->
  <testcase classname="dsAlgoTests.LinkedListTest" name="navigateToDeletionTryEditor" time="1.23"/>
  <testcase classname="dsAlgoTests.StackTest" name="seeListOfPracticeQuestionsonImplementationPage" time="0.759">
    <skipped/>
  </testcase> <!-- seeListOfPracticeQuestionsonImplementationPage -->
  <testcase classname="dsAlgoTests.StackTest" name="seeListOfPracticeQuestionsonImplementationPage" time="0.934">
    <failure type="java.lang.AssertionError" message="No practice questions found on the Practice Questions Page!">
      <![CDATA[java.lang.AssertionError: No practice questions found on the Practice Questions Page!
at dsAlgoTests.StackTest.seeListOfPracticeQuestionsonImplementationPage(StackTest.java:197)
at java.base/java.util.ArrayList.forEach(ArrayList.java:1596)
at java.base/java.util.concurrent.FutureTask.run(FutureTask.java:317)
at java.base/java.util.concurrent.ThreadPoolExecutor.runWorker(ThreadPoolExecutor.java:1144)
at java.base/java.util.concurrent.ThreadPoolExecutor$Worker.run(ThreadPoolExecutor.java:642)
at java.base/java.lang.Thread.run(Thread.java:1583)
... Removed 17 stack frames]]>
    </failure>
  </testcase> <!-- seeListOfPracticeQuestionsonImplementationPage -->
  <testcase classname="dsAlgoTests.HomeTest" name="dropdownoptionArrayserrorBeforeSignin" time="0.689"/>
  <testcase classname="dsAlgoTests.ArrayTest" name="PracticeQuestionVaildAndInvalidDataWithSubmitButton" time="2.299">
    <skipped/>
  </testcase> <!-- PracticeQuestionVaildAndInvalidDataWithSubmitButton -->
  <testcase classname="dsAlgoTests.ArrayTest" name="PracticeQuestionVaildAndInvalidDataWithSubmitButton" time="2.306">
    <failure type="java.lang.AssertionError" message="Output mismatch for section: Arrays in Python expected [Submission Successful] but found [Some Tests failed. Please review code]">
      <![CDATA[java.lang.AssertionError: Output mismatch for section: Arrays in Python expected [Submission Successful] but found [Some Tests failed. Please review code]
at dsAlgoTests.ArrayTest.PracticeQuestionVaildAndInvalidDataWithSubmitButton(ArrayTest.java:196)
at java.base/java.util.ArrayList.forEach(ArrayList.java:1596)
at java.base/java.util.concurrent.FutureTask.run(FutureTask.java:317)
at java.base/java.util.concurrent.ThreadPoolExecutor.runWorker(ThreadPoolExecutor.java:1144)
at java.base/java.util.concurrent.ThreadPoolExecutor$Worker.run(ThreadPoolExecutor.java:642)
at java.base/java.lang.Thread.run(Thread.java:1583)
... Removed 21 stack frames]]>
    </failure>
  </testcase> <!-- PracticeQuestionVaildAndInvalidDataWithSubmitButton -->
  <testcase classname="dsAlgoTests.ArrayTest" name="PracticeQuestionVaildAndInvalidDataWithSubmitButton" time="2.993"/>
  <testcase classname="dsAlgoTests.ArrayTest" name="PracticeQuestionVaildAndInvalidDataWithSubmitButton" time="2.271"/>
  <testcase classname="dsAlgoTests.ArrayTest" name="PracticeQuestionVaildAndInvalidDataWithSubmitButton" time="0.728">
    <skipped/>
  </testcase> <!-- PracticeQuestionVaildAndInvalidDataWithSubmitButton -->
  <testcase classname="dsAlgoTests.ArrayTest" name="PracticeQuestionVaildAndInvalidDataWithSubmitButton" time="0.753">
    <failure type="java.lang.IllegalArgumentException" message="Invalid Practice Question: Squares of a Sorted Array">
      <![CDATA[java.lang.IllegalArgumentException: Invalid Practice Question: Squares of a Sorted Array
at dsAlgoPages.ArrayPage.PracticeQuestion(ArrayPage.java:187)
at dsAlgoTests.ArrayTest.PracticeQuestionVaildAndInvalidDataWithSubmitButton(ArrayTest.java:192)
at java.base/java.util.ArrayList.forEach(ArrayList.java:1596)
at java.base/java.util.concurrent.FutureTask.run(FutureTask.java:317)
at java.base/java.util.concurrent.ThreadPoolExecutor.runWorker(ThreadPoolExecutor.java:1144)
at java.base/java.util.concurrent.ThreadPoolExecutor$Worker.run(ThreadPoolExecutor.java:642)
at java.base/java.lang.Thread.run(Thread.java:1583)
... Removed 16 stack frames]]>
    </failure>
  </testcase> <!-- PracticeQuestionVaildAndInvalidDataWithSubmitButton -->
  <testcase classname="dsAlgoTests.TreeTest" name="navigateToImplementationInPython" time="0.362"/>
  <testcase classname="dsAlgoTests.QueueTest" name="checkErrorMeaasgeWhenExecutingWithoutCodeInImplementationUsingArray" time="1.153">
    <skipped/>
  </testcase> <!-- checkErrorMeaasgeWhenExecutingWithoutCodeInImplementationUsingArray -->
  <testcase classname="dsAlgoTests.QueueTest" name="checkErrorMeaasgeWhenExecutingWithoutCodeInImplementationUsingArray" time="1.282">
    <failure type="java.lang.AssertionError" message="Test failed: Expected an error message when clicking the &amp;apos;Run&amp;apos; button without entering code, but no message was displayed">
      <![CDATA[java.lang.AssertionError: Test failed: Expected an error message when clicking the 'Run' button without entering code, but no message was displayed
at dsAlgoTests.QueueTest.checkErrorMeaasgeWhenExecutingWithoutCodeInImplementationUsingArray(QueueTest.java:297)
at java.base/java.util.ArrayList.forEach(ArrayList.java:1596)
at java.base/java.util.concurrent.FutureTask.run(FutureTask.java:317)
at java.base/java.util.concurrent.ThreadPoolExecutor.runWorker(ThreadPoolExecutor.java:1144)
at java.base/java.util.concurrent.ThreadPoolExecutor$Worker.run(ThreadPoolExecutor.java:642)
at java.base/java.lang.Thread.run(Thread.java:1583)
... Removed 17 stack frames]]>
    </failure>
  </testcase> <!-- checkErrorMeaasgeWhenExecutingWithoutCodeInImplementationUsingArray -->
  <testcase classname="dsAlgoTests.LinkedListTest" name="checkErrorMessageWhenExecutingWithoutCodeToIntroductionTryEditor" time="1.219">
    <skipped/>
  </testcase> <!-- checkErrorMessageWhenExecutingWithoutCodeToIntroductionTryEditor -->
  <testcase classname="dsAlgoTests.LinkedListTest" name="checkErrorMessageWhenExecutingWithoutCodeToIntroductionTryEditor" time="1.383">
    <failure type="java.lang.AssertionError" message="Test failed: Expected an error message when clicking the &amp;apos;Run&amp;apos; button without entering code, but no message was displayed.">
      <![CDATA[java.lang.AssertionError: Test failed: Expected an error message when clicking the 'Run' button without entering code, but no message was displayed.
at dsAlgoTests.LinkedListTest.checkErrorMessageWhenExecutingWithoutCodeToIntroductionTryEditor(LinkedListTest.java:158)
at java.base/java.util.ArrayList.forEach(ArrayList.java:1596)
at java.base/java.util.concurrent.FutureTask.run(FutureTask.java:317)
at java.base/java.util.concurrent.ThreadPoolExecutor.runWorker(ThreadPoolExecutor.java:1144)
at java.base/java.util.concurrent.ThreadPoolExecutor$Worker.run(ThreadPoolExecutor.java:642)
at java.base/java.lang.Thread.run(Thread.java:1583)
... Removed 17 stack frames]]>
    </failure>
  </testcase> <!-- checkErrorMessageWhenExecutingWithoutCodeToIntroductionTryEditor -->
  <testcase classname="dsAlgoTests.StackTest" name="seeListOfPracticeQuestionsonApplicationsPage" time="1.03">
    <skipped/>
  </testcase> <!-- seeListOfPracticeQuestionsonApplicationsPage -->
  <testcase classname="dsAlgoTests.StackTest" name="seeListOfPracticeQuestionsonApplicationsPage" time="0.957">
    <failure type="java.lang.AssertionError" message="No practice questions found on the Practice Questions Page!">
      <![CDATA[java.lang.AssertionError: No practice questions found on the Practice Questions Page!
at dsAlgoTests.StackTest.seeListOfPracticeQuestionsonApplicationsPage(StackTest.java:206)
at java.base/java.util.ArrayList.forEach(ArrayList.java:1596)
at java.base/java.util.concurrent.FutureTask.run(FutureTask.java:317)
at java.base/java.util.concurrent.ThreadPoolExecutor.runWorker(ThreadPoolExecutor.java:1144)
at java.base/java.util.concurrent.ThreadPoolExecutor$Worker.run(ThreadPoolExecutor.java:642)
at java.base/java.lang.Thread.run(Thread.java:1583)
... Removed 17 stack frames]]>
    </failure>
  </testcase> <!-- seeListOfPracticeQuestionsonApplicationsPage -->
  <testcase classname="dsAlgoTests.TreeTest" name="navigateToImplementationInPythonTryEditor" time="1.251"/>
  <testcase classname="dsAlgoTests.QueueTest" name="checkErrorMeaasgeWhenExecutingWithoutCodeInQueueOperations" time="1.13">
    <skipped/>
  </testcase> <!-- checkErrorMeaasgeWhenExecutingWithoutCodeInQueueOperations -->
  <testcase classname="dsAlgoTests.QueueTest" name="checkErrorMeaasgeWhenExecutingWithoutCodeInQueueOperations" time="1.182">
    <failure type="java.lang.AssertionError" message="Test failed: Expected an error message when clicking the &amp;apos;Run&amp;apos; button without entering code, but no message was displayed">
      <![CDATA[java.lang.AssertionError: Test failed: Expected an error message when clicking the 'Run' button without entering code, but no message was displayed
at dsAlgoTests.QueueTest.checkErrorMeaasgeWhenExecutingWithoutCodeInQueueOperations(QueueTest.java:316)
at java.base/java.util.ArrayList.forEach(ArrayList.java:1596)
at java.base/java.util.concurrent.FutureTask.run(FutureTask.java:317)
at java.base/java.util.concurrent.ThreadPoolExecutor.runWorker(ThreadPoolExecutor.java:1144)
at java.base/java.util.concurrent.ThreadPoolExecutor$Worker.run(ThreadPoolExecutor.java:642)
at java.base/java.lang.Thread.run(Thread.java:1583)
... Removed 17 stack frames]]>
    </failure>
  </testcase> <!-- checkErrorMeaasgeWhenExecutingWithoutCodeInQueueOperations -->
  <testcase classname="dsAlgoTests.LinkedListTest" name="checkErrorMessageWhenExecutingWithoutCodeToCreateALinkedListTryEditor" time="1.185">
    <skipped/>
  </testcase> <!-- checkErrorMessageWhenExecutingWithoutCodeToCreateALinkedListTryEditor -->
  <testcase classname="dsAlgoTests.LinkedListTest" name="checkErrorMessageWhenExecutingWithoutCodeToCreateALinkedListTryEditor" time="1.745">
    <failure type="java.lang.AssertionError" message="Test failed: Expected an error message when clicking the &amp;apos;Run&amp;apos; button without entering code, but no message was displayed.">
      <![CDATA[java.lang.AssertionError: Test failed: Expected an error message when clicking the 'Run' button without entering code, but no message was displayed.
at dsAlgoTests.LinkedListTest.checkErrorMessageWhenExecutingWithoutCodeToCreateALinkedListTryEditor(LinkedListTest.java:168)
at java.base/java.util.ArrayList.forEach(ArrayList.java:1596)
at java.base/java.util.concurrent.FutureTask.run(FutureTask.java:317)
at java.base/java.util.concurrent.ThreadPoolExecutor.runWorker(ThreadPoolExecutor.java:1144)
at java.base/java.util.concurrent.ThreadPoolExecutor$Worker.run(ThreadPoolExecutor.java:642)
at java.base/java.lang.Thread.run(Thread.java:1583)
... Removed 17 stack frames]]>
    </failure>
  </testcase> <!-- checkErrorMessageWhenExecutingWithoutCodeToCreateALinkedListTryEditor -->
  <testcase classname="dsAlgoTests.StackTest" name="navigateToOperationsInStackPracticeQuestions" time="0.719"/>
  <testcase classname="dsAlgoTests.TreeTest" name="navigateToBinaryTreeTraversals" time="0.533"/>
  <testcase classname="dsAlgoTests.QueueTest" name="verifyCodeExecutionForQueueTryEditor" time="2.151"/>
  <testcase classname="dsAlgoTests.QueueTest" name="verifyCodeExecutionForQueueTryEditor" time="2.035"/>
  <testcase classname="dsAlgoTests.QueueTest" name="verifyCodeExecutionForQueueTryEditor" time="1.394"/>
  <testcase classname="dsAlgoTests.QueueTest" name="verifyCodeExecutionForQueueTryEditor" time="1.757"/>
  <testcase classname="dsAlgoTests.QueueTest" name="verifyCodeExecutionForQueueTryEditor" time="1.511"/>
  <testcase classname="dsAlgoTests.QueueTest" name="verifyCodeExecutionForQueueTryEditor" time="1.969"/>
  <testcase classname="dsAlgoTests.QueueTest" name="verifyCodeExecutionForQueueTryEditor" time="1.378"/>
  <testcase classname="dsAlgoTests.QueueTest" name="verifyCodeExecutionForQueueTryEditor" time="1.422"/>
  <testcase classname="dsAlgoTests.LinkedListTest" name="checkErrorMessageWhenExecutingWithoutCodeToTypesOfLinkedListTryEditor" time="1.564">
    <skipped/>
  </testcase> <!-- checkErrorMessageWhenExecutingWithoutCodeToTypesOfLinkedListTryEditor -->
  <testcase classname="dsAlgoTests.LinkedListTest" name="checkErrorMessageWhenExecutingWithoutCodeToTypesOfLinkedListTryEditor" time="1.195">
    <failure type="java.lang.AssertionError" message="Test failed: Expected an error message when clicking the &amp;apos;Run&amp;apos; button without entering code, but no message was displayed.">
      <![CDATA[java.lang.AssertionError: Test failed: Expected an error message when clicking the 'Run' button without entering code, but no message was displayed.
at dsAlgoTests.LinkedListTest.checkErrorMessageWhenExecutingWithoutCodeToTypesOfLinkedListTryEditor(LinkedListTest.java:178)
at java.base/java.util.ArrayList.forEach(ArrayList.java:1596)
at java.base/java.util.concurrent.FutureTask.run(FutureTask.java:317)
at java.base/java.util.concurrent.ThreadPoolExecutor.runWorker(ThreadPoolExecutor.java:1144)
at java.base/java.util.concurrent.ThreadPoolExecutor$Worker.run(ThreadPoolExecutor.java:642)
at java.base/java.lang.Thread.run(Thread.java:1583)
... Removed 17 stack frames]]>
    </failure>
  </testcase> <!-- checkErrorMessageWhenExecutingWithoutCodeToTypesOfLinkedListTryEditor -->
  <testcase classname="dsAlgoTests.StackTest" name="navigateToImplementationPracticeQuestions" time="0.545"/>
  <testcase classname="dsAlgoTests.TreeTest" name="navigateToBinaryTreeTraversalsTryEditor" time="1.377"/>
  <testcase classname="dsAlgoTests.LinkedListTest" name="checkErrorMessageWhenExecutingWithoutCodeToImplementLinkedListInPythonTryEditor" time="1.217">
    <skipped/>
  </testcase> <!-- checkErrorMessageWhenExecutingWithoutCodeToImplementLinkedListInPythonTryEditor -->
  <testcase classname="dsAlgoTests.LinkedListTest" name="checkErrorMessageWhenExecutingWithoutCodeToImplementLinkedListInPythonTryEditor" time="1.133">
    <failure type="java.lang.AssertionError" message="Test failed: Expected an error message when clicking the &amp;apos;Run&amp;apos; button without entering code, but no message was displayed.">
      <![CDATA[java.lang.AssertionError: Test failed: Expected an error message when clicking the 'Run' button without entering code, but no message was displayed.
at dsAlgoTests.LinkedListTest.checkErrorMessageWhenExecutingWithoutCodeToImplementLinkedListInPythonTryEditor(LinkedListTest.java:188)
at java.base/java.util.ArrayList.forEach(ArrayList.java:1596)
at java.base/java.util.concurrent.FutureTask.run(FutureTask.java:317)
at java.base/java.util.concurrent.ThreadPoolExecutor.runWorker(ThreadPoolExecutor.java:1144)
at java.base/java.util.concurrent.ThreadPoolExecutor$Worker.run(ThreadPoolExecutor.java:642)
at java.base/java.lang.Thread.run(Thread.java:1583)
... Removed 17 stack frames]]>
    </failure>
  </testcase> <!-- checkErrorMessageWhenExecutingWithoutCodeToImplementLinkedListInPythonTryEditor -->
  <testcase classname="dsAlgoTests.StackTest" name="navigateToApplicationsPracticeQuestions" time="0.726"/>
  <testcase classname="dsAlgoTests.TreeTest" name="navigateToImplementationOfBinaryTrees" time="0.366"/>
  <testcase classname="dsAlgoTests.LinkedListTest" name="checkErrorMessageWhenExecutingWithoutCodeToTraversalTryEditor" time="1.158">
    <skipped/>
  </testcase> <!-- checkErrorMessageWhenExecutingWithoutCodeToTraversalTryEditor -->
  <testcase classname="dsAlgoTests.LinkedListTest" name="checkErrorMessageWhenExecutingWithoutCodeToTraversalTryEditor" time="1.156">
    <failure type="java.lang.AssertionError" message="Test failed: Expected an error message when clicking the &amp;apos;Run&amp;apos; button without entering code, but no message was displayed.">
      <![CDATA[java.lang.AssertionError: Test failed: Expected an error message when clicking the 'Run' button without entering code, but no message was displayed.
at dsAlgoTests.LinkedListTest.checkErrorMessageWhenExecutingWithoutCodeToTraversalTryEditor(LinkedListTest.java:198)
at java.base/java.util.ArrayList.forEach(ArrayList.java:1596)
at java.base/java.util.concurrent.FutureTask.run(FutureTask.java:317)
at java.base/java.util.concurrent.ThreadPoolExecutor.runWorker(ThreadPoolExecutor.java:1144)
at java.base/java.util.concurrent.ThreadPoolExecutor$Worker.run(ThreadPoolExecutor.java:642)
at java.base/java.lang.Thread.run(Thread.java:1583)
... Removed 17 stack frames]]>
    </failure>
  </testcase> <!-- checkErrorMessageWhenExecutingWithoutCodeToTraversalTryEditor -->
  <testcase classname="dsAlgoTests.TreeTest" name="navigateToImplementationOfBinaryTreesTryEditor" time="1.295"/>
  <testcase classname="dsAlgoTests.LinkedListTest" name="checkErrorMessageWhenExecutingWithoutCodeToInsertionTryEditor" time="1.344">
    <skipped/>
  </testcase> <!-- checkErrorMessageWhenExecutingWithoutCodeToInsertionTryEditor -->
  <testcase classname="dsAlgoTests.LinkedListTest" name="checkErrorMessageWhenExecutingWithoutCodeToInsertionTryEditor" time="1.524">
    <failure type="java.lang.AssertionError" message="Test failed: Expected an error message when clicking the &amp;apos;Run&amp;apos; button without entering code, but no message was displayed.">
      <![CDATA[java.lang.AssertionError: Test failed: Expected an error message when clicking the 'Run' button without entering code, but no message was displayed.
at dsAlgoTests.LinkedListTest.checkErrorMessageWhenExecutingWithoutCodeToInsertionTryEditor(LinkedListTest.java:208)
at java.base/java.util.ArrayList.forEach(ArrayList.java:1596)
at java.base/java.util.concurrent.FutureTask.run(FutureTask.java:317)
at java.base/java.util.concurrent.ThreadPoolExecutor.runWorker(ThreadPoolExecutor.java:1144)
at java.base/java.util.concurrent.ThreadPoolExecutor$Worker.run(ThreadPoolExecutor.java:642)
at java.base/java.lang.Thread.run(Thread.java:1583)
... Removed 17 stack frames]]>
    </failure>
  </testcase> <!-- checkErrorMessageWhenExecutingWithoutCodeToInsertionTryEditor -->
  <testcase classname="dsAlgoTests.TreeTest" name="navigateToApplicationsOfBinaryTrees" time="0.427"/>
  <testcase classname="dsAlgoTests.LinkedListTest" name="checkErrorMessageWhenExecutingWithoutCodeToDeletionTryEditor" time="1.45">
    <skipped/>
  </testcase> <!-- checkErrorMessageWhenExecutingWithoutCodeToDeletionTryEditor -->
  <testcase classname="dsAlgoTests.LinkedListTest" name="checkErrorMessageWhenExecutingWithoutCodeToDeletionTryEditor" time="1.334">
    <failure type="java.lang.AssertionError" message="Test failed: Expected an error message when clicking the &amp;apos;Run&amp;apos; button without entering code, but no message was displayed.">
      <![CDATA[java.lang.AssertionError: Test failed: Expected an error message when clicking the 'Run' button without entering code, but no message was displayed.
at dsAlgoTests.LinkedListTest.checkErrorMessageWhenExecutingWithoutCodeToDeletionTryEditor(LinkedListTest.java:218)
at java.base/java.util.ArrayList.forEach(ArrayList.java:1596)
at java.base/java.util.concurrent.FutureTask.run(FutureTask.java:317)
at java.base/java.util.concurrent.ThreadPoolExecutor.runWorker(ThreadPoolExecutor.java:1144)
at java.base/java.util.concurrent.ThreadPoolExecutor$Worker.run(ThreadPoolExecutor.java:642)
at java.base/java.lang.Thread.run(Thread.java:1583)
... Removed 17 stack frames]]>
    </failure>
  </testcase> <!-- checkErrorMessageWhenExecutingWithoutCodeToDeletionTryEditor -->
  <testcase classname="dsAlgoTests.TreeTest" name="navigateToApplicationsOfBinaryTreesTryEditor" time="1.056"/>
  <testcase classname="dsAlgoTests.LinkedListTest" name="verifyCodeExecutionForLinkedList" time="1.56"/>
  <testcase classname="dsAlgoTests.LinkedListTest" name="verifyCodeExecutionForLinkedList" time="2.247"/>
  <testcase classname="dsAlgoTests.LinkedListTest" name="verifyCodeExecutionForLinkedList" time="1.591"/>
  <testcase classname="dsAlgoTests.LinkedListTest" name="verifyCodeExecutionForLinkedList" time="1.574"/>
  <testcase classname="dsAlgoTests.LinkedListTest" name="verifyCodeExecutionForLinkedList" time="1.827"/>
  <testcase classname="dsAlgoTests.LinkedListTest" name="verifyCodeExecutionForLinkedList" time="1.976"/>
  <testcase classname="dsAlgoTests.LinkedListTest" name="verifyCodeExecutionForLinkedList" time="1.658"/>
  <testcase classname="dsAlgoTests.LinkedListTest" name="verifyCodeExecutionForLinkedList" time="1.897"/>
  <testcase classname="dsAlgoTests.LinkedListTest" name="verifyCodeExecutionForLinkedList" time="5.731"/>
  <testcase classname="dsAlgoTests.LinkedListTest" name="verifyCodeExecutionForLinkedList" time="1.331"/>
  <testcase classname="dsAlgoTests.LinkedListTest" name="verifyCodeExecutionForLinkedList" time="1.784"/>
  <testcase classname="dsAlgoTests.LinkedListTest" name="verifyCodeExecutionForLinkedList" time="2.096"/>
  <testcase classname="dsAlgoTests.LinkedListTest" name="verifyCodeExecutionForLinkedList" time="1.466"/>
  <testcase classname="dsAlgoTests.LinkedListTest" name="verifyCodeExecutionForLinkedList" time="1.842"/>
  <testcase classname="dsAlgoTests.LinkedListTest" name="verifyCodeExecutionForLinkedList" time="0.003">
    <skipped/>
  </testcase> <!-- verifyCodeExecutionForLinkedList -->
  <testcase classname="dsAlgoTests.LinkedListTest" name="verifyCodeExecutionForLinkedList" time="0.006">
    <failure type="java.lang.IllegalArgumentException" message="Invalid section: ">
      <![CDATA[java.lang.IllegalArgumentException: Invalid section: 
at dsAlgoPages.LinkedListPage.Option(LinkedListPage.java:130)
at dsAlgoTests.LinkedListTest.verifyCodeExecutionForLinkedList(LinkedListTest.java:226)
at java.base/java.util.ArrayList.forEach(ArrayList.java:1596)
at java.base/java.util.concurrent.FutureTask.run(FutureTask.java:317)
at java.base/java.util.concurrent.ThreadPoolExecutor.runWorker(ThreadPoolExecutor.java:1144)
at java.base/java.util.concurrent.ThreadPoolExecutor$Worker.run(ThreadPoolExecutor.java:642)
at java.base/java.lang.Thread.run(Thread.java:1583)
... Removed 16 stack frames]]>
    </failure>
  </testcase> <!-- verifyCodeExecutionForLinkedList -->
  <testcase classname="dsAlgoTests.LinkedListTest" name="verifyCodeExecutionForLinkedList" time="0.004">
    <skipped/>
  </testcase> <!-- verifyCodeExecutionForLinkedList -->
  <testcase classname="dsAlgoTests.LinkedListTest" name="verifyCodeExecutionForLinkedList" time="0.002">
    <failure type="java.lang.IllegalArgumentException" message="Invalid section: ">
      <![CDATA[java.lang.IllegalArgumentException: Invalid section: 
at dsAlgoPages.LinkedListPage.Option(LinkedListPage.java:130)
at dsAlgoTests.LinkedListTest.verifyCodeExecutionForLinkedList(LinkedListTest.java:226)
at java.base/java.util.ArrayList.forEach(ArrayList.java:1596)
at java.base/java.util.concurrent.FutureTask.run(FutureTask.java:317)
at java.base/java.util.concurrent.ThreadPoolExecutor.runWorker(ThreadPoolExecutor.java:1144)
at java.base/java.util.concurrent.ThreadPoolExecutor$Worker.run(ThreadPoolExecutor.java:642)
at java.base/java.lang.Thread.run(Thread.java:1583)
... Removed 16 stack frames]]>
    </failure>
  </testcase> <!-- verifyCodeExecutionForLinkedList -->
  <testcase classname="dsAlgoTests.TreeTest" name="navigateToBinarySearchTrees" time="0.782"/>
  <testcase classname="dsAlgoTests.LinkedListTest" name="checkforPracticeQuestion" time="10.589">
    <skipped/>
  </testcase> <!-- checkforPracticeQuestion -->
  <testcase classname="dsAlgoTests.LinkedListTest" name="checkforPracticeQuestion" time="10.665">
    <failure type="org.openqa.selenium.ElementNotInteractableException" message="element not interactable
  (Session info: MicrosoftEdge=133.0.3065.69)
Build info: version: &amp;apos;4.27.0&amp;apos;, revision: &amp;apos;d6e718d134&amp;apos;
System info: os.name: &amp;apos;Windows 11&amp;apos;, os.arch: &amp;apos;amd64&amp;apos;, os.version: &amp;apos;10.0&amp;apos;, java.version: &amp;apos;21.0.3&amp;apos;
Driver info: org.openqa.selenium.edge.EdgeDriver
Command: [297d675e630908a4c787445d25e78f7b, clickElement {id=f.C8BC57934429E4F10CC5F4A7C4D62A87.d.B3267852166BF4B8AFD6DA175D639A6F.e.1191}]
Capabilities {acceptInsecureCerts: false, browserName: MicrosoftEdge, browserVersion: 133.0.3065.69, fedcm:accounts: true, ms:edgeOptions: {debuggerAddress: localhost:55659}, msedge: {msedgedriverVersion: 133.0.3065.69 (c3f010c11f3e..., userDataDir: C:\Users\sahan\AppData\Loca...}, networkConnectionEnabled: false, pageLoadStrategy: normal, platformName: windows, proxy: Proxy(), se:cdp: ws://localhost:55659/devtoo..., se:cdpVersion: 133.0.3065.69, setWindowRect: true, strictFileInteractability: false, timeouts: {implicit: 0, pageLoad: 300000, script: 30000}, unhandledPromptBehavior: dismiss and notify, webauthn:extension:credBlob: true, webauthn:extension:largeBlob: true, webauthn:extension:minPinLength: true, webauthn:extension:prf: true, webauthn:virtualAuthenticators: true}
Element: [[EdgeDriver: MicrosoftEdge on windows (297d675e630908a4c787445d25e78f7b)] -&amp;gt; xpath: //button[@type=&amp;apos;button&amp;apos;]]
Session ID: 297d675e630908a4c787445d25e78f7b">
      <![CDATA[org.openqa.selenium.ElementNotInteractableException: element not interactable
  (Session info: MicrosoftEdge=133.0.3065.69)
Build info: version: '4.27.0', revision: 'd6e718d134'
System info: os.name: 'Windows 11', os.arch: 'amd64', os.version: '10.0', java.version: '21.0.3'
Driver info: org.openqa.selenium.edge.EdgeDriver
Command: [297d675e630908a4c787445d25e78f7b, clickElement {id=f.C8BC57934429E4F10CC5F4A7C4D62A87.d.B3267852166BF4B8AFD6DA175D639A6F.e.1191}]
Capabilities {acceptInsecureCerts: false, browserName: MicrosoftEdge, browserVersion: 133.0.3065.69, fedcm:accounts: true, ms:edgeOptions: {debuggerAddress: localhost:55659}, msedge: {msedgedriverVersion: 133.0.3065.69 (c3f010c11f3e..., userDataDir: C:\Users\sahan\AppData\Loca...}, networkConnectionEnabled: false, pageLoadStrategy: normal, platformName: windows, proxy: Proxy(), se:cdp: ws://localhost:55659/devtoo..., se:cdpVersion: 133.0.3065.69, setWindowRect: true, strictFileInteractability: false, timeouts: {implicit: 0, pageLoad: 300000, script: 30000}, unhandledPromptBehavior: dismiss and notify, webauthn:extension:credBlob: true, webauthn:extension:largeBlob: true, webauthn:extension:minPinLength: true, webauthn:extension:prf: true, webauthn:virtualAuthenticators: true}
Element: [[EdgeDriver: MicrosoftEdge on windows (297d675e630908a4c787445d25e78f7b)] -> xpath: //button[@type='button']]
Session ID: 297d675e630908a4c787445d25e78f7b
at org.openqa.selenium.remote.ErrorCodec.decode(ErrorCodec.java:167)
at org.openqa.selenium.remote.codec.w3c.W3CHttpResponseCodec.decode(W3CHttpResponseCodec.java:138)
at org.openqa.selenium.remote.codec.w3c.W3CHttpResponseCodec.decode(W3CHttpResponseCodec.java:50)
at org.openqa.selenium.remote.HttpCommandExecutor.execute(HttpCommandExecutor.java:190)
at org.openqa.selenium.remote.service.DriverCommandExecutor.invokeExecute(DriverCommandExecutor.java:216)
at org.openqa.selenium.remote.service.DriverCommandExecutor.execute(DriverCommandExecutor.java:174)
at org.openqa.selenium.remote.RemoteWebDriver.execute(RemoteWebDriver.java:545)
at org.openqa.selenium.remote.RemoteWebElement.execute(RemoteWebElement.java:223)
at org.openqa.selenium.remote.RemoteWebElement.click(RemoteWebElement.java:76)
at org.openqa.selenium.support.pagefactory.internal.LocatingElementHandler.invoke(LocatingElementHandler.java:51)
at jdk.proxy2/jdk.proxy2.$Proxy21.click(Unknown Source)
at dsAlgoPages.LinkedListPage.run(LinkedListPage.java:103)
at dsAlgoTests.LinkedListTest.checkforPracticeQuestion(LinkedListTest.java:239)
at java.base/java.util.ArrayList.forEach(ArrayList.java:1596)
at java.base/java.util.concurrent.FutureTask.run(FutureTask.java:317)
at java.base/java.util.concurrent.ThreadPoolExecutor.runWorker(ThreadPoolExecutor.java:1144)
at java.base/java.util.concurrent.ThreadPoolExecutor$Worker.run(ThreadPoolExecutor.java:642)
at java.base/java.lang.Thread.run(Thread.java:1583)
... Removed 21 stack frames]]>
    </failure>
  </testcase> <!-- checkforPracticeQuestion -->
  <testcase classname="dsAlgoTests.TreeTest" name="navigateToBinarySearchTreesTryEditor" time="1.888"/>
  <testcase classname="dsAlgoTests.TreeTest" name="navigateToImplementationOfBST" time="0.367"/>
  <testcase classname="dsAlgoTests.TreeTest" name="navigateToImplementationOfBSTTryEditor" time="1.06"/>
  <testcase classname="dsAlgoTests.TreeTest" name="verifyCodeExecutionForTreeTryEditor" time="1.594"/>
  <testcase classname="dsAlgoTests.TreeTest" name="verifyCodeExecutionForTreeTryEditor" time="1.426"/>
  <testcase classname="dsAlgoTests.TreeTest" name="verifyCodeExecutionForTreeTryEditor" time="1.314"/>
  <testcase classname="dsAlgoTests.TreeTest" name="verifyCodeExecutionForTreeTryEditor" time="1.317"/>
  <testcase classname="dsAlgoTests.TreeTest" name="verifyCodeExecutionForTreeTryEditor" time="1.456"/>
  <testcase classname="dsAlgoTests.TreeTest" name="verifyCodeExecutionForTreeTryEditor" time="1.277"/>
  <testcase classname="dsAlgoTests.TreeTest" name="verifyCodeExecutionForTreeTryEditor" time="1.374"/>
  <testcase classname="dsAlgoTests.TreeTest" name="verifyCodeExecutionForTreeTryEditor" time="1.366"/>
  <testcase classname="dsAlgoTests.TreeTest" name="verifyCodeExecutionForTreeTryEditor" time="1.393"/>
  <testcase classname="dsAlgoTests.TreeTest" name="verifyCodeExecutionForTreeTryEditor" time="1.302"/>
  <testcase classname="dsAlgoTests.TreeTest" name="verifyCodeExecutionForTreeTryEditor" time="1.391"/>
  <testcase classname="dsAlgoTests.TreeTest" name="verifyCodeExecutionForTreeTryEditor" time="1.737"/>
  <testcase classname="dsAlgoTests.TreeTest" name="verifyCodeExecutionForTreeTryEditor" time="1.771"/>
  <testcase classname="dsAlgoTests.TreeTest" name="verifyCodeExecutionForTreeTryEditor" time="1.713"/>
  <testcase classname="dsAlgoTests.TreeTest" name="verifyCodeExecutionForTreeTryEditor" time="1.291"/>
  <testcase classname="dsAlgoTests.TreeTest" name="verifyCodeExecutionForTreeTryEditor" time="1.567"/>
  <testcase classname="dsAlgoTests.TreeTest" name="verifyCodeExecutionForTreeTryEditor" time="1.498"/>
  <testcase classname="dsAlgoTests.TreeTest" name="verifyCodeExecutionForTreeTryEditor" time="1.335"/>
  <testcase classname="dsAlgoTests.TreeTest" name="verifyCodeExecutionForTreeTryEditor" time="1.356"/>
  <testcase classname="dsAlgoTests.TreeTest" name="verifyCodeExecutionForTreeTryEditor" time="1.844"/>
  <testcase classname="dsAlgoTests.TreeTest" name="verifyCodeExecutionForTreeTryEditor" time="1.439"/>
  <testcase classname="dsAlgoTests.TreeTest" name="verifyCodeExecutionForTreeTryEditor" time="1.355"/>
  <testcase classname="dsAlgoTests.TreeTest" name="verifyCodeExecutionForTreeTryEditor" time="1.635"/>
  <testcase classname="dsAlgoTests.TreeTest" name="verifyCodeExecutionForTreeTryEditor" time="1.708"/>
  <testcase classname="dsAlgoTests.TreeTest" name="verifyCodeExecutionForTreeTryEditor" time="1.334"/>
  <testcase classname="dsAlgoTests.TreeTest" name="verifyCodeExecutionForTreeTryEditor" time="1.392"/>
  <testcase classname="dsAlgoTests.TreeTest" name="verifyTreeTryEditorWithoutCodeOfOverviewOfTrees" time="1.106">
    <skipped/>
  </testcase> <!-- verifyTreeTryEditorWithoutCodeOfOverviewOfTrees -->
  <testcase classname="dsAlgoTests.TreeTest" name="verifyTreeTryEditorWithoutCodeOfOverviewOfTrees" time="1.76">
    <failure type="java.lang.AssertionError" message="Test failed: Expected an error message when clicking the &amp;apos;Run&amp;apos; button without entering code, but no message was displayed">
      <![CDATA[java.lang.AssertionError: Test failed: Expected an error message when clicking the 'Run' button without entering code, but no message was displayed
at dsAlgoTests.TreeTest.verifyTreeTryEditorWithoutCodeOfOverviewOfTrees(TreeTest.java:331)
at java.base/java.util.ArrayList.forEach(ArrayList.java:1596)
at java.base/java.util.concurrent.FutureTask.run(FutureTask.java:317)
at java.base/java.util.concurrent.ThreadPoolExecutor.runWorker(ThreadPoolExecutor.java:1144)
at java.base/java.util.concurrent.ThreadPoolExecutor$Worker.run(ThreadPoolExecutor.java:642)
at java.base/java.lang.Thread.run(Thread.java:1583)
... Removed 17 stack frames]]>
    </failure>
  </testcase> <!-- verifyTreeTryEditorWithoutCodeOfOverviewOfTrees -->
  <testcase classname="dsAlgoTests.TreeTest" name="verifyTreeTryEditorWithoutCodeOfTerminologies" time="1.051">
    <skipped/>
  </testcase> <!-- verifyTreeTryEditorWithoutCodeOfTerminologies -->
  <testcase classname="dsAlgoTests.TreeTest" name="verifyTreeTryEditorWithoutCodeOfTerminologies" time="1.188">
    <failure type="java.lang.AssertionError" message="Test failed: Expected an error message when clicking the &amp;apos;Run&amp;apos; button without entering code, but no message was displayed">
      <![CDATA[java.lang.AssertionError: Test failed: Expected an error message when clicking the 'Run' button without entering code, but no message was displayed
at dsAlgoTests.TreeTest.verifyTreeTryEditorWithoutCodeOfTerminologies(TreeTest.java:344)
at java.base/java.util.ArrayList.forEach(ArrayList.java:1596)
at java.base/java.util.concurrent.FutureTask.run(FutureTask.java:317)
at java.base/java.util.concurrent.ThreadPoolExecutor.runWorker(ThreadPoolExecutor.java:1144)
at java.base/java.util.concurrent.ThreadPoolExecutor$Worker.run(ThreadPoolExecutor.java:642)
at java.base/java.lang.Thread.run(Thread.java:1583)
... Removed 17 stack frames]]>
    </failure>
  </testcase> <!-- verifyTreeTryEditorWithoutCodeOfTerminologies -->
  <testcase classname="dsAlgoTests.TreeTest" name="verifyTreeTryEditorWithoutCodeOfTypesOfTrees" time="2.593">
    <skipped/>
  </testcase> <!-- verifyTreeTryEditorWithoutCodeOfTypesOfTrees -->
  <testcase classname="dsAlgoTests.TreeTest" name="verifyTreeTryEditorWithoutCodeOfTypesOfTrees" time="1.102">
    <failure type="java.lang.AssertionError" message="Test failed: Expected an error message when clicking the &amp;apos;Run&amp;apos; button without entering code, but no message was displayed">
      <![CDATA[java.lang.AssertionError: Test failed: Expected an error message when clicking the 'Run' button without entering code, but no message was displayed
at dsAlgoTests.TreeTest.verifyTreeTryEditorWithoutCodeOfTypesOfTrees(TreeTest.java:357)
at java.base/java.util.ArrayList.forEach(ArrayList.java:1596)
at java.base/java.util.concurrent.FutureTask.run(FutureTask.java:317)
at java.base/java.util.concurrent.ThreadPoolExecutor.runWorker(ThreadPoolExecutor.java:1144)
at java.base/java.util.concurrent.ThreadPoolExecutor$Worker.run(ThreadPoolExecutor.java:642)
at java.base/java.lang.Thread.run(Thread.java:1583)
... Removed 17 stack frames]]>
    </failure>
  </testcase> <!-- verifyTreeTryEditorWithoutCodeOfTypesOfTrees -->
  <testcase classname="dsAlgoTests.TreeTest" name="verifyTreeTryEditorWithoutCodeOfTreeTraversals" time="1.081">
    <skipped/>
  </testcase> <!-- verifyTreeTryEditorWithoutCodeOfTreeTraversals -->
  <testcase classname="dsAlgoTests.TreeTest" name="verifyTreeTryEditorWithoutCodeOfTreeTraversals" time="1.139">
    <failure type="java.lang.AssertionError" message="Test failed: Expected an error message when clicking the &amp;apos;Run&amp;apos; button without entering code, but no message was displayed">
      <![CDATA[java.lang.AssertionError: Test failed: Expected an error message when clicking the 'Run' button without entering code, but no message was displayed
at dsAlgoTests.TreeTest.verifyTreeTryEditorWithoutCodeOfTreeTraversals(TreeTest.java:370)
at java.base/java.util.ArrayList.forEach(ArrayList.java:1596)
at java.base/java.util.concurrent.FutureTask.run(FutureTask.java:317)
at java.base/java.util.concurrent.ThreadPoolExecutor.runWorker(ThreadPoolExecutor.java:1144)
at java.base/java.util.concurrent.ThreadPoolExecutor$Worker.run(ThreadPoolExecutor.java:642)
at java.base/java.lang.Thread.run(Thread.java:1583)
... Removed 17 stack frames]]>
    </failure>
  </testcase> <!-- verifyTreeTryEditorWithoutCodeOfTreeTraversals -->
  <testcase classname="dsAlgoTests.TreeTest" name="verifyTreeTryEditorWithoutCodeOfTraversalsIllustration" time="1.465">
    <skipped/>
  </testcase> <!-- verifyTreeTryEditorWithoutCodeOfTraversalsIllustration -->
  <testcase classname="dsAlgoTests.TreeTest" name="verifyTreeTryEditorWithoutCodeOfTraversalsIllustration" time="1.357">
    <failure type="java.lang.AssertionError" message="Test failed: Expected an error message when clicking the &amp;apos;Run&amp;apos; button without entering code, but no message was displayed">
      <![CDATA[java.lang.AssertionError: Test failed: Expected an error message when clicking the 'Run' button without entering code, but no message was displayed
at dsAlgoTests.TreeTest.verifyTreeTryEditorWithoutCodeOfTraversalsIllustration(TreeTest.java:383)
at java.base/java.util.ArrayList.forEach(ArrayList.java:1596)
at java.base/java.util.concurrent.FutureTask.run(FutureTask.java:317)
at java.base/java.util.concurrent.ThreadPoolExecutor.runWorker(ThreadPoolExecutor.java:1144)
at java.base/java.util.concurrent.ThreadPoolExecutor$Worker.run(ThreadPoolExecutor.java:642)
at java.base/java.lang.Thread.run(Thread.java:1583)
... Removed 17 stack frames]]>
    </failure>
  </testcase> <!-- verifyTreeTryEditorWithoutCodeOfTraversalsIllustration -->
  <testcase classname="dsAlgoTests.TreeTest" name="navigateToPracticeQuestionOfOverviewOfTrees" time="0.697"/>
  <testcase classname="dsAlgoTests.TreeTest" name="listOfPracticeQuestionOfOverviewOfTrees" time="0.585">
    <skipped/>
  </testcase> <!-- listOfPracticeQuestionOfOverviewOfTrees -->
  <testcase classname="dsAlgoTests.TreeTest" name="listOfPracticeQuestionOfOverviewOfTrees" time="0.581">
    <failure type="java.lang.AssertionError" message="No list of practice question found">
      <![CDATA[java.lang.AssertionError: No list of practice question found
at dsAlgoTests.TreeTest.listOfPracticeQuestionOfOverviewOfTrees(TreeTest.java:407)
at java.base/java.util.ArrayList.forEach(ArrayList.java:1596)
at java.base/java.util.concurrent.FutureTask.run(FutureTask.java:317)
at java.base/java.util.concurrent.ThreadPoolExecutor.runWorker(ThreadPoolExecutor.java:1144)
at java.base/java.util.concurrent.ThreadPoolExecutor$Worker.run(ThreadPoolExecutor.java:642)
at java.base/java.lang.Thread.run(Thread.java:1583)
... Removed 17 stack frames]]>
    </failure>
  </testcase> <!-- listOfPracticeQuestionOfOverviewOfTrees -->
  <testcase classname="dsAlgoBase.Base" name="@BeforeSuite setupSuite" time="0.0">
    <ignored/>
  </testcase> <!-- @BeforeSuite setupSuite -->
  <testcase classname="dsAlgoBase.Base" name="@BeforeSuite setupSuite" time="0.0">
    <ignored/>
  </testcase> <!-- @BeforeSuite setupSuite -->
  <testcase classname="dsAlgoBase.Base" name="@BeforeSuite setupSuite" time="0.0">
    <ignored/>
  </testcase> <!-- @BeforeSuite setupSuite -->
  <testcase classname="dsAlgoBase.Base" name="@BeforeSuite setupSuite" time="0.0">
    <ignored/>
  </testcase> <!-- @BeforeSuite setupSuite -->
  <testcase classname="dsAlgoBase.Base" name="@BeforeSuite setupSuite" time="0.0">
    <ignored/>
  </testcase> <!-- @BeforeSuite setupSuite -->
  <testcase classname="dsAlgoBase.Base" name="@BeforeSuite setupSuite" time="0.0">
    <ignored/>
  </testcase> <!-- @BeforeSuite setupSuite -->
  <testcase classname="dsAlgoBase.Base" name="@BeforeSuite setupSuite" time="0.0">
    <ignored/>
  </testcase> <!-- @BeforeSuite setupSuite -->
  <testcase classname="dsAlgoBase.Base" name="@BeforeSuite setupSuite" time="0.0">
    <ignored/>
  </testcase> <!-- @BeforeSuite setupSuite -->
  <testcase classname="dsAlgoBase.Base" name="@BeforeSuite setupSuite" time="0.0">
    <ignored/>
  </testcase> <!-- @BeforeSuite setupSuite -->
</testsuite> <!-- EdgeTest -->
