<?xml version="1.0" encoding="UTF-8"?>
<!-- Generated by org.testng.reporters.JUnitXMLReporter -->
<testsuite ignored="4" hostname="sukeerthsahana" failures="2" tests="2" name="Regression Tests" time="0.204" errors="0" timestamp="2025-02-17T19:11:28 CST">
  <testcase classname="dsAlgoTests.DataStructureTest" name="navigateToDataStructureIntroductionPagePracticeQuestions" time="0.074">
    <failure type="java.lang.NullPointerException" message="Cannot invoke &amp;quot;dsAlgoPages.DataStructureIntroductionPage.ClickTimeComplexityLink()&amp;quot; because &amp;quot;this.Dg&amp;quot; is null">
      <![CDATA[java.lang.NullPointerException: Cannot invoke "dsAlgoPages.DataStructureIntroductionPage.ClickTimeComplexityLink()" because "this.Dg" is null
at dsAlgoTests.DataStructureTest.navigateToDataStructureIntroductionPagePracticeQuestions(DataStructureTest.java:71)
at java.base/java.util.ArrayList.forEach(ArrayList.java:1596)
... Removed 25 stack frames]]>
    </failure>
  </testcase> <!-- navigateToDataStructureIntroductionPagePracticeQuestions -->
  <testcase classname="dsAlgoTests.DataStructureTest" name="navigatetoTimeComplexitytryeditor" time="0.005">
    <failure type="java.lang.NullPointerException" message="Cannot invoke &amp;quot;dsAlgoPages.DataStructureIntroductionPage.ClickTimeComplexityLink()&amp;quot; because &amp;quot;this.Dg&amp;quot; is null">
      <![CDATA[java.lang.NullPointerException: Cannot invoke "dsAlgoPages.DataStructureIntroductionPage.ClickTimeComplexityLink()" because "this.Dg" is null
at dsAlgoTests.DataStructureTest.navigatetoTimeComplexitytryeditor(DataStructureTest.java:62)
at java.base/java.util.ArrayList.forEach(ArrayList.java:1596)
... Removed 25 stack frames]]>
    </failure>
  </testcase> <!-- navigatetoTimeComplexitytryeditor -->
  <testcase classname="dsAlgoTests.DataStructureTest" name="seeListOfPracticeQuestionsonDataStructureIntroductionPage" time="0.0">
    <ignored/>
  </testcase> <!-- seeListOfPracticeQuestionsonDataStructureIntroductionPage -->
  <testcase classname="dsAlgoTests.DataStructureTest" name="checkErrorMessageWhenExecutingWithoutCodeInDataStructureIntroductionPage" time="0.0">
    <ignored/>
  </testcase> <!-- checkErrorMessageWhenExecutingWithoutCodeInDataStructureIntroductionPage -->
  <testcase classname="dsAlgoTests.DataStructureTest" name="verifyCodeExecutionforDataStructureIntroductionPage" time="0.0">
    <ignored/>
  </testcase> <!-- verifyCodeExecutionforDataStructureIntroductionPage -->
  <testcase classname="dsAlgoTests.DataStructureTest" name="navigatetoTimeComplexityModule" time="0.0">
    <ignored/>
  </testcase> <!-- navigatetoTimeComplexityModule -->
</testsuite> <!-- Regression Tests -->
