<html>
<head>
<title>TestNG:  Test</title>
<link href="../testng.css" rel="stylesheet" type="text/css" />
<link href="../my-testng.css" rel="stylesheet" type="text/css" />

<style type="text/css">
.log { display: none;} 
.stack-trace { display: none;} 
</style>
<script type="text/javascript">
<!--
function flip(e) {
  current = e.style.display;
  if (current == 'block') {
    e.style.display = 'none';
    return 0;
  }
  else {
    e.style.display = 'block';
    return 1;
  }
}

function toggleBox(szDivId, elem, msg1, msg2)
{
  var res = -1;  if (document.getElementById) {
    res = flip(document.getElementById(szDivId));
  }
  else if (document.all) {
    // this is the way old msie versions work
    res = flip(document.all[szDivId]);
  }
  if(elem) {
    if(res == 0) elem.innerHTML = msg1; else elem.innerHTML = msg2;
  }

}

function toggleAllBoxes() {
  if (document.getElementsByTagName) {
    d = document.getElementsByTagName('div');
    for (i = 0; i < d.length; i++) {
      if (d[i].className == 'log') {
        flip(d[i]);
      }
    }
  }
}

// -->
</script>

</head>
<body>
<h2 align='center'>Test</h2><table border='1' align="center">
<tr>
<td>Tests passed/Failed/Skipped:</td><td>53/6/0</td>
</tr><tr>
<td>Started on:</td><td>Sun Feb 02 16:16:38 EST 2025</td>
</tr>
<tr><td>Total time:</td><td>274 seconds (274915 ms)</td>
</tr><tr>
<td>Included groups:</td><td></td>
</tr><tr>
<td>Excluded groups:</td><td></td>
</tr>
</table><p/>
<small><i>(Hover the method name to see the test class name)</i></small><p/>
<table width='100%' border='1' class='invocation-failed'>
<tr><td colspan='4' align='center'><b>FAILED TESTS</b></td></tr>
<tr><td><b>Test method</b></td>
<td width="30%"><b>Exception</b></td>
<td width="10%"><b>Time (seconds)</b></td>
<td><b>Instance</b></td>
</tr>
<tr>
<td title='dsAlgoTests.TreeTest.verifyTreeTryEditorWithoutCodeOfOverviewOfTrees()'><b>verifyTreeTryEditorWithoutCodeOfOverviewOfTrees</b><br>Test class: dsAlgoTests.TreeTest</td>
<td><div><pre>java.lang.AssertionError: Test failed: Expected an error message when clicking the &apos;Run&apos; button without entering code, but no message was displayed
	at dsAlgoTests.TreeTest.verifyTreeTryEditorWithoutCodeOfOverviewOfTrees(TreeTest.java:224)
	at java.base/java.util.ArrayList.forEach(ArrayList.java:1597)
... Removed 26 stack frames</pre></div><a href='#' onClick='toggleBox("stack-trace1425833934", this, "Click to show all stack frames", "Click to hide stack frames")'>Click to show all stack frames</a>
<div class='stack-trace' id='stack-trace1425833934'><pre>java.lang.AssertionError: Test failed: Expected an error message when clicking the &apos;Run&apos; button without entering code, but no message was displayed
	at org.testng.Assert.fail(Assert.java:99)
	at dsAlgoTests.TreeTest.verifyTreeTryEditorWithoutCodeOfOverviewOfTrees(TreeTest.java:224)
	at java.base/jdk.internal.reflect.DirectMethodHandleAccessor.invoke(DirectMethodHandleAccessor.java:103)
	at java.base/java.lang.reflect.Method.invoke(Method.java:580)
	at org.testng.internal.MethodInvocationHelper.invokeMethod(MethodInvocationHelper.java:133)
	at org.testng.internal.TestInvoker.invokeMethod(TestInvoker.java:598)
	at org.testng.internal.TestInvoker.invokeTestMethod(TestInvoker.java:173)
	at org.testng.internal.MethodRunner.runInSequence(MethodRunner.java:46)
	at org.testng.internal.TestInvoker$MethodInvocationAgent.invoke(TestInvoker.java:824)
	at org.testng.internal.TestInvoker.invokeTestMethods(TestInvoker.java:146)
	at org.testng.internal.TestMethodWorker.invokeTestMethods(TestMethodWorker.java:146)
	at org.testng.internal.TestMethodWorker.run(TestMethodWorker.java:128)
	at java.base/java.util.ArrayList.forEach(ArrayList.java:1597)
	at org.testng.TestRunner.privateRun(TestRunner.java:794)
	at org.testng.TestRunner.run(TestRunner.java:596)
	at org.testng.SuiteRunner.runTest(SuiteRunner.java:377)
	at org.testng.SuiteRunner.runSequentially(SuiteRunner.java:371)
	at org.testng.SuiteRunner.privateRun(SuiteRunner.java:332)
	at org.testng.SuiteRunner.run(SuiteRunner.java:276)
	at org.testng.SuiteRunnerWorker.runSuite(SuiteRunnerWorker.java:53)
	at org.testng.SuiteRunnerWorker.run(SuiteRunnerWorker.java:96)
	at org.testng.TestNG.runSuitesSequentially(TestNG.java:1212)
	at org.testng.TestNG.runSuitesLocally(TestNG.java:1134)
	at org.testng.TestNG.runSuites(TestNG.java:1063)
	at org.testng.TestNG.run(TestNG.java:1031)
	at org.testng.remote.AbstractRemoteTestNG.run(AbstractRemoteTestNG.java:115)
	at org.testng.remote.RemoteTestNG.initAndRun(RemoteTestNG.java:293)
	at org.testng.remote.RemoteTestNG.main(RemoteTestNG.java:91)
</pre></div></td>
<td>0</td>
<td>dsAlgoTests.TreeTest@a8ef162</td></tr>
<tr>
<td title='dsAlgoTests.TreeTest.verifyTreeTryEditorWithoutCodeOfTerminologies()'><b>verifyTreeTryEditorWithoutCodeOfTerminologies</b><br>Test class: dsAlgoTests.TreeTest</td>
<td><div><pre>java.lang.AssertionError: Test failed: Expected an error message when clicking the &apos;Run&apos; button without entering code, but no message was displayed
	at dsAlgoTests.TreeTest.verifyTreeTryEditorWithoutCodeOfTerminologies(TreeTest.java:231)
	at java.base/java.util.ArrayList.forEach(ArrayList.java:1597)
... Removed 26 stack frames</pre></div><a href='#' onClick='toggleBox("stack-trace28855598", this, "Click to show all stack frames", "Click to hide stack frames")'>Click to show all stack frames</a>
<div class='stack-trace' id='stack-trace28855598'><pre>java.lang.AssertionError: Test failed: Expected an error message when clicking the &apos;Run&apos; button without entering code, but no message was displayed
	at org.testng.Assert.fail(Assert.java:99)
	at dsAlgoTests.TreeTest.verifyTreeTryEditorWithoutCodeOfTerminologies(TreeTest.java:231)
	at java.base/jdk.internal.reflect.DirectMethodHandleAccessor.invoke(DirectMethodHandleAccessor.java:103)
	at java.base/java.lang.reflect.Method.invoke(Method.java:580)
	at org.testng.internal.MethodInvocationHelper.invokeMethod(MethodInvocationHelper.java:133)
	at org.testng.internal.TestInvoker.invokeMethod(TestInvoker.java:598)
	at org.testng.internal.TestInvoker.invokeTestMethod(TestInvoker.java:173)
	at org.testng.internal.MethodRunner.runInSequence(MethodRunner.java:46)
	at org.testng.internal.TestInvoker$MethodInvocationAgent.invoke(TestInvoker.java:824)
	at org.testng.internal.TestInvoker.invokeTestMethods(TestInvoker.java:146)
	at org.testng.internal.TestMethodWorker.invokeTestMethods(TestMethodWorker.java:146)
	at org.testng.internal.TestMethodWorker.run(TestMethodWorker.java:128)
	at java.base/java.util.ArrayList.forEach(ArrayList.java:1597)
	at org.testng.TestRunner.privateRun(TestRunner.java:794)
	at org.testng.TestRunner.run(TestRunner.java:596)
	at org.testng.SuiteRunner.runTest(SuiteRunner.java:377)
	at org.testng.SuiteRunner.runSequentially(SuiteRunner.java:371)
	at org.testng.SuiteRunner.privateRun(SuiteRunner.java:332)
	at org.testng.SuiteRunner.run(SuiteRunner.java:276)
	at org.testng.SuiteRunnerWorker.runSuite(SuiteRunnerWorker.java:53)
	at org.testng.SuiteRunnerWorker.run(SuiteRunnerWorker.java:96)
	at org.testng.TestNG.runSuitesSequentially(TestNG.java:1212)
	at org.testng.TestNG.runSuitesLocally(TestNG.java:1134)
	at org.testng.TestNG.runSuites(TestNG.java:1063)
	at org.testng.TestNG.run(TestNG.java:1031)
	at org.testng.remote.AbstractRemoteTestNG.run(AbstractRemoteTestNG.java:115)
	at org.testng.remote.RemoteTestNG.initAndRun(RemoteTestNG.java:293)
	at org.testng.remote.RemoteTestNG.main(RemoteTestNG.java:91)
</pre></div></td>
<td>0</td>
<td>dsAlgoTests.TreeTest@a8ef162</td></tr>
<tr>
<td title='dsAlgoTests.TreeTest.verifyTreeTryEditorWithoutCodeOfTreeTraversals()'><b>verifyTreeTryEditorWithoutCodeOfTreeTraversals</b><br>Test class: dsAlgoTests.TreeTest</td>
<td><div><pre>java.lang.AssertionError: Test failed: Expected an error message when clicking the &apos;Run&apos; button without entering code, but no message was displayed
	at dsAlgoTests.TreeTest.verifyTreeTryEditorWithoutCodeOfTreeTraversals(TreeTest.java:245)
	at java.base/java.util.ArrayList.forEach(ArrayList.java:1597)
... Removed 26 stack frames</pre></div><a href='#' onClick='toggleBox("stack-trace537024440", this, "Click to show all stack frames", "Click to hide stack frames")'>Click to show all stack frames</a>
<div class='stack-trace' id='stack-trace537024440'><pre>java.lang.AssertionError: Test failed: Expected an error message when clicking the &apos;Run&apos; button without entering code, but no message was displayed
	at org.testng.Assert.fail(Assert.java:99)
	at dsAlgoTests.TreeTest.verifyTreeTryEditorWithoutCodeOfTreeTraversals(TreeTest.java:245)
	at java.base/jdk.internal.reflect.DirectMethodHandleAccessor.invoke(DirectMethodHandleAccessor.java:103)
	at java.base/java.lang.reflect.Method.invoke(Method.java:580)
	at org.testng.internal.MethodInvocationHelper.invokeMethod(MethodInvocationHelper.java:133)
	at org.testng.internal.TestInvoker.invokeMethod(TestInvoker.java:598)
	at org.testng.internal.TestInvoker.invokeTestMethod(TestInvoker.java:173)
	at org.testng.internal.MethodRunner.runInSequence(MethodRunner.java:46)
	at org.testng.internal.TestInvoker$MethodInvocationAgent.invoke(TestInvoker.java:824)
	at org.testng.internal.TestInvoker.invokeTestMethods(TestInvoker.java:146)
	at org.testng.internal.TestMethodWorker.invokeTestMethods(TestMethodWorker.java:146)
	at org.testng.internal.TestMethodWorker.run(TestMethodWorker.java:128)
	at java.base/java.util.ArrayList.forEach(ArrayList.java:1597)
	at org.testng.TestRunner.privateRun(TestRunner.java:794)
	at org.testng.TestRunner.run(TestRunner.java:596)
	at org.testng.SuiteRunner.runTest(SuiteRunner.java:377)
	at org.testng.SuiteRunner.runSequentially(SuiteRunner.java:371)
	at org.testng.SuiteRunner.privateRun(SuiteRunner.java:332)
	at org.testng.SuiteRunner.run(SuiteRunner.java:276)
	at org.testng.SuiteRunnerWorker.runSuite(SuiteRunnerWorker.java:53)
	at org.testng.SuiteRunnerWorker.run(SuiteRunnerWorker.java:96)
	at org.testng.TestNG.runSuitesSequentially(TestNG.java:1212)
	at org.testng.TestNG.runSuitesLocally(TestNG.java:1134)
	at org.testng.TestNG.runSuites(TestNG.java:1063)
	at org.testng.TestNG.run(TestNG.java:1031)
	at org.testng.remote.AbstractRemoteTestNG.run(AbstractRemoteTestNG.java:115)
	at org.testng.remote.RemoteTestNG.initAndRun(RemoteTestNG.java:293)
	at org.testng.remote.RemoteTestNG.main(RemoteTestNG.java:91)
</pre></div></td>
<td>1</td>
<td>dsAlgoTests.TreeTest@a8ef162</td></tr>
<tr>
<td title='dsAlgoTests.TreeTest.listOfPracticeQuestionOfOverviewOfTrees()'><b>listOfPracticeQuestionOfOverviewOfTrees</b><br>Test class: dsAlgoTests.TreeTest</td>
<td><div><pre>java.lang.AssertionError: No list of practice question found
	at dsAlgoTests.TreeTest.listOfPracticeQuestionOfOverviewOfTrees(TreeTest.java:267)
	at java.base/java.util.ArrayList.forEach(ArrayList.java:1597)
... Removed 26 stack frames</pre></div><a href='#' onClick='toggleBox("stack-trace719182854", this, "Click to show all stack frames", "Click to hide stack frames")'>Click to show all stack frames</a>
<div class='stack-trace' id='stack-trace719182854'><pre>java.lang.AssertionError: No list of practice question found
	at org.testng.Assert.fail(Assert.java:99)
	at dsAlgoTests.TreeTest.listOfPracticeQuestionOfOverviewOfTrees(TreeTest.java:267)
	at java.base/jdk.internal.reflect.DirectMethodHandleAccessor.invoke(DirectMethodHandleAccessor.java:103)
	at java.base/java.lang.reflect.Method.invoke(Method.java:580)
	at org.testng.internal.MethodInvocationHelper.invokeMethod(MethodInvocationHelper.java:133)
	at org.testng.internal.TestInvoker.invokeMethod(TestInvoker.java:598)
	at org.testng.internal.TestInvoker.invokeTestMethod(TestInvoker.java:173)
	at org.testng.internal.MethodRunner.runInSequence(MethodRunner.java:46)
	at org.testng.internal.TestInvoker$MethodInvocationAgent.invoke(TestInvoker.java:824)
	at org.testng.internal.TestInvoker.invokeTestMethods(TestInvoker.java:146)
	at org.testng.internal.TestMethodWorker.invokeTestMethods(TestMethodWorker.java:146)
	at org.testng.internal.TestMethodWorker.run(TestMethodWorker.java:128)
	at java.base/java.util.ArrayList.forEach(ArrayList.java:1597)
	at org.testng.TestRunner.privateRun(TestRunner.java:794)
	at org.testng.TestRunner.run(TestRunner.java:596)
	at org.testng.SuiteRunner.runTest(SuiteRunner.java:377)
	at org.testng.SuiteRunner.runSequentially(SuiteRunner.java:371)
	at org.testng.SuiteRunner.privateRun(SuiteRunner.java:332)
	at org.testng.SuiteRunner.run(SuiteRunner.java:276)
	at org.testng.SuiteRunnerWorker.runSuite(SuiteRunnerWorker.java:53)
	at org.testng.SuiteRunnerWorker.run(SuiteRunnerWorker.java:96)
	at org.testng.TestNG.runSuitesSequentially(TestNG.java:1212)
	at org.testng.TestNG.runSuitesLocally(TestNG.java:1134)
	at org.testng.TestNG.runSuites(TestNG.java:1063)
	at org.testng.TestNG.run(TestNG.java:1031)
	at org.testng.remote.AbstractRemoteTestNG.run(AbstractRemoteTestNG.java:115)
	at org.testng.remote.RemoteTestNG.initAndRun(RemoteTestNG.java:293)
	at org.testng.remote.RemoteTestNG.main(RemoteTestNG.java:91)
</pre></div></td>
<td>0</td>
<td>dsAlgoTests.TreeTest@a8ef162</td></tr>
<tr>
<td title='dsAlgoTests.TreeTest.verifyTreeTryEditorWithoutCodeOfTypesOfTrees()'><b>verifyTreeTryEditorWithoutCodeOfTypesOfTrees</b><br>Test class: dsAlgoTests.TreeTest</td>
<td><div><pre>java.lang.AssertionError: Test failed: Expected an error message when clicking the &apos;Run&apos; button without entering code, but no message was displayed
	at dsAlgoTests.TreeTest.verifyTreeTryEditorWithoutCodeOfTypesOfTrees(TreeTest.java:238)
	at java.base/java.util.ArrayList.forEach(ArrayList.java:1597)
... Removed 26 stack frames</pre></div><a href='#' onClick='toggleBox("stack-trace1721186460", this, "Click to show all stack frames", "Click to hide stack frames")'>Click to show all stack frames</a>
<div class='stack-trace' id='stack-trace1721186460'><pre>java.lang.AssertionError: Test failed: Expected an error message when clicking the &apos;Run&apos; button without entering code, but no message was displayed
	at org.testng.Assert.fail(Assert.java:99)
	at dsAlgoTests.TreeTest.verifyTreeTryEditorWithoutCodeOfTypesOfTrees(TreeTest.java:238)
	at java.base/jdk.internal.reflect.DirectMethodHandleAccessor.invoke(DirectMethodHandleAccessor.java:103)
	at java.base/java.lang.reflect.Method.invoke(Method.java:580)
	at org.testng.internal.MethodInvocationHelper.invokeMethod(MethodInvocationHelper.java:133)
	at org.testng.internal.TestInvoker.invokeMethod(TestInvoker.java:598)
	at org.testng.internal.TestInvoker.invokeTestMethod(TestInvoker.java:173)
	at org.testng.internal.MethodRunner.runInSequence(MethodRunner.java:46)
	at org.testng.internal.TestInvoker$MethodInvocationAgent.invoke(TestInvoker.java:824)
	at org.testng.internal.TestInvoker.invokeTestMethods(TestInvoker.java:146)
	at org.testng.internal.TestMethodWorker.invokeTestMethods(TestMethodWorker.java:146)
	at org.testng.internal.TestMethodWorker.run(TestMethodWorker.java:128)
	at java.base/java.util.ArrayList.forEach(ArrayList.java:1597)
	at org.testng.TestRunner.privateRun(TestRunner.java:794)
	at org.testng.TestRunner.run(TestRunner.java:596)
	at org.testng.SuiteRunner.runTest(SuiteRunner.java:377)
	at org.testng.SuiteRunner.runSequentially(SuiteRunner.java:371)
	at org.testng.SuiteRunner.privateRun(SuiteRunner.java:332)
	at org.testng.SuiteRunner.run(SuiteRunner.java:276)
	at org.testng.SuiteRunnerWorker.runSuite(SuiteRunnerWorker.java:53)
	at org.testng.SuiteRunnerWorker.run(SuiteRunnerWorker.java:96)
	at org.testng.TestNG.runSuitesSequentially(TestNG.java:1212)
	at org.testng.TestNG.runSuitesLocally(TestNG.java:1134)
	at org.testng.TestNG.runSuites(TestNG.java:1063)
	at org.testng.TestNG.run(TestNG.java:1031)
	at org.testng.remote.AbstractRemoteTestNG.run(AbstractRemoteTestNG.java:115)
	at org.testng.remote.RemoteTestNG.initAndRun(RemoteTestNG.java:293)
	at org.testng.remote.RemoteTestNG.main(RemoteTestNG.java:91)
</pre></div></td>
<td>0</td>
<td>dsAlgoTests.TreeTest@a8ef162</td></tr>
<tr>
<td title='dsAlgoTests.TreeTest.verifyTreeTryEditorWithoutCodeOfTraversalsIllustration()'><b>verifyTreeTryEditorWithoutCodeOfTraversalsIllustration</b><br>Test class: dsAlgoTests.TreeTest</td>
<td><div><pre>java.lang.AssertionError: Test failed: Expected an error message when clicking the &apos;Run&apos; button without entering code, but no message was displayed
	at dsAlgoTests.TreeTest.verifyTreeTryEditorWithoutCodeOfTraversalsIllustration(TreeTest.java:252)
	at java.base/java.util.ArrayList.forEach(ArrayList.java:1597)
... Removed 26 stack frames</pre></div><a href='#' onClick='toggleBox("stack-trace952561800", this, "Click to show all stack frames", "Click to hide stack frames")'>Click to show all stack frames</a>
<div class='stack-trace' id='stack-trace952561800'><pre>java.lang.AssertionError: Test failed: Expected an error message when clicking the &apos;Run&apos; button without entering code, but no message was displayed
	at org.testng.Assert.fail(Assert.java:99)
	at dsAlgoTests.TreeTest.verifyTreeTryEditorWithoutCodeOfTraversalsIllustration(TreeTest.java:252)
	at java.base/jdk.internal.reflect.DirectMethodHandleAccessor.invoke(DirectMethodHandleAccessor.java:103)
	at java.base/java.lang.reflect.Method.invoke(Method.java:580)
	at org.testng.internal.MethodInvocationHelper.invokeMethod(MethodInvocationHelper.java:133)
	at org.testng.internal.TestInvoker.invokeMethod(TestInvoker.java:598)
	at org.testng.internal.TestInvoker.invokeTestMethod(TestInvoker.java:173)
	at org.testng.internal.MethodRunner.runInSequence(MethodRunner.java:46)
	at org.testng.internal.TestInvoker$MethodInvocationAgent.invoke(TestInvoker.java:824)
	at org.testng.internal.TestInvoker.invokeTestMethods(TestInvoker.java:146)
	at org.testng.internal.TestMethodWorker.invokeTestMethods(TestMethodWorker.java:146)
	at org.testng.internal.TestMethodWorker.run(TestMethodWorker.java:128)
	at java.base/java.util.ArrayList.forEach(ArrayList.java:1597)
	at org.testng.TestRunner.privateRun(TestRunner.java:794)
	at org.testng.TestRunner.run(TestRunner.java:596)
	at org.testng.SuiteRunner.runTest(SuiteRunner.java:377)
	at org.testng.SuiteRunner.runSequentially(SuiteRunner.java:371)
	at org.testng.SuiteRunner.privateRun(SuiteRunner.java:332)
	at org.testng.SuiteRunner.run(SuiteRunner.java:276)
	at org.testng.SuiteRunnerWorker.runSuite(SuiteRunnerWorker.java:53)
	at org.testng.SuiteRunnerWorker.run(SuiteRunnerWorker.java:96)
	at org.testng.TestNG.runSuitesSequentially(TestNG.java:1212)
	at org.testng.TestNG.runSuitesLocally(TestNG.java:1134)
	at org.testng.TestNG.runSuites(TestNG.java:1063)
	at org.testng.TestNG.run(TestNG.java:1031)
	at org.testng.remote.AbstractRemoteTestNG.run(AbstractRemoteTestNG.java:115)
	at org.testng.remote.RemoteTestNG.initAndRun(RemoteTestNG.java:293)
	at org.testng.remote.RemoteTestNG.main(RemoteTestNG.java:91)
</pre></div></td>
<td>0</td>
<td>dsAlgoTests.TreeTest@a8ef162</td></tr>
</table><p>
<table width='100%' border='1' class='invocation-passed'>
<tr><td colspan='4' align='center'><b>PASSED TESTS</b></td></tr>
<tr><td><b>Test method</b></td>
<td width="30%"><b>Exception</b></td>
<td width="10%"><b>Time (seconds)</b></td>
<td><b>Instance</b></td>
</tr>
<tr>
<td title='dsAlgoTests.TreeTest.navigateToImplementationOfBinaryTreesTryEditor()'><b>navigateToImplementationOfBinaryTreesTryEditor</b><br>Test class: dsAlgoTests.TreeTest</td>
<td></td>
<td>0</td>
<td>dsAlgoTests.TreeTest@a8ef162</td></tr>
<tr>
<td title='dsAlgoTests.TreeTest.navigateToTypesOfBinaryTreesTryEditor()'><b>navigateToTypesOfBinaryTreesTryEditor</b><br>Test class: dsAlgoTests.TreeTest</td>
<td></td>
<td>0</td>
<td>dsAlgoTests.TreeTest@a8ef162</td></tr>
<tr>
<td title='dsAlgoTests.TreeTest.navigateToTerminologiesTryEditor()'><b>navigateToTerminologiesTryEditor</b><br>Test class: dsAlgoTests.TreeTest</td>
<td></td>
<td>0</td>
<td>dsAlgoTests.TreeTest@a8ef162</td></tr>
<tr>
<td title='dsAlgoTests.TreeTest.verifyCodeExecutionForTreeTryEditor()'><b>verifyCodeExecutionForTreeTryEditor</b><br>Test class: dsAlgoTests.TreeTest<br>Parameters: Binary Trees, print "hello", hello</td>
<td></td>
<td>1</td>
<td>dsAlgoTests.TreeTest@a8ef162</td></tr>
<tr>
<td title='dsAlgoTests.TreeTest.navigateToBinaryTreeTraversalsTryEditor()'><b>navigateToBinaryTreeTraversalsTryEditor</b><br>Test class: dsAlgoTests.TreeTest</td>
<td></td>
<td>0</td>
<td>dsAlgoTests.TreeTest@a8ef162</td></tr>
<tr>
<td title='dsAlgoTests.TreeTest.verifyCodeExecutionForTreeTryEditor()'><b>verifyCodeExecutionForTreeTryEditor</b><br>Test class: dsAlgoTests.TreeTest<br>Parameters: Implementation in Python, print "hello", hello</td>
<td></td>
<td>1</td>
<td>dsAlgoTests.TreeTest@a8ef162</td></tr>
<tr>
<td title='dsAlgoTests.TreeTest.verifyCodeExecutionForTreeTryEditor()'><b>verifyCodeExecutionForTreeTryEditor</b><br>Test class: dsAlgoTests.TreeTest<br>Parameters: Types of Binary Trees, print "hello", hello</td>
<td></td>
<td>1</td>
<td>dsAlgoTests.TreeTest@a8ef162</td></tr>
<tr>
<td title='dsAlgoTests.TreeTest.verifyCodeExecutionForTreeTryEditor()'><b>verifyCodeExecutionForTreeTryEditor</b><br>Test class: dsAlgoTests.TreeTest<br>Parameters: Overview of Trees, invalid, NameError: name 'invalid' is not defined on line 1</td>
<td></td>
<td>1</td>
<td>dsAlgoTests.TreeTest@a8ef162</td></tr>
<tr>
<td title='dsAlgoTests.TreeTest.verifyCodeExecutionForTreeTryEditor()'><b>verifyCodeExecutionForTreeTryEditor</b><br>Test class: dsAlgoTests.TreeTest<br>Parameters: Types of Binary Trees, invalid, NameError: name 'invalid' is not defined on line 1</td>
<td></td>
<td>1</td>
<td>dsAlgoTests.TreeTest@a8ef162</td></tr>
<tr>
<td title='dsAlgoTests.TreeTest.navigateToTypesOfBinaryTrees()'><b>navigateToTypesOfBinaryTrees</b><br>Test class: dsAlgoTests.TreeTest</td>
<td></td>
<td>0</td>
<td>dsAlgoTests.TreeTest@a8ef162</td></tr>
<tr>
<td title='dsAlgoTests.TreeTest.navigateToApplicationsOfBinaryTreesTryEditor()'><b>navigateToApplicationsOfBinaryTreesTryEditor</b><br>Test class: dsAlgoTests.TreeTest</td>
<td></td>
<td>0</td>
<td>dsAlgoTests.TreeTest@a8ef162</td></tr>
<tr>
<td title='dsAlgoTests.TreeTest.navigateToBinarySearchTrees()'><b>navigateToBinarySearchTrees</b><br>Test class: dsAlgoTests.TreeTest</td>
<td></td>
<td>0</td>
<td>dsAlgoTests.TreeTest@a8ef162</td></tr>
<tr>
<td title='dsAlgoTests.TreeTest.verifyCodeExecutionForTreeTryEditor()'><b>verifyCodeExecutionForTreeTryEditor</b><br>Test class: dsAlgoTests.TreeTest<br>Parameters: Overview of Trees, print "hello", hello</td>
<td></td>
<td>1</td>
<td>dsAlgoTests.TreeTest@a8ef162</td></tr>
<tr>
<td title='dsAlgoTests.TreeTest.verifyCodeExecutionForTreeTryEditor()'><b>verifyCodeExecutionForTreeTryEditor</b><br>Test class: dsAlgoTests.TreeTest<br>Parameters: Terminologies, invalid, NameError: name 'invalid' is not defined on line 1</td>
<td></td>
<td>1</td>
<td>dsAlgoTests.TreeTest@a8ef162</td></tr>
<tr>
<td title='dsAlgoTests.TreeTest.navigateToOverviewOfTrees()'><b>navigateToOverviewOfTrees</b><br>Test class: dsAlgoTests.TreeTest</td>
<td></td>
<td>0</td>
<td>dsAlgoTests.TreeTest@a8ef162</td></tr>
<tr>
<td title='dsAlgoTests.TreeTest.navigateToBinarySearchTreesTryEditor()'><b>navigateToBinarySearchTreesTryEditor</b><br>Test class: dsAlgoTests.TreeTest</td>
<td></td>
<td>0</td>
<td>dsAlgoTests.TreeTest@a8ef162</td></tr>
<tr>
<td title='dsAlgoTests.TreeTest.navigateToTreeTraversalsTryEditor()'><b>navigateToTreeTraversalsTryEditor</b><br>Test class: dsAlgoTests.TreeTest</td>
<td></td>
<td>0</td>
<td>dsAlgoTests.TreeTest@a8ef162</td></tr>
<tr>
<td title='dsAlgoTests.TreeTest.navigateToImplementationOfBSTTryEditor()'><b>navigateToImplementationOfBSTTryEditor</b><br>Test class: dsAlgoTests.TreeTest</td>
<td></td>
<td>0</td>
<td>dsAlgoTests.TreeTest@a8ef162</td></tr>
<tr>
<td title='dsAlgoTests.TreeTest.verifyCodeExecutionForTreeTryEditor()'><b>verifyCodeExecutionForTreeTryEditor</b><br>Test class: dsAlgoTests.TreeTest<br>Parameters: Binary Tree Traversals, print "hello", hello</td>
<td></td>
<td>1</td>
<td>dsAlgoTests.TreeTest@a8ef162</td></tr>
<tr>
<td title='dsAlgoTests.TreeTest.verifyCodeExecutionForTreeTryEditor()'><b>verifyCodeExecutionForTreeTryEditor</b><br>Test class: dsAlgoTests.TreeTest<br>Parameters: Implementation in Python, invalid, NameError: name 'invalid' is not defined on line 1</td>
<td></td>
<td>1</td>
<td>dsAlgoTests.TreeTest@a8ef162</td></tr>
<tr>
<td title='dsAlgoTests.TreeTest.verifyCodeExecutionForTreeTryEditor()'><b>verifyCodeExecutionForTreeTryEditor</b><br>Test class: dsAlgoTests.TreeTest<br>Parameters: Types of Trees, invalid, NameError: name 'invalid' is not defined on line 1</td>
<td></td>
<td>1</td>
<td>dsAlgoTests.TreeTest@a8ef162</td></tr>
<tr>
<td title='dsAlgoTests.TreeTest.verifyCodeExecutionForTreeTryEditor()'><b>verifyCodeExecutionForTreeTryEditor</b><br>Test class: dsAlgoTests.TreeTest<br>Parameters: Implementation Of BST, print "hello", hello</td>
<td></td>
<td>0</td>
<td>dsAlgoTests.TreeTest@a8ef162</td></tr>
<tr>
<td title='dsAlgoTests.TreeTest.navigateToImplementationInPython()'><b>navigateToImplementationInPython</b><br>Test class: dsAlgoTests.TreeTest</td>
<td></td>
<td>0</td>
<td>dsAlgoTests.TreeTest@a8ef162</td></tr>
<tr>
<td title='dsAlgoTests.TreeTest.navigateToImplementationOfBST()'><b>navigateToImplementationOfBST</b><br>Test class: dsAlgoTests.TreeTest</td>
<td></td>
<td>0</td>
<td>dsAlgoTests.TreeTest@a8ef162</td></tr>
<tr>
<td title='dsAlgoTests.TreeTest.navigateToTypesOfTrees()'><b>navigateToTypesOfTrees</b><br>Test class: dsAlgoTests.TreeTest</td>
<td></td>
<td>0</td>
<td>dsAlgoTests.TreeTest@a8ef162</td></tr>
<tr>
<td title='dsAlgoTests.TreeTest.navigateToPracticeQuestionOfOverviewOfTrees()'><b>navigateToPracticeQuestionOfOverviewOfTrees</b><br>Test class: dsAlgoTests.TreeTest</td>
<td></td>
<td>0</td>
<td>dsAlgoTests.TreeTest@a8ef162</td></tr>
<tr>
<td title='dsAlgoTests.TreeTest.navigateToImplementationInPythonTryEditor()'><b>navigateToImplementationInPythonTryEditor</b><br>Test class: dsAlgoTests.TreeTest</td>
<td></td>
<td>0</td>
<td>dsAlgoTests.TreeTest@a8ef162</td></tr>
<tr>
<td title='dsAlgoTests.TreeTest.verifyCodeExecutionForTreeTryEditor()'><b>verifyCodeExecutionForTreeTryEditor</b><br>Test class: dsAlgoTests.TreeTest<br>Parameters: Binary Tree Traversals, invalid, NameError: name 'invalid' is not defined on line 1</td>
<td></td>
<td>0</td>
<td>dsAlgoTests.TreeTest@a8ef162</td></tr>
<tr>
<td title='dsAlgoTests.TreeTest.verifyCodeExecutionForTreeTryEditor()'><b>verifyCodeExecutionForTreeTryEditor</b><br>Test class: dsAlgoTests.TreeTest<br>Parameters: Binary Search Trees, print "hello", hello</td>
<td></td>
<td>1</td>
<td>dsAlgoTests.TreeTest@a8ef162</td></tr>
<tr>
<td title='dsAlgoTests.TreeTest.navigateToTraversalsIllustrationTryEditor()'><b>navigateToTraversalsIllustrationTryEditor</b><br>Test class: dsAlgoTests.TreeTest</td>
<td></td>
<td>0</td>
<td>dsAlgoTests.TreeTest@a8ef162</td></tr>
<tr>
<td title='dsAlgoTests.TreeTest.navigateToTraversalsIllustration()'><b>navigateToTraversalsIllustration</b><br>Test class: dsAlgoTests.TreeTest</td>
<td></td>
<td>0</td>
<td>dsAlgoTests.TreeTest@a8ef162</td></tr>
<tr>
<td title='dsAlgoTests.TreeTest.verifyCodeExecutionForTreeTryEditor()'><b>verifyCodeExecutionForTreeTryEditor</b><br>Test class: dsAlgoTests.TreeTest<br>Parameters: Implementation of Binary Trees, invalid, NameError: name 'invalid' is not defined on line 1</td>
<td></td>
<td>1</td>
<td>dsAlgoTests.TreeTest@a8ef162</td></tr>
<tr>
<td title='dsAlgoTests.TreeTest.navigateToApplicationsOfBinaryTrees()'><b>navigateToApplicationsOfBinaryTrees</b><br>Test class: dsAlgoTests.TreeTest</td>
<td></td>
<td>0</td>
<td>dsAlgoTests.TreeTest@a8ef162</td></tr>
<tr>
<td title='dsAlgoTests.TreeTest.navigateToImplementationOfBinaryTrees()'><b>navigateToImplementationOfBinaryTrees</b><br>Test class: dsAlgoTests.TreeTest</td>
<td></td>
<td>0</td>
<td>dsAlgoTests.TreeTest@a8ef162</td></tr>
<tr>
<td title='dsAlgoTests.TreeTest.navigateToTerminologies()'><b>navigateToTerminologies</b><br>Test class: dsAlgoTests.TreeTest</td>
<td></td>
<td>0</td>
<td>dsAlgoTests.TreeTest@a8ef162</td></tr>
<tr>
<td title='dsAlgoTests.TreeTest.navigateToTypesOfTreesTryEditor()'><b>navigateToTypesOfTreesTryEditor</b><br>Test class: dsAlgoTests.TreeTest</td>
<td></td>
<td>0</td>
<td>dsAlgoTests.TreeTest@a8ef162</td></tr>
<tr>
<td title='dsAlgoTests.TreeTest.verifyCodeExecutionForTreeTryEditor()'><b>verifyCodeExecutionForTreeTryEditor</b><br>Test class: dsAlgoTests.TreeTest<br>Parameters: Tree Traversals, invalid, NameError: name 'invalid' is not defined on line 1</td>
<td></td>
<td>1</td>
<td>dsAlgoTests.TreeTest@a8ef162</td></tr>
<tr>
<td title='dsAlgoTests.TreeTest.verifyCodeExecutionForTreeTryEditor()'><b>verifyCodeExecutionForTreeTryEditor</b><br>Test class: dsAlgoTests.TreeTest<br>Parameters: Binary Trees, invalid, NameError: name 'invalid' is not defined on line 1</td>
<td></td>
<td>1</td>
<td>dsAlgoTests.TreeTest@a8ef162</td></tr>
<tr>
<td title='dsAlgoTests.TreeTest.verifyCodeExecutionForTreeTryEditor()'><b>verifyCodeExecutionForTreeTryEditor</b><br>Test class: dsAlgoTests.TreeTest<br>Parameters: Terminologies, print "hello", hello</td>
<td></td>
<td>1</td>
<td>dsAlgoTests.TreeTest@a8ef162</td></tr>
<tr>
<td title='dsAlgoTests.TreeTest.navigateToBinaryTrees()'><b>navigateToBinaryTrees</b><br>Test class: dsAlgoTests.TreeTest</td>
<td></td>
<td>0</td>
<td>dsAlgoTests.TreeTest@a8ef162</td></tr>
<tr>
<td title='dsAlgoTests.TreeTest.verifyCodeExecutionForTreeTryEditor()'><b>verifyCodeExecutionForTreeTryEditor</b><br>Test class: dsAlgoTests.TreeTest<br>Parameters: Traversals-Illustration, invalid, NameError: name 'invalid' is not defined on line 1</td>
<td></td>
<td>1</td>
<td>dsAlgoTests.TreeTest@a8ef162</td></tr>
<tr>
<td title='dsAlgoTests.TreeTest.verifyCodeExecutionForTreeTryEditor()'><b>verifyCodeExecutionForTreeTryEditor</b><br>Test class: dsAlgoTests.TreeTest<br>Parameters: Types of Trees, print "hello", hello</td>
<td></td>
<td>1</td>
<td>dsAlgoTests.TreeTest@a8ef162</td></tr>
<tr>
<td title='dsAlgoTests.TreeTest.verifyCodeExecutionForTreeTryEditor()'><b>verifyCodeExecutionForTreeTryEditor</b><br>Test class: dsAlgoTests.TreeTest<br>Parameters: Traversals-Illustration, print "hello", hello</td>
<td></td>
<td>1</td>
<td>dsAlgoTests.TreeTest@a8ef162</td></tr>
<tr>
<td title='dsAlgoTests.TreeTest.navigateToTreeTraversals()'><b>navigateToTreeTraversals</b><br>Test class: dsAlgoTests.TreeTest</td>
<td></td>
<td>0</td>
<td>dsAlgoTests.TreeTest@a8ef162</td></tr>
<tr>
<td title='dsAlgoTests.TreeTest.verifyCodeExecutionForTreeTryEditor()'><b>verifyCodeExecutionForTreeTryEditor</b><br>Test class: dsAlgoTests.TreeTest<br>Parameters: Tree Traversals, print "hello", hello</td>
<td></td>
<td>1</td>
<td>dsAlgoTests.TreeTest@a8ef162</td></tr>
<tr>
<td title='dsAlgoTests.TreeTest.verifyCodeExecutionForTreeTryEditor()'><b>verifyCodeExecutionForTreeTryEditor</b><br>Test class: dsAlgoTests.TreeTest<br>Parameters: Applications of Binary trees, invalid, NameError: name 'invalid' is not defined on line 1</td>
<td></td>
<td>0</td>
<td>dsAlgoTests.TreeTest@a8ef162</td></tr>
<tr>
<td title='dsAlgoTests.TreeTest.navigateToOverviewOfTreesTryEditor()'><b>navigateToOverviewOfTreesTryEditor</b><br>Test class: dsAlgoTests.TreeTest</td>
<td></td>
<td>0</td>
<td>dsAlgoTests.TreeTest@a8ef162</td></tr>
<tr>
<td title='dsAlgoTests.TreeTest.verifyCodeExecutionForTreeTryEditor()'><b>verifyCodeExecutionForTreeTryEditor</b><br>Test class: dsAlgoTests.TreeTest<br>Parameters: Binary Search Trees, invalid, NameError: name 'invalid' is not defined on line 1</td>
<td></td>
<td>1</td>
<td>dsAlgoTests.TreeTest@a8ef162</td></tr>
<tr>
<td title='dsAlgoTests.TreeTest.verifyCodeExecutionForTreeTryEditor()'><b>verifyCodeExecutionForTreeTryEditor</b><br>Test class: dsAlgoTests.TreeTest<br>Parameters: Implementation of Binary Trees, print "hello", hello</td>
<td></td>
<td>1</td>
<td>dsAlgoTests.TreeTest@a8ef162</td></tr>
<tr>
<td title='dsAlgoTests.TreeTest.verifyCodeExecutionForTreeTryEditor()'><b>verifyCodeExecutionForTreeTryEditor</b><br>Test class: dsAlgoTests.TreeTest<br>Parameters: Applications of Binary trees, print "hello", hello</td>
<td></td>
<td>0</td>
<td>dsAlgoTests.TreeTest@a8ef162</td></tr>
<tr>
<td title='dsAlgoTests.TreeTest.navigateToBinaryTreesTryEditor()'><b>navigateToBinaryTreesTryEditor</b><br>Test class: dsAlgoTests.TreeTest</td>
<td></td>
<td>0</td>
<td>dsAlgoTests.TreeTest@a8ef162</td></tr>
<tr>
<td title='dsAlgoTests.TreeTest.navigateToBinaryTreeTraversals()'><b>navigateToBinaryTreeTraversals</b><br>Test class: dsAlgoTests.TreeTest</td>
<td></td>
<td>0</td>
<td>dsAlgoTests.TreeTest@a8ef162</td></tr>
<tr>
<td title='dsAlgoTests.TreeTest.verifyCodeExecutionForTreeTryEditor()'><b>verifyCodeExecutionForTreeTryEditor</b><br>Test class: dsAlgoTests.TreeTest<br>Parameters: Implementation Of BST, invalid, NameError: name 'invalid' is not defined on line 1</td>
<td></td>
<td>1</td>
<td>dsAlgoTests.TreeTest@a8ef162</td></tr>
</table><p>
</body>
</html>