<?xml version="1.0" encoding="UTF-8"?>
<!-- Generated by org.testng.reporters.JUnitReportReporter -->
<testsuite hostname="Jaya" failures="0" tests="15" name="dsAlgoTests.GraphTest" time="20.034" errors="1" timestamp="2025-02-05T21:37:24 EST" skipped="14">
  <testcase classname="dsAlgoTests.GraphTest" name="verifyCodeExecutionforGraphPage" time="6.478">
    <skipped/>
  </testcase> <!-- verifyCodeExecutionforGraphPage -->
  <system-out/>
  <testcase classname="dsAlgoTests.GraphTest" name="seeListOfPracticeQuestionsonGraphPage" time="3.990">
    <skipped/>
  </testcase> <!-- seeListOfPracticeQuestionsonGraphPage -->
  <system-out/>
  <testcase classname="dsAlgoTests.GraphTest" name="navigateGraphPage" time="3.441">
    <error message="stale element reference: stale element not found
  (Session info: chrome=132.0.6834.160)
For documentation on this error, please visit: https://www.selenium.dev/documentation/webdriver/troubleshooting/errors#stale-element-reference-exception
Build info: version: &#039;4.17.0&#039;, revision: &#039;e52b1be057*&#039;
System info: os.name: &#039;Windows 11&#039;, os.arch: &#039;amd64&#039;, os.version: &#039;10.0&#039;, java.version: &#039;23.0.1&#039;
Driver info: org.openqa.selenium.chrome.ChromeDriver
Command: [48a0ed566740e731e9cced2f76468dbf, clickElement {id=f.F408D8B2C85E475D90EB813A2897D44F.d.A2412622362CF102301C587D12078C44.e.2}]
Capabilities {acceptInsecureCerts: false, browserName: chrome, browserVersion: 132.0.6834.160, chrome: {chromedriverVersion: 132.0.6834.159 (2d77d3fc445..., userDataDir: C:\Users\JAYAKU~1\AppData\L...}, fedcm:accounts: true, goog:chromeOptions: {debuggerAddress: localhost:51204}, networkConnectionEnabled: false, pageLoadStrategy: normal, platformName: windows, proxy: Proxy(), se:cdp: ws://localhost:51204/devtoo..., se:cdpVersion: 132.0.6834.160, setWindowRect: true, strictFileInteractability: false, timeouts: {implicit: 0, pageLoad: 300000, script: 30000}, unhandledPromptBehavior: dismiss and notify, webauthn:extension:credBlob: true, webauthn:extension:largeBlob: true, webauthn:extension:minPinLength: true, webauthn:extension:prf: true, webauthn:virtualAuthenticators: true}
Element: [[ChromeDriver: chrome on windows (48a0ed566740e731e9cced2f76468dbf)] -&gt; xpath: //button[@class=&#039;btn&#039;]]
Session ID: 48a0ed566740e731e9cced2f76468dbf" type="org.openqa.selenium.StaleElementReferenceException">
      <![CDATA[org.openqa.selenium.StaleElementReferenceException: stale element reference: stale element not found
  (Session info: chrome=132.0.6834.160)
For documentation on this error, please visit: https://www.selenium.dev/documentation/webdriver/troubleshooting/errors#stale-element-reference-exception
Build info: version: '4.17.0', revision: 'e52b1be057*'
System info: os.name: 'Windows 11', os.arch: 'amd64', os.version: '10.0', java.version: '23.0.1'
Driver info: org.openqa.selenium.chrome.ChromeDriver
Command: [48a0ed566740e731e9cced2f76468dbf, clickElement {id=f.F408D8B2C85E475D90EB813A2897D44F.d.A2412622362CF102301C587D12078C44.e.2}]
Capabilities {acceptInsecureCerts: false, browserName: chrome, browserVersion: 132.0.6834.160, chrome: {chromedriverVersion: 132.0.6834.159 (2d77d3fc445..., userDataDir: C:\Users\JAYAKU~1\AppData\L...}, fedcm:accounts: true, goog:chromeOptions: {debuggerAddress: localhost:51204}, networkConnectionEnabled: false, pageLoadStrategy: normal, platformName: windows, proxy: Proxy(), se:cdp: ws://localhost:51204/devtoo..., se:cdpVersion: 132.0.6834.160, setWindowRect: true, strictFileInteractability: false, timeouts: {implicit: 0, pageLoad: 300000, script: 30000}, unhandledPromptBehavior: dismiss and notify, webauthn:extension:credBlob: true, webauthn:extension:largeBlob: true, webauthn:extension:minPinLength: true, webauthn:extension:prf: true, webauthn:virtualAuthenticators: true}
Element: [[ChromeDriver: chrome on windows (48a0ed566740e731e9cced2f76468dbf)] -> xpath: //button[@class='btn']]
Session ID: 48a0ed566740e731e9cced2f76468dbf
at java.base/jdk.internal.reflect.DirectConstructorHandleAccessor.newInstance(DirectConstructorHandleAccessor.java:62)
at java.base/java.lang.reflect.Constructor.newInstanceWithCaller(Constructor.java:501)
at java.base/java.lang.reflect.Constructor.newInstance(Constructor.java:485)
at org.openqa.selenium.remote.codec.w3c.W3CHttpResponseCodec.createException(W3CHttpResponseCodec.java:185)
at org.openqa.selenium.remote.codec.w3c.W3CHttpResponseCodec.decode(W3CHttpResponseCodec.java:134)
at org.openqa.selenium.remote.codec.w3c.W3CHttpResponseCodec.decode(W3CHttpResponseCodec.java:51)
at org.openqa.selenium.remote.HttpCommandExecutor.execute(HttpCommandExecutor.java:190)
at org.openqa.selenium.remote.service.DriverCommandExecutor.invokeExecute(DriverCommandExecutor.java:216)
at org.openqa.selenium.remote.service.DriverCommandExecutor.execute(DriverCommandExecutor.java:174)
at org.openqa.selenium.remote.RemoteWebDriver.execute(RemoteWebDriver.java:519)
at org.openqa.selenium.remote.RemoteWebElement.execute(RemoteWebElement.java:223)
at org.openqa.selenium.remote.RemoteWebElement.click(RemoteWebElement.java:76)
at java.base/jdk.internal.reflect.DirectMethodHandleAccessor.invoke(DirectMethodHandleAccessor.java:103)
at java.base/java.lang.reflect.Method.invoke(Method.java:580)
at org.openqa.selenium.support.pagefactory.internal.LocatingElementHandler.invoke(LocatingElementHandler.java:51)
at jdk.proxy2/jdk.proxy2.$Proxy16.click(Unknown Source)
at dsAlgoPages.HomePage.clickLaunchPageGetstartedbutton(HomePage.java:62)
at dsAlgoTests.GraphTest.navigateGraphPage(GraphTest.java:33)
at java.base/jdk.internal.reflect.DirectMethodHandleAccessor.invoke(DirectMethodHandleAccessor.java:103)
at java.base/java.lang.reflect.Method.invoke(Method.java:580)
at org.testng.internal.MethodInvocationHelper.invokeMethod(MethodInvocationHelper.java:133)
at org.testng.internal.MethodInvocationHelper.invokeMethodConsideringTimeout(MethodInvocationHelper.java:62)
at org.testng.internal.ConfigInvoker.invokeConfigurationMethod(ConfigInvoker.java:385)
at org.testng.internal.ConfigInvoker.invokeConfigurations(ConfigInvoker.java:321)
at org.testng.internal.TestInvoker.runConfigMethods(TestInvoker.java:700)
at org.testng.internal.TestInvoker.invokeMethod(TestInvoker.java:527)
at org.testng.internal.TestInvoker.invokeTestMethod(TestInvoker.java:173)
at org.testng.internal.MethodRunner.runInSequence(MethodRunner.java:46)
at org.testng.internal.TestInvoker$MethodInvocationAgent.invoke(TestInvoker.java:824)
at org.testng.internal.TestInvoker.invokeTestMethods(TestInvoker.java:146)
at org.testng.internal.TestMethodWorker.invokeTestMethods(TestMethodWorker.java:146)
at org.testng.internal.TestMethodWorker.run(TestMethodWorker.java:128)
at java.base/java.util.concurrent.ThreadPoolExecutor.runWorker(ThreadPoolExecutor.java:1144)
at java.base/java.util.concurrent.ThreadPoolExecutor$Worker.run(ThreadPoolExecutor.java:642)
at java.base/java.lang.Thread.run(Thread.java:1575)
]]>
    </error>
  </testcase> <!-- navigateGraphPage -->
  <system-out/>
  <testcase classname="dsAlgoTests.GraphTest" name="navigatetoGraphModuletryeditor" time="3.446">
    <skipped/>
  </testcase> <!-- navigatetoGraphModuletryeditor -->
  <system-out/>
  <testcase classname="dsAlgoTests.GraphTest" name="navigateToGraphRepresentationPracticeQuestions" time="2.679">
    <skipped/>
  </testcase> <!-- navigateToGraphRepresentationPracticeQuestions -->
  <system-out/>
  <testcase classname="dsAlgoTests.GraphTest" name="verifyCodeExecutionforGraphPage" time="0.000">
    <skipped/>
  </testcase> <!-- verifyCodeExecutionforGraphPage -->
  <system-out/>
  <testcase classname="dsAlgoTests.GraphTest" name="navigateToGraphPracticeQuestions" time="0.000">
    <skipped/>
  </testcase> <!-- navigateToGraphPracticeQuestions -->
  <system-out/>
  <testcase classname="dsAlgoTests.GraphTest" name="navigatetoGraphRepresentation" time="0.000">
    <skipped/>
  </testcase> <!-- navigatetoGraphRepresentation -->
  <system-out/>
  <testcase classname="dsAlgoTests.GraphTest" name="seeListOfPracticeQuestionsonGraphReprePage" time="0.000">
    <skipped/>
  </testcase> <!-- seeListOfPracticeQuestionsonGraphReprePage -->
  <system-out/>
  <testcase classname="dsAlgoTests.GraphTest" name="checkErrorMessageWhenExecutingWithoutCodeInGraphPage" time="0.000">
    <skipped/>
  </testcase> <!-- checkErrorMessageWhenExecutingWithoutCodeInGraphPage -->
  <system-out/>
  <testcase classname="dsAlgoTests.GraphTest" name="navigatetoGraphModule" time="0.000">
    <skipped/>
  </testcase> <!-- navigatetoGraphModule -->
  <system-out/>
  <testcase classname="dsAlgoTests.GraphTest" name="checkErrorMessageWhenExecutingWithoutCodeInGraphReprePage" time="0.000">
    <skipped/>
  </testcase> <!-- checkErrorMessageWhenExecutingWithoutCodeInGraphReprePage -->
  <system-out/>
  <testcase classname="dsAlgoTests.GraphTest" name="verifyCodeExecutionforGraphRepresentationPage" time="0.000">
    <skipped/>
  </testcase> <!-- verifyCodeExecutionforGraphRepresentationPage -->
  <system-out/>
  <testcase classname="dsAlgoTests.GraphTest" name="navigatetoGraphRepresentationtryeditor" time="0.000">
    <skipped/>
  </testcase> <!-- navigatetoGraphRepresentationtryeditor -->
  <system-out/>
  <testcase classname="dsAlgoTests.GraphTest" name="verifyCodeExecutionforGraphRepresentationPage" time="0.000">
    <skipped/>
  </testcase> <!-- verifyCodeExecutionforGraphRepresentationPage -->
  <system-out/>
</testsuite> <!-- dsAlgoTests.GraphTest -->
