<?xml version="1.0" encoding="UTF-8"?>
<!-- Generated by org.testng.reporters.JUnitReportReporter -->
<testsuite hostname="sukeerthsahana" failures="0" tests="25" name="dsAlgoTests.QueueTest" time="5.463" errors="1" timestamp="2025-02-05T12:28:42 CST" skipped="24">
  <testcase classname="dsAlgoTests.QueueTest" name="navigatetoImplementationUsingCollectionsDequeTryEditor" time="2.855">
    <skipped/>
  </testcase> <!-- navigatetoImplementationUsingCollectionsDequeTryEditor -->
  <system-out/>
  <testcase classname="dsAlgoTests.QueueTest" name="verifyCodeExecutionForQueueTryEditor" time="0.000">
    <skipped/>
  </testcase> <!-- verifyCodeExecutionForQueueTryEditor -->
  <system-out/>
  <testcase classname="dsAlgoTests.QueueTest" name="verifyCodeExecutionForQueueTryEditor" time="0.000">
    <skipped/>
  </testcase> <!-- verifyCodeExecutionForQueueTryEditor -->
  <system-out/>
  <testcase classname="dsAlgoTests.QueueTest" name="navigateToImplementationUsingArrayTryEditor" time="0.000">
    <skipped/>
  </testcase> <!-- navigateToImplementationUsingArrayTryEditor -->
  <system-out/>
  <testcase classname="dsAlgoTests.QueueTest" name="navigateToQueueOperationsTryEditor" time="0.000">
    <skipped/>
  </testcase> <!-- navigateToQueueOperationsTryEditor -->
  <system-out/>
  <testcase classname="dsAlgoTests.QueueTest" name="checkErrorMessageWhenExecutingWithoutCodeInImplementationUsingCollectionsDeque" time="0.000">
    <skipped/>
  </testcase> <!-- checkErrorMessageWhenExecutingWithoutCodeInImplementationUsingCollectionsDeque -->
  <system-out/>
  <testcase classname="dsAlgoTests.QueueTest" name="checkErrorMeaasgeWhenExecutingWithoutCodeInImplementationOfQueueInPython" time="0.000">
    <skipped/>
  </testcase> <!-- checkErrorMeaasgeWhenExecutingWithoutCodeInImplementationOfQueueInPython -->
  <system-out/>
  <testcase classname="dsAlgoTests.QueueTest" name="navigateToPracticeQuestionOfImplementationOfQueueInPython" time="0.000">
    <skipped/>
  </testcase> <!-- navigateToPracticeQuestionOfImplementationOfQueueInPython -->
  <system-out/>
  <testcase classname="dsAlgoTests.QueueTest" name="navigatetoImplementationUsingCollectionsDeque" time="0.000">
    <skipped/>
  </testcase> <!-- navigatetoImplementationUsingCollectionsDeque -->
  <system-out/>
  <testcase classname="dsAlgoTests.QueueTest" name="navigateToPracticeQuestionImplementationUsingCollectionsDeque" time="0.000">
    <skipped/>
  </testcase> <!-- navigateToPracticeQuestionImplementationUsingCollectionsDeque -->
  <system-out/>
  <testcase classname="dsAlgoTests.QueueTest" name="verifyCodeExecutionForQueueTryEditor" time="0.000">
    <skipped/>
  </testcase> <!-- verifyCodeExecutionForQueueTryEditor -->
  <system-out/>
  <testcase classname="dsAlgoTests.QueueTest" name="checkErrorMeaasgeWhenExecutingWithoutCodeInQueueOperations" time="0.000">
    <skipped/>
  </testcase> <!-- checkErrorMeaasgeWhenExecutingWithoutCodeInQueueOperations -->
  <system-out/>
  <testcase classname="dsAlgoTests.QueueTest" name="verifyCodeExecutionForQueueTryEditor" time="0.000">
    <skipped/>
  </testcase> <!-- verifyCodeExecutionForQueueTryEditor -->
  <system-out/>
  <testcase classname="dsAlgoTests.QueueTest" name="navigateToImplementationUsingArray" time="0.000">
    <skipped/>
  </testcase> <!-- navigateToImplementationUsingArray -->
  <system-out/>
  <testcase classname="dsAlgoTests.QueueTest" name="listOfPracticeQuestionImplementationUsingCollectionsDeque" time="0.000">
    <skipped/>
  </testcase> <!-- listOfPracticeQuestionImplementationUsingCollectionsDeque -->
  <system-out/>
  <testcase classname="dsAlgoTests.QueueTest" name="navigatetoQueuepage" time="2.608">
    <error message="stale element reference: stale element not found
  (Session info: chrome=133.0.6943.53)
For documentation on this error, please visit: https://www.selenium.dev/documentation/webdriver/troubleshooting/errors#stale-element-reference-exception
Build info: version: &#039;4.17.0&#039;, revision: &#039;e52b1be057*&#039;
System info: os.name: &#039;Windows 11&#039;, os.arch: &#039;amd64&#039;, os.version: &#039;10.0&#039;, java.version: &#039;21.0.3&#039;
Driver info: org.openqa.selenium.chrome.ChromeDriver
Command: [f0d3e86b257f69097dcac8efb7d4f8bb, clickElement {id=f.3D152F56474B33DB59B0F455C8DD13D1.d.6D273FAE5BDBE7271BB09A90DD80E086.e.4}]
Capabilities {acceptInsecureCerts: false, browserName: chrome, browserVersion: 133.0.6943.53, chrome: {chromedriverVersion: 133.0.6943.53 (9a80935019b0..., userDataDir: C:\Users\sahan\AppData\Loca...}, fedcm:accounts: true, goog:chromeOptions: {debuggerAddress: localhost:57107}, networkConnectionEnabled: false, pageLoadStrategy: normal, platformName: windows, proxy: Proxy(), se:cdp: ws://localhost:57107/devtoo..., se:cdpVersion: 133.0.6943.53, setWindowRect: true, strictFileInteractability: false, timeouts: {implicit: 0, pageLoad: 300000, script: 30000}, unhandledPromptBehavior: dismiss and notify, webauthn:extension:credBlob: true, webauthn:extension:largeBlob: true, webauthn:extension:minPinLength: true, webauthn:extension:prf: true, webauthn:virtualAuthenticators: true}
Element: [[ChromeDriver: chrome on windows (f0d3e86b257f69097dcac8efb7d4f8bb)] -&gt; xpath: //button[@class=&#039;btn&#039;]]
Session ID: f0d3e86b257f69097dcac8efb7d4f8bb" type="org.openqa.selenium.StaleElementReferenceException">
      <![CDATA[org.openqa.selenium.StaleElementReferenceException: stale element reference: stale element not found
  (Session info: chrome=133.0.6943.53)
For documentation on this error, please visit: https://www.selenium.dev/documentation/webdriver/troubleshooting/errors#stale-element-reference-exception
Build info: version: '4.17.0', revision: 'e52b1be057*'
System info: os.name: 'Windows 11', os.arch: 'amd64', os.version: '10.0', java.version: '21.0.3'
Driver info: org.openqa.selenium.chrome.ChromeDriver
Command: [f0d3e86b257f69097dcac8efb7d4f8bb, clickElement {id=f.3D152F56474B33DB59B0F455C8DD13D1.d.6D273FAE5BDBE7271BB09A90DD80E086.e.4}]
Capabilities {acceptInsecureCerts: false, browserName: chrome, browserVersion: 133.0.6943.53, chrome: {chromedriverVersion: 133.0.6943.53 (9a80935019b0..., userDataDir: C:\Users\sahan\AppData\Loca...}, fedcm:accounts: true, goog:chromeOptions: {debuggerAddress: localhost:57107}, networkConnectionEnabled: false, pageLoadStrategy: normal, platformName: windows, proxy: Proxy(), se:cdp: ws://localhost:57107/devtoo..., se:cdpVersion: 133.0.6943.53, setWindowRect: true, strictFileInteractability: false, timeouts: {implicit: 0, pageLoad: 300000, script: 30000}, unhandledPromptBehavior: dismiss and notify, webauthn:extension:credBlob: true, webauthn:extension:largeBlob: true, webauthn:extension:minPinLength: true, webauthn:extension:prf: true, webauthn:virtualAuthenticators: true}
Element: [[ChromeDriver: chrome on windows (f0d3e86b257f69097dcac8efb7d4f8bb)] -> xpath: //button[@class='btn']]
Session ID: f0d3e86b257f69097dcac8efb7d4f8bb
at java.base/jdk.internal.reflect.DirectConstructorHandleAccessor.newInstance(DirectConstructorHandleAccessor.java:62)
at java.base/java.lang.reflect.Constructor.newInstanceWithCaller(Constructor.java:502)
at java.base/java.lang.reflect.Constructor.newInstance(Constructor.java:486)
at org.openqa.selenium.remote.codec.w3c.W3CHttpResponseCodec.createException(W3CHttpResponseCodec.java:185)
at org.openqa.selenium.remote.codec.w3c.W3CHttpResponseCodec.decode(W3CHttpResponseCodec.java:134)
at org.openqa.selenium.remote.codec.w3c.W3CHttpResponseCodec.decode(W3CHttpResponseCodec.java:51)
at org.openqa.selenium.remote.HttpCommandExecutor.execute(HttpCommandExecutor.java:190)
at org.openqa.selenium.remote.service.DriverCommandExecutor.invokeExecute(DriverCommandExecutor.java:216)
at org.openqa.selenium.remote.service.DriverCommandExecutor.execute(DriverCommandExecutor.java:174)
at org.openqa.selenium.remote.RemoteWebDriver.execute(RemoteWebDriver.java:519)
at org.openqa.selenium.remote.RemoteWebElement.execute(RemoteWebElement.java:223)
at org.openqa.selenium.remote.RemoteWebElement.click(RemoteWebElement.java:76)
at java.base/jdk.internal.reflect.DirectMethodHandleAccessor.invoke(DirectMethodHandleAccessor.java:103)
at java.base/java.lang.reflect.Method.invoke(Method.java:580)
at org.openqa.selenium.support.pagefactory.internal.LocatingElementHandler.invoke(LocatingElementHandler.java:51)
at jdk.proxy2/jdk.proxy2.$Proxy14.click(Unknown Source)
at dsAlgoPages.HomePage.clickLaunchPageGetstartedbutton(HomePage.java:62)
at dsAlgoTests.QueueTest.navigatetoQueuepage(QueueTest.java:33)
at java.base/jdk.internal.reflect.DirectMethodHandleAccessor.invoke(DirectMethodHandleAccessor.java:103)
at java.base/java.lang.reflect.Method.invoke(Method.java:580)
at org.testng.internal.MethodInvocationHelper.invokeMethod(MethodInvocationHelper.java:133)
at org.testng.internal.MethodInvocationHelper.invokeMethodConsideringTimeout(MethodInvocationHelper.java:62)
at org.testng.internal.ConfigInvoker.invokeConfigurationMethod(ConfigInvoker.java:385)
at org.testng.internal.ConfigInvoker.invokeConfigurations(ConfigInvoker.java:321)
at org.testng.internal.TestInvoker.runConfigMethods(TestInvoker.java:700)
at org.testng.internal.TestInvoker.invokeMethod(TestInvoker.java:527)
at org.testng.internal.TestInvoker.invokeTestMethod(TestInvoker.java:173)
at org.testng.internal.MethodRunner.runInSequence(MethodRunner.java:46)
at org.testng.internal.TestInvoker$MethodInvocationAgent.invoke(TestInvoker.java:824)
at org.testng.internal.TestInvoker.invokeTestMethods(TestInvoker.java:146)
at org.testng.internal.TestMethodWorker.invokeTestMethods(TestMethodWorker.java:146)
at org.testng.internal.TestMethodWorker.run(TestMethodWorker.java:128)
at java.base/java.util.concurrent.ThreadPoolExecutor.runWorker(ThreadPoolExecutor.java:1144)
at java.base/java.util.concurrent.ThreadPoolExecutor$Worker.run(ThreadPoolExecutor.java:642)
at java.base/java.lang.Thread.run(Thread.java:1583)
]]>
    </error>
  </testcase> <!-- navigatetoQueuepage -->
  <system-out/>
  <testcase classname="dsAlgoTests.QueueTest" name="navigatetoImplementationOfQueueInPythonTryEditor" time="0.000">
    <skipped/>
  </testcase> <!-- navigatetoImplementationOfQueueInPythonTryEditor -->
  <system-out/>
  <testcase classname="dsAlgoTests.QueueTest" name="verifyCodeExecutionForQueueTryEditor" time="0.000">
    <skipped/>
  </testcase> <!-- verifyCodeExecutionForQueueTryEditor -->
  <system-out/>
  <testcase classname="dsAlgoTests.QueueTest" name="verifyCodeExecutionForQueueTryEditor" time="0.000">
    <skipped/>
  </testcase> <!-- verifyCodeExecutionForQueueTryEditor -->
  <system-out/>
  <testcase classname="dsAlgoTests.QueueTest" name="navigatetoImplementationOfQueueInPython" time="0.000">
    <skipped/>
  </testcase> <!-- navigatetoImplementationOfQueueInPython -->
  <system-out/>
  <testcase classname="dsAlgoTests.QueueTest" name="listOfPracticeQuestionOfImplementationOfQueueInPython" time="0.000">
    <skipped/>
  </testcase> <!-- listOfPracticeQuestionOfImplementationOfQueueInPython -->
  <system-out/>
  <testcase classname="dsAlgoTests.QueueTest" name="verifyCodeExecutionForQueueTryEditor" time="0.000">
    <skipped/>
  </testcase> <!-- verifyCodeExecutionForQueueTryEditor -->
  <system-out/>
  <testcase classname="dsAlgoTests.QueueTest" name="checkErrorMeaasgeWhenExecutingWithoutCodeInImplementationUsingArray" time="0.000">
    <skipped/>
  </testcase> <!-- checkErrorMeaasgeWhenExecutingWithoutCodeInImplementationUsingArray -->
  <system-out/>
  <testcase classname="dsAlgoTests.QueueTest" name="navigateToQueueOperations" time="0.000">
    <skipped/>
  </testcase> <!-- navigateToQueueOperations -->
  <system-out/>
  <testcase classname="dsAlgoTests.QueueTest" name="verifyCodeExecutionForQueueTryEditor" time="0.000">
    <skipped/>
  </testcase> <!-- verifyCodeExecutionForQueueTryEditor -->
  <system-out/>
</testsuite> <!-- dsAlgoTests.QueueTest -->
