<?xml version="1.0" encoding="UTF-8"?>
<!-- Generated by org.testng.reporters.JUnitReportReporter -->
<testsuite hostname="Vaibhav" failures="0" tests="16" name="dsAlgoTests.ArrayTest" time="2.976" errors="1" timestamp="2025-02-06T01:00:59 IST" skipped="15">
  <testcase classname="dsAlgoTests.ArrayTest" name="navigateToBasicOperationInList" time="2.097">
    <skipped/>
  </testcase> <!-- navigateToBasicOperationInList -->
  <system-out/>
  <testcase classname="dsAlgoTests.ArrayTest" name="checkErrorMessageWhenExecutingWithoutCodeInArrayInPythonForTryEditor" time="0.000">
    <skipped/>
  </testcase> <!-- checkErrorMessageWhenExecutingWithoutCodeInArrayInPythonForTryEditor -->
  <system-out/>
  <testcase classname="dsAlgoTests.ArrayTest" name="checkErrorMessageWhenExecutingWithoutCodeArrayUsingListForTryEditor" time="0.000">
    <skipped/>
  </testcase> <!-- checkErrorMessageWhenExecutingWithoutCodeArrayUsingListForTryEditor -->
  <system-out/>
  <testcase classname="dsAlgoTests.ArrayTest" name="navigateToArrayUsingListTryEditor" time="0.000">
    <skipped/>
  </testcase> <!-- navigateToArrayUsingListTryEditor -->
  <system-out/>
  <testcase classname="dsAlgoTests.ArrayTest" name="checkErrorMessageWhenExecutingWithoutCodeBasicOperationInListsForTryEditor" time="0.000">
    <skipped/>
  </testcase> <!-- checkErrorMessageWhenExecutingWithoutCodeBasicOperationInListsForTryEditor -->
  <system-out/>
  <testcase classname="dsAlgoTests.ArrayTest" name="navigateToArrayUsingList" time="0.000">
    <skipped/>
  </testcase> <!-- navigateToArrayUsingList -->
  <system-out/>
  <testcase classname="dsAlgoTests.ArrayTest" name="navigateToArrayInPython" time="0.000">
    <skipped/>
  </testcase> <!-- navigateToArrayInPython -->
  <system-out/>
  <testcase classname="dsAlgoTests.ArrayTest" name="navigateToApplicationOfArray" time="0.000">
    <skipped/>
  </testcase> <!-- navigateToApplicationOfArray -->
  <system-out/>
  <testcase classname="dsAlgoTests.ArrayTest" name="verifyCodeExecutionForArraySections" time="0.000">
    <skipped/>
  </testcase> <!-- verifyCodeExecutionForArraySections -->
  <system-out/>
  <testcase classname="dsAlgoTests.ArrayTest" name="checkErrorMessageWhenExecutingWithoutCodeApplicationofArrayForTryEditor" time="0.000">
    <skipped/>
  </testcase> <!-- checkErrorMessageWhenExecutingWithoutCodeApplicationofArrayForTryEditor -->
  <system-out/>
  <testcase classname="dsAlgoTests.ArrayTest" name="PracticeQuestionVaildAndInvalidDataWithRunButton" time="0.000">
    <skipped/>
  </testcase> <!-- PracticeQuestionVaildAndInvalidDataWithRunButton -->
  <system-out/>
  <testcase classname="dsAlgoTests.ArrayTest" name="PracticeQuestionVaildAndInvalidDataWithSubmitButton" time="0.000">
    <skipped/>
  </testcase> <!-- PracticeQuestionVaildAndInvalidDataWithSubmitButton -->
  <system-out/>
  <testcase classname="dsAlgoTests.ArrayTest" name="navigateToBasicOperationInListTryEditor" time="0.000">
    <skipped/>
  </testcase> <!-- navigateToBasicOperationInListTryEditor -->
  <system-out/>
  <testcase classname="dsAlgoTests.ArrayTest" name="navigateToApplicationOfArrayTryEditor" time="0.000">
    <skipped/>
  </testcase> <!-- navigateToApplicationOfArrayTryEditor -->
  <system-out/>
  <testcase classname="dsAlgoTests.ArrayTest" name="navigateToArrayInPythonTryEditor" time="0.000">
    <skipped/>
  </testcase> <!-- navigateToArrayInPythonTryEditor -->
  <system-out/>
  <testcase classname="dsAlgoTests.ArrayTest" name="navigateToArrayPage" time="0.879">
    <error message="no such window: target window already closed
from unknown error: web view not found
  (Session info: chrome=132.0.6834.160)
Build info: version: &#039;4.17.0&#039;, revision: &#039;e52b1be057*&#039;
System info: os.name: &#039;Windows 11&#039;, os.arch: &#039;amd64&#039;, os.version: &#039;10.0&#039;, java.version: &#039;23.0.1&#039;
Driver info: org.openqa.selenium.chrome.ChromeDriver
Command: [0268d6cc9587bb1c299b12501e5d4c3b, findElement {using=id, value=id_password}]
Capabilities {acceptInsecureCerts: false, browserName: chrome, browserVersion: 132.0.6834.160, chrome: {chromedriverVersion: 132.0.6834.159 (2d77d3fc445..., userDataDir: C:\Users\shaal\AppData\Loca...}, fedcm:accounts: true, goog:chromeOptions: {debuggerAddress: localhost:53802}, networkConnectionEnabled: false, pageLoadStrategy: normal, platformName: windows, proxy: Proxy(), se:cdp: ws://localhost:53802/devtoo..., se:cdpVersion: 132.0.6834.160, setWindowRect: true, strictFileInteractability: false, timeouts: {implicit: 0, pageLoad: 300000, script: 30000}, unhandledPromptBehavior: dismiss and notify, webauthn:extension:credBlob: true, webauthn:extension:largeBlob: true, webauthn:extension:minPinLength: true, webauthn:extension:prf: true, webauthn:virtualAuthenticators: true}
Session ID: 0268d6cc9587bb1c299b12501e5d4c3b" type="org.openqa.selenium.NoSuchWindowException">
      <![CDATA[org.openqa.selenium.NoSuchWindowException: no such window: target window already closed
from unknown error: web view not found
  (Session info: chrome=132.0.6834.160)
Build info: version: '4.17.0', revision: 'e52b1be057*'
System info: os.name: 'Windows 11', os.arch: 'amd64', os.version: '10.0', java.version: '23.0.1'
Driver info: org.openqa.selenium.chrome.ChromeDriver
Command: [0268d6cc9587bb1c299b12501e5d4c3b, findElement {using=id, value=id_password}]
Capabilities {acceptInsecureCerts: false, browserName: chrome, browserVersion: 132.0.6834.160, chrome: {chromedriverVersion: 132.0.6834.159 (2d77d3fc445..., userDataDir: C:\Users\shaal\AppData\Loca...}, fedcm:accounts: true, goog:chromeOptions: {debuggerAddress: localhost:53802}, networkConnectionEnabled: false, pageLoadStrategy: normal, platformName: windows, proxy: Proxy(), se:cdp: ws://localhost:53802/devtoo..., se:cdpVersion: 132.0.6834.160, setWindowRect: true, strictFileInteractability: false, timeouts: {implicit: 0, pageLoad: 300000, script: 30000}, unhandledPromptBehavior: dismiss and notify, webauthn:extension:credBlob: true, webauthn:extension:largeBlob: true, webauthn:extension:minPinLength: true, webauthn:extension:prf: true, webauthn:virtualAuthenticators: true}
Session ID: 0268d6cc9587bb1c299b12501e5d4c3b
at java.base/jdk.internal.reflect.DirectConstructorHandleAccessor.newInstance(DirectConstructorHandleAccessor.java:62)
at java.base/java.lang.reflect.Constructor.newInstanceWithCaller(Constructor.java:501)
at java.base/java.lang.reflect.Constructor.newInstance(Constructor.java:485)
at org.openqa.selenium.remote.codec.w3c.W3CHttpResponseCodec.createException(W3CHttpResponseCodec.java:185)
at org.openqa.selenium.remote.codec.w3c.W3CHttpResponseCodec.decode(W3CHttpResponseCodec.java:134)
at org.openqa.selenium.remote.codec.w3c.W3CHttpResponseCodec.decode(W3CHttpResponseCodec.java:51)
at org.openqa.selenium.remote.HttpCommandExecutor.execute(HttpCommandExecutor.java:190)
at org.openqa.selenium.remote.service.DriverCommandExecutor.invokeExecute(DriverCommandExecutor.java:216)
at org.openqa.selenium.remote.service.DriverCommandExecutor.execute(DriverCommandExecutor.java:174)
at org.openqa.selenium.remote.RemoteWebDriver.execute(RemoteWebDriver.java:519)
at org.openqa.selenium.remote.ElementLocation$ElementFinder$2.findElement(ElementLocation.java:165)
at org.openqa.selenium.remote.ElementLocation.findElement(ElementLocation.java:59)
at org.openqa.selenium.remote.RemoteWebDriver.findElement(RemoteWebDriver.java:356)
at org.openqa.selenium.remote.RemoteWebDriver.findElement(RemoteWebDriver.java:350)
at org.openqa.selenium.support.pagefactory.DefaultElementLocator.findElement(DefaultElementLocator.java:68)
at org.openqa.selenium.support.pagefactory.internal.LocatingElementHandler.invoke(LocatingElementHandler.java:38)
at jdk.proxy2/jdk.proxy2.$Proxy14.sendKeys(Unknown Source)
at dsAlgoPages.SigninPage.sendtextpassword(SigninPage.java:80)
at dsAlgoTests.ArrayTest.navigateToArrayPage(ArrayTest.java:46)
at java.base/jdk.internal.reflect.DirectMethodHandleAccessor.invoke(DirectMethodHandleAccessor.java:103)
at java.base/java.lang.reflect.Method.invoke(Method.java:580)
at org.testng.internal.MethodInvocationHelper.invokeMethod(MethodInvocationHelper.java:133)
at org.testng.internal.MethodInvocationHelper.invokeMethodConsideringTimeout(MethodInvocationHelper.java:62)
at org.testng.internal.ConfigInvoker.invokeConfigurationMethod(ConfigInvoker.java:385)
at org.testng.internal.ConfigInvoker.invokeConfigurations(ConfigInvoker.java:321)
at org.testng.internal.TestInvoker.runConfigMethods(TestInvoker.java:700)
at org.testng.internal.TestInvoker.invokeMethod(TestInvoker.java:527)
at org.testng.internal.TestInvoker.invokeTestMethod(TestInvoker.java:173)
at org.testng.internal.MethodRunner.runInSequence(MethodRunner.java:46)
at org.testng.internal.TestInvoker$MethodInvocationAgent.invoke(TestInvoker.java:824)
at org.testng.internal.TestInvoker.invokeTestMethods(TestInvoker.java:146)
at org.testng.internal.TestMethodWorker.invokeTestMethods(TestMethodWorker.java:146)
at org.testng.internal.TestMethodWorker.run(TestMethodWorker.java:128)
at java.base/java.util.ArrayList.forEach(ArrayList.java:1597)
at org.testng.TestRunner.privateRun(TestRunner.java:794)
at org.testng.TestRunner.run(TestRunner.java:596)
at org.testng.SuiteRunner.runTest(SuiteRunner.java:377)
at org.testng.SuiteRunner.access$000(SuiteRunner.java:28)
at org.testng.SuiteRunner$SuiteWorker.run(SuiteRunner.java:418)
at org.testng.internal.thread.ThreadUtil.lambda$execute$0(ThreadUtil.java:64)
at java.base/java.util.concurrent.FutureTask.run(FutureTask.java:317)
at java.base/java.util.concurrent.ThreadPoolExecutor.runWorker(ThreadPoolExecutor.java:1144)
at java.base/java.util.concurrent.ThreadPoolExecutor$Worker.run(ThreadPoolExecutor.java:642)
at java.base/java.lang.Thread.run(Thread.java:1575)
]]>
    </error>
  </testcase> <!-- navigateToArrayPage -->
  <system-out/>
</testsuite> <!-- dsAlgoTests.ArrayTest -->
