<?xml version="1.0" encoding="UTF-8"?>
<!-- Generated by org.testng.reporters.JUnitXMLReporter -->
<testsuite ignored="1" hostname="sukeerthsahana" failures="2" tests="22" name="ParallelTests" time="16.824" errors="0" timestamp="2025-02-05T20:57:24 CST">
  <testcase classname="dsAlgoTests.HomeTest" name="@BeforeMethod navigateToDsAlgoApplication" time="0.663">
    <failure type="org.openqa.selenium.StaleElementReferenceException" message="stale element reference: stale element not found
  (Session info: chrome=133.0.6943.53)
For documentation on this error, please visit: https://www.selenium.dev/documentation/webdriver/troubleshooting/errors#stale-element-reference-exception
Build info: version: &amp;apos;4.17.0&amp;apos;, revision: &amp;apos;e52b1be057*&amp;apos;
System info: os.name: &amp;apos;Windows 11&amp;apos;, os.arch: &amp;apos;amd64&amp;apos;, os.version: &amp;apos;10.0&amp;apos;, java.version: &amp;apos;21.0.3&amp;apos;
Driver info: org.openqa.selenium.chrome.ChromeDriver
Command: [6db0f8a5783bd38b2b2c121d5a21ae42, clickElement {id=f.7961CDF6FE461F56F0D99B7F6DAFE1FD.d.93592862CA7724D62CAF0E7BD0E97EAB.e.4}]
Capabilities {acceptInsecureCerts: false, browserName: chrome, browserVersion: 133.0.6943.53, chrome: {chromedriverVersion: 133.0.6943.53 (9a80935019b0..., userDataDir: C:\Users\sahan\AppData\Loca...}, fedcm:accounts: true, goog:chromeOptions: {debuggerAddress: localhost:63423}, networkConnectionEnabled: false, pageLoadStrategy: normal, platformName: windows, proxy: Proxy(), se:cdp: ws://localhost:63423/devtoo..., se:cdpVersion: 133.0.6943.53, setWindowRect: true, strictFileInteractability: false, timeouts: {implicit: 0, pageLoad: 300000, script: 30000}, unhandledPromptBehavior: dismiss and notify, webauthn:extension:credBlob: true, webauthn:extension:largeBlob: true, webauthn:extension:minPinLength: true, webauthn:extension:prf: true, webauthn:virtualAuthenticators: true}
Element: [[ChromeDriver: chrome on windows (6db0f8a5783bd38b2b2c121d5a21ae42)] -&amp;gt; xpath: //button[@class=&amp;apos;btn&amp;apos;]]
Session ID: 6db0f8a5783bd38b2b2c121d5a21ae42">
      <![CDATA[org.openqa.selenium.StaleElementReferenceException: stale element reference: stale element not found
  (Session info: chrome=133.0.6943.53)
For documentation on this error, please visit: https://www.selenium.dev/documentation/webdriver/troubleshooting/errors#stale-element-reference-exception
Build info: version: '4.17.0', revision: 'e52b1be057*'
System info: os.name: 'Windows 11', os.arch: 'amd64', os.version: '10.0', java.version: '21.0.3'
Driver info: org.openqa.selenium.chrome.ChromeDriver
Command: [6db0f8a5783bd38b2b2c121d5a21ae42, clickElement {id=f.7961CDF6FE461F56F0D99B7F6DAFE1FD.d.93592862CA7724D62CAF0E7BD0E97EAB.e.4}]
Capabilities {acceptInsecureCerts: false, browserName: chrome, browserVersion: 133.0.6943.53, chrome: {chromedriverVersion: 133.0.6943.53 (9a80935019b0..., userDataDir: C:\Users\sahan\AppData\Loca...}, fedcm:accounts: true, goog:chromeOptions: {debuggerAddress: localhost:63423}, networkConnectionEnabled: false, pageLoadStrategy: normal, platformName: windows, proxy: Proxy(), se:cdp: ws://localhost:63423/devtoo..., se:cdpVersion: 133.0.6943.53, setWindowRect: true, strictFileInteractability: false, timeouts: {implicit: 0, pageLoad: 300000, script: 30000}, unhandledPromptBehavior: dismiss and notify, webauthn:extension:credBlob: true, webauthn:extension:largeBlob: true, webauthn:extension:minPinLength: true, webauthn:extension:prf: true, webauthn:virtualAuthenticators: true}
Element: [[ChromeDriver: chrome on windows (6db0f8a5783bd38b2b2c121d5a21ae42)] -> xpath: //button[@class='btn']]
Session ID: 6db0f8a5783bd38b2b2c121d5a21ae42
at org.openqa.selenium.remote.codec.w3c.W3CHttpResponseCodec.createException(W3CHttpResponseCodec.java:185)
at org.openqa.selenium.remote.codec.w3c.W3CHttpResponseCodec.decode(W3CHttpResponseCodec.java:134)
at org.openqa.selenium.remote.codec.w3c.W3CHttpResponseCodec.decode(W3CHttpResponseCodec.java:51)
at org.openqa.selenium.remote.HttpCommandExecutor.execute(HttpCommandExecutor.java:190)
at org.openqa.selenium.remote.service.DriverCommandExecutor.invokeExecute(DriverCommandExecutor.java:216)
at org.openqa.selenium.remote.service.DriverCommandExecutor.execute(DriverCommandExecutor.java:174)
at org.openqa.selenium.remote.RemoteWebDriver.execute(RemoteWebDriver.java:519)
at org.openqa.selenium.remote.RemoteWebElement.execute(RemoteWebElement.java:223)
at org.openqa.selenium.remote.RemoteWebElement.click(RemoteWebElement.java:76)
at org.openqa.selenium.support.pagefactory.internal.LocatingElementHandler.invoke(LocatingElementHandler.java:51)
at jdk.proxy2/jdk.proxy2.$Proxy16.click(Unknown Source)
at dsAlgoPages.HomePage.clickLaunchPageGetstartedbutton(HomePage.java:62)
at dsAlgoTests.HomeTest.navigateToDsAlgoApplication(HomeTest.java:22)
at java.base/java.util.concurrent.ThreadPoolExecutor.runWorker(ThreadPoolExecutor.java:1144)
at java.base/java.util.concurrent.ThreadPoolExecutor$Worker.run(ThreadPoolExecutor.java:642)
at java.base/java.lang.Thread.run(Thread.java:1583)
... Removed 19 stack frames]]>
    </failure>
  </testcase> <!-- @BeforeMethod navigateToDsAlgoApplication -->
  <testcase classname="dsAlgoHooks.Hooks" name="@AfterMethod tearDownTest" time="-1.738810630838E9">
    <skipped/>
  </testcase> <!-- @AfterMethod tearDownTest -->
  <testcase classname="dsAlgoHooks.Hooks" name="@BeforeMethod setup" time="-1.73881063085E9">
    <skipped/>
  </testcase> <!-- @BeforeMethod setup -->
  <testcase classname="dsAlgoTests.HomeTest" name="@BeforeMethod navigateToDsAlgoApplication" time="-1.738810630852E9">
    <skipped/>
  </testcase> <!-- @BeforeMethod navigateToDsAlgoApplication -->
  <testcase classname="dsAlgoHooks.Hooks" name="@AfterMethod tearDownTest" time="-1.738810630867E9">
    <skipped/>
  </testcase> <!-- @AfterMethod tearDownTest -->
  <testcase classname="dsAlgoHooks.Hooks" name="@BeforeMethod setup" time="-1.73881063087E9">
    <skipped/>
  </testcase> <!-- @BeforeMethod setup -->
  <testcase classname="dsAlgoTests.HomeTest" name="@BeforeMethod navigateToDsAlgoApplication" time="-1.738810630872E9">
    <skipped/>
  </testcase> <!-- @BeforeMethod navigateToDsAlgoApplication -->
  <testcase classname="dsAlgoHooks.Hooks" name="@AfterMethod tearDownTest" time="-1.738810630881E9">
    <skipped/>
  </testcase> <!-- @AfterMethod tearDownTest -->
  <testcase classname="dsAlgoHooks.Hooks" name="@BeforeMethod setup" time="-1.738810630884E9">
    <skipped/>
  </testcase> <!-- @BeforeMethod setup -->
  <testcase classname="dsAlgoTests.HomeTest" name="@BeforeMethod navigateToDsAlgoApplication" time="-1.738810630886E9">
    <skipped/>
  </testcase> <!-- @BeforeMethod navigateToDsAlgoApplication -->
  <testcase classname="dsAlgoHooks.Hooks" name="@AfterMethod tearDownTest" time="-1.738810630893E9">
    <skipped/>
  </testcase> <!-- @AfterMethod tearDownTest -->
  <testcase classname="dsAlgoHooks.Hooks" name="@BeforeMethod setup" time="-1.738810630901E9">
    <skipped/>
  </testcase> <!-- @BeforeMethod setup -->
  <testcase classname="dsAlgoTests.HomeTest" name="@BeforeMethod navigateToDsAlgoApplication" time="-1.738810630902E9">
    <skipped/>
  </testcase> <!-- @BeforeMethod navigateToDsAlgoApplication -->
  <testcase classname="dsAlgoHooks.Hooks" name="@AfterMethod tearDownTest" time="-1.738810630909E9">
    <skipped/>
  </testcase> <!-- @AfterMethod tearDownTest -->
  <testcase classname="dsAlgoHooks.Hooks" name="@BeforeMethod setup" time="-1.738810630917E9">
    <skipped/>
  </testcase> <!-- @BeforeMethod setup -->
  <testcase classname="dsAlgoTests.HomeTest" name="@BeforeMethod navigateToDsAlgoApplication" time="-1.738810630919E9">
    <skipped/>
  </testcase> <!-- @BeforeMethod navigateToDsAlgoApplication -->
  <testcase classname="dsAlgoHooks.Hooks" name="@AfterMethod tearDownTest" time="-1.738810630926E9">
    <skipped/>
  </testcase> <!-- @AfterMethod tearDownTest -->
  <testcase classname="dsAlgoHooks.Hooks" name="@BeforeMethod setup" time="-1.738810630931E9">
    <skipped/>
  </testcase> <!-- @BeforeMethod setup -->
  <testcase classname="dsAlgoTests.HomeTest" name="@BeforeMethod navigateToDsAlgoApplication" time="-1.738810630933E9">
    <skipped/>
  </testcase> <!-- @BeforeMethod navigateToDsAlgoApplication -->
  <testcase classname="dsAlgoHooks.Hooks" name="@AfterMethod tearDownTest" time="-1.738810630941E9">
    <skipped/>
  </testcase> <!-- @AfterMethod tearDownTest -->
  <testcase classname="dsAlgoHooks.Hooks" name="@BeforeMethod setup" time="-1.738810630943E9">
    <skipped/>
  </testcase> <!-- @BeforeMethod setup -->
  <testcase classname="dsAlgoTests.HomeTest" name="@BeforeMethod navigateToDsAlgoApplication" time="-1.738810630947E9">
    <skipped/>
  </testcase> <!-- @BeforeMethod navigateToDsAlgoApplication -->
  <testcase classname="dsAlgoHooks.Hooks" name="@AfterMethod tearDownTest" time="-1.738810630953E9">
    <skipped/>
  </testcase> <!-- @AfterMethod tearDownTest -->
  <testcase classname="dsAlgoHooks.Hooks" name="@BeforeMethod setup" time="-1.738810630956E9">
    <skipped/>
  </testcase> <!-- @BeforeMethod setup -->
  <testcase classname="dsAlgoTests.HomeTest" name="@BeforeMethod navigateToDsAlgoApplication" time="-1.738810630957E9">
    <skipped/>
  </testcase> <!-- @BeforeMethod navigateToDsAlgoApplication -->
  <testcase classname="dsAlgoHooks.Hooks" name="@AfterMethod tearDownTest" time="-1.738810630964E9">
    <skipped/>
  </testcase> <!-- @AfterMethod tearDownTest -->
  <testcase classname="dsAlgoHooks.Hooks" name="@BeforeMethod setup" time="-1.738810630967E9">
    <skipped/>
  </testcase> <!-- @BeforeMethod setup -->
  <testcase classname="dsAlgoTests.HomeTest" name="@BeforeMethod navigateToDsAlgoApplication" time="-1.738810630968E9">
    <skipped/>
  </testcase> <!-- @BeforeMethod navigateToDsAlgoApplication -->
  <testcase classname="dsAlgoHooks.Hooks" name="@AfterMethod tearDownTest" time="-1.738810630973E9">
    <skipped/>
  </testcase> <!-- @AfterMethod tearDownTest -->
  <testcase classname="dsAlgoHooks.Hooks" name="@BeforeMethod setup" time="-1.738810630975E9">
    <skipped/>
  </testcase> <!-- @BeforeMethod setup -->
  <testcase classname="dsAlgoTests.HomeTest" name="@BeforeMethod navigateToDsAlgoApplication" time="-1.738810630976E9">
    <skipped/>
  </testcase> <!-- @BeforeMethod navigateToDsAlgoApplication -->
  <testcase classname="dsAlgoHooks.Hooks" name="@AfterMethod tearDownTest" time="-1.738810630983E9">
    <skipped/>
  </testcase> <!-- @AfterMethod tearDownTest -->
  <testcase classname="dsAlgoHooks.Hooks" name="@BeforeMethod setup" time="-1.738810630987E9">
    <skipped/>
  </testcase> <!-- @BeforeMethod setup -->
  <testcase classname="dsAlgoTests.HomeTest" name="@BeforeMethod navigateToDsAlgoApplication" time="-1.738810630988E9">
    <skipped/>
  </testcase> <!-- @BeforeMethod navigateToDsAlgoApplication -->
  <testcase classname="dsAlgoHooks.Hooks" name="@AfterMethod tearDownTest" time="-1.738810630993E9">
    <skipped/>
  </testcase> <!-- @AfterMethod tearDownTest -->
  <testcase classname="dsAlgoHooks.Hooks" name="@BeforeMethod setup" time="-1.738810630999E9">
    <skipped/>
  </testcase> <!-- @BeforeMethod setup -->
  <testcase classname="dsAlgoTests.HomeTest" name="@BeforeMethod navigateToDsAlgoApplication" time="-1.738810631001E9">
    <skipped/>
  </testcase> <!-- @BeforeMethod navigateToDsAlgoApplication -->
  <testcase classname="dsAlgoHooks.Hooks" name="@AfterMethod tearDownTest" time="-1.738810631005E9">
    <skipped/>
  </testcase> <!-- @AfterMethod tearDownTest -->
  <testcase classname="dsAlgoHooks.Hooks" name="@BeforeMethod setup" time="-1.738810631006E9">
    <skipped/>
  </testcase> <!-- @BeforeMethod setup -->
  <testcase classname="dsAlgoTests.HomeTest" name="@BeforeMethod navigateToDsAlgoApplication" time="-1.738810631007E9">
    <skipped/>
  </testcase> <!-- @BeforeMethod navigateToDsAlgoApplication -->
  <testcase classname="dsAlgoHooks.Hooks" name="@AfterMethod tearDownTest" time="-1.738810631015E9">
    <skipped/>
  </testcase> <!-- @AfterMethod tearDownTest -->
  <testcase classname="dsAlgoHooks.Hooks" name="@AfterMethod tearDownTest" time="-1.738810631753E9">
    <skipped/>
  </testcase> <!-- @AfterMethod tearDownTest -->
  <testcase classname="dsAlgoTests.RegisterTest" name="@BeforeMethod navigateToDsAlgoApplication" time="2.115">
    <failure type="org.openqa.selenium.StaleElementReferenceException" message="stale element reference: stale element not found
  (Session info: chrome=133.0.6943.53)
For documentation on this error, please visit: https://www.selenium.dev/documentation/webdriver/troubleshooting/errors#stale-element-reference-exception
Build info: version: &amp;apos;4.17.0&amp;apos;, revision: &amp;apos;e52b1be057*&amp;apos;
System info: os.name: &amp;apos;Windows 11&amp;apos;, os.arch: &amp;apos;amd64&amp;apos;, os.version: &amp;apos;10.0&amp;apos;, java.version: &amp;apos;21.0.3&amp;apos;
Driver info: org.openqa.selenium.chrome.ChromeDriver
Command: [a29796ef0d14c86e2f4fb69de0702b84, clickElement {id=f.437DAB99A7032A16E40DA52FBB6DAC3E.d.6C03D6CBF7DD2164C3E8FCFCF9460E70.e.3}]
Capabilities {acceptInsecureCerts: false, browserName: chrome, browserVersion: 133.0.6943.53, chrome: {chromedriverVersion: 133.0.6943.53 (9a80935019b0..., userDataDir: C:\Users\sahan\AppData\Loca...}, fedcm:accounts: true, goog:chromeOptions: {debuggerAddress: localhost:63507}, networkConnectionEnabled: false, pageLoadStrategy: normal, platformName: windows, proxy: Proxy(), se:cdp: ws://localhost:63507/devtoo..., se:cdpVersion: 133.0.6943.53, setWindowRect: true, strictFileInteractability: false, timeouts: {implicit: 0, pageLoad: 300000, script: 30000}, unhandledPromptBehavior: dismiss and notify, webauthn:extension:credBlob: true, webauthn:extension:largeBlob: true, webauthn:extension:minPinLength: true, webauthn:extension:prf: true, webauthn:virtualAuthenticators: true}
Element: [[ChromeDriver: chrome on windows (a29796ef0d14c86e2f4fb69de0702b84)] -&amp;gt; xpath: //button[@class=&amp;apos;btn&amp;apos;]]
Session ID: a29796ef0d14c86e2f4fb69de0702b84">
      <![CDATA[org.openqa.selenium.StaleElementReferenceException: stale element reference: stale element not found
  (Session info: chrome=133.0.6943.53)
For documentation on this error, please visit: https://www.selenium.dev/documentation/webdriver/troubleshooting/errors#stale-element-reference-exception
Build info: version: '4.17.0', revision: 'e52b1be057*'
System info: os.name: 'Windows 11', os.arch: 'amd64', os.version: '10.0', java.version: '21.0.3'
Driver info: org.openqa.selenium.chrome.ChromeDriver
Command: [a29796ef0d14c86e2f4fb69de0702b84, clickElement {id=f.437DAB99A7032A16E40DA52FBB6DAC3E.d.6C03D6CBF7DD2164C3E8FCFCF9460E70.e.3}]
Capabilities {acceptInsecureCerts: false, browserName: chrome, browserVersion: 133.0.6943.53, chrome: {chromedriverVersion: 133.0.6943.53 (9a80935019b0..., userDataDir: C:\Users\sahan\AppData\Loca...}, fedcm:accounts: true, goog:chromeOptions: {debuggerAddress: localhost:63507}, networkConnectionEnabled: false, pageLoadStrategy: normal, platformName: windows, proxy: Proxy(), se:cdp: ws://localhost:63507/devtoo..., se:cdpVersion: 133.0.6943.53, setWindowRect: true, strictFileInteractability: false, timeouts: {implicit: 0, pageLoad: 300000, script: 30000}, unhandledPromptBehavior: dismiss and notify, webauthn:extension:credBlob: true, webauthn:extension:largeBlob: true, webauthn:extension:minPinLength: true, webauthn:extension:prf: true, webauthn:virtualAuthenticators: true}
Element: [[ChromeDriver: chrome on windows (a29796ef0d14c86e2f4fb69de0702b84)] -> xpath: //button[@class='btn']]
Session ID: a29796ef0d14c86e2f4fb69de0702b84
at org.openqa.selenium.remote.codec.w3c.W3CHttpResponseCodec.createException(W3CHttpResponseCodec.java:185)
at org.openqa.selenium.remote.codec.w3c.W3CHttpResponseCodec.decode(W3CHttpResponseCodec.java:134)
at org.openqa.selenium.remote.codec.w3c.W3CHttpResponseCodec.decode(W3CHttpResponseCodec.java:51)
at org.openqa.selenium.remote.HttpCommandExecutor.execute(HttpCommandExecutor.java:190)
at org.openqa.selenium.remote.service.DriverCommandExecutor.invokeExecute(DriverCommandExecutor.java:216)
at org.openqa.selenium.remote.service.DriverCommandExecutor.execute(DriverCommandExecutor.java:174)
at org.openqa.selenium.remote.RemoteWebDriver.execute(RemoteWebDriver.java:519)
at org.openqa.selenium.remote.RemoteWebElement.execute(RemoteWebElement.java:223)
at org.openqa.selenium.remote.RemoteWebElement.click(RemoteWebElement.java:76)
at org.openqa.selenium.support.pagefactory.internal.LocatingElementHandler.invoke(LocatingElementHandler.java:51)
at jdk.proxy2/jdk.proxy2.$Proxy16.click(Unknown Source)
at dsAlgoPages.HomePage.clickLaunchPageGetstartedbutton(HomePage.java:62)
at dsAlgoTests.RegisterTest.navigateToDsAlgoApplication(RegisterTest.java:26)
at java.base/java.util.concurrent.FutureTask.run(FutureTask.java:317)
at java.base/java.util.concurrent.Executors$RunnableAdapter.call(Executors.java:572)
at java.base/java.util.concurrent.FutureTask.run(FutureTask.java:317)
at java.base/java.util.concurrent.ThreadPoolExecutor.runWorker(ThreadPoolExecutor.java:1144)
at java.base/java.util.concurrent.ThreadPoolExecutor$Worker.run(ThreadPoolExecutor.java:642)
at java.base/java.lang.Thread.run(Thread.java:1583)
... Removed 16 stack frames]]>
    </failure>
  </testcase> <!-- @BeforeMethod navigateToDsAlgoApplication -->
  <testcase classname="dsAlgoHooks.Hooks" name="@AfterMethod tearDownTest" time="-1.738810641712E9">
    <skipped/>
  </testcase> <!-- @AfterMethod tearDownTest -->
  <testcase classname="dsAlgoTests.RegisterTest" name="@BeforeMethod navigateToDsAlgoApplication" time="1.772">
    <failure type="org.openqa.selenium.StaleElementReferenceException" message="stale element reference: stale element not found
  (Session info: chrome=133.0.6943.53)
For documentation on this error, please visit: https://www.selenium.dev/documentation/webdriver/troubleshooting/errors#stale-element-reference-exception
Build info: version: &amp;apos;4.17.0&amp;apos;, revision: &amp;apos;e52b1be057*&amp;apos;
System info: os.name: &amp;apos;Windows 11&amp;apos;, os.arch: &amp;apos;amd64&amp;apos;, os.version: &amp;apos;10.0&amp;apos;, java.version: &amp;apos;21.0.3&amp;apos;
Driver info: org.openqa.selenium.chrome.ChromeDriver
Command: [a29796ef0d14c86e2f4fb69de0702b84, clickElement {id=f.437DAB99A7032A16E40DA52FBB6DAC3E.d.6C03D6CBF7DD2164C3E8FCFCF9460E70.e.3}]
Capabilities {acceptInsecureCerts: false, browserName: chrome, browserVersion: 133.0.6943.53, chrome: {chromedriverVersion: 133.0.6943.53 (9a80935019b0..., userDataDir: C:\Users\sahan\AppData\Loca...}, fedcm:accounts: true, goog:chromeOptions: {debuggerAddress: localhost:63507}, networkConnectionEnabled: false, pageLoadStrategy: normal, platformName: windows, proxy: Proxy(), se:cdp: ws://localhost:63507/devtoo..., se:cdpVersion: 133.0.6943.53, setWindowRect: true, strictFileInteractability: false, timeouts: {implicit: 0, pageLoad: 300000, script: 30000}, unhandledPromptBehavior: dismiss and notify, webauthn:extension:credBlob: true, webauthn:extension:largeBlob: true, webauthn:extension:minPinLength: true, webauthn:extension:prf: true, webauthn:virtualAuthenticators: true}
Element: [[ChromeDriver: chrome on windows (a29796ef0d14c86e2f4fb69de0702b84)] -&amp;gt; xpath: //button[@class=&amp;apos;btn&amp;apos;]]
Session ID: a29796ef0d14c86e2f4fb69de0702b84">
      <![CDATA[org.openqa.selenium.StaleElementReferenceException: stale element reference: stale element not found
  (Session info: chrome=133.0.6943.53)
For documentation on this error, please visit: https://www.selenium.dev/documentation/webdriver/troubleshooting/errors#stale-element-reference-exception
Build info: version: '4.17.0', revision: 'e52b1be057*'
System info: os.name: 'Windows 11', os.arch: 'amd64', os.version: '10.0', java.version: '21.0.3'
Driver info: org.openqa.selenium.chrome.ChromeDriver
Command: [a29796ef0d14c86e2f4fb69de0702b84, clickElement {id=f.437DAB99A7032A16E40DA52FBB6DAC3E.d.6C03D6CBF7DD2164C3E8FCFCF9460E70.e.3}]
Capabilities {acceptInsecureCerts: false, browserName: chrome, browserVersion: 133.0.6943.53, chrome: {chromedriverVersion: 133.0.6943.53 (9a80935019b0..., userDataDir: C:\Users\sahan\AppData\Loca...}, fedcm:accounts: true, goog:chromeOptions: {debuggerAddress: localhost:63507}, networkConnectionEnabled: false, pageLoadStrategy: normal, platformName: windows, proxy: Proxy(), se:cdp: ws://localhost:63507/devtoo..., se:cdpVersion: 133.0.6943.53, setWindowRect: true, strictFileInteractability: false, timeouts: {implicit: 0, pageLoad: 300000, script: 30000}, unhandledPromptBehavior: dismiss and notify, webauthn:extension:credBlob: true, webauthn:extension:largeBlob: true, webauthn:extension:minPinLength: true, webauthn:extension:prf: true, webauthn:virtualAuthenticators: true}
Element: [[ChromeDriver: chrome on windows (a29796ef0d14c86e2f4fb69de0702b84)] -> xpath: //button[@class='btn']]
Session ID: a29796ef0d14c86e2f4fb69de0702b84
at org.openqa.selenium.remote.codec.w3c.W3CHttpResponseCodec.createException(W3CHttpResponseCodec.java:185)
at org.openqa.selenium.remote.codec.w3c.W3CHttpResponseCodec.decode(W3CHttpResponseCodec.java:134)
at org.openqa.selenium.remote.codec.w3c.W3CHttpResponseCodec.decode(W3CHttpResponseCodec.java:51)
at org.openqa.selenium.remote.HttpCommandExecutor.execute(HttpCommandExecutor.java:190)
at org.openqa.selenium.remote.service.DriverCommandExecutor.invokeExecute(DriverCommandExecutor.java:216)
at org.openqa.selenium.remote.service.DriverCommandExecutor.execute(DriverCommandExecutor.java:174)
at org.openqa.selenium.remote.RemoteWebDriver.execute(RemoteWebDriver.java:519)
at org.openqa.selenium.remote.RemoteWebElement.execute(RemoteWebElement.java:223)
at org.openqa.selenium.remote.RemoteWebElement.click(RemoteWebElement.java:76)
at org.openqa.selenium.support.pagefactory.internal.LocatingElementHandler.invoke(LocatingElementHandler.java:51)
at jdk.proxy2/jdk.proxy2.$Proxy16.click(Unknown Source)
at dsAlgoPages.HomePage.clickLaunchPageGetstartedbutton(HomePage.java:62)
at dsAlgoTests.RegisterTest.navigateToDsAlgoApplication(RegisterTest.java:26)
at java.base/java.util.concurrent.FutureTask.run(FutureTask.java:317)
at java.base/java.util.concurrent.Executors$RunnableAdapter.call(Executors.java:572)
at java.base/java.util.concurrent.FutureTask.run(FutureTask.java:317)
at java.base/java.util.concurrent.ThreadPoolExecutor.runWorker(ThreadPoolExecutor.java:1144)
at java.base/java.util.concurrent.ThreadPoolExecutor$Worker.run(ThreadPoolExecutor.java:642)
at java.base/java.lang.Thread.run(Thread.java:1583)
... Removed 16 stack frames]]>
    </failure>
  </testcase> <!-- @BeforeMethod navigateToDsAlgoApplication -->
  <testcase classname="dsAlgoHooks.Hooks" name="@AfterMethod tearDownTest" time="-1.738810641746E9">
    <skipped/>
  </testcase> <!-- @AfterMethod tearDownTest -->
  <testcase classname="dsAlgoTests.RegisterTest" name="@BeforeMethod navigateToDsAlgoApplication" time="1.781">
    <failure type="org.openqa.selenium.StaleElementReferenceException" message="stale element reference: stale element not found
  (Session info: chrome=133.0.6943.53)
For documentation on this error, please visit: https://www.selenium.dev/documentation/webdriver/troubleshooting/errors#stale-element-reference-exception
Build info: version: &amp;apos;4.17.0&amp;apos;, revision: &amp;apos;e52b1be057*&amp;apos;
System info: os.name: &amp;apos;Windows 11&amp;apos;, os.arch: &amp;apos;amd64&amp;apos;, os.version: &amp;apos;10.0&amp;apos;, java.version: &amp;apos;21.0.3&amp;apos;
Driver info: org.openqa.selenium.chrome.ChromeDriver
Command: [a29796ef0d14c86e2f4fb69de0702b84, clickElement {id=f.437DAB99A7032A16E40DA52FBB6DAC3E.d.6C03D6CBF7DD2164C3E8FCFCF9460E70.e.3}]
Capabilities {acceptInsecureCerts: false, browserName: chrome, browserVersion: 133.0.6943.53, chrome: {chromedriverVersion: 133.0.6943.53 (9a80935019b0..., userDataDir: C:\Users\sahan\AppData\Loca...}, fedcm:accounts: true, goog:chromeOptions: {debuggerAddress: localhost:63507}, networkConnectionEnabled: false, pageLoadStrategy: normal, platformName: windows, proxy: Proxy(), se:cdp: ws://localhost:63507/devtoo..., se:cdpVersion: 133.0.6943.53, setWindowRect: true, strictFileInteractability: false, timeouts: {implicit: 0, pageLoad: 300000, script: 30000}, unhandledPromptBehavior: dismiss and notify, webauthn:extension:credBlob: true, webauthn:extension:largeBlob: true, webauthn:extension:minPinLength: true, webauthn:extension:prf: true, webauthn:virtualAuthenticators: true}
Element: [[ChromeDriver: chrome on windows (a29796ef0d14c86e2f4fb69de0702b84)] -&amp;gt; xpath: //button[@class=&amp;apos;btn&amp;apos;]]
Session ID: a29796ef0d14c86e2f4fb69de0702b84">
      <![CDATA[org.openqa.selenium.StaleElementReferenceException: stale element reference: stale element not found
  (Session info: chrome=133.0.6943.53)
For documentation on this error, please visit: https://www.selenium.dev/documentation/webdriver/troubleshooting/errors#stale-element-reference-exception
Build info: version: '4.17.0', revision: 'e52b1be057*'
System info: os.name: 'Windows 11', os.arch: 'amd64', os.version: '10.0', java.version: '21.0.3'
Driver info: org.openqa.selenium.chrome.ChromeDriver
Command: [a29796ef0d14c86e2f4fb69de0702b84, clickElement {id=f.437DAB99A7032A16E40DA52FBB6DAC3E.d.6C03D6CBF7DD2164C3E8FCFCF9460E70.e.3}]
Capabilities {acceptInsecureCerts: false, browserName: chrome, browserVersion: 133.0.6943.53, chrome: {chromedriverVersion: 133.0.6943.53 (9a80935019b0..., userDataDir: C:\Users\sahan\AppData\Loca...}, fedcm:accounts: true, goog:chromeOptions: {debuggerAddress: localhost:63507}, networkConnectionEnabled: false, pageLoadStrategy: normal, platformName: windows, proxy: Proxy(), se:cdp: ws://localhost:63507/devtoo..., se:cdpVersion: 133.0.6943.53, setWindowRect: true, strictFileInteractability: false, timeouts: {implicit: 0, pageLoad: 300000, script: 30000}, unhandledPromptBehavior: dismiss and notify, webauthn:extension:credBlob: true, webauthn:extension:largeBlob: true, webauthn:extension:minPinLength: true, webauthn:extension:prf: true, webauthn:virtualAuthenticators: true}
Element: [[ChromeDriver: chrome on windows (a29796ef0d14c86e2f4fb69de0702b84)] -> xpath: //button[@class='btn']]
Session ID: a29796ef0d14c86e2f4fb69de0702b84
at org.openqa.selenium.remote.codec.w3c.W3CHttpResponseCodec.createException(W3CHttpResponseCodec.java:185)
at org.openqa.selenium.remote.codec.w3c.W3CHttpResponseCodec.decode(W3CHttpResponseCodec.java:134)
at org.openqa.selenium.remote.codec.w3c.W3CHttpResponseCodec.decode(W3CHttpResponseCodec.java:51)
at org.openqa.selenium.remote.HttpCommandExecutor.execute(HttpCommandExecutor.java:190)
at org.openqa.selenium.remote.service.DriverCommandExecutor.invokeExecute(DriverCommandExecutor.java:216)
at org.openqa.selenium.remote.service.DriverCommandExecutor.execute(DriverCommandExecutor.java:174)
at org.openqa.selenium.remote.RemoteWebDriver.execute(RemoteWebDriver.java:519)
at org.openqa.selenium.remote.RemoteWebElement.execute(RemoteWebElement.java:223)
at org.openqa.selenium.remote.RemoteWebElement.click(RemoteWebElement.java:76)
at org.openqa.selenium.support.pagefactory.internal.LocatingElementHandler.invoke(LocatingElementHandler.java:51)
at jdk.proxy2/jdk.proxy2.$Proxy16.click(Unknown Source)
at dsAlgoPages.HomePage.clickLaunchPageGetstartedbutton(HomePage.java:62)
at dsAlgoTests.RegisterTest.navigateToDsAlgoApplication(RegisterTest.java:26)
at java.base/java.util.concurrent.FutureTask.run(FutureTask.java:317)
at java.base/java.util.concurrent.Executors$RunnableAdapter.call(Executors.java:572)
at java.base/java.util.concurrent.FutureTask.run(FutureTask.java:317)
at java.base/java.util.concurrent.ThreadPoolExecutor.runWorker(ThreadPoolExecutor.java:1144)
at java.base/java.util.concurrent.ThreadPoolExecutor$Worker.run(ThreadPoolExecutor.java:642)
at java.base/java.lang.Thread.run(Thread.java:1583)
... Removed 16 stack frames]]>
    </failure>
  </testcase> <!-- @BeforeMethod navigateToDsAlgoApplication -->
  <testcase classname="dsAlgoHooks.Hooks" name="@AfterMethod tearDownTest" time="-1.738810641814E9">
    <skipped/>
  </testcase> <!-- @AfterMethod tearDownTest -->
  <testcase classname="dsAlgoHooks.Hooks" name="@AfterMethod tearDownTest" time="-1.738810641955E9">
    <skipped/>
  </testcase> <!-- @AfterMethod tearDownTest -->
  <testcase classname="dsAlgoHooks.Hooks" name="@AfterMethod tearDownTest" time="-1.738810642625E9">
    <skipped/>
  </testcase> <!-- @AfterMethod tearDownTest -->
  <testcase classname="dsAlgoHooks.Hooks" name="@AfterMethod tearDownTest" time="-1.738810642631E9">
    <skipped/>
  </testcase> <!-- @AfterMethod tearDownTest -->
  <testcase classname="dsAlgoHooks.Hooks" name="@AfterMethod tearDownTest" time="-1.738810644058E9">
    <skipped/>
  </testcase> <!-- @AfterMethod tearDownTest -->
  <testcase classname="dsAlgoTests.HomeTest" name="GetstartedGrapherrorBeforeSignin" time="0.0">
    <skipped/>
  </testcase> <!-- GetstartedGrapherrorBeforeSignin -->
  <testcase classname="dsAlgoTests.HomeTest" name="GetstartedLinkedListerrorBeforeSignin" time="0.0">
    <skipped/>
  </testcase> <!-- GetstartedLinkedListerrorBeforeSignin -->
  <testcase classname="dsAlgoTests.HomeTest" name="GetstartedQueueerrorBeforeSignin" time="0.0">
    <skipped/>
  </testcase> <!-- GetstartedQueueerrorBeforeSignin -->
  <testcase classname="dsAlgoTests.HomeTest" name="GetstartedStackerrorBeforeSignin" time="0.0">
    <skipped/>
  </testcase> <!-- GetstartedStackerrorBeforeSignin -->
  <testcase classname="dsAlgoTests.HomeTest" name="GetstartedTreeerrorBeforeSignin" time="0.0">
    <skipped/>
  </testcase> <!-- GetstartedTreeerrorBeforeSignin -->
  <testcase classname="dsAlgoTests.HomeTest" name="dropdownoptionArrayserrorBeforeSignin" time="0.0">
    <skipped/>
  </testcase> <!-- dropdownoptionArrayserrorBeforeSignin -->
  <testcase classname="dsAlgoTests.HomeTest" name="dropdownoptionGrapherrorBeforeSignin" time="0.0">
    <skipped/>
  </testcase> <!-- dropdownoptionGrapherrorBeforeSignin -->
  <testcase classname="dsAlgoTests.HomeTest" name="dropdownoptionLinkedListerrorBeforeSignin" time="0.0">
    <skipped/>
  </testcase> <!-- dropdownoptionLinkedListerrorBeforeSignin -->
  <testcase classname="dsAlgoTests.HomeTest" name="dropdownoptionQueueerrorBeforeSignin" time="0.0">
    <skipped/>
  </testcase> <!-- dropdownoptionQueueerrorBeforeSignin -->
  <testcase classname="dsAlgoTests.HomeTest" name="dropdownoptionStackerrorBeforeSignin" time="0.0">
    <skipped/>
  </testcase> <!-- dropdownoptionStackerrorBeforeSignin -->
  <testcase classname="dsAlgoTests.HomeTest" name="dropdownoptionTreeerrorBeforeSignin" time="0.0">
    <skipped/>
  </testcase> <!-- dropdownoptionTreeerrorBeforeSignin -->
  <testcase classname="dsAlgoTests.HomeTest" name="errorMessageWhenClickedOnDataStructureBeforeSignin" time="0.0">
    <skipped/>
  </testcase> <!-- errorMessageWhenClickedOnDataStructureBeforeSignin -->
  <testcase classname="dsAlgoTests.HomeTest" name="navigateToLogin" time="0.0">
    <skipped/>
  </testcase> <!-- navigateToLogin -->
  <testcase classname="dsAlgoTests.HomeTest" name="navigateToRegister" time="0.0">
    <skipped/>
  </testcase> <!-- navigateToRegister -->
  <testcase classname="dsAlgoTests.HomeTest" name="GetstartedArrayerrorBeforeSignin" time="0.954"/>
  <testcase classname="dsAlgoTests.RegisterTest" name="enterCredentials" time="0.0">
    <skipped/>
  </testcase> <!-- enterCredentials -->
  <testcase classname="dsAlgoTests.RegisterTest" name="enterCredentials" time="0.0">
    <skipped/>
  </testcase> <!-- enterCredentials -->
  <testcase classname="dsAlgoTests.RegisterTest" name="enterCredentials" time="0.0">
    <skipped/>
  </testcase> <!-- enterCredentials -->
  <testcase classname="dsAlgoTests.RegisterTest" name="enterCredentials" time="0.0">
    <skipped/>
  </testcase> <!-- enterCredentials -->
  <testcase classname="dsAlgoTests.RegisterTest" name="enterCredentials" time="1.107">
    <failure type="org.openqa.selenium.StaleElementReferenceException" message="stale element reference: stale element not found
  (Session info: chrome=133.0.6943.53)
For documentation on this error, please visit: https://www.selenium.dev/documentation/webdriver/troubleshooting/errors#stale-element-reference-exception
Build info: version: &amp;apos;4.17.0&amp;apos;, revision: &amp;apos;e52b1be057*&amp;apos;
System info: os.name: &amp;apos;Windows 11&amp;apos;, os.arch: &amp;apos;amd64&amp;apos;, os.version: &amp;apos;10.0&amp;apos;, java.version: &amp;apos;21.0.3&amp;apos;
Driver info: org.openqa.selenium.chrome.ChromeDriver
Command: [a29796ef0d14c86e2f4fb69de0702b84, clickElement {id=f.437DAB99A7032A16E40DA52FBB6DAC3E.d.86079A9EFC123B0DBBCA0DA1E5985416.e.7}]
Capabilities {acceptInsecureCerts: false, browserName: chrome, browserVersion: 133.0.6943.53, chrome: {chromedriverVersion: 133.0.6943.53 (9a80935019b0..., userDataDir: C:\Users\sahan\AppData\Loca...}, fedcm:accounts: true, goog:chromeOptions: {debuggerAddress: localhost:63507}, networkConnectionEnabled: false, pageLoadStrategy: normal, platformName: windows, proxy: Proxy(), se:cdp: ws://localhost:63507/devtoo..., se:cdpVersion: 133.0.6943.53, setWindowRect: true, strictFileInteractability: false, timeouts: {implicit: 0, pageLoad: 300000, script: 30000}, unhandledPromptBehavior: dismiss and notify, webauthn:extension:credBlob: true, webauthn:extension:largeBlob: true, webauthn:extension:minPinLength: true, webauthn:extension:prf: true, webauthn:virtualAuthenticators: true}
Element: [[ChromeDriver: chrome on windows (a29796ef0d14c86e2f4fb69de0702b84)] -&amp;gt; link text: Register]
Session ID: a29796ef0d14c86e2f4fb69de0702b84">
      <![CDATA[org.openqa.selenium.StaleElementReferenceException: stale element reference: stale element not found
  (Session info: chrome=133.0.6943.53)
For documentation on this error, please visit: https://www.selenium.dev/documentation/webdriver/troubleshooting/errors#stale-element-reference-exception
Build info: version: '4.17.0', revision: 'e52b1be057*'
System info: os.name: 'Windows 11', os.arch: 'amd64', os.version: '10.0', java.version: '21.0.3'
Driver info: org.openqa.selenium.chrome.ChromeDriver
Command: [a29796ef0d14c86e2f4fb69de0702b84, clickElement {id=f.437DAB99A7032A16E40DA52FBB6DAC3E.d.86079A9EFC123B0DBBCA0DA1E5985416.e.7}]
Capabilities {acceptInsecureCerts: false, browserName: chrome, browserVersion: 133.0.6943.53, chrome: {chromedriverVersion: 133.0.6943.53 (9a80935019b0..., userDataDir: C:\Users\sahan\AppData\Loca...}, fedcm:accounts: true, goog:chromeOptions: {debuggerAddress: localhost:63507}, networkConnectionEnabled: false, pageLoadStrategy: normal, platformName: windows, proxy: Proxy(), se:cdp: ws://localhost:63507/devtoo..., se:cdpVersion: 133.0.6943.53, setWindowRect: true, strictFileInteractability: false, timeouts: {implicit: 0, pageLoad: 300000, script: 30000}, unhandledPromptBehavior: dismiss and notify, webauthn:extension:credBlob: true, webauthn:extension:largeBlob: true, webauthn:extension:minPinLength: true, webauthn:extension:prf: true, webauthn:virtualAuthenticators: true}
Element: [[ChromeDriver: chrome on windows (a29796ef0d14c86e2f4fb69de0702b84)] -> link text: Register]
Session ID: a29796ef0d14c86e2f4fb69de0702b84
at org.openqa.selenium.remote.codec.w3c.W3CHttpResponseCodec.createException(W3CHttpResponseCodec.java:185)
at org.openqa.selenium.remote.codec.w3c.W3CHttpResponseCodec.decode(W3CHttpResponseCodec.java:134)
at org.openqa.selenium.remote.codec.w3c.W3CHttpResponseCodec.decode(W3CHttpResponseCodec.java:51)
at org.openqa.selenium.remote.HttpCommandExecutor.execute(HttpCommandExecutor.java:190)
at org.openqa.selenium.remote.service.DriverCommandExecutor.invokeExecute(DriverCommandExecutor.java:216)
at org.openqa.selenium.remote.service.DriverCommandExecutor.execute(DriverCommandExecutor.java:174)
at org.openqa.selenium.remote.RemoteWebDriver.execute(RemoteWebDriver.java:519)
at org.openqa.selenium.remote.RemoteWebElement.execute(RemoteWebElement.java:223)
at org.openqa.selenium.remote.RemoteWebElement.click(RemoteWebElement.java:76)
at org.openqa.selenium.support.pagefactory.internal.LocatingElementHandler.invoke(LocatingElementHandler.java:51)
at jdk.proxy2/jdk.proxy2.$Proxy16.click(Unknown Source)
at dsAlgoPages.HomePage.clickRegister(HomePage.java:75)
at dsAlgoTests.RegisterTest.enterCredentials(RegisterTest.java:32)
at java.base/java.util.concurrent.FutureTask.run(FutureTask.java:317)
at java.base/java.util.concurrent.Executors$RunnableAdapter.call(Executors.java:572)
at java.base/java.util.concurrent.FutureTask.run(FutureTask.java:317)
at java.base/java.util.concurrent.ThreadPoolExecutor.runWorker(ThreadPoolExecutor.java:1144)
at java.base/java.util.concurrent.ThreadPoolExecutor$Worker.run(ThreadPoolExecutor.java:642)
at java.base/java.lang.Thread.run(Thread.java:1583)
... Removed 12 stack frames]]>
    </failure>
  </testcase> <!-- enterCredentials -->
  <testcase classname="dsAlgoTests.RegisterTest" name="enterCredentials" time="0.989">
    <failure type="org.openqa.selenium.StaleElementReferenceException" message="stale element reference: stale element not found
  (Session info: chrome=133.0.6943.53)
For documentation on this error, please visit: https://www.selenium.dev/documentation/webdriver/troubleshooting/errors#stale-element-reference-exception
Build info: version: &amp;apos;4.17.0&amp;apos;, revision: &amp;apos;e52b1be057*&amp;apos;
System info: os.name: &amp;apos;Windows 11&amp;apos;, os.arch: &amp;apos;amd64&amp;apos;, os.version: &amp;apos;10.0&amp;apos;, java.version: &amp;apos;21.0.3&amp;apos;
Driver info: org.openqa.selenium.chrome.ChromeDriver
Command: [a29796ef0d14c86e2f4fb69de0702b84, clickElement {id=f.437DAB99A7032A16E40DA52FBB6DAC3E.d.86079A9EFC123B0DBBCA0DA1E5985416.e.7}]
Capabilities {acceptInsecureCerts: false, browserName: chrome, browserVersion: 133.0.6943.53, chrome: {chromedriverVersion: 133.0.6943.53 (9a80935019b0..., userDataDir: C:\Users\sahan\AppData\Loca...}, fedcm:accounts: true, goog:chromeOptions: {debuggerAddress: localhost:63507}, networkConnectionEnabled: false, pageLoadStrategy: normal, platformName: windows, proxy: Proxy(), se:cdp: ws://localhost:63507/devtoo..., se:cdpVersion: 133.0.6943.53, setWindowRect: true, strictFileInteractability: false, timeouts: {implicit: 0, pageLoad: 300000, script: 30000}, unhandledPromptBehavior: dismiss and notify, webauthn:extension:credBlob: true, webauthn:extension:largeBlob: true, webauthn:extension:minPinLength: true, webauthn:extension:prf: true, webauthn:virtualAuthenticators: true}
Element: [[ChromeDriver: chrome on windows (a29796ef0d14c86e2f4fb69de0702b84)] -&amp;gt; link text: Register]
Session ID: a29796ef0d14c86e2f4fb69de0702b84">
      <![CDATA[org.openqa.selenium.StaleElementReferenceException: stale element reference: stale element not found
  (Session info: chrome=133.0.6943.53)
For documentation on this error, please visit: https://www.selenium.dev/documentation/webdriver/troubleshooting/errors#stale-element-reference-exception
Build info: version: '4.17.0', revision: 'e52b1be057*'
System info: os.name: 'Windows 11', os.arch: 'amd64', os.version: '10.0', java.version: '21.0.3'
Driver info: org.openqa.selenium.chrome.ChromeDriver
Command: [a29796ef0d14c86e2f4fb69de0702b84, clickElement {id=f.437DAB99A7032A16E40DA52FBB6DAC3E.d.86079A9EFC123B0DBBCA0DA1E5985416.e.7}]
Capabilities {acceptInsecureCerts: false, browserName: chrome, browserVersion: 133.0.6943.53, chrome: {chromedriverVersion: 133.0.6943.53 (9a80935019b0..., userDataDir: C:\Users\sahan\AppData\Loca...}, fedcm:accounts: true, goog:chromeOptions: {debuggerAddress: localhost:63507}, networkConnectionEnabled: false, pageLoadStrategy: normal, platformName: windows, proxy: Proxy(), se:cdp: ws://localhost:63507/devtoo..., se:cdpVersion: 133.0.6943.53, setWindowRect: true, strictFileInteractability: false, timeouts: {implicit: 0, pageLoad: 300000, script: 30000}, unhandledPromptBehavior: dismiss and notify, webauthn:extension:credBlob: true, webauthn:extension:largeBlob: true, webauthn:extension:minPinLength: true, webauthn:extension:prf: true, webauthn:virtualAuthenticators: true}
Element: [[ChromeDriver: chrome on windows (a29796ef0d14c86e2f4fb69de0702b84)] -> link text: Register]
Session ID: a29796ef0d14c86e2f4fb69de0702b84
at org.openqa.selenium.remote.codec.w3c.W3CHttpResponseCodec.createException(W3CHttpResponseCodec.java:185)
at org.openqa.selenium.remote.codec.w3c.W3CHttpResponseCodec.decode(W3CHttpResponseCodec.java:134)
at org.openqa.selenium.remote.codec.w3c.W3CHttpResponseCodec.decode(W3CHttpResponseCodec.java:51)
at org.openqa.selenium.remote.HttpCommandExecutor.execute(HttpCommandExecutor.java:190)
at org.openqa.selenium.remote.service.DriverCommandExecutor.invokeExecute(DriverCommandExecutor.java:216)
at org.openqa.selenium.remote.service.DriverCommandExecutor.execute(DriverCommandExecutor.java:174)
at org.openqa.selenium.remote.RemoteWebDriver.execute(RemoteWebDriver.java:519)
at org.openqa.selenium.remote.RemoteWebElement.execute(RemoteWebElement.java:223)
at org.openqa.selenium.remote.RemoteWebElement.click(RemoteWebElement.java:76)
at org.openqa.selenium.support.pagefactory.internal.LocatingElementHandler.invoke(LocatingElementHandler.java:51)
at jdk.proxy2/jdk.proxy2.$Proxy16.click(Unknown Source)
at dsAlgoPages.HomePage.clickRegister(HomePage.java:75)
at dsAlgoTests.RegisterTest.enterCredentials(RegisterTest.java:32)
at java.base/java.util.concurrent.FutureTask.run(FutureTask.java:317)
at java.base/java.util.concurrent.Executors$RunnableAdapter.call(Executors.java:572)
at java.base/java.util.concurrent.FutureTask.run(FutureTask.java:317)
at java.base/java.util.concurrent.ThreadPoolExecutor.runWorker(ThreadPoolExecutor.java:1144)
at java.base/java.util.concurrent.ThreadPoolExecutor$Worker.run(ThreadPoolExecutor.java:642)
at java.base/java.lang.Thread.run(Thread.java:1583)
... Removed 12 stack frames]]>
    </failure>
  </testcase> <!-- enterCredentials -->
  <testcase classname="dsAlgoTests.RegisterTest" name="enterCredentials" time="2.538"/>
  <testcase classname="dsAlgoHooks.Hooks" name="@BeforeSuite setupSuite" time="0.0">
    <ignored/>
  </testcase> <!-- @BeforeSuite setupSuite -->
</testsuite> <!-- ParallelTests -->
