<?xml version="1.0" encoding="UTF-8"?>
<!-- Generated by org.testng.reporters.JUnitXMLReporter -->
<testsuite ignored="0" hostname="sukeerthsahana" failures="0" tests="7" name="Test2" time="4.21" errors="0" timestamp="2025-02-05T20:44:19 CST">
  <testcase classname="dsAlgoTests.DataStructureTest" name="@BeforeMethod DataStructureIntroductionPage" time="0.452">
    <failure type="org.openqa.selenium.StaleElementReferenceException" message="stale element reference: stale element not found
  (Session info: chrome=133.0.6943.53)
For documentation on this error, please visit: https://www.selenium.dev/documentation/webdriver/troubleshooting/errors#stale-element-reference-exception
Build info: version: &amp;apos;4.17.0&amp;apos;, revision: &amp;apos;e52b1be057*&amp;apos;
System info: os.name: &amp;apos;Windows 11&amp;apos;, os.arch: &amp;apos;amd64&amp;apos;, os.version: &amp;apos;10.0&amp;apos;, java.version: &amp;apos;21.0.3&amp;apos;
Driver info: org.openqa.selenium.chrome.ChromeDriver
Command: [825a05f87f3add90c4e553140db8f4f4, clickElement {id=f.921E4B87CB7413B3D8F1A085720908AF.d.4D80BC385B3A4E2915A89896B41E98DA.e.7}]
Capabilities {acceptInsecureCerts: false, browserName: chrome, browserVersion: 133.0.6943.53, chrome: {chromedriverVersion: 133.0.6943.53 (9a80935019b0..., userDataDir: C:\Users\sahan\AppData\Loca...}, fedcm:accounts: true, goog:chromeOptions: {debuggerAddress: localhost:62781}, networkConnectionEnabled: false, pageLoadStrategy: normal, platformName: windows, proxy: Proxy(), se:cdp: ws://localhost:62781/devtoo..., se:cdpVersion: 133.0.6943.53, setWindowRect: true, strictFileInteractability: false, timeouts: {implicit: 0, pageLoad: 300000, script: 30000}, unhandledPromptBehavior: dismiss and notify, webauthn:extension:credBlob: true, webauthn:extension:largeBlob: true, webauthn:extension:minPinLength: true, webauthn:extension:prf: true, webauthn:virtualAuthenticators: true}
Element: [[ChromeDriver: chrome on windows (825a05f87f3add90c4e553140db8f4f4)] -&amp;gt; xpath: //button[@class=&amp;apos;btn&amp;apos;]]
Session ID: 825a05f87f3add90c4e553140db8f4f4">
      <![CDATA[org.openqa.selenium.StaleElementReferenceException: stale element reference: stale element not found
  (Session info: chrome=133.0.6943.53)
For documentation on this error, please visit: https://www.selenium.dev/documentation/webdriver/troubleshooting/errors#stale-element-reference-exception
Build info: version: '4.17.0', revision: 'e52b1be057*'
System info: os.name: 'Windows 11', os.arch: 'amd64', os.version: '10.0', java.version: '21.0.3'
Driver info: org.openqa.selenium.chrome.ChromeDriver
Command: [825a05f87f3add90c4e553140db8f4f4, clickElement {id=f.921E4B87CB7413B3D8F1A085720908AF.d.4D80BC385B3A4E2915A89896B41E98DA.e.7}]
Capabilities {acceptInsecureCerts: false, browserName: chrome, browserVersion: 133.0.6943.53, chrome: {chromedriverVersion: 133.0.6943.53 (9a80935019b0..., userDataDir: C:\Users\sahan\AppData\Loca...}, fedcm:accounts: true, goog:chromeOptions: {debuggerAddress: localhost:62781}, networkConnectionEnabled: false, pageLoadStrategy: normal, platformName: windows, proxy: Proxy(), se:cdp: ws://localhost:62781/devtoo..., se:cdpVersion: 133.0.6943.53, setWindowRect: true, strictFileInteractability: false, timeouts: {implicit: 0, pageLoad: 300000, script: 30000}, unhandledPromptBehavior: dismiss and notify, webauthn:extension:credBlob: true, webauthn:extension:largeBlob: true, webauthn:extension:minPinLength: true, webauthn:extension:prf: true, webauthn:virtualAuthenticators: true}
Element: [[ChromeDriver: chrome on windows (825a05f87f3add90c4e553140db8f4f4)] -> xpath: //button[@class='btn']]
Session ID: 825a05f87f3add90c4e553140db8f4f4
at org.openqa.selenium.remote.codec.w3c.W3CHttpResponseCodec.createException(W3CHttpResponseCodec.java:185)
at org.openqa.selenium.remote.codec.w3c.W3CHttpResponseCodec.decode(W3CHttpResponseCodec.java:134)
at org.openqa.selenium.remote.codec.w3c.W3CHttpResponseCodec.decode(W3CHttpResponseCodec.java:51)
at org.openqa.selenium.remote.HttpCommandExecutor.execute(HttpCommandExecutor.java:190)
at org.openqa.selenium.remote.service.DriverCommandExecutor.invokeExecute(DriverCommandExecutor.java:216)
at org.openqa.selenium.remote.service.DriverCommandExecutor.execute(DriverCommandExecutor.java:174)
at org.openqa.selenium.remote.RemoteWebDriver.execute(RemoteWebDriver.java:519)
at org.openqa.selenium.remote.RemoteWebElement.execute(RemoteWebElement.java:223)
at org.openqa.selenium.remote.RemoteWebElement.click(RemoteWebElement.java:76)
at org.openqa.selenium.support.pagefactory.internal.LocatingElementHandler.invoke(LocatingElementHandler.java:51)
at jdk.proxy2/jdk.proxy2.$Proxy14.click(Unknown Source)
at dsAlgoPages.HomePage.clickLaunchPageGetstartedbutton(HomePage.java:62)
at dsAlgoTests.DataStructureTest.DataStructureIntroductionPage(DataStructureTest.java:34)
at java.base/java.util.concurrent.ThreadPoolExecutor.runWorker(ThreadPoolExecutor.java:1144)
at java.base/java.util.concurrent.ThreadPoolExecutor$Worker.run(ThreadPoolExecutor.java:642)
at java.base/java.lang.Thread.run(Thread.java:1583)
... Removed 19 stack frames]]>
    </failure>
  </testcase> <!-- @BeforeMethod DataStructureIntroductionPage -->
  <testcase classname="dsAlgoHooks.Hooks" name="@AfterMethod tearDownTest" time="-1.738809858098E9">
    <skipped/>
  </testcase> <!-- @AfterMethod tearDownTest -->
  <testcase classname="dsAlgoHooks.Hooks" name="@BeforeMethod setup" time="-1.738809858101E9">
    <skipped/>
  </testcase> <!-- @BeforeMethod setup -->
  <testcase classname="dsAlgoTests.DataStructureTest" name="@BeforeMethod DataStructureIntroductionPage" time="-1.738809858103E9">
    <skipped/>
  </testcase> <!-- @BeforeMethod DataStructureIntroductionPage -->
  <testcase classname="dsAlgoHooks.Hooks" name="@AfterMethod tearDownTest" time="-1.738809858109E9">
    <skipped/>
  </testcase> <!-- @AfterMethod tearDownTest -->
  <testcase classname="dsAlgoHooks.Hooks" name="@BeforeMethod setup" time="-1.738809858111E9">
    <skipped/>
  </testcase> <!-- @BeforeMethod setup -->
  <testcase classname="dsAlgoTests.DataStructureTest" name="@BeforeMethod DataStructureIntroductionPage" time="-1.738809858113E9">
    <skipped/>
  </testcase> <!-- @BeforeMethod DataStructureIntroductionPage -->
  <testcase classname="dsAlgoHooks.Hooks" name="@AfterMethod tearDownTest" time="-1.738809858118E9">
    <skipped/>
  </testcase> <!-- @AfterMethod tearDownTest -->
  <testcase classname="dsAlgoHooks.Hooks" name="@BeforeMethod setup" time="-1.738809858121E9">
    <skipped/>
  </testcase> <!-- @BeforeMethod setup -->
  <testcase classname="dsAlgoTests.DataStructureTest" name="@BeforeMethod DataStructureIntroductionPage" time="-1.738809858125E9">
    <skipped/>
  </testcase> <!-- @BeforeMethod DataStructureIntroductionPage -->
  <testcase classname="dsAlgoHooks.Hooks" name="@AfterMethod tearDownTest" time="-1.738809858131E9">
    <skipped/>
  </testcase> <!-- @AfterMethod tearDownTest -->
  <testcase classname="dsAlgoHooks.Hooks" name="@BeforeMethod setup" time="-1.738809858134E9">
    <skipped/>
  </testcase> <!-- @BeforeMethod setup -->
  <testcase classname="dsAlgoTests.DataStructureTest" name="@BeforeMethod DataStructureIntroductionPage" time="-1.738809858136E9">
    <skipped/>
  </testcase> <!-- @BeforeMethod DataStructureIntroductionPage -->
  <testcase classname="dsAlgoHooks.Hooks" name="@AfterMethod tearDownTest" time="-1.738809858141E9">
    <skipped/>
  </testcase> <!-- @AfterMethod tearDownTest -->
  <testcase classname="dsAlgoHooks.Hooks" name="@BeforeMethod setup" time="-1.738809859689E9">
    <skipped/>
  </testcase> <!-- @BeforeMethod setup -->
  <testcase classname="dsAlgoTests.DataStructureTest" name="@BeforeMethod DataStructureIntroductionPage" time="-1.738809859691E9">
    <skipped/>
  </testcase> <!-- @BeforeMethod DataStructureIntroductionPage -->
  <testcase classname="dsAlgoHooks.Hooks" name="@AfterMethod tearDownTest" time="-1.738809859696E9">
    <skipped/>
  </testcase> <!-- @AfterMethod tearDownTest -->
  <testcase classname="dsAlgoHooks.Hooks" name="@BeforeMethod setup" time="-1.738809859698E9">
    <skipped/>
  </testcase> <!-- @BeforeMethod setup -->
  <testcase classname="dsAlgoTests.DataStructureTest" name="@BeforeMethod DataStructureIntroductionPage" time="-1.738809859698E9">
    <skipped/>
  </testcase> <!-- @BeforeMethod DataStructureIntroductionPage -->
  <testcase classname="dsAlgoHooks.Hooks" name="@AfterMethod tearDownTest" time="-1.738809859703E9">
    <skipped/>
  </testcase> <!-- @AfterMethod tearDownTest -->
  <testcase classname="dsAlgoTests.DataStructureTest" name="checkErrorMessageWhenExecutingWithoutCodeInDataStructureIntroductionPage" time="0.0">
    <skipped/>
  </testcase> <!-- checkErrorMessageWhenExecutingWithoutCodeInDataStructureIntroductionPage -->
  <testcase classname="dsAlgoTests.DataStructureTest" name="navigateToDataStructureIntroductionPagePracticeQuestions" time="0.0">
    <skipped/>
  </testcase> <!-- navigateToDataStructureIntroductionPagePracticeQuestions -->
  <testcase classname="dsAlgoTests.DataStructureTest" name="navigatetoTimeComplexityModule" time="0.0">
    <skipped/>
  </testcase> <!-- navigatetoTimeComplexityModule -->
  <testcase classname="dsAlgoTests.DataStructureTest" name="navigatetoTimeComplexitytryeditor" time="0.0">
    <skipped/>
  </testcase> <!-- navigatetoTimeComplexitytryeditor -->
  <testcase classname="dsAlgoTests.DataStructureTest" name="seeListOfPracticeQuestionsonDataStructureIntroductionPage" time="0.0">
    <skipped/>
  </testcase> <!-- seeListOfPracticeQuestionsonDataStructureIntroductionPage -->
  <testcase classname="dsAlgoTests.DataStructureTest" name="verifyCodeExecutionforDataStructureIntroductionPage" time="0.0">
    <skipped/>
  </testcase> <!-- verifyCodeExecutionforDataStructureIntroductionPage -->
  <testcase classname="dsAlgoTests.DataStructureTest" name="verifyCodeExecutionforDataStructureIntroductionPage" time="0.0">
    <skipped/>
  </testcase> <!-- verifyCodeExecutionforDataStructureIntroductionPage -->
</testsuite> <!-- Test2 -->
