<?xml version="1.0" encoding="UTF-8"?>
<!-- Generated by org.testng.reporters.JUnitXMLReporter -->
<testsuite ignored="9" hostname="Vaibhav" failures="33" tests="223" name="Test" time="1280.341" errors="0" timestamp="2025-02-06T09:11:37 IST">
  <testcase classname="dsAlgoTests.ArrayTest" name="@BeforeMethod navigateToArrayPage" time="8.608">
    <failure type="org.openqa.selenium.remote.UnreachableBrowserException" message="Error communicating with the remote browser. It may have died.
Build info: version: &amp;apos;4.17.0&amp;apos;, revision: &amp;apos;e52b1be057*&amp;apos;
System info: os.name: &amp;apos;Windows 11&amp;apos;, os.arch: &amp;apos;amd64&amp;apos;, os.version: &amp;apos;10.0&amp;apos;, java.version: &amp;apos;23.0.1&amp;apos;
Driver info: org.openqa.selenium.chrome.ChromeDriver
Command: [c4716a2a544e907464885ec7b53c53db, clickElement [id]]
Capabilities {acceptInsecureCerts: false, browserName: chrome, browserVersion: 132.0.6834.160, chrome: {chromedriverVersion: 132.0.6834.159 (2d77d3fc445..., userDataDir: C:\Users\shaal\AppData\Loca...}, fedcm:accounts: true, goog:chromeOptions: {debuggerAddress: localhost:58744}, networkConnectionEnabled: false, pageLoadStrategy: normal, platformName: windows, proxy: Proxy(), se:cdp: ws://localhost:58744/devtoo..., se:cdpVersion: 132.0.6834.160, setWindowRect: true, strictFileInteractability: false, timeouts: {implicit: 0, pageLoad: 300000, script: 30000}, unhandledPromptBehavior: dismiss and notify, webauthn:extension:credBlob: true, webauthn:extension:largeBlob: true, webauthn:extension:minPinLength: true, webauthn:extension:prf: true, webauthn:virtualAuthenticators: true}
Element: [[ChromeDriver: chrome on windows (c4716a2a544e907464885ec7b53c53db)] -&amp;gt; xpath: //a[@href=&amp;apos;array&amp;apos;]]
Session ID: c4716a2a544e907464885ec7b53c53db">
      <![CDATA[org.openqa.selenium.remote.UnreachableBrowserException: Error communicating with the remote browser. It may have died.
Build info: version: '4.17.0', revision: 'e52b1be057*'
System info: os.name: 'Windows 11', os.arch: 'amd64', os.version: '10.0', java.version: '23.0.1'
Driver info: org.openqa.selenium.chrome.ChromeDriver
Command: [c4716a2a544e907464885ec7b53c53db, clickElement [id]]
Capabilities {acceptInsecureCerts: false, browserName: chrome, browserVersion: 132.0.6834.160, chrome: {chromedriverVersion: 132.0.6834.159 (2d77d3fc445..., userDataDir: C:\Users\shaal\AppData\Loca...}, fedcm:accounts: true, goog:chromeOptions: {debuggerAddress: localhost:58744}, networkConnectionEnabled: false, pageLoadStrategy: normal, platformName: windows, proxy: Proxy(), se:cdp: ws://localhost:58744/devtoo..., se:cdpVersion: 132.0.6834.160, setWindowRect: true, strictFileInteractability: false, timeouts: {implicit: 0, pageLoad: 300000, script: 30000}, unhandledPromptBehavior: dismiss and notify, webauthn:extension:credBlob: true, webauthn:extension:largeBlob: true, webauthn:extension:minPinLength: true, webauthn:extension:prf: true, webauthn:virtualAuthenticators: true}
Element: [[ChromeDriver: chrome on windows (c4716a2a544e907464885ec7b53c53db)] -> xpath: //a[@href='array']]
Session ID: c4716a2a544e907464885ec7b53c53db
at org.openqa.selenium.remote.RemoteWebDriver.execute(RemoteWebDriver.java:546)
at org.openqa.selenium.remote.RemoteWebElement.execute(RemoteWebElement.java:223)
at org.openqa.selenium.remote.RemoteWebElement.click(RemoteWebElement.java:76)
at org.openqa.selenium.support.pagefactory.internal.LocatingElementHandler.invoke(LocatingElementHandler.java:51)
at jdk.proxy2/jdk.proxy2.$Proxy14.click(Unknown Source)
at dsAlgoPages.HomePage.getStartedArray(HomePage.java:108)
at dsAlgoTests.ArrayTest.navigateToArrayPage(ArrayTest.java:50)
at java.base/java.util.ArrayList.forEach(ArrayList.java:1597)
at java.base/java.util.concurrent.FutureTask.run(FutureTask.java:317)
at java.base/java.util.concurrent.ThreadPoolExecutor.runWorker(ThreadPoolExecutor.java:1144)
at java.base/java.util.concurrent.ThreadPoolExecutor$Worker.run(ThreadPoolExecutor.java:642)
at java.base/java.lang.Thread.run(Thread.java:1575)
Caused by: java.io.UncheckedIOException: java.io.IOException: HTTP/1.1 header parser received no bytes
at org.openqa.selenium.remote.http.jdk.JdkHttpClient.execute0(JdkHttpClient.java:442)
at org.openqa.selenium.remote.http.AddSeleniumUserAgent.lambda$apply$0(AddSeleniumUserAgent.java:42)
at org.openqa.selenium.remote.http.Filter.lambda$andFinally$1(Filter.java:55)
at org.openqa.selenium.remote.http.jdk.JdkHttpClient.execute(JdkHttpClient.java:358)
at org.openqa.selenium.remote.HttpCommandExecutor.execute(HttpCommandExecutor.java:187)
at org.openqa.selenium.remote.service.DriverCommandExecutor.invokeExecute(DriverCommandExecutor.java:216)
at org.openqa.selenium.remote.service.DriverCommandExecutor.execute(DriverCommandExecutor.java:174)
at org.openqa.selenium.remote.RemoteWebDriver.execute(RemoteWebDriver.java:519)
... 33 more
Caused by: java.io.IOException: HTTP/1.1 header parser received no bytes
at java.net.http/jdk.internal.net.http.common.Utils.wrapWithExtraDetail(Utils.java:440)
at java.net.http/jdk.internal.net.http.Http1Response$HeadersReader.onReadError(Http1Response.java:590)
at java.net.http/jdk.internal.net.http.Http1AsyncReceiver.checkForErrors(Http1AsyncReceiver.java:302)
at java.net.http/jdk.internal.net.http.Http1AsyncReceiver.flush(Http1AsyncReceiver.java:268)
at java.net.http/jdk.internal.net.http.common.SequentialScheduler$LockingRestartableTask.run(SequentialScheduler.java:182)
at java.net.http/jdk.internal.net.http.common.SequentialScheduler$CompleteRestartableTask.run(SequentialScheduler.java:149)
at java.net.http/jdk.internal.net.http.common.SequentialScheduler$SchedulableTask.run(SequentialScheduler.java:207)
... 3 more
Caused by: java.net.SocketException: Connection reset
at java.base/sun.nio.ch.SocketChannelImpl.throwConnectionReset(SocketChannelImpl.java:403)
at java.base/sun.nio.ch.SocketChannelImpl.implRead(SocketChannelImpl.java:435)
at java.base/sun.nio.ch.SocketChannelImpl.read(SocketChannelImpl.java:493)
at java.net.http/jdk.internal.net.http.SocketTube.readAvailable(SocketTube.java:1178)
at java.net.http/jdk.internal.net.http.SocketTube$InternalReadPublisher$InternalReadSubscription.read(SocketTube.java:841)
at java.net.http/jdk.internal.net.http.SocketTube$SocketFlowTask.run(SocketTube.java:181)
at java.net.http/jdk.internal.net.http.common.SequentialScheduler$SchedulableTask.run(SequentialScheduler.java:207)
at java.net.http/jdk.internal.net.http.common.SequentialScheduler.runOrSchedule(SequentialScheduler.java:280)
at java.net.http/jdk.internal.net.http.common.SequentialScheduler.runOrSchedule(SequentialScheduler.java:233)
at java.net.http/jdk.internal.net.http.SocketTube$InternalReadPublisher$InternalReadSubscription.signalReadable(SocketTube.java:782)
at java.net.http/jdk.internal.net.http.SocketTube$InternalReadPublisher$ReadEvent.signalEvent(SocketTube.java:965)
at java.net.http/jdk.internal.net.http.SocketTube$SocketFlowEvent.handle(SocketTube.java:253)
at java.net.http/jdk.internal.net.http.HttpClientImpl$SelectorManager.handleEvent(HttpClientImpl.java:1478)
at java.net.http/jdk.internal.net.http.HttpClientImpl$SelectorManager.lambda$run$3(HttpClientImpl.java:1423)
at java.base/java.util.ArrayList.forEach(ArrayList.java:1597)
at java.net.http/jdk.internal.net.http.HttpClientImpl$SelectorManager.run(HttpClientImpl.java:1423)
... Removed 22 stack frames]]>
    </failure>
  </testcase> <!-- @BeforeMethod navigateToArrayPage -->
  <testcase classname="dsAlgoHooks.Hooks" name="@AfterMethod tearDownTest" time="-1.738812455944E9">
    <skipped/>
  </testcase> <!-- @AfterMethod tearDownTest -->
  <testcase classname="dsAlgoHooks.Hooks" name="@BeforeMethod setup" time="-1.738812455945E9">
    <skipped/>
  </testcase> <!-- @BeforeMethod setup -->
  <testcase classname="dsAlgoTests.ArrayTest" name="@BeforeMethod navigateToArrayPage" time="-1.738812455946E9">
    <skipped/>
  </testcase> <!-- @BeforeMethod navigateToArrayPage -->
  <testcase classname="dsAlgoHooks.Hooks" name="@AfterMethod tearDownTest" time="-1.738812455949E9">
    <skipped/>
  </testcase> <!-- @AfterMethod tearDownTest -->
  <testcase classname="dsAlgoHooks.Hooks" name="@BeforeMethod setup" time="-1.73881245595E9">
    <skipped/>
  </testcase> <!-- @BeforeMethod setup -->
  <testcase classname="dsAlgoTests.ArrayTest" name="@BeforeMethod navigateToArrayPage" time="-1.738812455953E9">
    <skipped/>
  </testcase> <!-- @BeforeMethod navigateToArrayPage -->
  <testcase classname="dsAlgoHooks.Hooks" name="@AfterMethod tearDownTest" time="-1.738812455957E9">
    <skipped/>
  </testcase> <!-- @AfterMethod tearDownTest -->
  <testcase classname="dsAlgoHooks.Hooks" name="@BeforeMethod setup" time="-1.738812455957E9">
    <skipped/>
  </testcase> <!-- @BeforeMethod setup -->
  <testcase classname="dsAlgoTests.ArrayTest" name="@BeforeMethod navigateToArrayPage" time="-1.738812455958E9">
    <skipped/>
  </testcase> <!-- @BeforeMethod navigateToArrayPage -->
  <testcase classname="dsAlgoHooks.Hooks" name="@AfterMethod tearDownTest" time="-1.738812455961E9">
    <skipped/>
  </testcase> <!-- @AfterMethod tearDownTest -->
  <testcase classname="dsAlgoHooks.Hooks" name="@BeforeMethod setup" time="-1.738812455961E9">
    <skipped/>
  </testcase> <!-- @BeforeMethod setup -->
  <testcase classname="dsAlgoTests.ArrayTest" name="@BeforeMethod navigateToArrayPage" time="-1.738812455962E9">
    <skipped/>
  </testcase> <!-- @BeforeMethod navigateToArrayPage -->
  <testcase classname="dsAlgoHooks.Hooks" name="@AfterMethod tearDownTest" time="-1.738812455963E9">
    <skipped/>
  </testcase> <!-- @AfterMethod tearDownTest -->
  <testcase classname="dsAlgoHooks.Hooks" name="@BeforeMethod setup" time="-1.738812455964E9">
    <skipped/>
  </testcase> <!-- @BeforeMethod setup -->
  <testcase classname="dsAlgoTests.ArrayTest" name="@BeforeMethod navigateToArrayPage" time="-1.738812455964E9">
    <skipped/>
  </testcase> <!-- @BeforeMethod navigateToArrayPage -->
  <testcase classname="dsAlgoHooks.Hooks" name="@AfterMethod tearDownTest" time="-1.738812455966E9">
    <skipped/>
  </testcase> <!-- @AfterMethod tearDownTest -->
  <testcase classname="dsAlgoHooks.Hooks" name="@BeforeMethod setup" time="-1.738812455966E9">
    <skipped/>
  </testcase> <!-- @BeforeMethod setup -->
  <testcase classname="dsAlgoTests.ArrayTest" name="@BeforeMethod navigateToArrayPage" time="-1.738812455966E9">
    <skipped/>
  </testcase> <!-- @BeforeMethod navigateToArrayPage -->
  <testcase classname="dsAlgoHooks.Hooks" name="@AfterMethod tearDownTest" time="-1.738812455969E9">
    <skipped/>
  </testcase> <!-- @AfterMethod tearDownTest -->
  <testcase classname="dsAlgoHooks.Hooks" name="@BeforeMethod setup" time="-1.73881245597E9">
    <skipped/>
  </testcase> <!-- @BeforeMethod setup -->
  <testcase classname="dsAlgoTests.ArrayTest" name="@BeforeMethod navigateToArrayPage" time="-1.73881245597E9">
    <skipped/>
  </testcase> <!-- @BeforeMethod navigateToArrayPage -->
  <testcase classname="dsAlgoHooks.Hooks" name="@AfterMethod tearDownTest" time="-1.738812455974E9">
    <skipped/>
  </testcase> <!-- @AfterMethod tearDownTest -->
  <testcase classname="dsAlgoHooks.Hooks" name="@AfterMethod tearDownTest" time="0.005">
    <failure type="org.openqa.selenium.NoSuchWindowException" message="no such window: target window already closed
from unknown error: web view not found
  (Session info: chrome=132.0.6834.160)
Build info: version: &amp;apos;4.17.0&amp;apos;, revision: &amp;apos;e52b1be057*&amp;apos;
System info: os.name: &amp;apos;Windows 11&amp;apos;, os.arch: &amp;apos;amd64&amp;apos;, os.version: &amp;apos;10.0&amp;apos;, java.version: &amp;apos;23.0.1&amp;apos;
Driver info: org.openqa.selenium.chrome.ChromeDriver
Command: [9282049324a22c2d69eeb30a9960a2ce, screenshot {}]
Capabilities {acceptInsecureCerts: false, browserName: chrome, browserVersion: 132.0.6834.160, chrome: {chromedriverVersion: 132.0.6834.159 (2d77d3fc445..., userDataDir: C:\Users\shaal\AppData\Loca...}, fedcm:accounts: true, goog:chromeOptions: {debuggerAddress: localhost:58860}, networkConnectionEnabled: false, pageLoadStrategy: normal, platformName: windows, proxy: Proxy(), se:cdp: ws://localhost:58860/devtoo..., se:cdpVersion: 132.0.6834.160, setWindowRect: true, strictFileInteractability: false, timeouts: {implicit: 0, pageLoad: 300000, script: 30000}, unhandledPromptBehavior: dismiss and notify, webauthn:extension:credBlob: true, webauthn:extension:largeBlob: true, webauthn:extension:minPinLength: true, webauthn:extension:prf: true, webauthn:virtualAuthenticators: true}
Session ID: 9282049324a22c2d69eeb30a9960a2ce">
      <![CDATA[org.openqa.selenium.NoSuchWindowException: no such window: target window already closed
from unknown error: web view not found
  (Session info: chrome=132.0.6834.160)
Build info: version: '4.17.0', revision: 'e52b1be057*'
System info: os.name: 'Windows 11', os.arch: 'amd64', os.version: '10.0', java.version: '23.0.1'
Driver info: org.openqa.selenium.chrome.ChromeDriver
Command: [9282049324a22c2d69eeb30a9960a2ce, screenshot {}]
Capabilities {acceptInsecureCerts: false, browserName: chrome, browserVersion: 132.0.6834.160, chrome: {chromedriverVersion: 132.0.6834.159 (2d77d3fc445..., userDataDir: C:\Users\shaal\AppData\Loca...}, fedcm:accounts: true, goog:chromeOptions: {debuggerAddress: localhost:58860}, networkConnectionEnabled: false, pageLoadStrategy: normal, platformName: windows, proxy: Proxy(), se:cdp: ws://localhost:58860/devtoo..., se:cdpVersion: 132.0.6834.160, setWindowRect: true, strictFileInteractability: false, timeouts: {implicit: 0, pageLoad: 300000, script: 30000}, unhandledPromptBehavior: dismiss and notify, webauthn:extension:credBlob: true, webauthn:extension:largeBlob: true, webauthn:extension:minPinLength: true, webauthn:extension:prf: true, webauthn:virtualAuthenticators: true}
Session ID: 9282049324a22c2d69eeb30a9960a2ce
at org.openqa.selenium.remote.codec.w3c.W3CHttpResponseCodec.createException(W3CHttpResponseCodec.java:185)
at org.openqa.selenium.remote.codec.w3c.W3CHttpResponseCodec.decode(W3CHttpResponseCodec.java:134)
at org.openqa.selenium.remote.codec.w3c.W3CHttpResponseCodec.decode(W3CHttpResponseCodec.java:51)
at org.openqa.selenium.remote.HttpCommandExecutor.execute(HttpCommandExecutor.java:190)
at org.openqa.selenium.remote.service.DriverCommandExecutor.invokeExecute(DriverCommandExecutor.java:216)
at org.openqa.selenium.remote.service.DriverCommandExecutor.execute(DriverCommandExecutor.java:174)
at org.openqa.selenium.remote.RemoteWebDriver.execute(RemoteWebDriver.java:519)
at org.openqa.selenium.remote.RemoteWebDriver.execute(RemoteWebDriver.java:592)
at org.openqa.selenium.remote.RemoteWebDriver.execute(RemoteWebDriver.java:596)
at org.openqa.selenium.remote.RemoteWebDriver.getScreenshotAs(RemoteWebDriver.java:322)
at dsAlgoHooks.Hooks.tearDownTest(Hooks.java:46)
at java.base/java.util.ArrayList.forEach(ArrayList.java:1597)
at java.base/java.util.concurrent.FutureTask.run(FutureTask.java:317)
at java.base/java.util.concurrent.ThreadPoolExecutor.runWorker(ThreadPoolExecutor.java:1144)
at java.base/java.util.concurrent.ThreadPoolExecutor$Worker.run(ThreadPoolExecutor.java:642)
at java.base/java.lang.Thread.run(Thread.java:1575)
... Removed 24 stack frames]]>
    </failure>
  </testcase> <!-- @AfterMethod tearDownTest -->
  <testcase classname="dsAlgoHooks.Hooks" name="@BeforeMethod setup" time="-1.73881248509E9">
    <skipped/>
  </testcase> <!-- @BeforeMethod setup -->
  <testcase classname="dsAlgoTests.LinkedListTest" name="@BeforeMethod navigateToLinkedListPage" time="-1.738812485091E9">
    <skipped/>
  </testcase> <!-- @BeforeMethod navigateToLinkedListPage -->
  <testcase classname="dsAlgoHooks.Hooks" name="@AfterMethod tearDownTest" time="-1.738812485091E9">
    <skipped/>
  </testcase> <!-- @AfterMethod tearDownTest -->
  <testcase classname="dsAlgoHooks.Hooks" name="@BeforeMethod setup" time="-1.738812485092E9">
    <skipped/>
  </testcase> <!-- @BeforeMethod setup -->
  <testcase classname="dsAlgoTests.LinkedListTest" name="@BeforeMethod navigateToLinkedListPage" time="-1.738812485092E9">
    <skipped/>
  </testcase> <!-- @BeforeMethod navigateToLinkedListPage -->
  <testcase classname="dsAlgoHooks.Hooks" name="@AfterMethod tearDownTest" time="-1.738812485093E9">
    <skipped/>
  </testcase> <!-- @AfterMethod tearDownTest -->
  <testcase classname="dsAlgoHooks.Hooks" name="@BeforeMethod setup" time="-1.738812485093E9">
    <skipped/>
  </testcase> <!-- @BeforeMethod setup -->
  <testcase classname="dsAlgoTests.LinkedListTest" name="@BeforeMethod navigateToLinkedListPage" time="-1.738812485093E9">
    <skipped/>
  </testcase> <!-- @BeforeMethod navigateToLinkedListPage -->
  <testcase classname="dsAlgoHooks.Hooks" name="@AfterMethod tearDownTest" time="-1.738812485094E9">
    <skipped/>
  </testcase> <!-- @AfterMethod tearDownTest -->
  <testcase classname="dsAlgoHooks.Hooks" name="@BeforeMethod setup" time="-1.738812485095E9">
    <skipped/>
  </testcase> <!-- @BeforeMethod setup -->
  <testcase classname="dsAlgoTests.LinkedListTest" name="@BeforeMethod navigateToLinkedListPage" time="-1.738812485095E9">
    <skipped/>
  </testcase> <!-- @BeforeMethod navigateToLinkedListPage -->
  <testcase classname="dsAlgoHooks.Hooks" name="@AfterMethod tearDownTest" time="-1.738812485097E9">
    <skipped/>
  </testcase> <!-- @AfterMethod tearDownTest -->
  <testcase classname="dsAlgoHooks.Hooks" name="@BeforeMethod setup" time="-1.738812485097E9">
    <skipped/>
  </testcase> <!-- @BeforeMethod setup -->
  <testcase classname="dsAlgoTests.LinkedListTest" name="@BeforeMethod navigateToLinkedListPage" time="-1.738812485097E9">
    <skipped/>
  </testcase> <!-- @BeforeMethod navigateToLinkedListPage -->
  <testcase classname="dsAlgoHooks.Hooks" name="@AfterMethod tearDownTest" time="-1.738812485099E9">
    <skipped/>
  </testcase> <!-- @AfterMethod tearDownTest -->
  <testcase classname="dsAlgoHooks.Hooks" name="@BeforeMethod setup" time="-1.738812485099E9">
    <skipped/>
  </testcase> <!-- @BeforeMethod setup -->
  <testcase classname="dsAlgoTests.LinkedListTest" name="@BeforeMethod navigateToLinkedListPage" time="-1.7388124851E9">
    <skipped/>
  </testcase> <!-- @BeforeMethod navigateToLinkedListPage -->
  <testcase classname="dsAlgoHooks.Hooks" name="@AfterMethod tearDownTest" time="-1.738812485105E9">
    <skipped/>
  </testcase> <!-- @AfterMethod tearDownTest -->
  <testcase classname="dsAlgoHooks.Hooks" name="@BeforeMethod setup" time="-1.738812485106E9">
    <skipped/>
  </testcase> <!-- @BeforeMethod setup -->
  <testcase classname="dsAlgoTests.LinkedListTest" name="@BeforeMethod navigateToLinkedListPage" time="-1.738812485107E9">
    <skipped/>
  </testcase> <!-- @BeforeMethod navigateToLinkedListPage -->
  <testcase classname="dsAlgoHooks.Hooks" name="@AfterMethod tearDownTest" time="-1.738812485108E9">
    <skipped/>
  </testcase> <!-- @AfterMethod tearDownTest -->
  <testcase classname="dsAlgoHooks.Hooks" name="@BeforeMethod setup" time="-1.738812485108E9">
    <skipped/>
  </testcase> <!-- @BeforeMethod setup -->
  <testcase classname="dsAlgoTests.LinkedListTest" name="@BeforeMethod navigateToLinkedListPage" time="-1.738812485108E9">
    <skipped/>
  </testcase> <!-- @BeforeMethod navigateToLinkedListPage -->
  <testcase classname="dsAlgoHooks.Hooks" name="@AfterMethod tearDownTest" time="-1.738812485109E9">
    <skipped/>
  </testcase> <!-- @AfterMethod tearDownTest -->
  <testcase classname="dsAlgoHooks.Hooks" name="@BeforeMethod setup" time="-1.73881248511E9">
    <skipped/>
  </testcase> <!-- @BeforeMethod setup -->
  <testcase classname="dsAlgoTests.LinkedListTest" name="@BeforeMethod navigateToLinkedListPage" time="-1.73881248511E9">
    <skipped/>
  </testcase> <!-- @BeforeMethod navigateToLinkedListPage -->
  <testcase classname="dsAlgoHooks.Hooks" name="@AfterMethod tearDownTest" time="-1.738812485112E9">
    <skipped/>
  </testcase> <!-- @AfterMethod tearDownTest -->
  <testcase classname="dsAlgoHooks.Hooks" name="@BeforeMethod setup" time="-1.738812485115E9">
    <skipped/>
  </testcase> <!-- @BeforeMethod setup -->
  <testcase classname="dsAlgoTests.LinkedListTest" name="@BeforeMethod navigateToLinkedListPage" time="-1.738812485116E9">
    <skipped/>
  </testcase> <!-- @BeforeMethod navigateToLinkedListPage -->
  <testcase classname="dsAlgoHooks.Hooks" name="@AfterMethod tearDownTest" time="-1.738812485119E9">
    <skipped/>
  </testcase> <!-- @AfterMethod tearDownTest -->
  <testcase classname="dsAlgoHooks.Hooks" name="@BeforeMethod setup" time="-1.738812485126E9">
    <skipped/>
  </testcase> <!-- @BeforeMethod setup -->
  <testcase classname="dsAlgoTests.LinkedListTest" name="@BeforeMethod navigateToLinkedListPage" time="-1.738812485129E9">
    <skipped/>
  </testcase> <!-- @BeforeMethod navigateToLinkedListPage -->
  <testcase classname="dsAlgoHooks.Hooks" name="@AfterMethod tearDownTest" time="-1.73881248514E9">
    <skipped/>
  </testcase> <!-- @AfterMethod tearDownTest -->
  <testcase classname="dsAlgoHooks.Hooks" name="@BeforeMethod setup" time="-1.738812485142E9">
    <skipped/>
  </testcase> <!-- @BeforeMethod setup -->
  <testcase classname="dsAlgoTests.LinkedListTest" name="@BeforeMethod navigateToLinkedListPage" time="-1.738812485144E9">
    <skipped/>
  </testcase> <!-- @BeforeMethod navigateToLinkedListPage -->
  <testcase classname="dsAlgoHooks.Hooks" name="@AfterMethod tearDownTest" time="-1.738812485148E9">
    <skipped/>
  </testcase> <!-- @AfterMethod tearDownTest -->
  <testcase classname="dsAlgoHooks.Hooks" name="@BeforeMethod setup" time="-1.738812485148E9">
    <skipped/>
  </testcase> <!-- @BeforeMethod setup -->
  <testcase classname="dsAlgoTests.LinkedListTest" name="@BeforeMethod navigateToLinkedListPage" time="-1.738812485149E9">
    <skipped/>
  </testcase> <!-- @BeforeMethod navigateToLinkedListPage -->
  <testcase classname="dsAlgoHooks.Hooks" name="@AfterMethod tearDownTest" time="-1.738812485151E9">
    <skipped/>
  </testcase> <!-- @AfterMethod tearDownTest -->
  <testcase classname="dsAlgoHooks.Hooks" name="@BeforeMethod setup" time="-1.738812485152E9">
    <skipped/>
  </testcase> <!-- @BeforeMethod setup -->
  <testcase classname="dsAlgoTests.LinkedListTest" name="@BeforeMethod navigateToLinkedListPage" time="-1.738812485152E9">
    <skipped/>
  </testcase> <!-- @BeforeMethod navigateToLinkedListPage -->
  <testcase classname="dsAlgoHooks.Hooks" name="@AfterMethod tearDownTest" time="-1.738812485155E9">
    <skipped/>
  </testcase> <!-- @AfterMethod tearDownTest -->
  <testcase classname="dsAlgoHooks.Hooks" name="@BeforeMethod setup" time="-1.738812485155E9">
    <skipped/>
  </testcase> <!-- @BeforeMethod setup -->
  <testcase classname="dsAlgoTests.LinkedListTest" name="@BeforeMethod navigateToLinkedListPage" time="-1.738812485156E9">
    <skipped/>
  </testcase> <!-- @BeforeMethod navigateToLinkedListPage -->
  <testcase classname="dsAlgoHooks.Hooks" name="@AfterMethod tearDownTest" time="-1.738812485157E9">
    <skipped/>
  </testcase> <!-- @AfterMethod tearDownTest -->
  <testcase classname="dsAlgoHooks.Hooks" name="@BeforeMethod setup" time="-1.738812485158E9">
    <skipped/>
  </testcase> <!-- @BeforeMethod setup -->
  <testcase classname="dsAlgoTests.LinkedListTest" name="@BeforeMethod navigateToLinkedListPage" time="-1.738812485158E9">
    <skipped/>
  </testcase> <!-- @BeforeMethod navigateToLinkedListPage -->
  <testcase classname="dsAlgoHooks.Hooks" name="@AfterMethod tearDownTest" time="-1.738812485161E9">
    <skipped/>
  </testcase> <!-- @AfterMethod tearDownTest -->
  <testcase classname="dsAlgoHooks.Hooks" name="@BeforeMethod setup" time="-1.738812485162E9">
    <skipped/>
  </testcase> <!-- @BeforeMethod setup -->
  <testcase classname="dsAlgoTests.LinkedListTest" name="@BeforeMethod navigateToLinkedListPage" time="-1.738812485162E9">
    <skipped/>
  </testcase> <!-- @BeforeMethod navigateToLinkedListPage -->
  <testcase classname="dsAlgoHooks.Hooks" name="@AfterMethod tearDownTest" time="-1.738812485171E9">
    <skipped/>
  </testcase> <!-- @AfterMethod tearDownTest -->
  <testcase classname="dsAlgoHooks.Hooks" name="@BeforeMethod setup" time="-1.738812485172E9">
    <skipped/>
  </testcase> <!-- @BeforeMethod setup -->
  <testcase classname="dsAlgoTests.LinkedListTest" name="@BeforeMethod navigateToLinkedListPage" time="-1.738812485173E9">
    <skipped/>
  </testcase> <!-- @BeforeMethod navigateToLinkedListPage -->
  <testcase classname="dsAlgoHooks.Hooks" name="@AfterMethod tearDownTest" time="-1.738812485176E9">
    <skipped/>
  </testcase> <!-- @AfterMethod tearDownTest -->
  <testcase classname="dsAlgoHooks.Hooks" name="@BeforeMethod setup" time="-1.738812485255E9">
    <skipped/>
  </testcase> <!-- @BeforeMethod setup -->
  <testcase classname="dsAlgoTests.LinkedListTest" name="@BeforeMethod navigateToLinkedListPage" time="-1.738812485256E9">
    <skipped/>
  </testcase> <!-- @BeforeMethod navigateToLinkedListPage -->
  <testcase classname="dsAlgoHooks.Hooks" name="@AfterMethod tearDownTest" time="-1.738812485259E9">
    <skipped/>
  </testcase> <!-- @AfterMethod tearDownTest -->
  <testcase classname="dsAlgoHooks.Hooks" name="@BeforeMethod setup" time="-1.738812485259E9">
    <skipped/>
  </testcase> <!-- @BeforeMethod setup -->
  <testcase classname="dsAlgoTests.LinkedListTest" name="@BeforeMethod navigateToLinkedListPage" time="-1.73881248526E9">
    <skipped/>
  </testcase> <!-- @BeforeMethod navigateToLinkedListPage -->
  <testcase classname="dsAlgoHooks.Hooks" name="@AfterMethod tearDownTest" time="-1.738812485261E9">
    <skipped/>
  </testcase> <!-- @AfterMethod tearDownTest -->
  <testcase classname="dsAlgoHooks.Hooks" name="@BeforeMethod setup" time="-1.738812485261E9">
    <skipped/>
  </testcase> <!-- @BeforeMethod setup -->
  <testcase classname="dsAlgoTests.LinkedListTest" name="@BeforeMethod navigateToLinkedListPage" time="-1.738812485261E9">
    <skipped/>
  </testcase> <!-- @BeforeMethod navigateToLinkedListPage -->
  <testcase classname="dsAlgoHooks.Hooks" name="@AfterMethod tearDownTest" time="-1.738812485265E9">
    <skipped/>
  </testcase> <!-- @AfterMethod tearDownTest -->
  <testcase classname="dsAlgoHooks.Hooks" name="@BeforeMethod setup" time="-1.738812485265E9">
    <skipped/>
  </testcase> <!-- @BeforeMethod setup -->
  <testcase classname="dsAlgoTests.LinkedListTest" name="@BeforeMethod navigateToLinkedListPage" time="-1.738812485266E9">
    <skipped/>
  </testcase> <!-- @BeforeMethod navigateToLinkedListPage -->
  <testcase classname="dsAlgoHooks.Hooks" name="@AfterMethod tearDownTest" time="-1.738812485268E9">
    <skipped/>
  </testcase> <!-- @AfterMethod tearDownTest -->
  <testcase classname="dsAlgoHooks.Hooks" name="@BeforeMethod setup" time="-1.738812485269E9">
    <skipped/>
  </testcase> <!-- @BeforeMethod setup -->
  <testcase classname="dsAlgoTests.LinkedListTest" name="@BeforeMethod navigateToLinkedListPage" time="-1.738812485269E9">
    <skipped/>
  </testcase> <!-- @BeforeMethod navigateToLinkedListPage -->
  <testcase classname="dsAlgoHooks.Hooks" name="@AfterMethod tearDownTest" time="-1.73881248527E9">
    <skipped/>
  </testcase> <!-- @AfterMethod tearDownTest -->
  <testcase classname="dsAlgoHooks.Hooks" name="@BeforeMethod setup" time="-1.738812485271E9">
    <skipped/>
  </testcase> <!-- @BeforeMethod setup -->
  <testcase classname="dsAlgoTests.LinkedListTest" name="@BeforeMethod navigateToLinkedListPage" time="-1.738812485271E9">
    <skipped/>
  </testcase> <!-- @BeforeMethod navigateToLinkedListPage -->
  <testcase classname="dsAlgoHooks.Hooks" name="@AfterMethod tearDownTest" time="-1.738812485272E9">
    <skipped/>
  </testcase> <!-- @AfterMethod tearDownTest -->
  <testcase classname="dsAlgoHooks.Hooks" name="@BeforeMethod setup" time="-1.738812485273E9">
    <skipped/>
  </testcase> <!-- @BeforeMethod setup -->
  <testcase classname="dsAlgoTests.LinkedListTest" name="@BeforeMethod navigateToLinkedListPage" time="-1.738812485273E9">
    <skipped/>
  </testcase> <!-- @BeforeMethod navigateToLinkedListPage -->
  <testcase classname="dsAlgoHooks.Hooks" name="@AfterMethod tearDownTest" time="-1.738812485275E9">
    <skipped/>
  </testcase> <!-- @AfterMethod tearDownTest -->
  <testcase classname="dsAlgoHooks.Hooks" name="@BeforeMethod setup" time="-1.738812485276E9">
    <skipped/>
  </testcase> <!-- @BeforeMethod setup -->
  <testcase classname="dsAlgoTests.LinkedListTest" name="@BeforeMethod navigateToLinkedListPage" time="-1.738812485277E9">
    <skipped/>
  </testcase> <!-- @BeforeMethod navigateToLinkedListPage -->
  <testcase classname="dsAlgoHooks.Hooks" name="@AfterMethod tearDownTest" time="-1.738812485278E9">
    <skipped/>
  </testcase> <!-- @AfterMethod tearDownTest -->
  <testcase classname="dsAlgoHooks.Hooks" name="@BeforeMethod setup" time="-1.738812485278E9">
    <skipped/>
  </testcase> <!-- @BeforeMethod setup -->
  <testcase classname="dsAlgoTests.LinkedListTest" name="@BeforeMethod navigateToLinkedListPage" time="-1.738812485279E9">
    <skipped/>
  </testcase> <!-- @BeforeMethod navigateToLinkedListPage -->
  <testcase classname="dsAlgoHooks.Hooks" name="@AfterMethod tearDownTest" time="-1.738812485281E9">
    <skipped/>
  </testcase> <!-- @AfterMethod tearDownTest -->
  <testcase classname="dsAlgoHooks.Hooks" name="@BeforeMethod setup" time="-1.738812485282E9">
    <skipped/>
  </testcase> <!-- @BeforeMethod setup -->
  <testcase classname="dsAlgoTests.LinkedListTest" name="@BeforeMethod navigateToLinkedListPage" time="-1.738812485282E9">
    <skipped/>
  </testcase> <!-- @BeforeMethod navigateToLinkedListPage -->
  <testcase classname="dsAlgoHooks.Hooks" name="@AfterMethod tearDownTest" time="-1.738812485284E9">
    <skipped/>
  </testcase> <!-- @AfterMethod tearDownTest -->
  <testcase classname="dsAlgoHooks.Hooks" name="@BeforeMethod setup" time="-1.738812485285E9">
    <skipped/>
  </testcase> <!-- @BeforeMethod setup -->
  <testcase classname="dsAlgoTests.LinkedListTest" name="@BeforeMethod navigateToLinkedListPage" time="-1.738812485285E9">
    <skipped/>
  </testcase> <!-- @BeforeMethod navigateToLinkedListPage -->
  <testcase classname="dsAlgoHooks.Hooks" name="@AfterMethod tearDownTest" time="-1.738812485287E9">
    <skipped/>
  </testcase> <!-- @AfterMethod tearDownTest -->
  <testcase classname="dsAlgoHooks.Hooks" name="@BeforeMethod setup" time="-1.738812485287E9">
    <skipped/>
  </testcase> <!-- @BeforeMethod setup -->
  <testcase classname="dsAlgoTests.LinkedListTest" name="@BeforeMethod navigateToLinkedListPage" time="-1.738812485288E9">
    <skipped/>
  </testcase> <!-- @BeforeMethod navigateToLinkedListPage -->
  <testcase classname="dsAlgoHooks.Hooks" name="@AfterMethod tearDownTest" time="-1.738812485289E9">
    <skipped/>
  </testcase> <!-- @AfterMethod tearDownTest -->
  <testcase classname="dsAlgoHooks.Hooks" name="@BeforeMethod setup" time="-1.73881248529E9">
    <skipped/>
  </testcase> <!-- @BeforeMethod setup -->
  <testcase classname="dsAlgoTests.LinkedListTest" name="@BeforeMethod navigateToLinkedListPage" time="-1.73881248529E9">
    <skipped/>
  </testcase> <!-- @BeforeMethod navigateToLinkedListPage -->
  <testcase classname="dsAlgoHooks.Hooks" name="@AfterMethod tearDownTest" time="-1.738812485291E9">
    <skipped/>
  </testcase> <!-- @AfterMethod tearDownTest -->
  <testcase classname="dsAlgoHooks.Hooks" name="@BeforeMethod setup" time="-1.738812485297E9">
    <skipped/>
  </testcase> <!-- @BeforeMethod setup -->
  <testcase classname="dsAlgoTests.LinkedListTest" name="@BeforeMethod navigateToLinkedListPage" time="-1.738812485298E9">
    <skipped/>
  </testcase> <!-- @BeforeMethod navigateToLinkedListPage -->
  <testcase classname="dsAlgoHooks.Hooks" name="@AfterMethod tearDownTest" time="-1.738812485301E9">
    <skipped/>
  </testcase> <!-- @AfterMethod tearDownTest -->
  <testcase classname="dsAlgoHooks.Hooks" name="@BeforeMethod setup" time="-1.738812485303E9">
    <skipped/>
  </testcase> <!-- @BeforeMethod setup -->
  <testcase classname="dsAlgoTests.LinkedListTest" name="@BeforeMethod navigateToLinkedListPage" time="-1.738812485304E9">
    <skipped/>
  </testcase> <!-- @BeforeMethod navigateToLinkedListPage -->
  <testcase classname="dsAlgoHooks.Hooks" name="@AfterMethod tearDownTest" time="-1.738812485308E9">
    <skipped/>
  </testcase> <!-- @AfterMethod tearDownTest -->
  <testcase classname="dsAlgoHooks.Hooks" name="@BeforeMethod setup" time="-1.738812485309E9">
    <skipped/>
  </testcase> <!-- @BeforeMethod setup -->
  <testcase classname="dsAlgoTests.LinkedListTest" name="@BeforeMethod navigateToLinkedListPage" time="-1.738812485309E9">
    <skipped/>
  </testcase> <!-- @BeforeMethod navigateToLinkedListPage -->
  <testcase classname="dsAlgoHooks.Hooks" name="@AfterMethod tearDownTest" time="-1.738812485311E9">
    <skipped/>
  </testcase> <!-- @AfterMethod tearDownTest -->
  <testcase classname="dsAlgoTests.HomeTest" name="GetstartedArrayerrorBeforeSignin" time="0.809"/>
  <testcase classname="dsAlgoTests.HomeTest" name="GetstartedGrapherrorBeforeSignin" time="0.922"/>
  <testcase classname="dsAlgoTests.HomeTest" name="GetstartedLinkedListerrorBeforeSignin" time="0.365"/>
  <testcase classname="dsAlgoTests.HomeTest" name="GetstartedQueueerrorBeforeSignin" time="0.368"/>
  <testcase classname="dsAlgoTests.HomeTest" name="GetstartedStackerrorBeforeSignin" time="0.313"/>
  <testcase classname="dsAlgoTests.HomeTest" name="GetstartedTreeerrorBeforeSignin" time="0.439"/>
  <testcase classname="dsAlgoTests.HomeTest" name="dropdownoptionArrayserrorBeforeSignin" time="0.403"/>
  <testcase classname="dsAlgoTests.HomeTest" name="dropdownoptionGrapherrorBeforeSignin" time="0.422"/>
  <testcase classname="dsAlgoTests.HomeTest" name="dropdownoptionLinkedListerrorBeforeSignin" time="0.437"/>
  <testcase classname="dsAlgoTests.HomeTest" name="dropdownoptionQueueerrorBeforeSignin" time="0.434"/>
  <testcase classname="dsAlgoTests.HomeTest" name="dropdownoptionStackerrorBeforeSignin" time="0.457"/>
  <testcase classname="dsAlgoTests.HomeTest" name="dropdownoptionTreeerrorBeforeSignin" time="1.258"/>
  <testcase classname="dsAlgoTests.HomeTest" name="errorMessageWhenClickedOnDataStructureBeforeSignin" time="0.324"/>
  <testcase classname="dsAlgoTests.HomeTest" name="navigateToLogin" time="0.451"/>
  <testcase classname="dsAlgoTests.HomeTest" name="navigateToRegister" time="0.261"/>
  <testcase classname="dsAlgoTests.RegisterTest" name="enterCredentials" time="0.805"/>
  <testcase classname="dsAlgoTests.RegisterTest" name="enterCredentials" time="0.835"/>
  <testcase classname="dsAlgoTests.RegisterTest" name="enterCredentials" time="0.632"/>
  <testcase classname="dsAlgoTests.RegisterTest" name="enterCredentials" time="0.621"/>
  <testcase classname="dsAlgoTests.RegisterTest" name="enterCredentials" time="0.788"/>
  <testcase classname="dsAlgoTests.RegisterTest" name="enterCredentials" time="0.741"/>
  <testcase classname="dsAlgoTests.RegisterTest" name="enterCredentials" time="0.83"/>
  <testcase classname="dsAlgoTests.SigninTest" name="enterCredentials" time="1.387"/>
  <testcase classname="dsAlgoTests.SigninTest" name="enterCredentials" time="20.907"/>
  <testcase classname="dsAlgoTests.SigninTest" name="enterCredentials" time="20.942"/>
  <testcase classname="dsAlgoTests.SigninTest" name="enterCredentials" time="21.053"/>
  <testcase classname="dsAlgoTests.SigninTest" name="enterCredentials" time="20.773"/>
  <testcase classname="dsAlgoTests.SigninTest" name="enterCredentials" time="21.049"/>
  <testcase classname="dsAlgoTests.DataStructureTest" name="checkErrorMessageWhenExecutingWithoutCodeInDataStructureIntroductionPage" time="5.008">
    <failure type="java.lang.AssertionError" message="Test failed: Expected an error message when clicking the &amp;apos;Run&amp;apos; button without entering code, but no message was displayed.">
      <![CDATA[java.lang.AssertionError: Test failed: Expected an error message when clicking the 'Run' button without entering code, but no message was displayed.
at dsAlgoTests.DataStructureTest.checkErrorMessageWhenExecutingWithoutCodeInDataStructureIntroductionPage(DataStructureTest.java:85)
at java.base/java.util.ArrayList.forEach(ArrayList.java:1597)
at java.base/java.util.concurrent.FutureTask.run(FutureTask.java:317)
at java.base/java.util.concurrent.ThreadPoolExecutor.runWorker(ThreadPoolExecutor.java:1144)
at java.base/java.util.concurrent.ThreadPoolExecutor$Worker.run(ThreadPoolExecutor.java:642)
at java.base/java.lang.Thread.run(Thread.java:1575)
... Removed 17 stack frames]]>
    </failure>
  </testcase> <!-- checkErrorMessageWhenExecutingWithoutCodeInDataStructureIntroductionPage -->
  <testcase classname="dsAlgoTests.DataStructureTest" name="navigateToDataStructureIntroductionPagePracticeQuestions" time="0.916"/>
  <testcase classname="dsAlgoTests.DataStructureTest" name="navigatetoTimeComplexityModule" time="0.453"/>
  <testcase classname="dsAlgoTests.DataStructureTest" name="navigatetoTimeComplexitytryeditor" time="2.257"/>
  <testcase classname="dsAlgoTests.DataStructureTest" name="seeListOfPracticeQuestionsonDataStructureIntroductionPage" time="0.692">
    <failure type="java.lang.AssertionError" message="No practice questions found on the Practice Questions Page!">
      <![CDATA[java.lang.AssertionError: No practice questions found on the Practice Questions Page!
at dsAlgoTests.DataStructureTest.seeListOfPracticeQuestionsonDataStructureIntroductionPage(DataStructureTest.java:75)
at java.base/java.util.ArrayList.forEach(ArrayList.java:1597)
at java.base/java.util.concurrent.FutureTask.run(FutureTask.java:317)
at java.base/java.util.concurrent.ThreadPoolExecutor.runWorker(ThreadPoolExecutor.java:1144)
at java.base/java.util.concurrent.ThreadPoolExecutor$Worker.run(ThreadPoolExecutor.java:642)
at java.base/java.lang.Thread.run(Thread.java:1575)
... Removed 17 stack frames]]>
    </failure>
  </testcase> <!-- seeListOfPracticeQuestionsonDataStructureIntroductionPage -->
  <testcase classname="dsAlgoTests.DataStructureTest" name="verifyCodeExecutionforDataStructureIntroductionPage" time="3.204"/>
  <testcase classname="dsAlgoTests.DataStructureTest" name="verifyCodeExecutionforDataStructureIntroductionPage" time="3.506"/>
  <testcase classname="dsAlgoTests.ArrayTest" name="PracticeQuestionVaildAndInvalidDataWithRunButton" time="2.628"/>
  <testcase classname="dsAlgoTests.ArrayTest" name="PracticeQuestionVaildAndInvalidDataWithRunButton" time="4.302"/>
  <testcase classname="dsAlgoTests.ArrayTest" name="PracticeQuestionVaildAndInvalidDataWithRunButton" time="2.26"/>
  <testcase classname="dsAlgoTests.ArrayTest" name="PracticeQuestionVaildAndInvalidDataWithRunButton" time="3.322"/>
  <testcase classname="dsAlgoTests.ArrayTest" name="PracticeQuestionVaildAndInvalidDataWithRunButton" time="2.755"/>
  <testcase classname="dsAlgoTests.ArrayTest" name="PracticeQuestionVaildAndInvalidDataWithRunButton" time="3.64"/>
  <testcase classname="dsAlgoTests.ArrayTest" name="PracticeQuestionVaildAndInvalidDataWithRunButton" time="2.337"/>
  <testcase classname="dsAlgoTests.ArrayTest" name="PracticeQuestionVaildAndInvalidDataWithRunButton" time="3.362"/>
  <testcase classname="dsAlgoTests.ArrayTest" name="PracticeQuestionVaildAndInvalidDataWithSubmitButton" time="4.042">
    <failure type="java.lang.AssertionError" message="Output mismatch for section: Arrays in Python expected [Submission Successful] but found [Some Tests failed. Please review code]">
      <![CDATA[java.lang.AssertionError: Output mismatch for section: Arrays in Python expected [Submission Successful] but found [Some Tests failed. Please review code]
at dsAlgoTests.ArrayTest.PracticeQuestionVaildAndInvalidDataWithSubmitButton(ArrayTest.java:190)
at java.base/java.util.ArrayList.forEach(ArrayList.java:1597)
at java.base/java.util.concurrent.FutureTask.run(FutureTask.java:317)
at java.base/java.util.concurrent.ThreadPoolExecutor.runWorker(ThreadPoolExecutor.java:1144)
at java.base/java.util.concurrent.ThreadPoolExecutor$Worker.run(ThreadPoolExecutor.java:642)
at java.base/java.lang.Thread.run(Thread.java:1575)
... Removed 21 stack frames]]>
    </failure>
  </testcase> <!-- PracticeQuestionVaildAndInvalidDataWithSubmitButton -->
  <testcase classname="dsAlgoTests.ArrayTest" name="PracticeQuestionVaildAndInvalidDataWithSubmitButton" time="3.118"/>
  <testcase classname="dsAlgoTests.ArrayTest" name="PracticeQuestionVaildAndInvalidDataWithSubmitButton" time="4.044"/>
  <testcase classname="dsAlgoTests.ArrayTest" name="PracticeQuestionVaildAndInvalidDataWithSubmitButton" time="0.709">
    <failure type="java.lang.IllegalArgumentException" message="Invalid Practice Question: Squares of a Sorted Array">
      <![CDATA[java.lang.IllegalArgumentException: Invalid Practice Question: Squares of a Sorted Array
at dsAlgoPages.ArrayPage.PracticeQuestion(ArrayPage.java:187)
at dsAlgoTests.ArrayTest.PracticeQuestionVaildAndInvalidDataWithSubmitButton(ArrayTest.java:186)
at java.base/java.util.ArrayList.forEach(ArrayList.java:1597)
at java.base/java.util.concurrent.FutureTask.run(FutureTask.java:317)
at java.base/java.util.concurrent.ThreadPoolExecutor.runWorker(ThreadPoolExecutor.java:1144)
at java.base/java.util.concurrent.ThreadPoolExecutor$Worker.run(ThreadPoolExecutor.java:642)
at java.base/java.lang.Thread.run(Thread.java:1575)
... Removed 16 stack frames]]>
    </failure>
  </testcase> <!-- PracticeQuestionVaildAndInvalidDataWithSubmitButton -->
  <testcase classname="dsAlgoTests.ArrayTest" name="checkErrorMessageWhenExecutingWithoutCodeApplicationofArrayForTryEditor" time="3.296">
    <failure type="java.lang.AssertionError" message="Test failed: Expected an error message when clicking the &amp;apos;Run&amp;apos; button without entering code, but no message was displayed.">
      <![CDATA[java.lang.AssertionError: Test failed: Expected an error message when clicking the 'Run' button without entering code, but no message was displayed.
at dsAlgoTests.ArrayTest.checkErrorMessageWhenExecutingWithoutCodeApplicationofArrayForTryEditor(ArrayTest.java:154)
at java.base/java.util.ArrayList.forEach(ArrayList.java:1597)
at java.base/java.util.concurrent.FutureTask.run(FutureTask.java:317)
at java.base/java.util.concurrent.ThreadPoolExecutor.runWorker(ThreadPoolExecutor.java:1144)
at java.base/java.util.concurrent.ThreadPoolExecutor$Worker.run(ThreadPoolExecutor.java:642)
at java.base/java.lang.Thread.run(Thread.java:1575)
... Removed 17 stack frames]]>
    </failure>
  </testcase> <!-- checkErrorMessageWhenExecutingWithoutCodeApplicationofArrayForTryEditor -->
  <testcase classname="dsAlgoTests.ArrayTest" name="checkErrorMessageWhenExecutingWithoutCodeArrayUsingListForTryEditor" time="3.488">
    <failure type="java.lang.AssertionError" message="Test failed: Expected an error message when clicking the &amp;apos;Run&amp;apos; button without entering code, but no message was displayed.">
      <![CDATA[java.lang.AssertionError: Test failed: Expected an error message when clicking the 'Run' button without entering code, but no message was displayed.
at dsAlgoTests.ArrayTest.checkErrorMessageWhenExecutingWithoutCodeArrayUsingListForTryEditor(ArrayTest.java:134)
at java.base/java.util.ArrayList.forEach(ArrayList.java:1597)
at java.base/java.util.concurrent.FutureTask.run(FutureTask.java:317)
at java.base/java.util.concurrent.ThreadPoolExecutor.runWorker(ThreadPoolExecutor.java:1144)
at java.base/java.util.concurrent.ThreadPoolExecutor$Worker.run(ThreadPoolExecutor.java:642)
at java.base/java.lang.Thread.run(Thread.java:1575)
... Removed 17 stack frames]]>
    </failure>
  </testcase> <!-- checkErrorMessageWhenExecutingWithoutCodeArrayUsingListForTryEditor -->
  <testcase classname="dsAlgoTests.ArrayTest" name="checkErrorMessageWhenExecutingWithoutCodeBasicOperationInListsForTryEditor" time="0.994">
    <failure type="java.lang.AssertionError" message="Test failed: Expected an error message when clicking the &amp;apos;Run&amp;apos; button without entering code, but no message was displayed.">
      <![CDATA[java.lang.AssertionError: Test failed: Expected an error message when clicking the 'Run' button without entering code, but no message was displayed.
at dsAlgoTests.ArrayTest.checkErrorMessageWhenExecutingWithoutCodeBasicOperationInListsForTryEditor(ArrayTest.java:144)
at java.base/java.util.ArrayList.forEach(ArrayList.java:1597)
at java.base/java.util.concurrent.FutureTask.run(FutureTask.java:317)
at java.base/java.util.concurrent.ThreadPoolExecutor.runWorker(ThreadPoolExecutor.java:1144)
at java.base/java.util.concurrent.ThreadPoolExecutor$Worker.run(ThreadPoolExecutor.java:642)
at java.base/java.lang.Thread.run(Thread.java:1575)
... Removed 17 stack frames]]>
    </failure>
  </testcase> <!-- checkErrorMessageWhenExecutingWithoutCodeBasicOperationInListsForTryEditor -->
  <testcase classname="dsAlgoTests.ArrayTest" name="checkErrorMessageWhenExecutingWithoutCodeInArrayInPythonForTryEditor" time="3.047">
    <failure type="java.lang.AssertionError" message="Test failed: Expected an error message when clicking the &amp;apos;Run&amp;apos; button without entering code, but no message was displayed.">
      <![CDATA[java.lang.AssertionError: Test failed: Expected an error message when clicking the 'Run' button without entering code, but no message was displayed.
at dsAlgoTests.ArrayTest.checkErrorMessageWhenExecutingWithoutCodeInArrayInPythonForTryEditor(ArrayTest.java:124)
at java.base/java.util.ArrayList.forEach(ArrayList.java:1597)
at java.base/java.util.concurrent.FutureTask.run(FutureTask.java:317)
at java.base/java.util.concurrent.ThreadPoolExecutor.runWorker(ThreadPoolExecutor.java:1144)
at java.base/java.util.concurrent.ThreadPoolExecutor$Worker.run(ThreadPoolExecutor.java:642)
at java.base/java.lang.Thread.run(Thread.java:1575)
... Removed 17 stack frames]]>
    </failure>
  </testcase> <!-- checkErrorMessageWhenExecutingWithoutCodeInArrayInPythonForTryEditor -->
  <testcase classname="dsAlgoTests.ArrayTest" name="navigateToApplicationOfArray" time="0.419"/>
  <testcase classname="dsAlgoTests.ArrayTest" name="navigateToApplicationOfArrayTryEditor" time="2.868"/>
  <testcase classname="dsAlgoTests.ArrayTest" name="navigateToArrayInPython" time="0.416"/>
  <testcase classname="dsAlgoTests.ArrayTest" name="navigateToArrayInPythonTryEditor" time="1.441"/>
  <testcase classname="dsAlgoTests.ArrayTest" name="navigateToArrayUsingList" time="0.355"/>
  <testcase classname="dsAlgoTests.ArrayTest" name="navigateToArrayUsingListTryEditor" time="3.285"/>
  <testcase classname="dsAlgoTests.ArrayTest" name="navigateToBasicOperationInList" time="0.484"/>
  <testcase classname="dsAlgoTests.ArrayTest" name="navigateToBasicOperationInListTryEditor" time="2.133"/>
  <testcase classname="dsAlgoTests.ArrayTest" name="verifyCodeExecutionForArraySections" time="0.0">
    <skipped/>
  </testcase> <!-- verifyCodeExecutionForArraySections -->
  <testcase classname="dsAlgoTests.ArrayTest" name="verifyCodeExecutionForArraySections" time="0.0">
    <skipped/>
  </testcase> <!-- verifyCodeExecutionForArraySections -->
  <testcase classname="dsAlgoTests.ArrayTest" name="verifyCodeExecutionForArraySections" time="0.0">
    <skipped/>
  </testcase> <!-- verifyCodeExecutionForArraySections -->
  <testcase classname="dsAlgoTests.ArrayTest" name="verifyCodeExecutionForArraySections" time="0.0">
    <skipped/>
  </testcase> <!-- verifyCodeExecutionForArraySections -->
  <testcase classname="dsAlgoTests.ArrayTest" name="verifyCodeExecutionForArraySections" time="0.0">
    <skipped/>
  </testcase> <!-- verifyCodeExecutionForArraySections -->
  <testcase classname="dsAlgoTests.ArrayTest" name="verifyCodeExecutionForArraySections" time="0.0">
    <skipped/>
  </testcase> <!-- verifyCodeExecutionForArraySections -->
  <testcase classname="dsAlgoTests.ArrayTest" name="verifyCodeExecutionForArraySections" time="0.0">
    <skipped/>
  </testcase> <!-- verifyCodeExecutionForArraySections -->
  <testcase classname="dsAlgoTests.ArrayTest" name="verifyCodeExecutionForArraySections" time="0.0">
    <skipped/>
  </testcase> <!-- verifyCodeExecutionForArraySections -->
  <testcase classname="dsAlgoTests.LinkedListTest" name="checkErrorMessageWhenExecutingWithoutCodeToCreateALinkedListTryEditor" time="2.677">
    <failure type="java.lang.AssertionError" message="Test failed: Expected an error message when clicking the &amp;apos;Run&amp;apos; button without entering code, but no message was displayed.">
      <![CDATA[java.lang.AssertionError: Test failed: Expected an error message when clicking the 'Run' button without entering code, but no message was displayed.
at dsAlgoTests.LinkedListTest.checkErrorMessageWhenExecutingWithoutCodeToCreateALinkedListTryEditor(LinkedListTest.java:133)
at java.base/java.util.ArrayList.forEach(ArrayList.java:1597)
at java.base/java.util.concurrent.FutureTask.run(FutureTask.java:317)
at java.base/java.util.concurrent.ThreadPoolExecutor.runWorker(ThreadPoolExecutor.java:1144)
at java.base/java.util.concurrent.ThreadPoolExecutor$Worker.run(ThreadPoolExecutor.java:642)
at java.base/java.lang.Thread.run(Thread.java:1575)
... Removed 17 stack frames]]>
    </failure>
  </testcase> <!-- checkErrorMessageWhenExecutingWithoutCodeToCreateALinkedListTryEditor -->
  <testcase classname="dsAlgoTests.LinkedListTest" name="checkErrorMessageWhenExecutingWithoutCodeToDeletionTryEditor" time="4.785">
    <failure type="java.lang.AssertionError" message="Test failed: Expected an error message when clicking the &amp;apos;Run&amp;apos; button without entering code, but no message was displayed.">
      <![CDATA[java.lang.AssertionError: Test failed: Expected an error message when clicking the 'Run' button without entering code, but no message was displayed.
at dsAlgoTests.LinkedListTest.checkErrorMessageWhenExecutingWithoutCodeToDeletionTryEditor(LinkedListTest.java:174)
at java.base/java.util.ArrayList.forEach(ArrayList.java:1597)
at java.base/java.util.concurrent.FutureTask.run(FutureTask.java:317)
at java.base/java.util.concurrent.ThreadPoolExecutor.runWorker(ThreadPoolExecutor.java:1144)
at java.base/java.util.concurrent.ThreadPoolExecutor$Worker.run(ThreadPoolExecutor.java:642)
at java.base/java.lang.Thread.run(Thread.java:1575)
... Removed 17 stack frames]]>
    </failure>
  </testcase> <!-- checkErrorMessageWhenExecutingWithoutCodeToDeletionTryEditor -->
  <testcase classname="dsAlgoTests.LinkedListTest" name="checkErrorMessageWhenExecutingWithoutCodeToImplementLinkedListInPythonTryEditor" time="2.722">
    <failure type="java.lang.AssertionError" message="Test failed: Expected an error message when clicking the &amp;apos;Run&amp;apos; button without entering code, but no message was displayed.">
      <![CDATA[java.lang.AssertionError: Test failed: Expected an error message when clicking the 'Run' button without entering code, but no message was displayed.
at dsAlgoTests.LinkedListTest.checkErrorMessageWhenExecutingWithoutCodeToImplementLinkedListInPythonTryEditor(LinkedListTest.java:149)
at java.base/java.util.ArrayList.forEach(ArrayList.java:1597)
at java.base/java.util.concurrent.FutureTask.run(FutureTask.java:317)
at java.base/java.util.concurrent.ThreadPoolExecutor.runWorker(ThreadPoolExecutor.java:1144)
at java.base/java.util.concurrent.ThreadPoolExecutor$Worker.run(ThreadPoolExecutor.java:642)
at java.base/java.lang.Thread.run(Thread.java:1575)
... Removed 17 stack frames]]>
    </failure>
  </testcase> <!-- checkErrorMessageWhenExecutingWithoutCodeToImplementLinkedListInPythonTryEditor -->
  <testcase classname="dsAlgoTests.LinkedListTest" name="checkErrorMessageWhenExecutingWithoutCodeToInsertionTryEditor" time="1.94">
    <failure type="org.openqa.selenium.NoSuchWindowException" message="no such window: target window already closed
from unknown error: web view not found
  (Session info: chrome=132.0.6834.160)
Build info: version: &amp;apos;4.17.0&amp;apos;, revision: &amp;apos;e52b1be057*&amp;apos;
System info: os.name: &amp;apos;Windows 11&amp;apos;, os.arch: &amp;apos;amd64&amp;apos;, os.version: &amp;apos;10.0&amp;apos;, java.version: &amp;apos;23.0.1&amp;apos;
Driver info: org.openqa.selenium.chrome.ChromeDriver
Command: [9282049324a22c2d69eeb30a9960a2ce, findElement {value=//button[@type=&amp;apos;button&amp;apos;], using=xpath}]
Capabilities {acceptInsecureCerts: false, browserName: chrome, browserVersion: 132.0.6834.160, chrome: {chromedriverVersion: 132.0.6834.159 (2d77d3fc445..., userDataDir: C:\Users\shaal\AppData\Loca...}, fedcm:accounts: true, goog:chromeOptions: {debuggerAddress: localhost:58860}, networkConnectionEnabled: false, pageLoadStrategy: normal, platformName: windows, proxy: Proxy(), se:cdp: ws://localhost:58860/devtoo..., se:cdpVersion: 132.0.6834.160, setWindowRect: true, strictFileInteractability: false, timeouts: {implicit: 0, pageLoad: 300000, script: 30000}, unhandledPromptBehavior: dismiss and notify, webauthn:extension:credBlob: true, webauthn:extension:largeBlob: true, webauthn:extension:minPinLength: true, webauthn:extension:prf: true, webauthn:virtualAuthenticators: true}
Session ID: 9282049324a22c2d69eeb30a9960a2ce">
      <![CDATA[org.openqa.selenium.NoSuchWindowException: no such window: target window already closed
from unknown error: web view not found
  (Session info: chrome=132.0.6834.160)
Build info: version: '4.17.0', revision: 'e52b1be057*'
System info: os.name: 'Windows 11', os.arch: 'amd64', os.version: '10.0', java.version: '23.0.1'
Driver info: org.openqa.selenium.chrome.ChromeDriver
Command: [9282049324a22c2d69eeb30a9960a2ce, findElement {value=//button[@type='button'], using=xpath}]
Capabilities {acceptInsecureCerts: false, browserName: chrome, browserVersion: 132.0.6834.160, chrome: {chromedriverVersion: 132.0.6834.159 (2d77d3fc445..., userDataDir: C:\Users\shaal\AppData\Loca...}, fedcm:accounts: true, goog:chromeOptions: {debuggerAddress: localhost:58860}, networkConnectionEnabled: false, pageLoadStrategy: normal, platformName: windows, proxy: Proxy(), se:cdp: ws://localhost:58860/devtoo..., se:cdpVersion: 132.0.6834.160, setWindowRect: true, strictFileInteractability: false, timeouts: {implicit: 0, pageLoad: 300000, script: 30000}, unhandledPromptBehavior: dismiss and notify, webauthn:extension:credBlob: true, webauthn:extension:largeBlob: true, webauthn:extension:minPinLength: true, webauthn:extension:prf: true, webauthn:virtualAuthenticators: true}
Session ID: 9282049324a22c2d69eeb30a9960a2ce
at org.openqa.selenium.remote.codec.w3c.W3CHttpResponseCodec.createException(W3CHttpResponseCodec.java:185)
at org.openqa.selenium.remote.codec.w3c.W3CHttpResponseCodec.decode(W3CHttpResponseCodec.java:134)
at org.openqa.selenium.remote.codec.w3c.W3CHttpResponseCodec.decode(W3CHttpResponseCodec.java:51)
at org.openqa.selenium.remote.HttpCommandExecutor.execute(HttpCommandExecutor.java:190)
at org.openqa.selenium.remote.service.DriverCommandExecutor.invokeExecute(DriverCommandExecutor.java:216)
at org.openqa.selenium.remote.service.DriverCommandExecutor.execute(DriverCommandExecutor.java:174)
at org.openqa.selenium.remote.RemoteWebDriver.execute(RemoteWebDriver.java:519)
at org.openqa.selenium.remote.ElementLocation$ElementFinder$2.findElement(ElementLocation.java:165)
at org.openqa.selenium.remote.ElementLocation.findElement(ElementLocation.java:59)
at org.openqa.selenium.remote.RemoteWebDriver.findElement(RemoteWebDriver.java:356)
at org.openqa.selenium.remote.RemoteWebDriver.findElement(RemoteWebDriver.java:350)
at org.openqa.selenium.support.pagefactory.DefaultElementLocator.findElement(DefaultElementLocator.java:68)
at org.openqa.selenium.support.pagefactory.internal.LocatingElementHandler.invoke(LocatingElementHandler.java:38)
at jdk.proxy2/jdk.proxy2.$Proxy14.click(Unknown Source)
at dsAlgoPages.LinkedListPage.run(LinkedListPage.java:103)
at dsAlgoTests.LinkedListTest.checkErrorMessageWhenExecutingWithoutCodeToInsertionTryEditor(LinkedListTest.java:165)
at java.base/java.util.ArrayList.forEach(ArrayList.java:1597)
at java.base/java.util.concurrent.FutureTask.run(FutureTask.java:317)
at java.base/java.util.concurrent.ThreadPoolExecutor.runWorker(ThreadPoolExecutor.java:1144)
at java.base/java.util.concurrent.ThreadPoolExecutor$Worker.run(ThreadPoolExecutor.java:642)
at java.base/java.lang.Thread.run(Thread.java:1575)
... Removed 19 stack frames]]>
    </failure>
  </testcase> <!-- checkErrorMessageWhenExecutingWithoutCodeToInsertionTryEditor -->
  <testcase classname="dsAlgoTests.LinkedListTest" name="checkErrorMessageWhenExecutingWithoutCodeToIntroductionTryEditor" time="0.0">
    <skipped/>
  </testcase> <!-- checkErrorMessageWhenExecutingWithoutCodeToIntroductionTryEditor -->
  <testcase classname="dsAlgoTests.LinkedListTest" name="checkErrorMessageWhenExecutingWithoutCodeToTraversalTryEditor" time="0.0">
    <skipped/>
  </testcase> <!-- checkErrorMessageWhenExecutingWithoutCodeToTraversalTryEditor -->
  <testcase classname="dsAlgoTests.LinkedListTest" name="checkErrorMessageWhenExecutingWithoutCodeToTypesOfLinkedListTryEditor" time="0.0">
    <skipped/>
  </testcase> <!-- checkErrorMessageWhenExecutingWithoutCodeToTypesOfLinkedListTryEditor -->
  <testcase classname="dsAlgoTests.LinkedListTest" name="checkforPracticeQuestion" time="0.0">
    <skipped/>
  </testcase> <!-- checkforPracticeQuestion -->
  <testcase classname="dsAlgoTests.LinkedListTest" name="navigateDeletion" time="0.0">
    <skipped/>
  </testcase> <!-- navigateDeletion -->
  <testcase classname="dsAlgoTests.LinkedListTest" name="navigateToCreateALinkedList" time="0.0">
    <skipped/>
  </testcase> <!-- navigateToCreateALinkedList -->
  <testcase classname="dsAlgoTests.LinkedListTest" name="navigateToCreateALinkedListTryEditor" time="0.0">
    <skipped/>
  </testcase> <!-- navigateToCreateALinkedListTryEditor -->
  <testcase classname="dsAlgoTests.LinkedListTest" name="navigateToDeletionTryEditor" time="0.0">
    <skipped/>
  </testcase> <!-- navigateToDeletionTryEditor -->
  <testcase classname="dsAlgoTests.LinkedListTest" name="navigateToImplementLinkedListInPython" time="0.0">
    <skipped/>
  </testcase> <!-- navigateToImplementLinkedListInPython -->
  <testcase classname="dsAlgoTests.LinkedListTest" name="navigateToImplementLinkedListInPythonTryEditor" time="0.0">
    <skipped/>
  </testcase> <!-- navigateToImplementLinkedListInPythonTryEditor -->
  <testcase classname="dsAlgoTests.LinkedListTest" name="navigateToInsertion" time="0.0">
    <skipped/>
  </testcase> <!-- navigateToInsertion -->
  <testcase classname="dsAlgoTests.LinkedListTest" name="navigateToInsertionTryEditor" time="0.0">
    <skipped/>
  </testcase> <!-- navigateToInsertionTryEditor -->
  <testcase classname="dsAlgoTests.LinkedListTest" name="navigateToIntroduction" time="0.0">
    <skipped/>
  </testcase> <!-- navigateToIntroduction -->
  <testcase classname="dsAlgoTests.LinkedListTest" name="navigateToTraversal" time="0.0">
    <skipped/>
  </testcase> <!-- navigateToTraversal -->
  <testcase classname="dsAlgoTests.LinkedListTest" name="navigateToTraversalTryEditor" time="0.0">
    <skipped/>
  </testcase> <!-- navigateToTraversalTryEditor -->
  <testcase classname="dsAlgoTests.LinkedListTest" name="navigateToTypesOfLinkedList" time="0.0">
    <skipped/>
  </testcase> <!-- navigateToTypesOfLinkedList -->
  <testcase classname="dsAlgoTests.LinkedListTest" name="navigateToTypesOfLinkedListTryEditor" time="0.0">
    <skipped/>
  </testcase> <!-- navigateToTypesOfLinkedListTryEditor -->
  <testcase classname="dsAlgoTests.LinkedListTest" name="navigatenavigateToIntroductionTryEditor" time="0.0">
    <skipped/>
  </testcase> <!-- navigatenavigateToIntroductionTryEditor -->
  <testcase classname="dsAlgoTests.LinkedListTest" name="verifyCodeExecutionForLinkedList" time="0.0">
    <skipped/>
  </testcase> <!-- verifyCodeExecutionForLinkedList -->
  <testcase classname="dsAlgoTests.LinkedListTest" name="verifyCodeExecutionForLinkedList" time="0.0">
    <skipped/>
  </testcase> <!-- verifyCodeExecutionForLinkedList -->
  <testcase classname="dsAlgoTests.LinkedListTest" name="verifyCodeExecutionForLinkedList" time="0.0">
    <skipped/>
  </testcase> <!-- verifyCodeExecutionForLinkedList -->
  <testcase classname="dsAlgoTests.LinkedListTest" name="verifyCodeExecutionForLinkedList" time="0.0">
    <skipped/>
  </testcase> <!-- verifyCodeExecutionForLinkedList -->
  <testcase classname="dsAlgoTests.LinkedListTest" name="verifyCodeExecutionForLinkedList" time="0.0">
    <skipped/>
  </testcase> <!-- verifyCodeExecutionForLinkedList -->
  <testcase classname="dsAlgoTests.LinkedListTest" name="verifyCodeExecutionForLinkedList" time="0.0">
    <skipped/>
  </testcase> <!-- verifyCodeExecutionForLinkedList -->
  <testcase classname="dsAlgoTests.LinkedListTest" name="verifyCodeExecutionForLinkedList" time="0.0">
    <skipped/>
  </testcase> <!-- verifyCodeExecutionForLinkedList -->
  <testcase classname="dsAlgoTests.LinkedListTest" name="verifyCodeExecutionForLinkedList" time="0.0">
    <skipped/>
  </testcase> <!-- verifyCodeExecutionForLinkedList -->
  <testcase classname="dsAlgoTests.LinkedListTest" name="verifyCodeExecutionForLinkedList" time="0.0">
    <skipped/>
  </testcase> <!-- verifyCodeExecutionForLinkedList -->
  <testcase classname="dsAlgoTests.LinkedListTest" name="verifyCodeExecutionForLinkedList" time="0.0">
    <skipped/>
  </testcase> <!-- verifyCodeExecutionForLinkedList -->
  <testcase classname="dsAlgoTests.LinkedListTest" name="verifyCodeExecutionForLinkedList" time="0.0">
    <skipped/>
  </testcase> <!-- verifyCodeExecutionForLinkedList -->
  <testcase classname="dsAlgoTests.LinkedListTest" name="verifyCodeExecutionForLinkedList" time="0.0">
    <skipped/>
  </testcase> <!-- verifyCodeExecutionForLinkedList -->
  <testcase classname="dsAlgoTests.LinkedListTest" name="verifyCodeExecutionForLinkedList" time="0.0">
    <skipped/>
  </testcase> <!-- verifyCodeExecutionForLinkedList -->
  <testcase classname="dsAlgoTests.LinkedListTest" name="verifyCodeExecutionForLinkedList" time="0.0">
    <skipped/>
  </testcase> <!-- verifyCodeExecutionForLinkedList -->
  <testcase classname="dsAlgoTests.LinkedListTest" name="verifyCodeExecutionForLinkedList" time="0.0">
    <skipped/>
  </testcase> <!-- verifyCodeExecutionForLinkedList -->
  <testcase classname="dsAlgoTests.LinkedListTest" name="verifyCodeExecutionForLinkedList" time="0.0">
    <skipped/>
  </testcase> <!-- verifyCodeExecutionForLinkedList -->
  <testcase classname="dsAlgoTests.StackTest" name="checkErrorMessageWhenExecutingWithoutCodeInApplicationsInStackPage" time="3.63">
    <failure type="java.lang.AssertionError" message="Test failed: Expected an error message when clicking the &amp;apos;Run&amp;apos; button without entering code, but no message was displayed.">
      <![CDATA[java.lang.AssertionError: Test failed: Expected an error message when clicking the 'Run' button without entering code, but no message was displayed.
at dsAlgoTests.StackTest.checkErrorMessageWhenExecutingWithoutCodeInApplicationsInStackPage(StackTest.java:146)
at java.base/java.util.ArrayList.forEach(ArrayList.java:1597)
at java.base/java.util.concurrent.FutureTask.run(FutureTask.java:317)
at java.base/java.util.concurrent.ThreadPoolExecutor.runWorker(ThreadPoolExecutor.java:1144)
at java.base/java.util.concurrent.ThreadPoolExecutor$Worker.run(ThreadPoolExecutor.java:642)
at java.base/java.lang.Thread.run(Thread.java:1575)
... Removed 17 stack frames]]>
    </failure>
  </testcase> <!-- checkErrorMessageWhenExecutingWithoutCodeInApplicationsInStackPage -->
  <testcase classname="dsAlgoTests.StackTest" name="checkErrorMessageWhenExecutingWithoutCodeInImplementationPage" time="1.123">
    <failure type="java.lang.AssertionError" message="Test failed: Expected an error message when clicking the &amp;apos;Run&amp;apos; button without entering code, but no message was displayed.">
      <![CDATA[java.lang.AssertionError: Test failed: Expected an error message when clicking the 'Run' button without entering code, but no message was displayed.
at dsAlgoTests.StackTest.checkErrorMessageWhenExecutingWithoutCodeInImplementationPage(StackTest.java:137)
at java.base/java.util.ArrayList.forEach(ArrayList.java:1597)
at java.base/java.util.concurrent.FutureTask.run(FutureTask.java:317)
at java.base/java.util.concurrent.ThreadPoolExecutor.runWorker(ThreadPoolExecutor.java:1144)
at java.base/java.util.concurrent.ThreadPoolExecutor$Worker.run(ThreadPoolExecutor.java:642)
at java.base/java.lang.Thread.run(Thread.java:1575)
... Removed 17 stack frames]]>
    </failure>
  </testcase> <!-- checkErrorMessageWhenExecutingWithoutCodeInImplementationPage -->
  <testcase classname="dsAlgoTests.StackTest" name="checkErrorMessageWhenExecutingWithoutCodeInOperationsInStackPage" time="1.53">
    <failure type="java.lang.AssertionError" message="Test failed: Expected an error message when clicking the &amp;apos;Run&amp;apos; button without entering code, but no message was displayed.">
      <![CDATA[java.lang.AssertionError: Test failed: Expected an error message when clicking the 'Run' button without entering code, but no message was displayed.
at dsAlgoTests.StackTest.checkErrorMessageWhenExecutingWithoutCodeInOperationsInStackPage(StackTest.java:128)
at java.base/java.util.ArrayList.forEach(ArrayList.java:1597)
at java.base/java.util.concurrent.FutureTask.run(FutureTask.java:317)
at java.base/java.util.concurrent.ThreadPoolExecutor.runWorker(ThreadPoolExecutor.java:1144)
at java.base/java.util.concurrent.ThreadPoolExecutor$Worker.run(ThreadPoolExecutor.java:642)
at java.base/java.lang.Thread.run(Thread.java:1575)
... Removed 17 stack frames]]>
    </failure>
  </testcase> <!-- checkErrorMessageWhenExecutingWithoutCodeInOperationsInStackPage -->
  <testcase classname="dsAlgoTests.StackTest" name="navigateToApplications" time="0.488"/>
  <testcase classname="dsAlgoTests.StackTest" name="navigateToApplicationsPracticeQuestions" time="0.597"/>
  <testcase classname="dsAlgoTests.StackTest" name="navigateToImplementation" time="0.386"/>
  <testcase classname="dsAlgoTests.StackTest" name="navigateToImplementationPracticeQuestions" time="0.717"/>
  <testcase classname="dsAlgoTests.StackTest" name="navigateToOperationsInStack" time="0.398"/>
  <testcase classname="dsAlgoTests.StackTest" name="navigateToOperationsInStackPracticeQuestions" time="0.834"/>
  <testcase classname="dsAlgoTests.StackTest" name="navigatetoApplicationstryeditor" time="2.312"/>
  <testcase classname="dsAlgoTests.StackTest" name="navigatetoImplementationtryeditor" time="2.316"/>
  <testcase classname="dsAlgoTests.StackTest" name="navigatetoOperationsInStacktryeditor" time="1.816"/>
  <testcase classname="dsAlgoTests.StackTest" name="seeListOfPracticeQuestionsonApplicationsPage" time="0.804">
    <failure type="java.lang.AssertionError" message="No practice questions found on the Practice Questions Page!">
      <![CDATA[java.lang.AssertionError: No practice questions found on the Practice Questions Page!
at dsAlgoTests.StackTest.seeListOfPracticeQuestionsonApplicationsPage(StackTest.java:168)
at java.base/java.util.ArrayList.forEach(ArrayList.java:1597)
at java.base/java.util.concurrent.FutureTask.run(FutureTask.java:317)
at java.base/java.util.concurrent.ThreadPoolExecutor.runWorker(ThreadPoolExecutor.java:1144)
at java.base/java.util.concurrent.ThreadPoolExecutor$Worker.run(ThreadPoolExecutor.java:642)
at java.base/java.lang.Thread.run(Thread.java:1575)
... Removed 17 stack frames]]>
    </failure>
  </testcase> <!-- seeListOfPracticeQuestionsonApplicationsPage -->
  <testcase classname="dsAlgoTests.StackTest" name="seeListOfPracticeQuestionsonImplementationPage" time="0.558">
    <failure type="java.lang.AssertionError" message="No practice questions found on the Practice Questions Page!">
      <![CDATA[java.lang.AssertionError: No practice questions found on the Practice Questions Page!
at dsAlgoTests.StackTest.seeListOfPracticeQuestionsonImplementationPage(StackTest.java:161)
at java.base/java.util.ArrayList.forEach(ArrayList.java:1597)
at java.base/java.util.concurrent.FutureTask.run(FutureTask.java:317)
at java.base/java.util.concurrent.ThreadPoolExecutor.runWorker(ThreadPoolExecutor.java:1144)
at java.base/java.util.concurrent.ThreadPoolExecutor$Worker.run(ThreadPoolExecutor.java:642)
at java.base/java.lang.Thread.run(Thread.java:1575)
... Removed 17 stack frames]]>
    </failure>
  </testcase> <!-- seeListOfPracticeQuestionsonImplementationPage -->
  <testcase classname="dsAlgoTests.StackTest" name="seeListOfPracticeQuestionsonOperationsInStackPage" time="0.662">
    <failure type="java.lang.AssertionError" message="No practice questions found on the Practice Questions Page!">
      <![CDATA[java.lang.AssertionError: No practice questions found on the Practice Questions Page!
at dsAlgoTests.StackTest.seeListOfPracticeQuestionsonOperationsInStackPage(StackTest.java:154)
at java.base/java.util.ArrayList.forEach(ArrayList.java:1597)
at java.base/java.util.concurrent.FutureTask.run(FutureTask.java:317)
at java.base/java.util.concurrent.ThreadPoolExecutor.runWorker(ThreadPoolExecutor.java:1144)
at java.base/java.util.concurrent.ThreadPoolExecutor$Worker.run(ThreadPoolExecutor.java:642)
at java.base/java.lang.Thread.run(Thread.java:1575)
... Removed 17 stack frames]]>
    </failure>
  </testcase> <!-- seeListOfPracticeQuestionsonOperationsInStackPage -->
  <testcase classname="dsAlgoTests.StackTest" name="verifyCodeApplicationsPage" time="2.512"/>
  <testcase classname="dsAlgoTests.StackTest" name="verifyCodeApplicationsPage" time="3.157"/>
  <testcase classname="dsAlgoTests.StackTest" name="verifyCodeImplementationPage" time="2.651"/>
  <testcase classname="dsAlgoTests.StackTest" name="verifyCodeImplementationPage" time="2.615"/>
  <testcase classname="dsAlgoTests.StackTest" name="verifyCodeOperationsInStackPage" time="2.689"/>
  <testcase classname="dsAlgoTests.StackTest" name="verifyCodeOperationsInStackPage" time="2.689"/>
  <testcase classname="dsAlgoTests.QueueTest" name="checkErrorMeaasgeWhenExecutingWithoutCodeInImplementationOfQueueInPython" time="4.66">
    <failure type="java.lang.AssertionError" message="Test failed: Expected an error message when clicking the &amp;apos;Run&amp;apos; button without entering code, but no message was displayed">
      <![CDATA[java.lang.AssertionError: Test failed: Expected an error message when clicking the 'Run' button without entering code, but no message was displayed
at dsAlgoTests.QueueTest.checkErrorMeaasgeWhenExecutingWithoutCodeInImplementationOfQueueInPython(QueueTest.java:135)
at java.base/java.util.ArrayList.forEach(ArrayList.java:1597)
at java.base/java.util.concurrent.FutureTask.run(FutureTask.java:317)
at java.base/java.util.concurrent.ThreadPoolExecutor.runWorker(ThreadPoolExecutor.java:1144)
at java.base/java.util.concurrent.ThreadPoolExecutor$Worker.run(ThreadPoolExecutor.java:642)
at java.base/java.lang.Thread.run(Thread.java:1575)
... Removed 17 stack frames]]>
    </failure>
  </testcase> <!-- checkErrorMeaasgeWhenExecutingWithoutCodeInImplementationOfQueueInPython -->
  <testcase classname="dsAlgoTests.QueueTest" name="checkErrorMeaasgeWhenExecutingWithoutCodeInImplementationUsingArray" time="1.956">
    <failure type="java.lang.AssertionError" message="Test failed: Expected an error message when clicking the &amp;apos;Run&amp;apos; button without entering code, but no message was displayed">
      <![CDATA[java.lang.AssertionError: Test failed: Expected an error message when clicking the 'Run' button without entering code, but no message was displayed
at dsAlgoTests.QueueTest.checkErrorMeaasgeWhenExecutingWithoutCodeInImplementationUsingArray(QueueTest.java:149)
at java.base/java.util.ArrayList.forEach(ArrayList.java:1597)
at java.base/java.util.concurrent.FutureTask.run(FutureTask.java:317)
at java.base/java.util.concurrent.ThreadPoolExecutor.runWorker(ThreadPoolExecutor.java:1144)
at java.base/java.util.concurrent.ThreadPoolExecutor$Worker.run(ThreadPoolExecutor.java:642)
at java.base/java.lang.Thread.run(Thread.java:1575)
... Removed 17 stack frames]]>
    </failure>
  </testcase> <!-- checkErrorMeaasgeWhenExecutingWithoutCodeInImplementationUsingArray -->
  <testcase classname="dsAlgoTests.QueueTest" name="checkErrorMeaasgeWhenExecutingWithoutCodeInQueueOperations" time="4.074">
    <failure type="java.lang.AssertionError" message="Test failed: Expected an error message when clicking the &amp;apos;Run&amp;apos; button without entering code, but no message was displayed">
      <![CDATA[java.lang.AssertionError: Test failed: Expected an error message when clicking the 'Run' button without entering code, but no message was displayed
at dsAlgoTests.QueueTest.checkErrorMeaasgeWhenExecutingWithoutCodeInQueueOperations(QueueTest.java:156)
at java.base/java.util.ArrayList.forEach(ArrayList.java:1597)
at java.base/java.util.concurrent.FutureTask.run(FutureTask.java:317)
at java.base/java.util.concurrent.ThreadPoolExecutor.runWorker(ThreadPoolExecutor.java:1144)
at java.base/java.util.concurrent.ThreadPoolExecutor$Worker.run(ThreadPoolExecutor.java:642)
at java.base/java.lang.Thread.run(Thread.java:1575)
... Removed 17 stack frames]]>
    </failure>
  </testcase> <!-- checkErrorMeaasgeWhenExecutingWithoutCodeInQueueOperations -->
  <testcase classname="dsAlgoTests.QueueTest" name="checkErrorMessageWhenExecutingWithoutCodeInImplementationUsingCollectionsDeque" time="3.244">
    <failure type="java.lang.AssertionError" message="Test failed: Expected an error message when clicking the &amp;apos;Run&amp;apos; button without entering code, but no message was displayed">
      <![CDATA[java.lang.AssertionError: Test failed: Expected an error message when clicking the 'Run' button without entering code, but no message was displayed
at dsAlgoTests.QueueTest.checkErrorMessageWhenExecutingWithoutCodeInImplementationUsingCollectionsDeque(QueueTest.java:142)
at java.base/java.util.ArrayList.forEach(ArrayList.java:1597)
at java.base/java.util.concurrent.FutureTask.run(FutureTask.java:317)
at java.base/java.util.concurrent.ThreadPoolExecutor.runWorker(ThreadPoolExecutor.java:1144)
at java.base/java.util.concurrent.ThreadPoolExecutor$Worker.run(ThreadPoolExecutor.java:642)
at java.base/java.lang.Thread.run(Thread.java:1575)
... Removed 17 stack frames]]>
    </failure>
  </testcase> <!-- checkErrorMessageWhenExecutingWithoutCodeInImplementationUsingCollectionsDeque -->
  <testcase classname="dsAlgoTests.QueueTest" name="listOfPracticeQuestionImplementationUsingCollectionsDeque" time="0.732"/>
  <testcase classname="dsAlgoTests.QueueTest" name="listOfPracticeQuestionOfImplementationOfQueueInPython" time="0.646">
    <failure type="java.lang.AssertionError" message="No list of practice question found">
      <![CDATA[java.lang.AssertionError: No list of practice question found
at dsAlgoTests.QueueTest.listOfPracticeQuestionOfImplementationOfQueueInPython(QueueTest.java:112)
at java.base/java.util.ArrayList.forEach(ArrayList.java:1597)
at java.base/java.util.concurrent.FutureTask.run(FutureTask.java:317)
at java.base/java.util.concurrent.ThreadPoolExecutor.runWorker(ThreadPoolExecutor.java:1144)
at java.base/java.util.concurrent.ThreadPoolExecutor$Worker.run(ThreadPoolExecutor.java:642)
at java.base/java.lang.Thread.run(Thread.java:1575)
... Removed 17 stack frames]]>
    </failure>
  </testcase> <!-- listOfPracticeQuestionOfImplementationOfQueueInPython -->
  <testcase classname="dsAlgoTests.QueueTest" name="navigateToImplementationUsingArray" time="0.34"/>
  <testcase classname="dsAlgoTests.QueueTest" name="navigateToImplementationUsingArrayTryEditor" time="5.202"/>
  <testcase classname="dsAlgoTests.QueueTest" name="navigateToPracticeQuestionImplementationUsingCollectionsDeque" time="0.682"/>
  <testcase classname="dsAlgoTests.QueueTest" name="navigateToPracticeQuestionOfImplementationOfQueueInPython" time="0.581"/>
  <testcase classname="dsAlgoTests.QueueTest" name="navigateToQueueOperations" time="0.408"/>
  <testcase classname="dsAlgoTests.QueueTest" name="navigateToQueueOperationsTryEditor" time="2.301"/>
  <testcase classname="dsAlgoTests.QueueTest" name="navigatetoImplementationOfQueueInPython" time="0.362"/>
  <testcase classname="dsAlgoTests.QueueTest" name="navigatetoImplementationOfQueueInPythonTryEditor" time="5.785"/>
  <testcase classname="dsAlgoTests.QueueTest" name="navigatetoImplementationUsingCollectionsDeque" time="0.373"/>
  <testcase classname="dsAlgoTests.QueueTest" name="navigatetoImplementationUsingCollectionsDequeTryEditor" time="3.22"/>
  <testcase classname="dsAlgoTests.QueueTest" name="verifyCodeExecutionForQueueTryEditor" time="5.265"/>
  <testcase classname="dsAlgoTests.QueueTest" name="verifyCodeExecutionForQueueTryEditor" time="2.563"/>
  <testcase classname="dsAlgoTests.QueueTest" name="verifyCodeExecutionForQueueTryEditor" time="4.49"/>
  <testcase classname="dsAlgoTests.QueueTest" name="verifyCodeExecutionForQueueTryEditor" time="2.37"/>
  <testcase classname="dsAlgoTests.QueueTest" name="verifyCodeExecutionForQueueTryEditor" time="3.857"/>
  <testcase classname="dsAlgoTests.QueueTest" name="verifyCodeExecutionForQueueTryEditor" time="1.34"/>
  <testcase classname="dsAlgoTests.QueueTest" name="verifyCodeExecutionForQueueTryEditor" time="3.007"/>
  <testcase classname="dsAlgoTests.QueueTest" name="verifyCodeExecutionForQueueTryEditor" time="4.465"/>
  <testcase classname="dsAlgoTests.TreeTest" name="listOfPracticeQuestionOfOverviewOfTrees" time="0.601">
    <failure type="java.lang.AssertionError" message="No list of practice question found">
      <![CDATA[java.lang.AssertionError: No list of practice question found
at dsAlgoTests.TreeTest.listOfPracticeQuestionOfOverviewOfTrees(TreeTest.java:267)
at java.base/java.util.ArrayList.forEach(ArrayList.java:1597)
at java.base/java.util.concurrent.FutureTask.run(FutureTask.java:317)
at java.base/java.util.concurrent.ThreadPoolExecutor.runWorker(ThreadPoolExecutor.java:1144)
at java.base/java.util.concurrent.ThreadPoolExecutor$Worker.run(ThreadPoolExecutor.java:642)
at java.base/java.lang.Thread.run(Thread.java:1575)
... Removed 17 stack frames]]>
    </failure>
  </testcase> <!-- listOfPracticeQuestionOfOverviewOfTrees -->
  <testcase classname="dsAlgoTests.TreeTest" name="navigateToApplicationsOfBinaryTrees" time="0.309"/>
  <testcase classname="dsAlgoTests.TreeTest" name="navigateToApplicationsOfBinaryTreesTryEditor" time="3.689"/>
  <testcase classname="dsAlgoTests.TreeTest" name="navigateToBinarySearchTrees" time="0.542"/>
  <testcase classname="dsAlgoTests.TreeTest" name="navigateToBinarySearchTreesTryEditor" time="4.011"/>
  <testcase classname="dsAlgoTests.TreeTest" name="navigateToBinaryTreeTraversals" time="0.395"/>
  <testcase classname="dsAlgoTests.TreeTest" name="navigateToBinaryTreeTraversalsTryEditor" time="3.69"/>
  <testcase classname="dsAlgoTests.TreeTest" name="navigateToBinaryTrees" time="0.813"/>
  <testcase classname="dsAlgoTests.TreeTest" name="navigateToBinaryTreesTryEditor" time="3.613"/>
  <testcase classname="dsAlgoTests.TreeTest" name="navigateToImplementationInPython" time="0.535"/>
  <testcase classname="dsAlgoTests.TreeTest" name="navigateToImplementationInPythonTryEditor" time="1.79"/>
  <testcase classname="dsAlgoTests.TreeTest" name="navigateToImplementationOfBST" time="0.322"/>
  <testcase classname="dsAlgoTests.TreeTest" name="navigateToImplementationOfBSTTryEditor" time="2.836"/>
  <testcase classname="dsAlgoTests.TreeTest" name="navigateToImplementationOfBinaryTrees" time="0.349"/>
  <testcase classname="dsAlgoTests.TreeTest" name="navigateToImplementationOfBinaryTreesTryEditor" time="3.074"/>
  <testcase classname="dsAlgoTests.TreeTest" name="navigateToOverviewOfTrees" time="0.618"/>
  <testcase classname="dsAlgoTests.TreeTest" name="navigateToOverviewOfTreesTryEditor" time="2.93"/>
  <testcase classname="dsAlgoTests.TreeTest" name="navigateToPracticeQuestionOfOverviewOfTrees" time="0.627"/>
  <testcase classname="dsAlgoTests.TreeTest" name="navigateToTerminologies" time="0.324"/>
  <testcase classname="dsAlgoTests.TreeTest" name="navigateToTerminologiesTryEditor" time="2.269"/>
  <testcase classname="dsAlgoTests.TreeTest" name="navigateToTraversalsIllustration" time="0.573"/>
  <testcase classname="dsAlgoTests.TreeTest" name="navigateToTraversalsIllustrationTryEditor" time="3.221"/>
  <testcase classname="dsAlgoTests.TreeTest" name="navigateToTreeTraversals" time="0.531"/>
  <testcase classname="dsAlgoTests.TreeTest" name="navigateToTreeTraversalsTryEditor" time="3.757"/>
  <testcase classname="dsAlgoTests.TreeTest" name="navigateToTypesOfBinaryTrees" time="0.834"/>
  <testcase classname="dsAlgoTests.TreeTest" name="navigateToTypesOfBinaryTreesTryEditor" time="3.513"/>
  <testcase classname="dsAlgoTests.TreeTest" name="navigateToTypesOfTrees" time="0.51"/>
  <testcase classname="dsAlgoTests.TreeTest" name="navigateToTypesOfTreesTryEditor" time="1.878"/>
  <testcase classname="dsAlgoTests.TreeTest" name="verifyCodeExecutionForTreeTryEditor" time="2.726"/>
  <testcase classname="dsAlgoTests.TreeTest" name="verifyCodeExecutionForTreeTryEditor" time="4.483"/>
  <testcase classname="dsAlgoTests.TreeTest" name="verifyCodeExecutionForTreeTryEditor" time="4.014"/>
  <testcase classname="dsAlgoTests.TreeTest" name="verifyCodeExecutionForTreeTryEditor" time="4.826"/>
  <testcase classname="dsAlgoTests.TreeTest" name="verifyCodeExecutionForTreeTryEditor" time="2.802"/>
  <testcase classname="dsAlgoTests.TreeTest" name="verifyCodeExecutionForTreeTryEditor" time="2.319"/>
  <testcase classname="dsAlgoTests.TreeTest" name="verifyCodeExecutionForTreeTryEditor" time="4.375"/>
  <testcase classname="dsAlgoTests.TreeTest" name="verifyCodeExecutionForTreeTryEditor" time="5.671"/>
  <testcase classname="dsAlgoTests.TreeTest" name="verifyCodeExecutionForTreeTryEditor" time="3.516"/>
  <testcase classname="dsAlgoTests.TreeTest" name="verifyCodeExecutionForTreeTryEditor" time="4.089"/>
  <testcase classname="dsAlgoTests.TreeTest" name="verifyCodeExecutionForTreeTryEditor" time="3.152"/>
  <testcase classname="dsAlgoTests.TreeTest" name="verifyCodeExecutionForTreeTryEditor" time="2.534"/>
  <testcase classname="dsAlgoTests.TreeTest" name="verifyCodeExecutionForTreeTryEditor" time="2.435"/>
  <testcase classname="dsAlgoTests.TreeTest" name="verifyCodeExecutionForTreeTryEditor" time="4.651"/>
  <testcase classname="dsAlgoTests.TreeTest" name="verifyCodeExecutionForTreeTryEditor" time="3.297"/>
  <testcase classname="dsAlgoTests.TreeTest" name="verifyCodeExecutionForTreeTryEditor" time="3.715"/>
  <testcase classname="dsAlgoTests.TreeTest" name="verifyCodeExecutionForTreeTryEditor" time="2.819"/>
  <testcase classname="dsAlgoTests.TreeTest" name="verifyCodeExecutionForTreeTryEditor" time="4.304"/>
  <testcase classname="dsAlgoTests.TreeTest" name="verifyCodeExecutionForTreeTryEditor" time="4.59"/>
  <testcase classname="dsAlgoTests.TreeTest" name="verifyCodeExecutionForTreeTryEditor" time="2.291"/>
  <testcase classname="dsAlgoTests.TreeTest" name="verifyCodeExecutionForTreeTryEditor" time="3.79"/>
  <testcase classname="dsAlgoTests.TreeTest" name="verifyCodeExecutionForTreeTryEditor" time="4.518"/>
  <testcase classname="dsAlgoTests.TreeTest" name="verifyCodeExecutionForTreeTryEditor" time="3.84"/>
  <testcase classname="dsAlgoTests.TreeTest" name="verifyCodeExecutionForTreeTryEditor" time="3.119"/>
  <testcase classname="dsAlgoTests.TreeTest" name="verifyCodeExecutionForTreeTryEditor" time="4.419"/>
  <testcase classname="dsAlgoTests.TreeTest" name="verifyCodeExecutionForTreeTryEditor" time="2.426"/>
  <testcase classname="dsAlgoTests.TreeTest" name="verifyTreeTryEditorWithoutCodeOfOverviewOfTrees" time="1.848">
    <failure type="java.lang.AssertionError" message="Test failed: Expected an error message when clicking the &amp;apos;Run&amp;apos; button without entering code, but no message was displayed">
      <![CDATA[java.lang.AssertionError: Test failed: Expected an error message when clicking the 'Run' button without entering code, but no message was displayed
at dsAlgoTests.TreeTest.verifyTreeTryEditorWithoutCodeOfOverviewOfTrees(TreeTest.java:224)
at java.base/java.util.ArrayList.forEach(ArrayList.java:1597)
at java.base/java.util.concurrent.FutureTask.run(FutureTask.java:317)
at java.base/java.util.concurrent.ThreadPoolExecutor.runWorker(ThreadPoolExecutor.java:1144)
at java.base/java.util.concurrent.ThreadPoolExecutor$Worker.run(ThreadPoolExecutor.java:642)
at java.base/java.lang.Thread.run(Thread.java:1575)
... Removed 17 stack frames]]>
    </failure>
  </testcase> <!-- verifyTreeTryEditorWithoutCodeOfOverviewOfTrees -->
  <testcase classname="dsAlgoTests.TreeTest" name="verifyTreeTryEditorWithoutCodeOfTerminologies" time="3.708">
    <failure type="java.lang.AssertionError" message="Test failed: Expected an error message when clicking the &amp;apos;Run&amp;apos; button without entering code, but no message was displayed">
      <![CDATA[java.lang.AssertionError: Test failed: Expected an error message when clicking the 'Run' button without entering code, but no message was displayed
at dsAlgoTests.TreeTest.verifyTreeTryEditorWithoutCodeOfTerminologies(TreeTest.java:231)
at java.base/java.util.ArrayList.forEach(ArrayList.java:1597)
at java.base/java.util.concurrent.FutureTask.run(FutureTask.java:317)
at java.base/java.util.concurrent.ThreadPoolExecutor.runWorker(ThreadPoolExecutor.java:1144)
at java.base/java.util.concurrent.ThreadPoolExecutor$Worker.run(ThreadPoolExecutor.java:642)
at java.base/java.lang.Thread.run(Thread.java:1575)
... Removed 17 stack frames]]>
    </failure>
  </testcase> <!-- verifyTreeTryEditorWithoutCodeOfTerminologies -->
  <testcase classname="dsAlgoTests.TreeTest" name="verifyTreeTryEditorWithoutCodeOfTraversalsIllustration" time="4.703">
    <failure type="java.lang.AssertionError" message="Test failed: Expected an error message when clicking the &amp;apos;Run&amp;apos; button without entering code, but no message was displayed">
      <![CDATA[java.lang.AssertionError: Test failed: Expected an error message when clicking the 'Run' button without entering code, but no message was displayed
at dsAlgoTests.TreeTest.verifyTreeTryEditorWithoutCodeOfTraversalsIllustration(TreeTest.java:252)
at java.base/java.util.ArrayList.forEach(ArrayList.java:1597)
at java.base/java.util.concurrent.FutureTask.run(FutureTask.java:317)
at java.base/java.util.concurrent.ThreadPoolExecutor.runWorker(ThreadPoolExecutor.java:1144)
at java.base/java.util.concurrent.ThreadPoolExecutor$Worker.run(ThreadPoolExecutor.java:642)
at java.base/java.lang.Thread.run(Thread.java:1575)
... Removed 17 stack frames]]>
    </failure>
  </testcase> <!-- verifyTreeTryEditorWithoutCodeOfTraversalsIllustration -->
  <testcase classname="dsAlgoTests.TreeTest" name="verifyTreeTryEditorWithoutCodeOfTreeTraversals" time="2.634">
    <failure type="java.lang.AssertionError" message="Test failed: Expected an error message when clicking the &amp;apos;Run&amp;apos; button without entering code, but no message was displayed">
      <![CDATA[java.lang.AssertionError: Test failed: Expected an error message when clicking the 'Run' button without entering code, but no message was displayed
at dsAlgoTests.TreeTest.verifyTreeTryEditorWithoutCodeOfTreeTraversals(TreeTest.java:245)
at java.base/java.util.ArrayList.forEach(ArrayList.java:1597)
at java.base/java.util.concurrent.FutureTask.run(FutureTask.java:317)
at java.base/java.util.concurrent.ThreadPoolExecutor.runWorker(ThreadPoolExecutor.java:1144)
at java.base/java.util.concurrent.ThreadPoolExecutor$Worker.run(ThreadPoolExecutor.java:642)
at java.base/java.lang.Thread.run(Thread.java:1575)
... Removed 17 stack frames]]>
    </failure>
  </testcase> <!-- verifyTreeTryEditorWithoutCodeOfTreeTraversals -->
  <testcase classname="dsAlgoTests.TreeTest" name="verifyTreeTryEditorWithoutCodeOfTypesOfTrees" time="3.332">
    <failure type="java.lang.AssertionError" message="Test failed: Expected an error message when clicking the &amp;apos;Run&amp;apos; button without entering code, but no message was displayed">
      <![CDATA[java.lang.AssertionError: Test failed: Expected an error message when clicking the 'Run' button without entering code, but no message was displayed
at dsAlgoTests.TreeTest.verifyTreeTryEditorWithoutCodeOfTypesOfTrees(TreeTest.java:238)
at java.base/java.util.ArrayList.forEach(ArrayList.java:1597)
at java.base/java.util.concurrent.FutureTask.run(FutureTask.java:317)
at java.base/java.util.concurrent.ThreadPoolExecutor.runWorker(ThreadPoolExecutor.java:1144)
at java.base/java.util.concurrent.ThreadPoolExecutor$Worker.run(ThreadPoolExecutor.java:642)
at java.base/java.lang.Thread.run(Thread.java:1575)
... Removed 17 stack frames]]>
    </failure>
  </testcase> <!-- verifyTreeTryEditorWithoutCodeOfTypesOfTrees -->
  <testcase classname="dsAlgoTests.GraphTest" name="checkErrorMessageWhenExecutingWithoutCodeInGraphPage" time="4.052">
    <failure type="java.lang.AssertionError" message="Test failed: Expected an error message when clicking the &amp;apos;Run&amp;apos; button without entering code, but no message was displayed.">
      <![CDATA[java.lang.AssertionError: Test failed: Expected an error message when clicking the 'Run' button without entering code, but no message was displayed.
at dsAlgoTests.GraphTest.checkErrorMessageWhenExecutingWithoutCodeInGraphPage(GraphTest.java:118)
at java.base/java.util.ArrayList.forEach(ArrayList.java:1597)
at java.base/java.util.concurrent.FutureTask.run(FutureTask.java:317)
at java.base/java.util.concurrent.ThreadPoolExecutor.runWorker(ThreadPoolExecutor.java:1144)
at java.base/java.util.concurrent.ThreadPoolExecutor$Worker.run(ThreadPoolExecutor.java:642)
at java.base/java.lang.Thread.run(Thread.java:1575)
... Removed 17 stack frames]]>
    </failure>
  </testcase> <!-- checkErrorMessageWhenExecutingWithoutCodeInGraphPage -->
  <testcase classname="dsAlgoTests.GraphTest" name="checkErrorMessageWhenExecutingWithoutCodeInGraphReprePage" time="3.486">
    <failure type="java.lang.AssertionError" message="Test failed: Expected an error message when clicking the &amp;apos;Run&amp;apos; button without entering code, but no message was displayed.">
      <![CDATA[java.lang.AssertionError: Test failed: Expected an error message when clicking the 'Run' button without entering code, but no message was displayed.
at dsAlgoTests.GraphTest.checkErrorMessageWhenExecutingWithoutCodeInGraphReprePage(GraphTest.java:127)
at java.base/java.util.ArrayList.forEach(ArrayList.java:1597)
at java.base/java.util.concurrent.FutureTask.run(FutureTask.java:317)
at java.base/java.util.concurrent.ThreadPoolExecutor.runWorker(ThreadPoolExecutor.java:1144)
at java.base/java.util.concurrent.ThreadPoolExecutor$Worker.run(ThreadPoolExecutor.java:642)
at java.base/java.lang.Thread.run(Thread.java:1575)
... Removed 17 stack frames]]>
    </failure>
  </testcase> <!-- checkErrorMessageWhenExecutingWithoutCodeInGraphReprePage -->
  <testcase classname="dsAlgoTests.GraphTest" name="navigateToGraphPracticeQuestions" time="0.914"/>
  <testcase classname="dsAlgoTests.GraphTest" name="navigateToGraphRepresentationPracticeQuestions" time="0.906"/>
  <testcase classname="dsAlgoTests.GraphTest" name="navigatetoGraphModule" time="0.452"/>
  <testcase classname="dsAlgoTests.GraphTest" name="navigatetoGraphRepresentation" time="0.68"/>
  <testcase classname="dsAlgoTests.GraphTest" name="verifyCodeExecutionforGraphPage" time="4.718"/>
  <testcase classname="dsAlgoTests.GraphTest" name="verifyCodeExecutionforGraphPage" time="4.081"/>
  <testcase classname="dsAlgoTests.GraphTest" name="verifyCodeExecutionforGraphRepresentationPage" time="3.86"/>
  <testcase classname="dsAlgoTests.GraphTest" name="verifyCodeExecutionforGraphRepresentationPage" time="4.407"/>
  <testcase classname="dsAlgoTests.GraphTest" name="seeListOfPracticeQuestionsonGraphPage" time="0.606">
    <failure type="java.lang.AssertionError" message="No practice questions found on the Practice Questions Page!">
      <![CDATA[java.lang.AssertionError: No practice questions found on the Practice Questions Page!
at dsAlgoTests.GraphTest.seeListOfPracticeQuestionsonGraphPage(GraphTest.java:101)
at java.base/java.util.ArrayList.forEach(ArrayList.java:1597)
at java.base/java.util.concurrent.FutureTask.run(FutureTask.java:317)
at java.base/java.util.concurrent.ThreadPoolExecutor.runWorker(ThreadPoolExecutor.java:1144)
at java.base/java.util.concurrent.ThreadPoolExecutor$Worker.run(ThreadPoolExecutor.java:642)
at java.base/java.lang.Thread.run(Thread.java:1575)
... Removed 17 stack frames]]>
    </failure>
  </testcase> <!-- seeListOfPracticeQuestionsonGraphPage -->
  <testcase classname="dsAlgoTests.GraphTest" name="navigatetoGraphModuletryeditor" time="3.361"/>
  <testcase classname="dsAlgoTests.GraphTest" name="navigatetoGraphRepresentationtryeditor" time="3.954"/>
  <testcase classname="dsAlgoTests.GraphTest" name="seeListOfPracticeQuestionsonGraphReprePage" time="1.137">
    <failure type="java.lang.AssertionError" message="No practice questions found on the Practice Questions Page!">
      <![CDATA[java.lang.AssertionError: No practice questions found on the Practice Questions Page!
at dsAlgoTests.GraphTest.seeListOfPracticeQuestionsonGraphReprePage(GraphTest.java:109)
at java.base/java.util.ArrayList.forEach(ArrayList.java:1597)
at java.base/java.util.concurrent.FutureTask.run(FutureTask.java:317)
at java.base/java.util.concurrent.ThreadPoolExecutor.runWorker(ThreadPoolExecutor.java:1144)
at java.base/java.util.concurrent.ThreadPoolExecutor$Worker.run(ThreadPoolExecutor.java:642)
at java.base/java.lang.Thread.run(Thread.java:1575)
... Removed 17 stack frames]]>
    </failure>
  </testcase> <!-- seeListOfPracticeQuestionsonGraphReprePage -->
  <testcase classname="dsAlgoHooks.Hooks" name="@BeforeSuite setupSuite" time="0.0">
    <ignored/>
  </testcase> <!-- @BeforeSuite setupSuite -->
  <testcase classname="dsAlgoHooks.Hooks" name="@BeforeSuite setupSuite" time="0.0">
    <ignored/>
  </testcase> <!-- @BeforeSuite setupSuite -->
  <testcase classname="dsAlgoHooks.Hooks" name="@BeforeSuite setupSuite" time="0.0">
    <ignored/>
  </testcase> <!-- @BeforeSuite setupSuite -->
  <testcase classname="dsAlgoHooks.Hooks" name="@BeforeSuite setupSuite" time="0.0">
    <ignored/>
  </testcase> <!-- @BeforeSuite setupSuite -->
  <testcase classname="dsAlgoHooks.Hooks" name="@BeforeSuite setupSuite" time="0.0">
    <ignored/>
  </testcase> <!-- @BeforeSuite setupSuite -->
  <testcase classname="dsAlgoHooks.Hooks" name="@BeforeSuite setupSuite" time="0.0">
    <ignored/>
  </testcase> <!-- @BeforeSuite setupSuite -->
  <testcase classname="dsAlgoHooks.Hooks" name="@BeforeSuite setupSuite" time="0.0">
    <ignored/>
  </testcase> <!-- @BeforeSuite setupSuite -->
  <testcase classname="dsAlgoHooks.Hooks" name="@BeforeSuite setupSuite" time="0.0">
    <ignored/>
  </testcase> <!-- @BeforeSuite setupSuite -->
  <testcase classname="dsAlgoHooks.Hooks" name="@BeforeSuite setupSuite" time="0.0">
    <ignored/>
  </testcase> <!-- @BeforeSuite setupSuite -->
</testsuite> <!-- Test -->
